<?xml version='1.0' encoding='utf-8'?>
<testsuites name="cocotb tests"><testsuite name="test_sensor_classifier" errors="0" failures="0" skipped="0" tests="4" time="0.549" timestamp="2026-09-08T01:26:39.311995+00:00" hostname="MacBook-Pro-3.local"><testcase classname="test_sensor_classifier" name="continuous_numeric_and_timestamp_wrap" time="0.282"><properties><property name="cocotb" value="True" /><property name="random_seed" value="1788830797" /><property name="file" value="./sim/test_sensor_classifier.py" /><property name="line" value="166" /><property name="sim_time_unit" value="ns" /><property name="sim_time_start" value="0.0" /><property name="sim_time_stop" value="3185585.0" /><property name="sim_time_duration" value="3185585.0" /><property name="sim_time_ratio" value="11282779.03419245" /><property name="attachment" value="./build/sensor_classifier_l1/simulation.log" /></properties><system-out>[[ATTACHMENT|./build/sensor_classifier_l1/simulation.log]]
</system-out></testcase><testcase classname="test_sensor_classifier" name="long_stall_overrun_cancels_and_recovers" time="0.179"><properties><property name="cocotb" value="True" /><property name="random_seed" value="1788830797" /><property name="file" value="./sim/test_sensor_classifier.py" /><property name="line" value="191" /><property name="sim_time_unit" value="ns" /><property name="sim_time_start" value="3185585.001" /><property name="sim_time_stop" value="4819060.001" /><property name="sim_time_duration" value="1633475.0" /><property name="sim_time_ratio" value="9119763.278901702" /><property name="attachment" value="./build/sensor_classifier_l1/simulation.log" /></properties><system-out>[[ATTACHMENT|./build/sensor_classifier_l1/simulation.log]]
</system-out></testcase><testcase classname="test_sensor_classifier" name="explicit_gap_cancels_complete_partial_and_stalled_output" time="0.065"><properties><property name="cocotb" value="True" /><property name="random_seed" value="1788830797" /><property name="file" value="./sim/test_sensor_classifier.py" /><property name="line" value="246" /><property name="sim_time_unit" value="ns" /><property name="sim_time_start" value="4819060.002" /><property name="sim_time_stop" value="5622195.002" /><property name="sim_time_duration" value="803135.0" /><property name="sim_time_ratio" value="12418589.18843836" /><property name="attachment" value="./build/sensor_classifier_l1/simulation.log" /></properties><system-out>[[ATTACHMENT|./build/sensor_classifier_l1/simulation.log]]
</system-out></testcase><testcase classname="test_sensor_classifier" name="partial_reset_clears_counters_and_restarts_ids" time="0.022"><properties><property name="cocotb" value="True" /><property name="random_seed" value="1788830797" /><property name="file" value="./sim/test_sensor_classifier.py" /><property name="line" value="274" /><property name="sim_time_unit" value="ns" /><property name="sim_time_start" value="5622195.003" /><property name="sim_time_stop" value="5890280.003" /><property name="sim_time_duration" value="268085.0" /><property name="sim_time_ratio" value="11956915.053387165" /><property name="attachment" value="./build/sensor_classifier_l1/simulation.log" /></properties><system-out>[[ATTACHMENT|./build/sensor_classifier_l1/simulation.log]]
</system-out></testcase></testsuite></testsuites>