<?xml version='1.0' encoding='utf-8'?>
<testsuites name="cocotb tests"><testsuite name="test_acoustic" errors="0" failures="1" skipped="0" tests="1" time="0.054" timestamp="2026-09-11T05:04:16.899974+00:00" hostname="unknown76a3b32be0df.attlocal.net"><testcase classname="test_acoustic" name="arithmetic_stream_and_reset" time="0.054"><failure message="samples must be a 1D integer array of length 32" type="ValueError">Traceback (most recent call last):
  File "./sim/test_acoustic.py", line 53, in arithmetic_stream_and_reset
    for i,x in enumerate(cases):await receive(x,i)
                                ^^^^^^^^^^^^^^^^^^
  File "./sim/test_acoustic.py", line 36, in receive
    ref=classify(x,m)
        ^^^^^^^^^^^^^
  File "./src/vibfpga/acoustic.py", line 36, in classify
    result=frontend(samples,model)
           ^^^^^^^^^^^^^^^^^^^^^^^
  File "./src/vibfpga/fixed.py", line 106, in frontend
    result = frontend(samples,{**config,"feature_mode":"single_bin","bins":expanded,
             ^^^^^^^^^^^^^^^^^^^^^^^^^^^^^^^^^^^^^^^^^^^^^^^^^^^^^^^^^^^^^^^^^^^^^^^
  File "./src/vibfpga/fixed.py", line 120, in frontend
    raise ValueError(f"samples must be a 1D integer array of length {n}")
ValueError: samples must be a 1D integer array of length 32
</failure><properties><property name="cocotb" value="True" /><property name="random_seed" value="1789103056" /><property name="file" value="./sim/test_acoustic.py" /><property name="line" value="24" /><property name="sim_time_unit" value="ns" /><property name="sim_time_start" value="0.0" /><property name="sim_time_stop" value="533775.0" /><property name="sim_time_duration" value="533775.0" /><property name="sim_time_ratio" value="9889132.59378799" /><property name="attachment" value="./build/acoustic/fixture-log/core_l1/test.log" /></properties><system-out>[[ATTACHMENT|./build/acoustic/fixture-log/core_l1/test.log]]
</system-out><system-err>Test failed with COCOTB_RANDOM_SEED=1789103056
</system-err></testcase></testsuite></testsuites>