<?xml version='1.0' encoding='utf-8'?>
<testsuites name="cocotb tests"><testsuite name="test_core" errors="0" failures="0" skipped="0" tests="4" time="1.651" timestamp="2026-09-06T03:15:23.873076+00:00" hostname="MacBook-Pro-3.local"><testcase classname="test_core" name="bit_exact_continuous_frames" time="0.876"><properties><property name="cocotb" value="True" /><property name="random_seed" value="1788664522" /><property name="file" value="./sim/test_core.py" /><property name="line" value="171" /><property name="sim_time_unit" value="ns" /><property name="sim_time_start" value="0.0" /><property name="sim_time_stop" value="2820620.0" /><property name="sim_time_duration" value="2820620.0" /><property name="sim_time_ratio" value="3218636.9072420658" /></properties></testcase><testcase classname="test_core" name="malformed_frames_and_reset" time="0.160"><properties><property name="cocotb" value="True" /><property name="random_seed" value="1788664522" /><property name="file" value="./sim/test_core.py" /><property name="line" value="211" /><property name="sim_time_unit" value="ns" /><property name="sim_time_start" value="2820620.001" /><property name="sim_time_stop" value="4328791.001" /><property name="sim_time_duration" value="1508171.0" /><property name="sim_time_ratio" value="9413943.36108511" /></properties></testcase><testcase classname="test_core" name="full_buffers_during_output_stall" time="0.148"><properties><property name="cocotb" value="True" /><property name="random_seed" value="1788664522" /><property name="file" value="./sim/test_core.py" /><property name="line" value="248" /><property name="sim_time_unit" value="ns" /><property name="sim_time_start" value="4328791.002" /><property name="sim_time_stop" value="5774811.002" /><property name="sim_time_duration" value="1446020.0" /><property name="sim_time_ratio" value="9802675.280730117" /></properties></testcase><testcase classname="test_core" name="reset_cancels_each_processing_stage" time="0.467"><properties><property name="cocotb" value="True" /><property name="random_seed" value="1788664522" /><property name="file" value="./sim/test_core.py" /><property name="line" value="276" /><property name="sim_time_unit" value="ns" /><property name="sim_time_start" value="5774811.003" /><property name="sim_time_stop" value="8450922.003" /><property name="sim_time_duration" value="2676111.000000001" /><property name="sim_time_ratio" value="5728536.738512493" /></properties></testcase></testsuite></testsuites>