<?xml version='1.0' encoding='utf-8'?>
<testsuites name="cocotb tests"><testsuite name="test_nn_edges" errors="0" failures="0" skipped="0" tests="1" time="0.185" timestamp="2026-09-08T01:16:33.907763+00:00" hostname="MacBook-Pro-3.local"><testcase classname="test_nn_edges" name="directed_nn_edges" time="0.185"><properties><property name="cocotb" value="True" /><property name="random_seed" value="1788830193" /><property name="file" value="./sim/test_nn_edges.py" /><property name="line" value="130" /><property name="sim_time_unit" value="ns" /><property name="sim_time_start" value="0.0" /><property name="sim_time_stop" value="2074325.0" /><property name="sim_time_duration" value="2074325.0" /><property name="sim_time_ratio" value="11204403.978368754" /><property name="attachment" value="./build/nn_edges/l1/tie_12_negative/simulation.log" /></properties><system-out>[[ATTACHMENT|./build/nn_edges/l1/tie_12_negative/simulation.log]]
</system-out></testcase></testsuite></testsuites>