<?xml version='1.0' encoding='utf-8'?>
<testsuites name="cocotb tests"><testsuite name="test_known_flash" errors="0" failures="0" skipped="0" tests="1" time="11.107" timestamp="2026-09-11T21:57:47.769675+00:00" hostname="unknown76a3b32be0df.attlocal.net"><testcase classname="test_known_flash" name="recording_transport" time="11.107"><properties><property name="cocotb" value="True" /><property name="random_seed" value="1789163856" /><property name="file" value="./sim/test_known_flash.py" /><property name="line" value="12" /><property name="sim_time_unit" value="ns" /><property name="sim_time_start" value="0.0" /><property name="sim_time_stop" value="7134351.0" /><property name="sim_time_duration" value="7134351.0" /><property name="sim_time_ratio" value="642335.391569985" /><property name="attachment" value="./build/known-flash/small-r4/test.log" /></properties><system-out>[[ATTACHMENT|./build/known-flash/small-r4/test.log]]
</system-out></testcase></testsuite></testsuites>