<?xml version='1.0' encoding='utf-8'?>
<testsuites name="cocotb tests"><testsuite name="test_acoustic" errors="0" failures="0" skipped="0" tests="2" time="4.668" timestamp="2026-09-11T05:08:42.109112+00:00" hostname="unknown76a3b32be0df.attlocal.net"><testcase classname="test_acoustic" name="arithmetic_stream_and_reset" time="3.415"><properties><property name="cocotb" value="True" /><property name="random_seed" value="1789103318" /><property name="file" value="./sim/test_acoustic.py" /><property name="line" value="24" /><property name="sim_time_unit" value="ns" /><property name="sim_time_start" value="0.0" /><property name="sim_time_stop" value="47972205.0" /><property name="sim_time_duration" value="47972205.0" /><property name="sim_time_ratio" value="14048832.237126794" /><property name="attachment" value="./build/acoustic/traced-final/core_l1/test.log" /></properties><system-out>[[ATTACHMENT|./build/acoustic/traced-final/core_l1/test.log]]
</system-out></testcase><testcase classname="test_acoustic" name="intermediate_values" time="1.253"><properties><property name="cocotb" value="True" /><property name="random_seed" value="1789103318" /><property name="file" value="./sim/test_acoustic.py" /><property name="line" value="68" /><property name="sim_time_unit" value="ns" /><property name="sim_time_start" value="47972205.001" /><property name="sim_time_stop" value="50976336.001" /><property name="sim_time_duration" value="3004131.0" /><property name="sim_time_ratio" value="2396822.7519973936" /><property name="attachment" value="./build/acoustic/traced-final/core_l1/test.log" /></properties><system-out>[[ATTACHMENT|./build/acoustic/traced-final/core_l1/test.log]]
</system-out></testcase></testsuite></testsuites>