<?xml version='1.0' encoding='utf-8'?>
<testsuites name="cocotb tests"><testsuite name="test_acoustic" errors="0" failures="0" skipped="0" tests="1" time="3.765" timestamp="2026-09-11T05:07:41.854114+00:00" hostname="unknown76a3b32be0df.attlocal.net"><testcase classname="test_acoustic" name="arithmetic_stream_and_reset" time="3.765"><properties><property name="cocotb" value="True" /><property name="random_seed" value="1789103258" /><property name="file" value="./sim/test_acoustic.py" /><property name="line" value="24" /><property name="sim_time_unit" value="ns" /><property name="sim_time_start" value="0.0" /><property name="sim_time_stop" value="47972205.0" /><property name="sim_time_duration" value="47972205.0" /><property name="sim_time_ratio" value="12741147.5973993" /><property name="attachment" value="./build/acoustic/trained-final/core_l1/test.log" /></properties><system-out>[[ATTACHMENT|./build/acoustic/trained-final/core_l1/test.log]]
</system-out></testcase></testsuite></testsuites>