<?xml version='1.0' encoding='utf-8'?>
<testsuites name="cocotb tests"><testsuite name="test_known_core" errors="0" failures="2" skipped="0" tests="2" time="0.024" timestamp="2026-09-11T21:11:23.463931+00:00" hostname="unknown76a3b32be0df.attlocal.net"><testcase classname="test_known_core" name="stages_and_backpressure" time="0.018"><failure message="((2, 0, 1), 250, -451)&#10;assert 250 == -451" type="AssertionError">Traceback (most recent call last):
  File "./sim/test_known_core.py", line 67, in trace
    assert actual==expected[key],(key,actual,expected[key]);seen.add(key)
    ^^^^^^^^^^^^^^^^^^^^^^^^^^^^^^^^^^^^^^^^^^^^^^^^^^^^^^^
AssertionError: ((2, 0, 1), 250, -451)
assert 250 == -451
</failure><properties><property name="cocotb" value="True" /><property name="random_seed" value="1789161083" /><property name="file" value="./sim/test_known_core.py" /><property name="line" value="46" /><property name="sim_time_unit" value="ns" /><property name="sim_time_start" value="0.0" /><property name="sim_time_stop" value="8911.0" /><property name="sim_time_duration" value="8911.0" /><property name="sim_time_ratio" value="505858.93189993664" /><property name="attachment" value="./build/known-core/small-l4-r2/test.log" /></properties><system-out>[[ATTACHMENT|./build/known-core/small-l4-r2/test.log]]
</system-out><system-err>Test failed with COCOTB_RANDOM_SEED=1789161083
</system-err></testcase><testcase classname="test_known_core" name="reset_cancels_transactions" time="0.006"><failure message="[Errno 2] No such file or directory: './build/known-core/small-l4-r2/report.json'" type="FileNotFoundError">Traceback (most recent call last):
  File "./sim/test_known_core.py", line 90, in reset_cancels_transactions
    p=Path(os.environ['KNOWN_REPORT']);r=json.loads(p.read_text());r['reset_phases']=['input','processing','blocked_output'];p.write_text(json.dumps(r,indent=2))
                                                    ^^^^^^^^^^^^^
  File "/home/researcher/.cache/codex-runtimes/codex-primary-runtime/dependencies/python/lib/python3.12/pathlib.py", line 1027, in read_text
    with self.open(mode='r', encoding=encoding, errors=errors) as f:
         ^^^^^^^^^^^^^^^^^^^^^^^^^^^^^^^^^^^^^^^^^^^^^^^^^^^^^
  File "/home/researcher/.cache/codex-runtimes/codex-primary-runtime/dependencies/python/lib/python3.12/pathlib.py", line 1013, in open
    return io.open(self, mode, buffering, encoding, errors, newline)
           ^^^^^^^^^^^^^^^^^^^^^^^^^^^^^^^^^^^^^^^^^^^^^^^^^^^^^^^^^
FileNotFoundError: [Errno 2] No such file or directory: './build/known-core/small-l4-r2/report.json'
</failure><properties><property name="cocotb" value="True" /><property name="random_seed" value="1789161083" /><property name="file" value="./sim/test_known_core.py" /><property name="line" value="78" /><property name="sim_time_unit" value="ns" /><property name="sim_time_start" value="8911.001" /><property name="sim_time_stop" value="52336.001" /><property name="sim_time_duration" value="43425.0" /><property name="sim_time_ratio" value="7333755.534687905" /><property name="attachment" value="./build/known-core/small-l4-r2/test.log" /></properties><system-out>[[ATTACHMENT|./build/known-core/small-l4-r2/test.log]]
</system-out><system-err>Test failed with COCOTB_RANDOM_SEED=1789161083
</system-err></testcase></testsuite></testsuites>