<?xml version='1.0' encoding='utf-8'?>
<testsuites name="cocotb tests"><testsuite name="test_spi_sensor" errors="0" failures="0" skipped="1" tests="2" time="0.090" timestamp="2026-09-06T02:36:25.388059+00:00" hostname="MacBook-Pro-3.local"><testcase classname="test_spi_sensor" name="generic_master" time="0.090"><properties><property name="cocotb" value="True" /><property name="random_seed" value="1788662185" /><property name="file" value="./sim/test_spi_sensor.py" /><property name="line" value="104" /><property name="sim_time_unit" value="ns" /><property name="sim_time_start" value="0.0" /><property name="sim_time_stop" value="132680.0" /><property name="sim_time_duration" value="132680.0" /><property name="sim_time_ratio" value="1473173.2586232652" /><property name="attachment" value="./build/spi_master_m1_h6/test.log" /></properties><system-out>[[ATTACHMENT|./build/spi_master_m1_h6/test.log]]
</system-out></testcase><testcase classname="test_spi_sensor" name="sensor_capture" time="0.000"><skipped message="Test was skipped" /><properties><property name="cocotb" value="True" /><property name="file" value="./sim/test_spi_sensor.py" /><property name="line" value="242" /></properties></testcase></testsuite></testsuites>