<?xml version='1.0' encoding='utf-8'?>
<testsuites name="cocotb tests"><testsuite name="test_sensor_system" errors="0" failures="0" skipped="0" tests="1" time="68.263" timestamp="2026-09-10T06:08:23.292454+00:00" hostname="MacBook-Pro-3.local"><testcase classname="test_sensor_system" name="capture_to_committed_flash" time="68.263"><properties><property name="cocotb" value="True" /><property name="random_seed" value="1789020434" /><property name="file" value="./sim/test_sensor_system.py" /><property name="line" value="102" /><property name="sim_time_unit" value="ns" /><property name="sim_time_start" value="0.0" /><property name="sim_time_stop" value="80088490.0" /><property name="sim_time_duration" value="80088490.0" /><property name="sim_time_ratio" value="1173230.1896152853" /><property name="attachment" value="./build/hardware-wake-validation/runs/integration/sensor_system_spectrum_storage/test.log" /></properties><system-out>[[ATTACHMENT|./build/hardware-wake-validation/runs/integration/sensor_system_spectrum_storage/test.log]]
</system-out></testcase></testsuite></testsuites>