<?xml version='1.0' encoding='utf-8'?>
<testsuites name="cocotb tests"><testsuite name="test_known_core" errors="0" failures="0" skipped="0" tests="2" time="0.032" timestamp="2026-09-11T21:57:53.472260+00:00" hostname="unknown76a3b32be0df.attlocal.net"><testcase classname="test_known_core" name="stages_and_backpressure" time="0.027"><properties><property name="cocotb" value="True" /><property name="random_seed" value="1789163873" /><property name="file" value="./sim/test_known_core.py" /><property name="line" value="46" /><property name="sim_time_unit" value="ns" /><property name="sim_time_start" value="0.0" /><property name="sim_time_stop" value="28951.0" /><property name="sim_time_duration" value="28951.0" /><property name="sim_time_ratio" value="1089250.2315739163" /><property name="attachment" value="./build/known-core/compact-l4-final/test.log" /></properties><system-out>[[ATTACHMENT|./build/known-core/compact-l4-final/test.log]]
</system-out></testcase><testcase classname="test_known_core" name="reset_cancels_transactions" time="0.005"><properties><property name="cocotb" value="True" /><property name="random_seed" value="1789163873" /><property name="file" value="./sim/test_known_core.py" /><property name="line" value="78" /><property name="sim_time_unit" value="ns" /><property name="sim_time_start" value="28951.001" /><property name="sim_time_stop" value="71936.001" /><property name="sim_time_duration" value="42985.0" /><property name="sim_time_ratio" value="8566161.823946916" /><property name="attachment" value="./build/known-core/compact-l4-final/test.log" /></properties><system-out>[[ATTACHMENT|./build/known-core/compact-l4-final/test.log]]
</system-out></testcase></testsuite></testsuites>