<?xml version='1.0' encoding='utf-8'?>
<testsuites name="cocotb tests"><testsuite name="test_sensor_system" errors="0" failures="0" skipped="0" tests="1" time="29.729" timestamp="2026-09-08T01:00:16.344103+00:00" hostname="MacBook-Pro-3.local"><testcase classname="test_sensor_system" name="capture_to_committed_flash" time="29.729"><properties><property name="cocotb" value="True" /><property name="random_seed" value="1788829186" /><property name="file" value="./sim/test_sensor_system.py" /><property name="line" value="103" /><property name="sim_time_unit" value="ns" /><property name="sim_time_start" value="0.0" /><property name="sim_time_stop" value="40452370.0" /><property name="sim_time_duration" value="40452370.0" /><property name="sim_time_ratio" value="1360716.558017568" /><property name="attachment" value="./build/storage-optimization-2026-09-08/optimized/final-cases/sensor_system_spectrum/test.log" /></properties><system-out>[[ATTACHMENT|./build/storage-optimization-2026-09-08/optimized/final-cases/sensor_system_spectrum/test.log]]
</system-out></testcase></testsuite></testsuites>