TN:verilator_coverage
SF:./rtl/core/vib_coeff_rom.sv
DA:8,18621238
BRDA:8,0,clk:0->1,18621238
BRDA:8,0,clk:1->0,18621236
BRDA:8,0,clk:0->1,18621238
BRDA:8,0,clk:1->0,18621236
DA:9,6094870
BRDA:9,0,en:0->1,6094870
BRDA:9,0,en:1->0,6094870
BRDA:9,0,en:0->1,67588
BRDA:9,0,en:1->0,67588
DA:10,3081226
BRDA:10,0,phase[0]:0->1,1396746
BRDA:10,0,phase[0]:1->0,1396746
BRDA:10,0,phase[1]:0->1,1396742
BRDA:10,0,phase[1]:1->0,1396742
BRDA:10,0,phase[2]:0->1,1587204
BRDA:10,0,phase[2]:1->0,1587204
BRDA:10,0,phase[3]:0->1,1476098
BRDA:10,0,phase[3]:1->0,1476098
BRDA:10,0,phase[4]:0->1,1682440
BRDA:10,0,phase[4]:1->0,1682440
BRDA:10,0,phase[5]:0->1,1261828
BRDA:10,0,phase[5]:1->0,1261828
BRDA:10,0,phase[6]:0->1,2398664
BRDA:10,0,phase[6]:1->0,2398664
BRDA:10,0,phase[7]:0->1,1595142
BRDA:10,0,phase[7]:1->0,1595142
BRDA:10,0,phase[8]:0->1,1764770
BRDA:10,0,phase[8]:1->0,1764768
BRDA:10,0,phase[9]:0->1,1889762
BRDA:10,0,phase[9]:1->0,1889762
BRDA:10,0,phase[0]:0->1,3081226
BRDA:10,0,phase[0]:1->0,3081224
BRDA:10,0,phase[1]:0->1,1540612
BRDA:10,0,phase[1]:1->0,1540610
BRDA:10,0,phase[2]:0->1,770306
BRDA:10,0,phase[2]:1->0,770304
BRDA:10,0,phase[3]:0->1,385154
BRDA:10,0,phase[3]:1->0,385152
BRDA:10,0,phase[4]:0->1,192576
BRDA:10,0,phase[4]:1->0,192574
BRDA:10,0,phase[5]:0->1,96288
BRDA:10,0,phase[5]:1->0,96286
BRDA:10,0,phase[6]:0->1,48144
BRDA:10,0,phase[6]:1->0,48142
BRDA:10,0,phase[7]:0->1,24072
BRDA:10,0,phase[7]:1->0,24070
BRDA:10,0,phase[8]:0->1,12036
BRDA:10,0,phase[8]:1->0,12034
BRDA:10,0,phase[9]:0->1,6018
BRDA:10,0,phase[9]:1->0,6016
DA:11,1889762
BRDA:11,0,coefficient[0]:0->1,1550006
BRDA:11,0,coefficient[0]:1->0,1550006
BRDA:11,0,coefficient[10]:0->1,1531156
BRDA:11,0,coefficient[10]:1->0,1531156
BRDA:11,0,coefficient[11]:0->1,1558438
BRDA:11,0,coefficient[11]:1->0,1558438
BRDA:11,0,coefficient[12]:0->1,1497676
BRDA:11,0,coefficient[12]:1->0,1497674
BRDA:11,0,coefficient[13]:0->1,1766510
BRDA:11,0,coefficient[13]:1->0,1766510
BRDA:11,0,coefficient[14]:0->1,1878602
BRDA:11,0,coefficient[14]:1->0,1878602
BRDA:11,0,coefficient[15]:0->1,1889762
BRDA:11,0,coefficient[15]:1->0,1889762
BRDA:11,0,coefficient[1]:0->1,1553974
BRDA:11,0,coefficient[1]:1->0,1553974
BRDA:11,0,coefficient[2]:0->1,1552486
BRDA:11,0,coefficient[2]:1->0,1552486
BRDA:11,0,coefficient[3]:0->1,1533386
BRDA:11,0,coefficient[3]:1->0,1533386
BRDA:11,0,coefficient[4]:0->1,1572326
BRDA:11,0,coefficient[4]:1->0,1572324
BRDA:11,0,coefficient[5]:0->1,1541076
BRDA:11,0,coefficient[5]:1->0,1541076
BRDA:11,0,coefficient[6]:0->1,1512306
BRDA:11,0,coefficient[6]:1->0,1512304
BRDA:11,0,coefficient[7]:0->1,1567862
BRDA:11,0,coefficient[7]:1->0,1567862
BRDA:11,0,coefficient[8]:0->1,1525204
BRDA:11,0,coefficient[8]:1->0,1525204
BRDA:11,0,coefficient[9]:0->1,1539592
BRDA:11,0,coefficient[9]:1->0,1539592
BRDA:11,0,coefficient[0]:0->1,15048
BRDA:11,0,coefficient[0]:1->0,15048
BRDA:11,0,coefficient[10]:0->1,1056
BRDA:11,0,coefficient[10]:1->0,1056
BRDA:11,0,coefficient[11]:0->1,528
BRDA:11,0,coefficient[11]:1->0,528
BRDA:11,0,coefficient[12]:0->1,264
BRDA:11,0,coefficient[12]:1->0,264
BRDA:11,0,coefficient[13]:0->1,132
BRDA:11,0,coefficient[13]:1->0,132
BRDA:11,0,coefficient[14]:0->1,66
BRDA:11,0,coefficient[14]:1->0,66
BRDA:11,0,coefficient[15]:0->1,0
BRDA:11,0,coefficient[15]:1->0,0
BRDA:11,0,coefficient[1]:0->1,18084
BRDA:11,0,coefficient[1]:1->0,18084
BRDA:11,0,coefficient[2]:0->1,16104
BRDA:11,0,coefficient[2]:1->0,16104
BRDA:11,0,coefficient[3]:0->1,14520
BRDA:11,0,coefficient[3]:1->0,14520
BRDA:11,0,coefficient[4]:0->1,20196
BRDA:11,0,coefficient[4]:1->0,20196
BRDA:11,0,coefficient[5]:0->1,19668
BRDA:11,0,coefficient[5]:1->0,19668
BRDA:11,0,coefficient[6]:0->1,16896
BRDA:11,0,coefficient[6]:1->0,16896
BRDA:11,0,coefficient[7]:0->1,8448
BRDA:11,0,coefficient[7]:1->0,8448
BRDA:11,0,coefficient[8]:0->1,4224
BRDA:11,0,coefficient[8]:1->0,4224
BRDA:11,0,coefficient[9]:0->1,2112
BRDA:11,0,coefficient[9]:1->0,2112
DA:16,1866454
BRDA:16,0,magnitude[0]:0->1,1550006
BRDA:16,0,magnitude[0]:1->0,1550006
BRDA:16,0,magnitude[10]:0->1,1499412
BRDA:16,0,magnitude[10]:1->0,1499412
BRDA:16,0,magnitude[11]:0->1,1474116
BRDA:16,0,magnitude[11]:1->0,1474116
BRDA:16,0,magnitude[12]:0->1,1866454
BRDA:16,0,magnitude[12]:1->0,1866452
BRDA:16,0,magnitude[13]:0->1,1602084
BRDA:16,0,magnitude[13]:1->0,1602084
BRDA:16,0,magnitude[14]:0->1,116066
BRDA:16,0,magnitude[14]:1->0,116066
BRDA:16,0,magnitude[15]:0->1,0
BRDA:16,0,magnitude[15]:1->0,0
BRDA:16,0,magnitude[1]:0->1,1566372
BRDA:16,0,magnitude[1]:1->0,1566372
BRDA:16,0,magnitude[2]:0->1,1555956
BRDA:16,0,magnitude[2]:1->0,1555956
BRDA:16,0,magnitude[3]:0->1,1532148
BRDA:16,0,magnitude[3]:1->0,1532148
BRDA:16,0,magnitude[4]:0->1,1503382
BRDA:16,0,magnitude[4]:1->0,1503380
BRDA:16,0,magnitude[5]:0->1,1515782
BRDA:16,0,magnitude[5]:1->0,1515782
BRDA:16,0,magnitude[6]:0->1,1567860
BRDA:16,0,magnitude[6]:1->0,1567858
BRDA:16,0,magnitude[7]:0->1,1477590
BRDA:16,0,magnitude[7]:1->0,1477590
BRDA:16,0,magnitude[8]:0->1,1541572
BRDA:16,0,magnitude[8]:1->0,1541572
BRDA:16,0,magnitude[9]:0->1,1489990
BRDA:16,0,magnitude[9]:1->0,1489990
BRDA:16,0,magnitude[0]:0->1,15048
BRDA:16,0,magnitude[0]:1->0,15048
BRDA:16,0,magnitude[10]:0->1,1056
BRDA:16,0,magnitude[10]:1->0,1056
BRDA:16,0,magnitude[11]:0->1,528
BRDA:16,0,magnitude[11]:1->0,528
BRDA:16,0,magnitude[12]:0->1,264
BRDA:16,0,magnitude[12]:1->0,264
BRDA:16,0,magnitude[13]:0->1,0
BRDA:16,0,magnitude[13]:1->0,0
BRDA:16,0,magnitude[14]:0->1,0
BRDA:16,0,magnitude[14]:1->0,0
BRDA:16,0,magnitude[15]:0->1,0
BRDA:16,0,magnitude[15]:1->0,0
BRDA:16,0,magnitude[1]:0->1,18216
BRDA:16,0,magnitude[1]:1->0,18216
BRDA:16,0,magnitude[2]:0->1,15840
BRDA:16,0,magnitude[2]:1->0,15840
BRDA:16,0,magnitude[3]:0->1,14784
BRDA:16,0,magnitude[3]:1->0,14784
BRDA:16,0,magnitude[4]:0->1,20064
BRDA:16,0,magnitude[4]:1->0,20064
BRDA:16,0,magnitude[5]:0->1,19536
BRDA:16,0,magnitude[5]:1->0,19536
BRDA:16,0,magnitude[6]:0->1,16896
BRDA:16,0,magnitude[6]:1->0,16896
BRDA:16,0,magnitude[7]:0->1,8448
BRDA:16,0,magnitude[7]:1->0,8448
BRDA:16,0,magnitude[8]:0->1,4224
BRDA:16,0,magnitude[8]:1->0,4224
BRDA:16,0,magnitude[9]:0->1,2112
BRDA:16,0,magnitude[9]:1->0,2112
DA:17,1887530
BRDA:17,0,is_zero:0->1,52576
BRDA:17,0,is_zero:1->0,52576
BRDA:17,0,is_zero:0->1,132
BRDA:17,0,is_zero:1->0,132
BRDA:17,0,negative:0->1,1887530
BRDA:17,0,negative:1->0,1887530
BRDA:17,0,negative:0->1,66
BRDA:17,0,negative:1->0,66
DA:18,3081226
BRDA:18,0,offset[0]:0->1,1396746
BRDA:18,0,offset[0]:1->0,1396746
BRDA:18,0,offset[1]:0->1,1396742
BRDA:18,0,offset[1]:1->0,1396742
BRDA:18,0,offset[2]:0->1,1587204
BRDA:18,0,offset[2]:1->0,1587204
BRDA:18,0,offset[3]:0->1,1476098
BRDA:18,0,offset[3]:1->0,1476098
BRDA:18,0,offset[4]:0->1,1682440
BRDA:18,0,offset[4]:1->0,1682440
BRDA:18,0,offset[5]:0->1,1261828
BRDA:18,0,offset[5]:1->0,1261828
BRDA:18,0,offset[6]:0->1,2398664
BRDA:18,0,offset[6]:1->0,2398664
BRDA:18,0,offset[7]:0->1,1595142
BRDA:18,0,offset[7]:1->0,1595142
BRDA:18,0,offset[0]:0->1,3081226
BRDA:18,0,offset[0]:1->0,3081224
BRDA:18,0,offset[1]:0->1,1540612
BRDA:18,0,offset[1]:1->0,1540610
BRDA:18,0,offset[2]:0->1,770306
BRDA:18,0,offset[2]:1->0,770304
BRDA:18,0,offset[3]:0->1,385154
BRDA:18,0,offset[3]:1->0,385152
BRDA:18,0,offset[4]:0->1,192576
BRDA:18,0,offset[4]:1->0,192574
BRDA:18,0,offset[5]:0->1,96288
BRDA:18,0,offset[5]:1->0,96286
BRDA:18,0,offset[6]:0->1,48144
BRDA:18,0,offset[6]:1->0,48142
BRDA:18,0,offset[7]:0->1,24072
BRDA:18,0,offset[7]:1->0,24070
DA:19,1889762
BRDA:19,0,quadrant[0]:0->1,1764770
BRDA:19,0,quadrant[0]:1->0,1764768
BRDA:19,0,quadrant[1]:0->1,1889762
BRDA:19,0,quadrant[1]:1->0,1889762
BRDA:19,0,quadrant[0]:0->1,12036
BRDA:19,0,quadrant[0]:1->0,12034
BRDA:19,0,quadrant[1]:0->1,6018
BRDA:19,0,quadrant[1]:1->0,6016
DA:20,46907266
BRDA:20,0,address[0]:0->1,1396746
BRDA:20,0,address[0]:1->0,1396746
BRDA:20,0,address[1]:0->1,1396742
BRDA:20,0,address[1]:1->0,1396742
BRDA:20,0,address[2]:0->1,1512804
BRDA:20,0,address[2]:1->0,1512804
BRDA:20,0,address[3]:0->1,1546036
BRDA:20,0,address[3]:1->0,1546036
BRDA:20,0,address[4]:0->1,1565382
BRDA:20,0,address[4]:1->0,1565382
BRDA:20,0,address[5]:0->1,1514788
BRDA:20,0,address[5]:1->0,1514788
BRDA:20,0,address[6]:0->1,1393270
BRDA:20,0,address[6]:1->0,1393270
BRDA:20,0,address[7]:0->1,1736004
BRDA:20,0,address[7]:1->0,1736004
BRDA:20,0,address[0]:0->1,3081226
BRDA:20,0,address[0]:1->0,3081224
BRDA:20,0,address[1]:0->1,1540612
BRDA:20,0,address[1]:1->0,1540612
BRDA:20,0,address[2]:0->1,770306
BRDA:20,0,address[2]:1->0,770306
BRDA:20,0,address[3]:0->1,385154
BRDA:20,0,address[3]:1->0,385154
BRDA:20,0,address[4]:0->1,192576
BRDA:20,0,address[4]:1->0,192576
BRDA:20,0,address[5]:0->1,96288
BRDA:20,0,address[5]:1->0,96288
BRDA:20,0,address[6]:0->1,48144
BRDA:20,0,address[6]:1->0,48144
BRDA:20,0,address[7]:0->1,24072
BRDA:20,0,address[7]:1->0,24072
BRDA:20,0,(quadrant[0]==0) => 0,46347172
BRDA:20,0,(quadrant[0]==1) => 1,46907266
BRDA:20,0,(quadrant[0]==0) => 0,46466718
BRDA:20,0,(quadrant[0]==1) => 1,46787720
BRDA:20,0,cond_then,46907266
BRDA:20,0,cond_then,46787720
BRDA:20,0,cond_else,46347172
BRDA:20,0,cond_else,46466718
DA:22,2
DA:24,2
DA:26,18621238
BRDA:26,0,block,18621238
BRDA:26,0,block,18621238
DA:27,18553650
BRDA:27,0,else,12526368
BRDA:27,0,else,18553650
BRDA:27,0,if,6094870
BRDA:27,0,if,67588
DA:28,6094870
BRDA:28,0,if,6094870
BRDA:28,0,if,67588
DA:29,6094870
BRDA:29,0,if,6094870
BRDA:29,0,if,67588
BRDA:29,0,((quadrant == 32'sh1)==0 && (quadrant == 32'sh2)==0) => 0,3047434
BRDA:29,0,((quadrant == 32'sh1)==1) => 1,1523718
BRDA:29,0,((quadrant == 32'sh2)==1) => 1,1523718
BRDA:29,0,((quadrant == 32'sh1)==0 && (quadrant == 32'sh2)==0) => 0,33796
BRDA:29,0,((quadrant == 32'sh1)==1) => 1,16896
BRDA:29,0,((quadrant == 32'sh2)==1) => 1,16896
DA:30,6094870
BRDA:30,0,if,6094870
BRDA:30,0,if,67588
BRDA:30,0,((offset == 32'sh0)==0) => 0,5989714
BRDA:30,0,(quadrant[0]==0) => 0,3047440
BRDA:30,0,(quadrant[0]==1 && (offset == 32'sh0)==1) => 1,52576
BRDA:30,0,((offset == 32'sh0)==0) => 0,67320
BRDA:30,0,(quadrant[0]==0) => 0,33796
BRDA:30,0,(quadrant[0]==1 && (offset == 32'sh0)==1) => 1,132
DA:33,93252434
BRDA:33,0,(is_zero==0) => 0,92465640
BRDA:33,0,(is_zero==1) => 1,788798
BRDA:33,0,(is_zero==0) => 0,93252434
BRDA:33,0,(is_zero==1) => 1,2004
BRDA:33,0,cond_then,788798
BRDA:33,0,cond_then,2004
BRDA:33,0,cond_else,92465640
BRDA:33,0,cond_else,93252434
BRDA:33,0,cond_then,0
BRDA:33,0,cond_then,2004
BRDA:33,0,cond_else,788798
BRDA:33,0,cond_else,0
DA:34,92744444
BRDA:34,0,cond_then,45411276
BRDA:34,0,cond_then,507990
BRDA:34,0,cond_else,47054364
BRDA:34,0,cond_else,92744444
BRDA:34,0,cond_then,0
BRDA:34,0,cond_then,507990
BRDA:34,0,cond_else,45411276
BRDA:34,0,cond_else,0
BRF:308
BRH:294
end_of_record
SF:./rtl/core/vibration_core.sv
DA:10,18621238
BRDA:10,0,clk:0->1,18621238
BRDA:10,0,clk:1->0,18621236
DA:11,26
BRDA:11,0,rst:0->1,26
BRDA:11,0,rst:1->0,26
DA:12,318
BRDA:12,0,in_valid:0->1,318
BRDA:12,0,in_valid:1->0,318
DA:13,58
BRDA:13,0,in_ready:0->1,58
BRDA:13,0,in_ready:1->0,56
DA:14,15786
BRDA:14,0,in_sample[0]:0->1,15728
BRDA:14,0,in_sample[0]:1->0,15728
BRDA:14,0,in_sample[10]:0->1,14974
BRDA:14,0,in_sample[10]:1->0,14974
BRDA:14,0,in_sample[11]:0->1,13069
BRDA:14,0,in_sample[11]:1->0,13068
BRDA:14,0,in_sample[12]:0->1,12859
BRDA:14,0,in_sample[12]:1->0,12858
BRDA:14,0,in_sample[13]:0->1,13466
BRDA:14,0,in_sample[13]:1->0,13465
BRDA:14,0,in_sample[14]:0->1,13504
BRDA:14,0,in_sample[14]:1->0,13503
BRDA:14,0,in_sample[15]:0->1,13350
BRDA:14,0,in_sample[15]:1->0,13349
BRDA:14,0,in_sample[1]:0->1,15303
BRDA:14,0,in_sample[1]:1->0,15303
BRDA:14,0,in_sample[2]:0->1,15142
BRDA:14,0,in_sample[2]:1->0,15140
BRDA:14,0,in_sample[3]:0->1,15295
BRDA:14,0,in_sample[3]:1->0,15295
BRDA:14,0,in_sample[4]:0->1,15192
BRDA:14,0,in_sample[4]:1->0,15191
BRDA:14,0,in_sample[5]:0->1,14881
BRDA:14,0,in_sample[5]:1->0,14881
BRDA:14,0,in_sample[6]:0->1,15399
BRDA:14,0,in_sample[6]:1->0,15397
BRDA:14,0,in_sample[7]:0->1,15395
BRDA:14,0,in_sample[7]:1->0,15394
BRDA:14,0,in_sample[8]:0->1,15786
BRDA:14,0,in_sample[8]:1->0,15785
BRDA:14,0,in_sample[9]:0->1,15081
BRDA:14,0,in_sample[9]:1->0,15080
DA:15,38
BRDA:15,0,in_frame_id[0]:0->1,38
BRDA:15,0,in_frame_id[0]:1->0,36
BRDA:15,0,in_frame_id[10]:0->1,0
BRDA:15,0,in_frame_id[10]:1->0,0
BRDA:15,0,in_frame_id[11]:0->1,0
BRDA:15,0,in_frame_id[11]:1->0,0
BRDA:15,0,in_frame_id[12]:0->1,0
BRDA:15,0,in_frame_id[12]:1->0,0
BRDA:15,0,in_frame_id[13]:0->1,0
BRDA:15,0,in_frame_id[13]:1->0,0
BRDA:15,0,in_frame_id[14]:0->1,0
BRDA:15,0,in_frame_id[14]:1->0,0
BRDA:15,0,in_frame_id[15]:0->1,0
BRDA:15,0,in_frame_id[15]:1->0,0
BRDA:15,0,in_frame_id[16]:0->1,0
BRDA:15,0,in_frame_id[16]:1->0,0
BRDA:15,0,in_frame_id[17]:0->1,0
BRDA:15,0,in_frame_id[17]:1->0,0
BRDA:15,0,in_frame_id[18]:0->1,0
BRDA:15,0,in_frame_id[18]:1->0,0
BRDA:15,0,in_frame_id[19]:0->1,0
BRDA:15,0,in_frame_id[19]:1->0,0
BRDA:15,0,in_frame_id[1]:0->1,25
BRDA:15,0,in_frame_id[1]:1->0,23
BRDA:15,0,in_frame_id[20]:0->1,0
BRDA:15,0,in_frame_id[20]:1->0,0
BRDA:15,0,in_frame_id[21]:0->1,0
BRDA:15,0,in_frame_id[21]:1->0,0
BRDA:15,0,in_frame_id[22]:0->1,0
BRDA:15,0,in_frame_id[22]:1->0,0
BRDA:15,0,in_frame_id[23]:0->1,0
BRDA:15,0,in_frame_id[23]:1->0,0
BRDA:15,0,in_frame_id[24]:0->1,0
BRDA:15,0,in_frame_id[24]:1->0,0
BRDA:15,0,in_frame_id[25]:0->1,0
BRDA:15,0,in_frame_id[25]:1->0,0
BRDA:15,0,in_frame_id[26]:0->1,0
BRDA:15,0,in_frame_id[26]:1->0,0
BRDA:15,0,in_frame_id[27]:0->1,0
BRDA:15,0,in_frame_id[27]:1->0,0
BRDA:15,0,in_frame_id[28]:0->1,0
BRDA:15,0,in_frame_id[28]:1->0,0
BRDA:15,0,in_frame_id[29]:0->1,0
BRDA:15,0,in_frame_id[29]:1->0,0
BRDA:15,0,in_frame_id[2]:0->1,23
BRDA:15,0,in_frame_id[2]:1->0,21
BRDA:15,0,in_frame_id[30]:0->1,0
BRDA:15,0,in_frame_id[30]:1->0,0
BRDA:15,0,in_frame_id[31]:0->1,0
BRDA:15,0,in_frame_id[31]:1->0,0
BRDA:15,0,in_frame_id[3]:0->1,18
BRDA:15,0,in_frame_id[3]:1->0,18
BRDA:15,0,in_frame_id[4]:0->1,10
BRDA:15,0,in_frame_id[4]:1->0,8
BRDA:15,0,in_frame_id[5]:0->1,22
BRDA:15,0,in_frame_id[5]:1->0,20
BRDA:15,0,in_frame_id[6]:0->1,10
BRDA:15,0,in_frame_id[6]:1->0,10
BRDA:15,0,in_frame_id[7]:0->1,2
BRDA:15,0,in_frame_id[7]:1->0,2
BRDA:15,0,in_frame_id[8]:0->1,14
BRDA:15,0,in_frame_id[8]:1->0,12
BRDA:15,0,in_frame_id[9]:0->1,0
BRDA:15,0,in_frame_id[9]:1->0,0
DA:16,72
BRDA:16,0,in_last:0->1,72
BRDA:16,0,in_last:1->0,72
DA:17,56
BRDA:17,0,out_valid:0->1,56
BRDA:17,0,out_valid:1->0,56
DA:18,54
BRDA:18,0,out_ready:0->1,54
BRDA:18,0,out_ready:1->0,52
DA:19,36
BRDA:19,0,out_frame_id[0]:0->1,36
BRDA:19,0,out_frame_id[0]:1->0,34
BRDA:19,0,out_frame_id[10]:0->1,0
BRDA:19,0,out_frame_id[10]:1->0,0
BRDA:19,0,out_frame_id[11]:0->1,0
BRDA:19,0,out_frame_id[11]:1->0,0
BRDA:19,0,out_frame_id[12]:0->1,0
BRDA:19,0,out_frame_id[12]:1->0,0
BRDA:19,0,out_frame_id[13]:0->1,0
BRDA:19,0,out_frame_id[13]:1->0,0
BRDA:19,0,out_frame_id[14]:0->1,0
BRDA:19,0,out_frame_id[14]:1->0,0
BRDA:19,0,out_frame_id[15]:0->1,0
BRDA:19,0,out_frame_id[15]:1->0,0
BRDA:19,0,out_frame_id[16]:0->1,0
BRDA:19,0,out_frame_id[16]:1->0,0
BRDA:19,0,out_frame_id[17]:0->1,0
BRDA:19,0,out_frame_id[17]:1->0,0
BRDA:19,0,out_frame_id[18]:0->1,0
BRDA:19,0,out_frame_id[18]:1->0,0
BRDA:19,0,out_frame_id[19]:0->1,0
BRDA:19,0,out_frame_id[19]:1->0,0
BRDA:19,0,out_frame_id[1]:0->1,17
BRDA:19,0,out_frame_id[1]:1->0,15
BRDA:19,0,out_frame_id[20]:0->1,0
BRDA:19,0,out_frame_id[20]:1->0,0
BRDA:19,0,out_frame_id[21]:0->1,0
BRDA:19,0,out_frame_id[21]:1->0,0
BRDA:19,0,out_frame_id[22]:0->1,0
BRDA:19,0,out_frame_id[22]:1->0,0
BRDA:19,0,out_frame_id[23]:0->1,0
BRDA:19,0,out_frame_id[23]:1->0,0
BRDA:19,0,out_frame_id[24]:0->1,0
BRDA:19,0,out_frame_id[24]:1->0,0
BRDA:19,0,out_frame_id[25]:0->1,0
BRDA:19,0,out_frame_id[25]:1->0,0
BRDA:19,0,out_frame_id[26]:0->1,0
BRDA:19,0,out_frame_id[26]:1->0,0
BRDA:19,0,out_frame_id[27]:0->1,0
BRDA:19,0,out_frame_id[27]:1->0,0
BRDA:19,0,out_frame_id[28]:0->1,0
BRDA:19,0,out_frame_id[28]:1->0,0
BRDA:19,0,out_frame_id[29]:0->1,0
BRDA:19,0,out_frame_id[29]:1->0,0
BRDA:19,0,out_frame_id[2]:0->1,19
BRDA:19,0,out_frame_id[2]:1->0,17
BRDA:19,0,out_frame_id[30]:0->1,0
BRDA:19,0,out_frame_id[30]:1->0,0
BRDA:19,0,out_frame_id[31]:0->1,0
BRDA:19,0,out_frame_id[31]:1->0,0
BRDA:19,0,out_frame_id[3]:0->1,14
BRDA:19,0,out_frame_id[3]:1->0,14
BRDA:19,0,out_frame_id[4]:0->1,8
BRDA:19,0,out_frame_id[4]:1->0,6
BRDA:19,0,out_frame_id[5]:0->1,20
BRDA:19,0,out_frame_id[5]:1->0,18
BRDA:19,0,out_frame_id[6]:0->1,10
BRDA:19,0,out_frame_id[6]:1->0,10
BRDA:19,0,out_frame_id[7]:0->1,2
BRDA:19,0,out_frame_id[7]:1->0,2
BRDA:19,0,out_frame_id[8]:0->1,12
BRDA:19,0,out_frame_id[8]:1->0,10
BRDA:19,0,out_frame_id[9]:0->1,0
BRDA:19,0,out_frame_id[9]:1->0,0
DA:20,98
BRDA:20,0,out_logits[0]:0->1,7
BRDA:20,0,out_logits[0]:1->0,7
BRDA:20,0,out_logits[10]:0->1,24
BRDA:20,0,out_logits[10]:1->0,22
BRDA:20,0,out_logits[11]:0->1,25
BRDA:20,0,out_logits[11]:1->0,23
BRDA:20,0,out_logits[12]:0->1,27
BRDA:20,0,out_logits[12]:1->0,25
BRDA:20,0,out_logits[13]:0->1,26
BRDA:20,0,out_logits[13]:1->0,24
BRDA:20,0,out_logits[14]:0->1,25
BRDA:20,0,out_logits[14]:1->0,23
BRDA:20,0,out_logits[15]:0->1,26
BRDA:20,0,out_logits[15]:1->0,24
BRDA:20,0,out_logits[16]:0->1,26
BRDA:20,0,out_logits[16]:1->0,24
BRDA:20,0,out_logits[17]:0->1,26
BRDA:20,0,out_logits[17]:1->0,24
BRDA:20,0,out_logits[18]:0->1,26
BRDA:20,0,out_logits[18]:1->0,24
BRDA:20,0,out_logits[19]:0->1,26
BRDA:20,0,out_logits[19]:1->0,24
BRDA:20,0,out_logits[1]:0->1,22
BRDA:20,0,out_logits[1]:1->0,20
BRDA:20,0,out_logits[20]:0->1,26
BRDA:20,0,out_logits[20]:1->0,24
BRDA:20,0,out_logits[21]:0->1,26
BRDA:20,0,out_logits[21]:1->0,24
BRDA:20,0,out_logits[22]:0->1,26
BRDA:20,0,out_logits[22]:1->0,24
BRDA:20,0,out_logits[23]:0->1,26
BRDA:20,0,out_logits[23]:1->0,24
BRDA:20,0,out_logits[24]:0->1,26
BRDA:20,0,out_logits[24]:1->0,24
BRDA:20,0,out_logits[25]:0->1,26
BRDA:20,0,out_logits[25]:1->0,24
BRDA:20,0,out_logits[26]:0->1,26
BRDA:20,0,out_logits[26]:1->0,24
BRDA:20,0,out_logits[27]:0->1,26
BRDA:20,0,out_logits[27]:1->0,24
BRDA:20,0,out_logits[28]:0->1,26
BRDA:20,0,out_logits[28]:1->0,24
BRDA:20,0,out_logits[29]:0->1,26
BRDA:20,0,out_logits[29]:1->0,24
BRDA:20,0,out_logits[2]:0->1,26
BRDA:20,0,out_logits[2]:1->0,24
BRDA:20,0,out_logits[30]:0->1,26
BRDA:20,0,out_logits[30]:1->0,24
BRDA:20,0,out_logits[31]:0->1,26
BRDA:20,0,out_logits[31]:1->0,24
BRDA:20,0,out_logits[32]:0->1,26
BRDA:20,0,out_logits[32]:1->0,38
BRDA:20,0,out_logits[33]:0->1,6
BRDA:20,0,out_logits[33]:1->0,48
BRDA:20,0,out_logits[34]:0->1,13
BRDA:20,0,out_logits[34]:1->0,63
BRDA:20,0,out_logits[35]:0->1,27
BRDA:20,0,out_logits[35]:1->0,33
BRDA:20,0,out_logits[36]:0->1,14
BRDA:20,0,out_logits[36]:1->0,60
BRDA:20,0,out_logits[37]:0->1,28
BRDA:20,0,out_logits[37]:1->0,34
BRDA:20,0,out_logits[38]:0->1,3
BRDA:20,0,out_logits[38]:1->0,13
BRDA:20,0,out_logits[39]:0->1,3
BRDA:20,0,out_logits[39]:1->0,57
BRDA:20,0,out_logits[3]:0->1,4
BRDA:20,0,out_logits[3]:1->0,4
BRDA:20,0,out_logits[40]:0->1,28
BRDA:20,0,out_logits[40]:1->0,36
BRDA:20,0,out_logits[41]:0->1,3
BRDA:20,0,out_logits[41]:1->0,31
BRDA:20,0,out_logits[42]:0->1,26
BRDA:20,0,out_logits[42]:1->0,70
BRDA:20,0,out_logits[43]:0->1,25
BRDA:20,0,out_logits[43]:1->0,71
BRDA:20,0,out_logits[44]:0->1,25
BRDA:20,0,out_logits[44]:1->0,75
BRDA:20,0,out_logits[45]:0->1,26
BRDA:20,0,out_logits[45]:1->0,74
BRDA:20,0,out_logits[46]:0->1,26
BRDA:20,0,out_logits[46]:1->0,72
BRDA:20,0,out_logits[47]:0->1,26
BRDA:20,0,out_logits[47]:1->0,74
BRDA:20,0,out_logits[48]:0->1,26
BRDA:20,0,out_logits[48]:1->0,74
BRDA:20,0,out_logits[49]:0->1,26
BRDA:20,0,out_logits[49]:1->0,74
BRDA:20,0,out_logits[4]:0->1,24
BRDA:20,0,out_logits[4]:1->0,22
BRDA:20,0,out_logits[50]:0->1,26
BRDA:20,0,out_logits[50]:1->0,74
BRDA:20,0,out_logits[51]:0->1,26
BRDA:20,0,out_logits[51]:1->0,74
BRDA:20,0,out_logits[52]:0->1,26
BRDA:20,0,out_logits[52]:1->0,74
BRDA:20,0,out_logits[53]:0->1,26
BRDA:20,0,out_logits[53]:1->0,74
BRDA:20,0,out_logits[54]:0->1,26
BRDA:20,0,out_logits[54]:1->0,74
BRDA:20,0,out_logits[55]:0->1,26
BRDA:20,0,out_logits[55]:1->0,74
BRDA:20,0,out_logits[56]:0->1,26
BRDA:20,0,out_logits[56]:1->0,74
BRDA:20,0,out_logits[57]:0->1,26
BRDA:20,0,out_logits[57]:1->0,74
BRDA:20,0,out_logits[58]:0->1,26
BRDA:20,0,out_logits[58]:1->0,74
BRDA:20,0,out_logits[59]:0->1,26
BRDA:20,0,out_logits[59]:1->0,74
BRDA:20,0,out_logits[5]:0->1,4
BRDA:20,0,out_logits[5]:1->0,4
BRDA:20,0,out_logits[60]:0->1,26
BRDA:20,0,out_logits[60]:1->0,74
BRDA:20,0,out_logits[61]:0->1,26
BRDA:20,0,out_logits[61]:1->0,74
BRDA:20,0,out_logits[62]:0->1,26
BRDA:20,0,out_logits[62]:1->0,74
BRDA:20,0,out_logits[63]:0->1,26
BRDA:20,0,out_logits[63]:1->0,74
BRDA:20,0,out_logits[64]:0->1,33
BRDA:20,0,out_logits[64]:1->0,81
BRDA:20,0,out_logits[65]:0->1,48
BRDA:20,0,out_logits[65]:1->0,56
BRDA:20,0,out_logits[66]:0->1,29
BRDA:20,0,out_logits[66]:1->0,53
BRDA:20,0,out_logits[67]:0->1,30
BRDA:20,0,out_logits[67]:1->0,80
BRDA:20,0,out_logits[68]:0->1,49
BRDA:20,0,out_logits[68]:1->0,73
BRDA:20,0,out_logits[69]:0->1,17
BRDA:20,0,out_logits[69]:1->0,71
BRDA:20,0,out_logits[6]:0->1,5
BRDA:20,0,out_logits[6]:1->0,5
BRDA:20,0,out_logits[70]:0->1,29
BRDA:20,0,out_logits[70]:1->0,33
BRDA:20,0,out_logits[71]:0->1,55
BRDA:20,0,out_logits[71]:1->0,57
BRDA:20,0,out_logits[72]:0->1,29
BRDA:20,0,out_logits[72]:1->0,81
BRDA:20,0,out_logits[73]:0->1,20
BRDA:20,0,out_logits[73]:1->0,26
BRDA:20,0,out_logits[74]:0->1,50
BRDA:20,0,out_logits[74]:1->0,96
BRDA:20,0,out_logits[75]:0->1,50
BRDA:20,0,out_logits[75]:1->0,94
BRDA:20,0,out_logits[76]:0->1,49
BRDA:20,0,out_logits[76]:1->0,93
BRDA:20,0,out_logits[77]:0->1,52
BRDA:20,0,out_logits[77]:1->0,98
BRDA:20,0,out_logits[78]:0->1,51
BRDA:20,0,out_logits[78]:1->0,97
BRDA:20,0,out_logits[79]:0->1,50
BRDA:20,0,out_logits[79]:1->0,96
BRDA:20,0,out_logits[7]:0->1,28
BRDA:20,0,out_logits[7]:1->0,26
BRDA:20,0,out_logits[80]:0->1,52
BRDA:20,0,out_logits[80]:1->0,98
BRDA:20,0,out_logits[81]:0->1,52
BRDA:20,0,out_logits[81]:1->0,98
BRDA:20,0,out_logits[82]:0->1,52
BRDA:20,0,out_logits[82]:1->0,98
BRDA:20,0,out_logits[83]:0->1,52
BRDA:20,0,out_logits[83]:1->0,98
BRDA:20,0,out_logits[84]:0->1,52
BRDA:20,0,out_logits[84]:1->0,98
BRDA:20,0,out_logits[85]:0->1,52
BRDA:20,0,out_logits[85]:1->0,98
BRDA:20,0,out_logits[86]:0->1,52
BRDA:20,0,out_logits[86]:1->0,98
BRDA:20,0,out_logits[87]:0->1,52
BRDA:20,0,out_logits[87]:1->0,98
BRDA:20,0,out_logits[88]:0->1,52
BRDA:20,0,out_logits[88]:1->0,98
BRDA:20,0,out_logits[89]:0->1,52
BRDA:20,0,out_logits[89]:1->0,98
BRDA:20,0,out_logits[8]:0->1,5
BRDA:20,0,out_logits[8]:1->0,5
BRDA:20,0,out_logits[90]:0->1,52
BRDA:20,0,out_logits[90]:1->0,98
BRDA:20,0,out_logits[91]:0->1,52
BRDA:20,0,out_logits[91]:1->0,98
BRDA:20,0,out_logits[92]:0->1,52
BRDA:20,0,out_logits[92]:1->0,98
BRDA:20,0,out_logits[93]:0->1,52
BRDA:20,0,out_logits[93]:1->0,98
BRDA:20,0,out_logits[94]:0->1,52
BRDA:20,0,out_logits[94]:1->0,98
BRDA:20,0,out_logits[95]:0->1,52
BRDA:20,0,out_logits[95]:1->0,98
BRDA:20,0,out_logits[9]:0->1,14
BRDA:20,0,out_logits[9]:1->0,14
DA:21,26
BRDA:21,0,out_class[0]:0->1,6
BRDA:21,0,out_class[0]:1->0,6
BRDA:21,0,out_class[1]:0->1,26
BRDA:21,0,out_class[1]:1->0,24
DA:22,0
BRDA:22,0,out_error[0]:0->1,0
BRDA:22,0,out_error[0]:1->0,0
BRDA:22,0,out_error[1]:0->1,0
BRDA:22,0,out_error[1]:1->0,0
BRDA:22,0,out_error[2]:0->1,0
BRDA:22,0,out_error[2]:1->0,0
BRDA:22,0,out_error[3]:0->1,0
BRDA:22,0,out_error[3]:1->0,0
BRDA:22,0,out_error[4]:0->1,0
BRDA:22,0,out_error[4]:1->0,0
BRDA:22,0,out_error[5]:0->1,0
BRDA:22,0,out_error[5]:1->0,0
BRDA:22,0,out_error[6]:0->1,0
BRDA:22,0,out_error[6]:1->0,0
BRDA:22,0,out_error[7]:0->1,0
BRDA:22,0,out_error[7]:1->0,0
DA:23,24
BRDA:23,0,cycles_pre[0]:0->1,24
BRDA:23,0,cycles_pre[0]:1->0,22
BRDA:23,0,cycles_pre[10]:0->1,24
BRDA:23,0,cycles_pre[10]:1->0,22
BRDA:23,0,cycles_pre[11]:0->1,24
BRDA:23,0,cycles_pre[11]:1->0,22
BRDA:23,0,cycles_pre[12]:0->1,0
BRDA:23,0,cycles_pre[12]:1->0,0
BRDA:23,0,cycles_pre[13]:0->1,0
BRDA:23,0,cycles_pre[13]:1->0,0
BRDA:23,0,cycles_pre[14]:0->1,0
BRDA:23,0,cycles_pre[14]:1->0,0
BRDA:23,0,cycles_pre[15]:0->1,0
BRDA:23,0,cycles_pre[15]:1->0,0
BRDA:23,0,cycles_pre[16]:0->1,0
BRDA:23,0,cycles_pre[16]:1->0,0
BRDA:23,0,cycles_pre[17]:0->1,0
BRDA:23,0,cycles_pre[17]:1->0,0
BRDA:23,0,cycles_pre[18]:0->1,0
BRDA:23,0,cycles_pre[18]:1->0,0
BRDA:23,0,cycles_pre[19]:0->1,0
BRDA:23,0,cycles_pre[19]:1->0,0
BRDA:23,0,cycles_pre[1]:0->1,0
BRDA:23,0,cycles_pre[1]:1->0,0
BRDA:23,0,cycles_pre[20]:0->1,0
BRDA:23,0,cycles_pre[20]:1->0,0
BRDA:23,0,cycles_pre[21]:0->1,0
BRDA:23,0,cycles_pre[21]:1->0,0
BRDA:23,0,cycles_pre[22]:0->1,0
BRDA:23,0,cycles_pre[22]:1->0,0
BRDA:23,0,cycles_pre[23]:0->1,0
BRDA:23,0,cycles_pre[23]:1->0,0
BRDA:23,0,cycles_pre[24]:0->1,0
BRDA:23,0,cycles_pre[24]:1->0,0
BRDA:23,0,cycles_pre[25]:0->1,0
BRDA:23,0,cycles_pre[25]:1->0,0
BRDA:23,0,cycles_pre[26]:0->1,0
BRDA:23,0,cycles_pre[26]:1->0,0
BRDA:23,0,cycles_pre[27]:0->1,0
BRDA:23,0,cycles_pre[27]:1->0,0
BRDA:23,0,cycles_pre[28]:0->1,0
BRDA:23,0,cycles_pre[28]:1->0,0
BRDA:23,0,cycles_pre[29]:0->1,0
BRDA:23,0,cycles_pre[29]:1->0,0
BRDA:23,0,cycles_pre[2]:0->1,0
BRDA:23,0,cycles_pre[2]:1->0,0
BRDA:23,0,cycles_pre[30]:0->1,0
BRDA:23,0,cycles_pre[30]:1->0,0
BRDA:23,0,cycles_pre[31]:0->1,0
BRDA:23,0,cycles_pre[31]:1->0,0
BRDA:23,0,cycles_pre[3]:0->1,0
BRDA:23,0,cycles_pre[3]:1->0,0
BRDA:23,0,cycles_pre[4]:0->1,0
BRDA:23,0,cycles_pre[4]:1->0,0
BRDA:23,0,cycles_pre[5]:0->1,0
BRDA:23,0,cycles_pre[5]:1->0,0
BRDA:23,0,cycles_pre[6]:0->1,0
BRDA:23,0,cycles_pre[6]:1->0,0
BRDA:23,0,cycles_pre[7]:0->1,0
BRDA:23,0,cycles_pre[7]:1->0,0
BRDA:23,0,cycles_pre[8]:0->1,0
BRDA:23,0,cycles_pre[8]:1->0,0
BRDA:23,0,cycles_pre[9]:0->1,0
BRDA:23,0,cycles_pre[9]:1->0,0
DA:24,24
BRDA:24,0,cycles_dft[0]:0->1,0
BRDA:24,0,cycles_dft[0]:1->0,0
BRDA:24,0,cycles_dft[10]:0->1,0
BRDA:24,0,cycles_dft[10]:1->0,0
BRDA:24,0,cycles_dft[11]:0->1,0
BRDA:24,0,cycles_dft[11]:1->0,0
BRDA:24,0,cycles_dft[12]:0->1,0
BRDA:24,0,cycles_dft[12]:1->0,0
BRDA:24,0,cycles_dft[13]:0->1,0
BRDA:24,0,cycles_dft[13]:1->0,0
BRDA:24,0,cycles_dft[14]:0->1,0
BRDA:24,0,cycles_dft[14]:1->0,0
BRDA:24,0,cycles_dft[15]:0->1,24
BRDA:24,0,cycles_dft[15]:1->0,22
BRDA:24,0,cycles_dft[16]:0->1,0
BRDA:24,0,cycles_dft[16]:1->0,0
BRDA:24,0,cycles_dft[17]:0->1,0
BRDA:24,0,cycles_dft[17]:1->0,0
BRDA:24,0,cycles_dft[18]:0->1,24
BRDA:24,0,cycles_dft[18]:1->0,22
BRDA:24,0,cycles_dft[19]:0->1,0
BRDA:24,0,cycles_dft[19]:1->0,0
BRDA:24,0,cycles_dft[1]:0->1,0
BRDA:24,0,cycles_dft[1]:1->0,0
BRDA:24,0,cycles_dft[20]:0->1,0
BRDA:24,0,cycles_dft[20]:1->0,0
BRDA:24,0,cycles_dft[21]:0->1,0
BRDA:24,0,cycles_dft[21]:1->0,0
BRDA:24,0,cycles_dft[22]:0->1,0
BRDA:24,0,cycles_dft[22]:1->0,0
BRDA:24,0,cycles_dft[23]:0->1,0
BRDA:24,0,cycles_dft[23]:1->0,0
BRDA:24,0,cycles_dft[24]:0->1,0
BRDA:24,0,cycles_dft[24]:1->0,0
BRDA:24,0,cycles_dft[25]:0->1,0
BRDA:24,0,cycles_dft[25]:1->0,0
BRDA:24,0,cycles_dft[26]:0->1,0
BRDA:24,0,cycles_dft[26]:1->0,0
BRDA:24,0,cycles_dft[27]:0->1,0
BRDA:24,0,cycles_dft[27]:1->0,0
BRDA:24,0,cycles_dft[28]:0->1,0
BRDA:24,0,cycles_dft[28]:1->0,0
BRDA:24,0,cycles_dft[29]:0->1,0
BRDA:24,0,cycles_dft[29]:1->0,0
BRDA:24,0,cycles_dft[2]:0->1,0
BRDA:24,0,cycles_dft[2]:1->0,0
BRDA:24,0,cycles_dft[30]:0->1,0
BRDA:24,0,cycles_dft[30]:1->0,0
BRDA:24,0,cycles_dft[31]:0->1,0
BRDA:24,0,cycles_dft[31]:1->0,0
BRDA:24,0,cycles_dft[3]:0->1,0
BRDA:24,0,cycles_dft[3]:1->0,0
BRDA:24,0,cycles_dft[4]:0->1,0
BRDA:24,0,cycles_dft[4]:1->0,0
BRDA:24,0,cycles_dft[5]:0->1,0
BRDA:24,0,cycles_dft[5]:1->0,0
BRDA:24,0,cycles_dft[6]:0->1,24
BRDA:24,0,cycles_dft[6]:1->0,22
BRDA:24,0,cycles_dft[7]:0->1,24
BRDA:24,0,cycles_dft[7]:1->0,22
BRDA:24,0,cycles_dft[8]:0->1,0
BRDA:24,0,cycles_dft[8]:1->0,0
BRDA:24,0,cycles_dft[9]:0->1,0
BRDA:24,0,cycles_dft[9]:1->0,0
DA:25,24
BRDA:25,0,cycles_power[0]:0->1,0
BRDA:25,0,cycles_power[0]:1->0,0
BRDA:25,0,cycles_power[10]:0->1,0
BRDA:25,0,cycles_power[10]:1->0,0
BRDA:25,0,cycles_power[11]:0->1,0
BRDA:25,0,cycles_power[11]:1->0,0
BRDA:25,0,cycles_power[12]:0->1,0
BRDA:25,0,cycles_power[12]:1->0,0
BRDA:25,0,cycles_power[13]:0->1,0
BRDA:25,0,cycles_power[13]:1->0,0
BRDA:25,0,cycles_power[14]:0->1,0
BRDA:25,0,cycles_power[14]:1->0,0
BRDA:25,0,cycles_power[15]:0->1,0
BRDA:25,0,cycles_power[15]:1->0,0
BRDA:25,0,cycles_power[16]:0->1,0
BRDA:25,0,cycles_power[16]:1->0,0
BRDA:25,0,cycles_power[17]:0->1,0
BRDA:25,0,cycles_power[17]:1->0,0
BRDA:25,0,cycles_power[18]:0->1,0
BRDA:25,0,cycles_power[18]:1->0,0
BRDA:25,0,cycles_power[19]:0->1,0
BRDA:25,0,cycles_power[19]:1->0,0
BRDA:25,0,cycles_power[1]:0->1,0
BRDA:25,0,cycles_power[1]:1->0,0
BRDA:25,0,cycles_power[20]:0->1,0
BRDA:25,0,cycles_power[20]:1->0,0
BRDA:25,0,cycles_power[21]:0->1,0
BRDA:25,0,cycles_power[21]:1->0,0
BRDA:25,0,cycles_power[22]:0->1,0
BRDA:25,0,cycles_power[22]:1->0,0
BRDA:25,0,cycles_power[23]:0->1,0
BRDA:25,0,cycles_power[23]:1->0,0
BRDA:25,0,cycles_power[24]:0->1,0
BRDA:25,0,cycles_power[24]:1->0,0
BRDA:25,0,cycles_power[25]:0->1,0
BRDA:25,0,cycles_power[25]:1->0,0
BRDA:25,0,cycles_power[26]:0->1,0
BRDA:25,0,cycles_power[26]:1->0,0
BRDA:25,0,cycles_power[27]:0->1,0
BRDA:25,0,cycles_power[27]:1->0,0
BRDA:25,0,cycles_power[28]:0->1,0
BRDA:25,0,cycles_power[28]:1->0,0
BRDA:25,0,cycles_power[29]:0->1,0
BRDA:25,0,cycles_power[29]:1->0,0
BRDA:25,0,cycles_power[2]:0->1,24
BRDA:25,0,cycles_power[2]:1->0,22
BRDA:25,0,cycles_power[30]:0->1,0
BRDA:25,0,cycles_power[30]:1->0,0
BRDA:25,0,cycles_power[31]:0->1,0
BRDA:25,0,cycles_power[31]:1->0,0
BRDA:25,0,cycles_power[3]:0->1,24
BRDA:25,0,cycles_power[3]:1->0,22
BRDA:25,0,cycles_power[4]:0->1,24
BRDA:25,0,cycles_power[4]:1->0,22
BRDA:25,0,cycles_power[5]:0->1,0
BRDA:25,0,cycles_power[5]:1->0,0
BRDA:25,0,cycles_power[6]:0->1,0
BRDA:25,0,cycles_power[6]:1->0,0
BRDA:25,0,cycles_power[7]:0->1,0
BRDA:25,0,cycles_power[7]:1->0,0
BRDA:25,0,cycles_power[8]:0->1,24
BRDA:25,0,cycles_power[8]:1->0,22
BRDA:25,0,cycles_power[9]:0->1,0
BRDA:25,0,cycles_power[9]:1->0,0
DA:26,24
BRDA:26,0,cycles_nn[0]:0->1,0
BRDA:26,0,cycles_nn[0]:1->0,0
BRDA:26,0,cycles_nn[10]:0->1,0
BRDA:26,0,cycles_nn[10]:1->0,0
BRDA:26,0,cycles_nn[11]:0->1,0
BRDA:26,0,cycles_nn[11]:1->0,0
BRDA:26,0,cycles_nn[12]:0->1,0
BRDA:26,0,cycles_nn[12]:1->0,0
BRDA:26,0,cycles_nn[13]:0->1,0
BRDA:26,0,cycles_nn[13]:1->0,0
BRDA:26,0,cycles_nn[14]:0->1,0
BRDA:26,0,cycles_nn[14]:1->0,0
BRDA:26,0,cycles_nn[15]:0->1,0
BRDA:26,0,cycles_nn[15]:1->0,0
BRDA:26,0,cycles_nn[16]:0->1,0
BRDA:26,0,cycles_nn[16]:1->0,0
BRDA:26,0,cycles_nn[17]:0->1,0
BRDA:26,0,cycles_nn[17]:1->0,0
BRDA:26,0,cycles_nn[18]:0->1,0
BRDA:26,0,cycles_nn[18]:1->0,0
BRDA:26,0,cycles_nn[19]:0->1,0
BRDA:26,0,cycles_nn[19]:1->0,0
BRDA:26,0,cycles_nn[1]:0->1,24
BRDA:26,0,cycles_nn[1]:1->0,22
BRDA:26,0,cycles_nn[20]:0->1,0
BRDA:26,0,cycles_nn[20]:1->0,0
BRDA:26,0,cycles_nn[21]:0->1,0
BRDA:26,0,cycles_nn[21]:1->0,0
BRDA:26,0,cycles_nn[22]:0->1,0
BRDA:26,0,cycles_nn[22]:1->0,0
BRDA:26,0,cycles_nn[23]:0->1,0
BRDA:26,0,cycles_nn[23]:1->0,0
BRDA:26,0,cycles_nn[24]:0->1,0
BRDA:26,0,cycles_nn[24]:1->0,0
BRDA:26,0,cycles_nn[25]:0->1,0
BRDA:26,0,cycles_nn[25]:1->0,0
BRDA:26,0,cycles_nn[26]:0->1,0
BRDA:26,0,cycles_nn[26]:1->0,0
BRDA:26,0,cycles_nn[27]:0->1,0
BRDA:26,0,cycles_nn[27]:1->0,0
BRDA:26,0,cycles_nn[28]:0->1,0
BRDA:26,0,cycles_nn[28]:1->0,0
BRDA:26,0,cycles_nn[29]:0->1,0
BRDA:26,0,cycles_nn[29]:1->0,0
BRDA:26,0,cycles_nn[2]:0->1,24
BRDA:26,0,cycles_nn[2]:1->0,22
BRDA:26,0,cycles_nn[30]:0->1,0
BRDA:26,0,cycles_nn[30]:1->0,0
BRDA:26,0,cycles_nn[31]:0->1,0
BRDA:26,0,cycles_nn[31]:1->0,0
BRDA:26,0,cycles_nn[3]:0->1,0
BRDA:26,0,cycles_nn[3]:1->0,0
BRDA:26,0,cycles_nn[4]:0->1,24
BRDA:26,0,cycles_nn[4]:1->0,22
BRDA:26,0,cycles_nn[5]:0->1,24
BRDA:26,0,cycles_nn[5]:1->0,22
BRDA:26,0,cycles_nn[6]:0->1,0
BRDA:26,0,cycles_nn[6]:1->0,0
BRDA:26,0,cycles_nn[7]:0->1,24
BRDA:26,0,cycles_nn[7]:1->0,22
BRDA:26,0,cycles_nn[8]:0->1,24
BRDA:26,0,cycles_nn[8]:1->0,22
BRDA:26,0,cycles_nn[9]:0->1,24
BRDA:26,0,cycles_nn[9]:1->0,22
DA:27,24
BRDA:27,0,cycles_total[0]:0->1,24
BRDA:27,0,cycles_total[0]:1->0,22
BRDA:27,0,cycles_total[10]:0->1,0
BRDA:27,0,cycles_total[10]:1->0,0
BRDA:27,0,cycles_total[11]:0->1,0
BRDA:27,0,cycles_total[11]:1->0,0
BRDA:27,0,cycles_total[12]:0->1,24
BRDA:27,0,cycles_total[12]:1->0,22
BRDA:27,0,cycles_total[13]:0->1,0
BRDA:27,0,cycles_total[13]:1->0,0
BRDA:27,0,cycles_total[14]:0->1,0
BRDA:27,0,cycles_total[14]:1->0,0
BRDA:27,0,cycles_total[15]:0->1,24
BRDA:27,0,cycles_total[15]:1->0,22
BRDA:27,0,cycles_total[16]:0->1,0
BRDA:27,0,cycles_total[16]:1->0,0
BRDA:27,0,cycles_total[17]:0->1,0
BRDA:27,0,cycles_total[17]:1->0,0
BRDA:27,0,cycles_total[18]:0->1,24
BRDA:27,0,cycles_total[18]:1->0,22
BRDA:27,0,cycles_total[19]:0->1,0
BRDA:27,0,cycles_total[19]:1->0,0
BRDA:27,0,cycles_total[1]:0->1,24
BRDA:27,0,cycles_total[1]:1->0,22
BRDA:27,0,cycles_total[20]:0->1,0
BRDA:27,0,cycles_total[20]:1->0,0
BRDA:27,0,cycles_total[21]:0->1,0
BRDA:27,0,cycles_total[21]:1->0,0
BRDA:27,0,cycles_total[22]:0->1,0
BRDA:27,0,cycles_total[22]:1->0,0
BRDA:27,0,cycles_total[23]:0->1,0
BRDA:27,0,cycles_total[23]:1->0,0
BRDA:27,0,cycles_total[24]:0->1,0
BRDA:27,0,cycles_total[24]:1->0,0
BRDA:27,0,cycles_total[25]:0->1,0
BRDA:27,0,cycles_total[25]:1->0,0
BRDA:27,0,cycles_total[26]:0->1,0
BRDA:27,0,cycles_total[26]:1->0,0
BRDA:27,0,cycles_total[27]:0->1,0
BRDA:27,0,cycles_total[27]:1->0,0
BRDA:27,0,cycles_total[28]:0->1,0
BRDA:27,0,cycles_total[28]:1->0,0
BRDA:27,0,cycles_total[29]:0->1,0
BRDA:27,0,cycles_total[29]:1->0,0
BRDA:27,0,cycles_total[2]:0->1,0
BRDA:27,0,cycles_total[2]:1->0,0
BRDA:27,0,cycles_total[30]:0->1,0
BRDA:27,0,cycles_total[30]:1->0,0
BRDA:27,0,cycles_total[31]:0->1,0
BRDA:27,0,cycles_total[31]:1->0,0
BRDA:27,0,cycles_total[3]:0->1,0
BRDA:27,0,cycles_total[3]:1->0,0
BRDA:27,0,cycles_total[4]:0->1,24
BRDA:27,0,cycles_total[4]:1->0,22
BRDA:27,0,cycles_total[5]:0->1,0
BRDA:27,0,cycles_total[5]:1->0,0
BRDA:27,0,cycles_total[6]:0->1,0
BRDA:27,0,cycles_total[6]:1->0,0
BRDA:27,0,cycles_total[7]:0->1,24
BRDA:27,0,cycles_total[7]:1->0,22
BRDA:27,0,cycles_total[8]:0->1,24
BRDA:27,0,cycles_total[8]:1->0,22
BRDA:27,0,cycles_total[9]:0->1,0
BRDA:27,0,cycles_total[9]:1->0,0
DA:28,4
BRDA:28,0,protocol_errors[0]:0->1,4
BRDA:28,0,protocol_errors[0]:1->0,4
BRDA:28,0,protocol_errors[10]:0->1,0
BRDA:28,0,protocol_errors[10]:1->0,0
BRDA:28,0,protocol_errors[11]:0->1,0
BRDA:28,0,protocol_errors[11]:1->0,0
BRDA:28,0,protocol_errors[12]:0->1,0
BRDA:28,0,protocol_errors[12]:1->0,0
BRDA:28,0,protocol_errors[13]:0->1,0
BRDA:28,0,protocol_errors[13]:1->0,0
BRDA:28,0,protocol_errors[14]:0->1,0
BRDA:28,0,protocol_errors[14]:1->0,0
BRDA:28,0,protocol_errors[15]:0->1,0
BRDA:28,0,protocol_errors[15]:1->0,0
BRDA:28,0,protocol_errors[16]:0->1,0
BRDA:28,0,protocol_errors[16]:1->0,0
BRDA:28,0,protocol_errors[17]:0->1,0
BRDA:28,0,protocol_errors[17]:1->0,0
BRDA:28,0,protocol_errors[18]:0->1,0
BRDA:28,0,protocol_errors[18]:1->0,0
BRDA:28,0,protocol_errors[19]:0->1,0
BRDA:28,0,protocol_errors[19]:1->0,0
BRDA:28,0,protocol_errors[1]:0->1,2
BRDA:28,0,protocol_errors[1]:1->0,2
BRDA:28,0,protocol_errors[20]:0->1,0
BRDA:28,0,protocol_errors[20]:1->0,0
BRDA:28,0,protocol_errors[21]:0->1,0
BRDA:28,0,protocol_errors[21]:1->0,0
BRDA:28,0,protocol_errors[22]:0->1,0
BRDA:28,0,protocol_errors[22]:1->0,0
BRDA:28,0,protocol_errors[23]:0->1,0
BRDA:28,0,protocol_errors[23]:1->0,0
BRDA:28,0,protocol_errors[24]:0->1,0
BRDA:28,0,protocol_errors[24]:1->0,0
BRDA:28,0,protocol_errors[25]:0->1,0
BRDA:28,0,protocol_errors[25]:1->0,0
BRDA:28,0,protocol_errors[26]:0->1,0
BRDA:28,0,protocol_errors[26]:1->0,0
BRDA:28,0,protocol_errors[27]:0->1,0
BRDA:28,0,protocol_errors[27]:1->0,0
BRDA:28,0,protocol_errors[28]:0->1,0
BRDA:28,0,protocol_errors[28]:1->0,0
BRDA:28,0,protocol_errors[29]:0->1,0
BRDA:28,0,protocol_errors[29]:1->0,0
BRDA:28,0,protocol_errors[2]:0->1,2
BRDA:28,0,protocol_errors[2]:1->0,2
BRDA:28,0,protocol_errors[30]:0->1,0
BRDA:28,0,protocol_errors[30]:1->0,0
BRDA:28,0,protocol_errors[31]:0->1,0
BRDA:28,0,protocol_errors[31]:1->0,0
BRDA:28,0,protocol_errors[3]:0->1,0
BRDA:28,0,protocol_errors[3]:1->0,0
BRDA:28,0,protocol_errors[4]:0->1,0
BRDA:28,0,protocol_errors[4]:1->0,0
BRDA:28,0,protocol_errors[5]:0->1,0
BRDA:28,0,protocol_errors[5]:1->0,0
BRDA:28,0,protocol_errors[6]:0->1,0
BRDA:28,0,protocol_errors[6]:1->0,0
BRDA:28,0,protocol_errors[7]:0->1,0
BRDA:28,0,protocol_errors[7]:1->0,0
BRDA:28,0,protocol_errors[8]:0->1,0
BRDA:28,0,protocol_errors[8]:1->0,0
BRDA:28,0,protocol_errors[9]:0->1,0
BRDA:28,0,protocol_errors[9]:1->0,0
DA:31,76630
BRDA:31,0,dbg_valid:0->1,76630
BRDA:31,0,dbg_valid:1->0,76630
DA:32,4060
BRDA:32,0,dbg_kind[0]:0->1,4060
BRDA:32,0,dbg_kind[0]:1->0,4058
BRDA:32,0,dbg_kind[1]:0->1,120
BRDA:32,0,dbg_kind[1]:1->0,118
BRDA:32,0,dbg_kind[2]:0->1,62
BRDA:32,0,dbg_kind[2]:1->0,60
BRDA:32,0,dbg_kind[3]:0->1,0
BRDA:32,0,dbg_kind[3]:1->0,0
DA:33,36282
BRDA:33,0,dbg_index[0]:0->1,36282
BRDA:33,0,dbg_index[0]:1->0,36282
BRDA:33,0,dbg_index[10]:0->1,0
BRDA:33,0,dbg_index[10]:1->0,0
BRDA:33,0,dbg_index[11]:0->1,0
BRDA:33,0,dbg_index[11]:1->0,0
BRDA:33,0,dbg_index[12]:0->1,0
BRDA:33,0,dbg_index[12]:1->0,0
BRDA:33,0,dbg_index[13]:0->1,0
BRDA:33,0,dbg_index[13]:1->0,0
BRDA:33,0,dbg_index[14]:0->1,0
BRDA:33,0,dbg_index[14]:1->0,0
BRDA:33,0,dbg_index[15]:0->1,0
BRDA:33,0,dbg_index[15]:1->0,0
BRDA:33,0,dbg_index[1]:0->1,18170
BRDA:33,0,dbg_index[1]:1->0,18168
BRDA:33,0,dbg_index[2]:0->1,9056
BRDA:33,0,dbg_index[2]:1->0,9056
BRDA:33,0,dbg_index[3]:0->1,4528
BRDA:33,0,dbg_index[3]:1->0,4528
BRDA:33,0,dbg_index[4]:0->1,2174
BRDA:33,0,dbg_index[4]:1->0,2174
BRDA:33,0,dbg_index[5]:0->1,1118
BRDA:33,0,dbg_index[5]:1->0,1118
BRDA:33,0,dbg_index[6]:0->1,528
BRDA:33,0,dbg_index[6]:1->0,528
BRDA:33,0,dbg_index[7]:0->1,264
BRDA:33,0,dbg_index[7]:1->0,264
BRDA:33,0,dbg_index[8]:0->1,132
BRDA:33,0,dbg_index[8]:1->0,132
BRDA:33,0,dbg_index[9]:0->1,66
BRDA:33,0,dbg_index[9]:1->0,66
DA:34,14425
BRDA:34,0,dbg_value[0]:0->1,14359
BRDA:34,0,dbg_value[0]:1->0,14357
BRDA:34,0,dbg_value[10]:0->1,12532
BRDA:34,0,dbg_value[10]:1->0,12530
BRDA:34,0,dbg_value[11]:0->1,12550
BRDA:34,0,dbg_value[11]:1->0,12548
BRDA:34,0,dbg_value[12]:0->1,12556
BRDA:34,0,dbg_value[12]:1->0,12554
BRDA:34,0,dbg_value[13]:0->1,12541
BRDA:34,0,dbg_value[13]:1->0,12539
BRDA:34,0,dbg_value[14]:0->1,12521
BRDA:34,0,dbg_value[14]:1->0,12519
BRDA:34,0,dbg_value[15]:0->1,12541
BRDA:34,0,dbg_value[15]:1->0,12539
BRDA:34,0,dbg_value[16]:0->1,12534
BRDA:34,0,dbg_value[16]:1->0,12532
BRDA:34,0,dbg_value[17]:0->1,12523
BRDA:34,0,dbg_value[17]:1->0,12521
BRDA:34,0,dbg_value[18]:0->1,12515
BRDA:34,0,dbg_value[18]:1->0,12513
BRDA:34,0,dbg_value[19]:0->1,12488
BRDA:34,0,dbg_value[19]:1->0,12486
BRDA:34,0,dbg_value[1]:0->1,14228
BRDA:34,0,dbg_value[1]:1->0,14226
BRDA:34,0,dbg_value[20]:0->1,12487
BRDA:34,0,dbg_value[20]:1->0,12485
BRDA:34,0,dbg_value[21]:0->1,12486
BRDA:34,0,dbg_value[21]:1->0,12484
BRDA:34,0,dbg_value[22]:0->1,12513
BRDA:34,0,dbg_value[22]:1->0,12511
BRDA:34,0,dbg_value[23]:0->1,12487
BRDA:34,0,dbg_value[23]:1->0,12485
BRDA:34,0,dbg_value[24]:0->1,12485
BRDA:34,0,dbg_value[24]:1->0,12483
BRDA:34,0,dbg_value[25]:0->1,12486
BRDA:34,0,dbg_value[25]:1->0,12484
BRDA:34,0,dbg_value[26]:0->1,12485
BRDA:34,0,dbg_value[26]:1->0,12483
BRDA:34,0,dbg_value[27]:0->1,12485
BRDA:34,0,dbg_value[27]:1->0,12483
BRDA:34,0,dbg_value[28]:0->1,12485
BRDA:34,0,dbg_value[28]:1->0,12483
BRDA:34,0,dbg_value[29]:0->1,12485
BRDA:34,0,dbg_value[29]:1->0,12483
BRDA:34,0,dbg_value[2]:0->1,13983
BRDA:34,0,dbg_value[2]:1->0,13983
BRDA:34,0,dbg_value[30]:0->1,12485
BRDA:34,0,dbg_value[30]:1->0,12483
BRDA:34,0,dbg_value[31]:0->1,12485
BRDA:34,0,dbg_value[31]:1->0,12483
BRDA:34,0,dbg_value[32]:0->1,12485
BRDA:34,0,dbg_value[32]:1->0,12483
BRDA:34,0,dbg_value[33]:0->1,12485
BRDA:34,0,dbg_value[33]:1->0,12483
BRDA:34,0,dbg_value[34]:0->1,12485
BRDA:34,0,dbg_value[34]:1->0,12483
BRDA:34,0,dbg_value[35]:0->1,12485
BRDA:34,0,dbg_value[35]:1->0,12483
BRDA:34,0,dbg_value[36]:0->1,12485
BRDA:34,0,dbg_value[36]:1->0,12483
BRDA:34,0,dbg_value[37]:0->1,12485
BRDA:34,0,dbg_value[37]:1->0,12483
BRDA:34,0,dbg_value[38]:0->1,12485
BRDA:34,0,dbg_value[38]:1->0,12483
BRDA:34,0,dbg_value[39]:0->1,12485
BRDA:34,0,dbg_value[39]:1->0,12483
BRDA:34,0,dbg_value[3]:0->1,14398
BRDA:34,0,dbg_value[3]:1->0,14396
BRDA:34,0,dbg_value[4]:0->1,14425
BRDA:34,0,dbg_value[4]:1->0,14423
BRDA:34,0,dbg_value[5]:0->1,13941
BRDA:34,0,dbg_value[5]:1->0,13941
BRDA:34,0,dbg_value[6]:0->1,13911
BRDA:34,0,dbg_value[6]:1->0,13909
BRDA:34,0,dbg_value[7]:0->1,13679
BRDA:34,0,dbg_value[7]:1->0,13677
BRDA:34,0,dbg_value[8]:0->1,13655
BRDA:34,0,dbg_value[8]:1->0,13653
BRDA:34,0,dbg_value[9]:0->1,12551
BRDA:34,0,dbg_value[9]:1->0,12551
DA:64,6194008
BRDA:64,0,state[0]:0->1,6194008
BRDA:64,0,state[0]:1->0,6194008
BRDA:64,0,state[1]:0->1,6183998
BRDA:64,0,state[1]:1->0,6183998
BRDA:64,0,state[2]:0->1,6182910
BRDA:64,0,state[2]:1->0,6182910
BRDA:64,0,state[3]:0->1,6095768
BRDA:64,0,state[3]:1->0,6095768
BRDA:64,0,state[4]:0->1,960
BRDA:64,0,state[4]:1->0,960
DA:70,2
BRDA:70,0,feature_shifts[0][0]:0->1,0
BRDA:70,0,feature_shifts[0][0]:1->0,0
BRDA:70,0,feature_shifts[0][1]:0->1,2
BRDA:70,0,feature_shifts[0][1]:1->0,0
BRDA:70,0,feature_shifts[0][2]:0->1,0
BRDA:70,0,feature_shifts[0][2]:1->0,0
BRDA:70,0,feature_shifts[0][3]:0->1,0
BRDA:70,0,feature_shifts[0][3]:1->0,0
BRDA:70,0,feature_shifts[0][4]:0->1,0
BRDA:70,0,feature_shifts[0][4]:1->0,0
BRDA:70,0,feature_shifts[0][5]:0->1,0
BRDA:70,0,feature_shifts[0][5]:1->0,0
BRDA:70,0,feature_shifts[0][6]:0->1,0
BRDA:70,0,feature_shifts[0][6]:1->0,0
BRDA:70,0,feature_shifts[0][7]:0->1,0
BRDA:70,0,feature_shifts[0][7]:1->0,0
BRDA:70,0,feature_shifts[10][0]:0->1,0
BRDA:70,0,feature_shifts[10][0]:1->0,0
BRDA:70,0,feature_shifts[10][1]:0->1,2
BRDA:70,0,feature_shifts[10][1]:1->0,0
BRDA:70,0,feature_shifts[10][2]:0->1,0
BRDA:70,0,feature_shifts[10][2]:1->0,0
BRDA:70,0,feature_shifts[10][3]:0->1,0
BRDA:70,0,feature_shifts[10][3]:1->0,0
BRDA:70,0,feature_shifts[10][4]:0->1,0
BRDA:70,0,feature_shifts[10][4]:1->0,0
BRDA:70,0,feature_shifts[10][5]:0->1,0
BRDA:70,0,feature_shifts[10][5]:1->0,0
BRDA:70,0,feature_shifts[10][6]:0->1,0
BRDA:70,0,feature_shifts[10][6]:1->0,0
BRDA:70,0,feature_shifts[10][7]:0->1,0
BRDA:70,0,feature_shifts[10][7]:1->0,0
BRDA:70,0,feature_shifts[11][0]:0->1,0
BRDA:70,0,feature_shifts[11][0]:1->0,0
BRDA:70,0,feature_shifts[11][1]:0->1,2
BRDA:70,0,feature_shifts[11][1]:1->0,0
BRDA:70,0,feature_shifts[11][2]:0->1,0
BRDA:70,0,feature_shifts[11][2]:1->0,0
BRDA:70,0,feature_shifts[11][3]:0->1,0
BRDA:70,0,feature_shifts[11][3]:1->0,0
BRDA:70,0,feature_shifts[11][4]:0->1,0
BRDA:70,0,feature_shifts[11][4]:1->0,0
BRDA:70,0,feature_shifts[11][5]:0->1,0
BRDA:70,0,feature_shifts[11][5]:1->0,0
BRDA:70,0,feature_shifts[11][6]:0->1,0
BRDA:70,0,feature_shifts[11][6]:1->0,0
BRDA:70,0,feature_shifts[11][7]:0->1,0
BRDA:70,0,feature_shifts[11][7]:1->0,0
BRDA:70,0,feature_shifts[12][0]:0->1,2
BRDA:70,0,feature_shifts[12][0]:1->0,0
BRDA:70,0,feature_shifts[12][1]:0->1,2
BRDA:70,0,feature_shifts[12][1]:1->0,0
BRDA:70,0,feature_shifts[12][2]:0->1,0
BRDA:70,0,feature_shifts[12][2]:1->0,0
BRDA:70,0,feature_shifts[12][3]:0->1,0
BRDA:70,0,feature_shifts[12][3]:1->0,0
BRDA:70,0,feature_shifts[12][4]:0->1,0
BRDA:70,0,feature_shifts[12][4]:1->0,0
BRDA:70,0,feature_shifts[12][5]:0->1,0
BRDA:70,0,feature_shifts[12][5]:1->0,0
BRDA:70,0,feature_shifts[12][6]:0->1,0
BRDA:70,0,feature_shifts[12][6]:1->0,0
BRDA:70,0,feature_shifts[12][7]:0->1,0
BRDA:70,0,feature_shifts[12][7]:1->0,0
BRDA:70,0,feature_shifts[13][0]:0->1,0
BRDA:70,0,feature_shifts[13][0]:1->0,0
BRDA:70,0,feature_shifts[13][1]:0->1,0
BRDA:70,0,feature_shifts[13][1]:1->0,0
BRDA:70,0,feature_shifts[13][2]:0->1,2
BRDA:70,0,feature_shifts[13][2]:1->0,0
BRDA:70,0,feature_shifts[13][3]:0->1,0
BRDA:70,0,feature_shifts[13][3]:1->0,0
BRDA:70,0,feature_shifts[13][4]:0->1,0
BRDA:70,0,feature_shifts[13][4]:1->0,0
BRDA:70,0,feature_shifts[13][5]:0->1,0
BRDA:70,0,feature_shifts[13][5]:1->0,0
BRDA:70,0,feature_shifts[13][6]:0->1,0
BRDA:70,0,feature_shifts[13][6]:1->0,0
BRDA:70,0,feature_shifts[13][7]:0->1,0
BRDA:70,0,feature_shifts[13][7]:1->0,0
BRDA:70,0,feature_shifts[14][0]:0->1,0
BRDA:70,0,feature_shifts[14][0]:1->0,0
BRDA:70,0,feature_shifts[14][1]:0->1,2
BRDA:70,0,feature_shifts[14][1]:1->0,0
BRDA:70,0,feature_shifts[14][2]:0->1,0
BRDA:70,0,feature_shifts[14][2]:1->0,0
BRDA:70,0,feature_shifts[14][3]:0->1,0
BRDA:70,0,feature_shifts[14][3]:1->0,0
BRDA:70,0,feature_shifts[14][4]:0->1,0
BRDA:70,0,feature_shifts[14][4]:1->0,0
BRDA:70,0,feature_shifts[14][5]:0->1,0
BRDA:70,0,feature_shifts[14][5]:1->0,0
BRDA:70,0,feature_shifts[14][6]:0->1,0
BRDA:70,0,feature_shifts[14][6]:1->0,0
BRDA:70,0,feature_shifts[14][7]:0->1,0
BRDA:70,0,feature_shifts[14][7]:1->0,0
BRDA:70,0,feature_shifts[15][0]:0->1,0
BRDA:70,0,feature_shifts[15][0]:1->0,0
BRDA:70,0,feature_shifts[15][1]:0->1,0
BRDA:70,0,feature_shifts[15][1]:1->0,0
BRDA:70,0,feature_shifts[15][2]:0->1,0
BRDA:70,0,feature_shifts[15][2]:1->0,0
BRDA:70,0,feature_shifts[15][3]:0->1,0
BRDA:70,0,feature_shifts[15][3]:1->0,0
BRDA:70,0,feature_shifts[15][4]:0->1,0
BRDA:70,0,feature_shifts[15][4]:1->0,0
BRDA:70,0,feature_shifts[15][5]:0->1,0
BRDA:70,0,feature_shifts[15][5]:1->0,0
BRDA:70,0,feature_shifts[15][6]:0->1,0
BRDA:70,0,feature_shifts[15][6]:1->0,0
BRDA:70,0,feature_shifts[15][7]:0->1,0
BRDA:70,0,feature_shifts[15][7]:1->0,0
BRDA:70,0,feature_shifts[1][0]:0->1,0
BRDA:70,0,feature_shifts[1][0]:1->0,0
BRDA:70,0,feature_shifts[1][1]:0->1,0
BRDA:70,0,feature_shifts[1][1]:1->0,0
BRDA:70,0,feature_shifts[1][2]:0->1,0
BRDA:70,0,feature_shifts[1][2]:1->0,0
BRDA:70,0,feature_shifts[1][3]:0->1,0
BRDA:70,0,feature_shifts[1][3]:1->0,0
BRDA:70,0,feature_shifts[1][4]:0->1,0
BRDA:70,0,feature_shifts[1][4]:1->0,0
BRDA:70,0,feature_shifts[1][5]:0->1,0
BRDA:70,0,feature_shifts[1][5]:1->0,0
BRDA:70,0,feature_shifts[1][6]:0->1,0
BRDA:70,0,feature_shifts[1][6]:1->0,0
BRDA:70,0,feature_shifts[1][7]:0->1,0
BRDA:70,0,feature_shifts[1][7]:1->0,0
BRDA:70,0,feature_shifts[2][0]:0->1,0
BRDA:70,0,feature_shifts[2][0]:1->0,0
BRDA:70,0,feature_shifts[2][1]:0->1,2
BRDA:70,0,feature_shifts[2][1]:1->0,0
BRDA:70,0,feature_shifts[2][2]:0->1,0
BRDA:70,0,feature_shifts[2][2]:1->0,0
BRDA:70,0,feature_shifts[2][3]:0->1,0
BRDA:70,0,feature_shifts[2][3]:1->0,0
BRDA:70,0,feature_shifts[2][4]:0->1,0
BRDA:70,0,feature_shifts[2][4]:1->0,0
BRDA:70,0,feature_shifts[2][5]:0->1,0
BRDA:70,0,feature_shifts[2][5]:1->0,0
BRDA:70,0,feature_shifts[2][6]:0->1,0
BRDA:70,0,feature_shifts[2][6]:1->0,0
BRDA:70,0,feature_shifts[2][7]:0->1,0
BRDA:70,0,feature_shifts[2][7]:1->0,0
BRDA:70,0,feature_shifts[3][0]:0->1,2
BRDA:70,0,feature_shifts[3][0]:1->0,0
BRDA:70,0,feature_shifts[3][1]:0->1,0
BRDA:70,0,feature_shifts[3][1]:1->0,0
BRDA:70,0,feature_shifts[3][2]:0->1,2
BRDA:70,0,feature_shifts[3][2]:1->0,0
BRDA:70,0,feature_shifts[3][3]:0->1,0
BRDA:70,0,feature_shifts[3][3]:1->0,0
BRDA:70,0,feature_shifts[3][4]:0->1,0
BRDA:70,0,feature_shifts[3][4]:1->0,0
BRDA:70,0,feature_shifts[3][5]:0->1,0
BRDA:70,0,feature_shifts[3][5]:1->0,0
BRDA:70,0,feature_shifts[3][6]:0->1,0
BRDA:70,0,feature_shifts[3][6]:1->0,0
BRDA:70,0,feature_shifts[3][7]:0->1,0
BRDA:70,0,feature_shifts[3][7]:1->0,0
BRDA:70,0,feature_shifts[4][0]:0->1,2
BRDA:70,0,feature_shifts[4][0]:1->0,0
BRDA:70,0,feature_shifts[4][1]:0->1,0
BRDA:70,0,feature_shifts[4][1]:1->0,0
BRDA:70,0,feature_shifts[4][2]:0->1,0
BRDA:70,0,feature_shifts[4][2]:1->0,0
BRDA:70,0,feature_shifts[4][3]:0->1,2
BRDA:70,0,feature_shifts[4][3]:1->0,0
BRDA:70,0,feature_shifts[4][4]:0->1,0
BRDA:70,0,feature_shifts[4][4]:1->0,0
BRDA:70,0,feature_shifts[4][5]:0->1,0
BRDA:70,0,feature_shifts[4][5]:1->0,0
BRDA:70,0,feature_shifts[4][6]:0->1,0
BRDA:70,0,feature_shifts[4][6]:1->0,0
BRDA:70,0,feature_shifts[4][7]:0->1,0
BRDA:70,0,feature_shifts[4][7]:1->0,0
BRDA:70,0,feature_shifts[5][0]:0->1,0
BRDA:70,0,feature_shifts[5][0]:1->0,0
BRDA:70,0,feature_shifts[5][1]:0->1,0
BRDA:70,0,feature_shifts[5][1]:1->0,0
BRDA:70,0,feature_shifts[5][2]:0->1,0
BRDA:70,0,feature_shifts[5][2]:1->0,0
BRDA:70,0,feature_shifts[5][3]:0->1,2
BRDA:70,0,feature_shifts[5][3]:1->0,0
BRDA:70,0,feature_shifts[5][4]:0->1,0
BRDA:70,0,feature_shifts[5][4]:1->0,0
BRDA:70,0,feature_shifts[5][5]:0->1,0
BRDA:70,0,feature_shifts[5][5]:1->0,0
BRDA:70,0,feature_shifts[5][6]:0->1,0
BRDA:70,0,feature_shifts[5][6]:1->0,0
BRDA:70,0,feature_shifts[5][7]:0->1,0
BRDA:70,0,feature_shifts[5][7]:1->0,0
BRDA:70,0,feature_shifts[6][0]:0->1,0
BRDA:70,0,feature_shifts[6][0]:1->0,0
BRDA:70,0,feature_shifts[6][1]:0->1,2
BRDA:70,0,feature_shifts[6][1]:1->0,0
BRDA:70,0,feature_shifts[6][2]:0->1,2
BRDA:70,0,feature_shifts[6][2]:1->0,0
BRDA:70,0,feature_shifts[6][3]:0->1,0
BRDA:70,0,feature_shifts[6][3]:1->0,0
BRDA:70,0,feature_shifts[6][4]:0->1,0
BRDA:70,0,feature_shifts[6][4]:1->0,0
BRDA:70,0,feature_shifts[6][5]:0->1,0
BRDA:70,0,feature_shifts[6][5]:1->0,0
BRDA:70,0,feature_shifts[6][6]:0->1,0
BRDA:70,0,feature_shifts[6][6]:1->0,0
BRDA:70,0,feature_shifts[6][7]:0->1,0
BRDA:70,0,feature_shifts[6][7]:1->0,0
BRDA:70,0,feature_shifts[7][0]:0->1,0
BRDA:70,0,feature_shifts[7][0]:1->0,0
BRDA:70,0,feature_shifts[7][1]:0->1,2
BRDA:70,0,feature_shifts[7][1]:1->0,0
BRDA:70,0,feature_shifts[7][2]:0->1,2
BRDA:70,0,feature_shifts[7][2]:1->0,0
BRDA:70,0,feature_shifts[7][3]:0->1,0
BRDA:70,0,feature_shifts[7][3]:1->0,0
BRDA:70,0,feature_shifts[7][4]:0->1,0
BRDA:70,0,feature_shifts[7][4]:1->0,0
BRDA:70,0,feature_shifts[7][5]:0->1,0
BRDA:70,0,feature_shifts[7][5]:1->0,0
BRDA:70,0,feature_shifts[7][6]:0->1,0
BRDA:70,0,feature_shifts[7][6]:1->0,0
BRDA:70,0,feature_shifts[7][7]:0->1,0
BRDA:70,0,feature_shifts[7][7]:1->0,0
BRDA:70,0,feature_shifts[8][0]:0->1,0
BRDA:70,0,feature_shifts[8][0]:1->0,0
BRDA:70,0,feature_shifts[8][1]:0->1,2
BRDA:70,0,feature_shifts[8][1]:1->0,0
BRDA:70,0,feature_shifts[8][2]:0->1,2
BRDA:70,0,feature_shifts[8][2]:1->0,0
BRDA:70,0,feature_shifts[8][3]:0->1,0
BRDA:70,0,feature_shifts[8][3]:1->0,0
BRDA:70,0,feature_shifts[8][4]:0->1,0
BRDA:70,0,feature_shifts[8][4]:1->0,0
BRDA:70,0,feature_shifts[8][5]:0->1,0
BRDA:70,0,feature_shifts[8][5]:1->0,0
BRDA:70,0,feature_shifts[8][6]:0->1,0
BRDA:70,0,feature_shifts[8][6]:1->0,0
BRDA:70,0,feature_shifts[8][7]:0->1,0
BRDA:70,0,feature_shifts[8][7]:1->0,0
BRDA:70,0,feature_shifts[9][0]:0->1,2
BRDA:70,0,feature_shifts[9][0]:1->0,0
BRDA:70,0,feature_shifts[9][1]:0->1,2
BRDA:70,0,feature_shifts[9][1]:1->0,0
BRDA:70,0,feature_shifts[9][2]:0->1,0
BRDA:70,0,feature_shifts[9][2]:1->0,0
BRDA:70,0,feature_shifts[9][3]:0->1,0
BRDA:70,0,feature_shifts[9][3]:1->0,0
BRDA:70,0,feature_shifts[9][4]:0->1,0
BRDA:70,0,feature_shifts[9][4]:1->0,0
BRDA:70,0,feature_shifts[9][5]:0->1,0
BRDA:70,0,feature_shifts[9][5]:1->0,0
BRDA:70,0,feature_shifts[9][6]:0->1,0
BRDA:70,0,feature_shifts[9][6]:1->0,0
BRDA:70,0,feature_shifts[9][7]:0->1,0
BRDA:70,0,feature_shifts[9][7]:1->0,0
DA:72,2
BRDA:72,0,bias2[0][0]:0->1,2
BRDA:72,0,bias2[0][0]:1->0,0
BRDA:72,0,bias2[0][10]:0->1,2
BRDA:72,0,bias2[0][10]:1->0,0
BRDA:72,0,bias2[0][11]:0->1,2
BRDA:72,0,bias2[0][11]:1->0,0
BRDA:72,0,bias2[0][12]:0->1,2
BRDA:72,0,bias2[0][12]:1->0,0
BRDA:72,0,bias2[0][13]:0->1,2
BRDA:72,0,bias2[0][13]:1->0,0
BRDA:72,0,bias2[0][14]:0->1,2
BRDA:72,0,bias2[0][14]:1->0,0
BRDA:72,0,bias2[0][15]:0->1,2
BRDA:72,0,bias2[0][15]:1->0,0
BRDA:72,0,bias2[0][16]:0->1,2
BRDA:72,0,bias2[0][16]:1->0,0
BRDA:72,0,bias2[0][17]:0->1,2
BRDA:72,0,bias2[0][17]:1->0,0
BRDA:72,0,bias2[0][18]:0->1,2
BRDA:72,0,bias2[0][18]:1->0,0
BRDA:72,0,bias2[0][19]:0->1,2
BRDA:72,0,bias2[0][19]:1->0,0
BRDA:72,0,bias2[0][1]:0->1,2
BRDA:72,0,bias2[0][1]:1->0,0
BRDA:72,0,bias2[0][20]:0->1,2
BRDA:72,0,bias2[0][20]:1->0,0
BRDA:72,0,bias2[0][21]:0->1,2
BRDA:72,0,bias2[0][21]:1->0,0
BRDA:72,0,bias2[0][22]:0->1,2
BRDA:72,0,bias2[0][22]:1->0,0
BRDA:72,0,bias2[0][23]:0->1,2
BRDA:72,0,bias2[0][23]:1->0,0
BRDA:72,0,bias2[0][24]:0->1,2
BRDA:72,0,bias2[0][24]:1->0,0
BRDA:72,0,bias2[0][25]:0->1,2
BRDA:72,0,bias2[0][25]:1->0,0
BRDA:72,0,bias2[0][26]:0->1,2
BRDA:72,0,bias2[0][26]:1->0,0
BRDA:72,0,bias2[0][27]:0->1,2
BRDA:72,0,bias2[0][27]:1->0,0
BRDA:72,0,bias2[0][28]:0->1,2
BRDA:72,0,bias2[0][28]:1->0,0
BRDA:72,0,bias2[0][29]:0->1,2
BRDA:72,0,bias2[0][29]:1->0,0
BRDA:72,0,bias2[0][2]:0->1,0
BRDA:72,0,bias2[0][2]:1->0,0
BRDA:72,0,bias2[0][30]:0->1,2
BRDA:72,0,bias2[0][30]:1->0,0
BRDA:72,0,bias2[0][31]:0->1,2
BRDA:72,0,bias2[0][31]:1->0,0
BRDA:72,0,bias2[0][3]:0->1,2
BRDA:72,0,bias2[0][3]:1->0,0
BRDA:72,0,bias2[0][4]:0->1,2
BRDA:72,0,bias2[0][4]:1->0,0
BRDA:72,0,bias2[0][5]:0->1,2
BRDA:72,0,bias2[0][5]:1->0,0
BRDA:72,0,bias2[0][6]:0->1,2
BRDA:72,0,bias2[0][6]:1->0,0
BRDA:72,0,bias2[0][7]:0->1,2
BRDA:72,0,bias2[0][7]:1->0,0
BRDA:72,0,bias2[0][8]:0->1,2
BRDA:72,0,bias2[0][8]:1->0,0
BRDA:72,0,bias2[0][9]:0->1,2
BRDA:72,0,bias2[0][9]:1->0,0
BRDA:72,0,bias2[1][0]:0->1,0
BRDA:72,0,bias2[1][0]:1->0,0
BRDA:72,0,bias2[1][10]:0->1,2
BRDA:72,0,bias2[1][10]:1->0,0
BRDA:72,0,bias2[1][11]:0->1,2
BRDA:72,0,bias2[1][11]:1->0,0
BRDA:72,0,bias2[1][12]:0->1,2
BRDA:72,0,bias2[1][12]:1->0,0
BRDA:72,0,bias2[1][13]:0->1,2
BRDA:72,0,bias2[1][13]:1->0,0
BRDA:72,0,bias2[1][14]:0->1,2
BRDA:72,0,bias2[1][14]:1->0,0
BRDA:72,0,bias2[1][15]:0->1,2
BRDA:72,0,bias2[1][15]:1->0,0
BRDA:72,0,bias2[1][16]:0->1,2
BRDA:72,0,bias2[1][16]:1->0,0
BRDA:72,0,bias2[1][17]:0->1,2
BRDA:72,0,bias2[1][17]:1->0,0
BRDA:72,0,bias2[1][18]:0->1,2
BRDA:72,0,bias2[1][18]:1->0,0
BRDA:72,0,bias2[1][19]:0->1,2
BRDA:72,0,bias2[1][19]:1->0,0
BRDA:72,0,bias2[1][1]:0->1,2
BRDA:72,0,bias2[1][1]:1->0,0
BRDA:72,0,bias2[1][20]:0->1,2
BRDA:72,0,bias2[1][20]:1->0,0
BRDA:72,0,bias2[1][21]:0->1,2
BRDA:72,0,bias2[1][21]:1->0,0
BRDA:72,0,bias2[1][22]:0->1,2
BRDA:72,0,bias2[1][22]:1->0,0
BRDA:72,0,bias2[1][23]:0->1,2
BRDA:72,0,bias2[1][23]:1->0,0
BRDA:72,0,bias2[1][24]:0->1,2
BRDA:72,0,bias2[1][24]:1->0,0
BRDA:72,0,bias2[1][25]:0->1,2
BRDA:72,0,bias2[1][25]:1->0,0
BRDA:72,0,bias2[1][26]:0->1,2
BRDA:72,0,bias2[1][26]:1->0,0
BRDA:72,0,bias2[1][27]:0->1,2
BRDA:72,0,bias2[1][27]:1->0,0
BRDA:72,0,bias2[1][28]:0->1,2
BRDA:72,0,bias2[1][28]:1->0,0
BRDA:72,0,bias2[1][29]:0->1,2
BRDA:72,0,bias2[1][29]:1->0,0
BRDA:72,0,bias2[1][2]:0->1,2
BRDA:72,0,bias2[1][2]:1->0,0
BRDA:72,0,bias2[1][30]:0->1,2
BRDA:72,0,bias2[1][30]:1->0,0
BRDA:72,0,bias2[1][31]:0->1,2
BRDA:72,0,bias2[1][31]:1->0,0
BRDA:72,0,bias2[1][3]:0->1,0
BRDA:72,0,bias2[1][3]:1->0,0
BRDA:72,0,bias2[1][4]:0->1,2
BRDA:72,0,bias2[1][4]:1->0,0
BRDA:72,0,bias2[1][5]:0->1,0
BRDA:72,0,bias2[1][5]:1->0,0
BRDA:72,0,bias2[1][6]:0->1,2
BRDA:72,0,bias2[1][6]:1->0,0
BRDA:72,0,bias2[1][7]:0->1,0
BRDA:72,0,bias2[1][7]:1->0,0
BRDA:72,0,bias2[1][8]:0->1,2
BRDA:72,0,bias2[1][8]:1->0,0
BRDA:72,0,bias2[1][9]:0->1,2
BRDA:72,0,bias2[1][9]:1->0,0
BRDA:72,0,bias2[2][0]:0->1,0
BRDA:72,0,bias2[2][0]:1->0,0
BRDA:72,0,bias2[2][10]:0->1,0
BRDA:72,0,bias2[2][10]:1->0,0
BRDA:72,0,bias2[2][11]:0->1,0
BRDA:72,0,bias2[2][11]:1->0,0
BRDA:72,0,bias2[2][12]:0->1,0
BRDA:72,0,bias2[2][12]:1->0,0
BRDA:72,0,bias2[2][13]:0->1,0
BRDA:72,0,bias2[2][13]:1->0,0
BRDA:72,0,bias2[2][14]:0->1,0
BRDA:72,0,bias2[2][14]:1->0,0
BRDA:72,0,bias2[2][15]:0->1,0
BRDA:72,0,bias2[2][15]:1->0,0
BRDA:72,0,bias2[2][16]:0->1,0
BRDA:72,0,bias2[2][16]:1->0,0
BRDA:72,0,bias2[2][17]:0->1,0
BRDA:72,0,bias2[2][17]:1->0,0
BRDA:72,0,bias2[2][18]:0->1,0
BRDA:72,0,bias2[2][18]:1->0,0
BRDA:72,0,bias2[2][19]:0->1,0
BRDA:72,0,bias2[2][19]:1->0,0
BRDA:72,0,bias2[2][1]:0->1,0
BRDA:72,0,bias2[2][1]:1->0,0
BRDA:72,0,bias2[2][20]:0->1,0
BRDA:72,0,bias2[2][20]:1->0,0
BRDA:72,0,bias2[2][21]:0->1,0
BRDA:72,0,bias2[2][21]:1->0,0
BRDA:72,0,bias2[2][22]:0->1,0
BRDA:72,0,bias2[2][22]:1->0,0
BRDA:72,0,bias2[2][23]:0->1,0
BRDA:72,0,bias2[2][23]:1->0,0
BRDA:72,0,bias2[2][24]:0->1,0
BRDA:72,0,bias2[2][24]:1->0,0
BRDA:72,0,bias2[2][25]:0->1,0
BRDA:72,0,bias2[2][25]:1->0,0
BRDA:72,0,bias2[2][26]:0->1,0
BRDA:72,0,bias2[2][26]:1->0,0
BRDA:72,0,bias2[2][27]:0->1,0
BRDA:72,0,bias2[2][27]:1->0,0
BRDA:72,0,bias2[2][28]:0->1,0
BRDA:72,0,bias2[2][28]:1->0,0
BRDA:72,0,bias2[2][29]:0->1,0
BRDA:72,0,bias2[2][29]:1->0,0
BRDA:72,0,bias2[2][2]:0->1,2
BRDA:72,0,bias2[2][2]:1->0,0
BRDA:72,0,bias2[2][30]:0->1,0
BRDA:72,0,bias2[2][30]:1->0,0
BRDA:72,0,bias2[2][31]:0->1,0
BRDA:72,0,bias2[2][31]:1->0,0
BRDA:72,0,bias2[2][3]:0->1,0
BRDA:72,0,bias2[2][3]:1->0,0
BRDA:72,0,bias2[2][4]:0->1,2
BRDA:72,0,bias2[2][4]:1->0,0
BRDA:72,0,bias2[2][5]:0->1,2
BRDA:72,0,bias2[2][5]:1->0,0
BRDA:72,0,bias2[2][6]:0->1,2
BRDA:72,0,bias2[2][6]:1->0,0
BRDA:72,0,bias2[2][7]:0->1,2
BRDA:72,0,bias2[2][7]:1->0,0
BRDA:72,0,bias2[2][8]:0->1,0
BRDA:72,0,bias2[2][8]:1->0,0
BRDA:72,0,bias2[2][9]:0->1,0
BRDA:72,0,bias2[2][9]:1->0,0
DA:73,2
DA:74,2
DA:75,2
DA:76,2
DA:80,2
DA:84,40
BRDA:84,0,full[0]:0->1,40
BRDA:84,0,full[0]:1->0,40
BRDA:84,0,full[1]:0->1,30
BRDA:84,0,full[1]:1->0,30
BRDA:84,0,busy[0]:0->1,40
BRDA:84,0,busy[0]:1->0,40
BRDA:84,0,busy[1]:0->1,30
BRDA:84,0,busy[1]:1->0,30
DA:85,40
BRDA:85,0,read_bank:0->1,40
BRDA:85,0,read_bank:1->0,38
BRDA:85,0,active_bank:0->1,30
BRDA:85,0,active_bank:1->0,30
BRDA:85,0,write_bank:0->1,40
BRDA:85,0,write_bank:1->0,38
DA:86,74
BRDA:86,0,draining:0->1,2
BRDA:86,0,draining:1->0,2
BRDA:86,0,receiving:0->1,74
BRDA:86,0,receiving:1->0,74
DA:87,36844
BRDA:87,0,input_index[0]:0->1,36844
BRDA:87,0,input_index[0]:1->0,36842
BRDA:87,0,input_index[1]:0->1,18446
BRDA:87,0,input_index[1]:1->0,18444
BRDA:87,0,input_index[2]:0->1,9224
BRDA:87,0,input_index[2]:1->0,9222
BRDA:87,0,input_index[3]:0->1,4610
BRDA:87,0,input_index[3]:1->0,4608
BRDA:87,0,input_index[4]:0->1,2306
BRDA:87,0,input_index[4]:1->0,2304
BRDA:87,0,input_index[5]:0->1,1152
BRDA:87,0,input_index[5]:1->0,1150
BRDA:87,0,input_index[6]:0->1,576
BRDA:87,0,input_index[6]:1->0,574
BRDA:87,0,input_index[7]:0->1,288
BRDA:87,0,input_index[7]:1->0,286
BRDA:87,0,input_index[8]:0->1,144
BRDA:87,0,input_index[8]:1->0,142
BRDA:87,0,input_index[9]:0->1,72
BRDA:87,0,input_index[9]:1->0,70
DA:88,38
BRDA:88,0,receiving_id[0]:0->1,38
BRDA:88,0,receiving_id[0]:1->0,36
BRDA:88,0,receiving_id[10]:0->1,0
BRDA:88,0,receiving_id[10]:1->0,0
BRDA:88,0,receiving_id[11]:0->1,0
BRDA:88,0,receiving_id[11]:1->0,0
BRDA:88,0,receiving_id[12]:0->1,0
BRDA:88,0,receiving_id[12]:1->0,0
BRDA:88,0,receiving_id[13]:0->1,0
BRDA:88,0,receiving_id[13]:1->0,0
BRDA:88,0,receiving_id[14]:0->1,0
BRDA:88,0,receiving_id[14]:1->0,0
BRDA:88,0,receiving_id[15]:0->1,0
BRDA:88,0,receiving_id[15]:1->0,0
BRDA:88,0,receiving_id[16]:0->1,0
BRDA:88,0,receiving_id[16]:1->0,0
BRDA:88,0,receiving_id[17]:0->1,0
BRDA:88,0,receiving_id[17]:1->0,0
BRDA:88,0,receiving_id[18]:0->1,0
BRDA:88,0,receiving_id[18]:1->0,0
BRDA:88,0,receiving_id[19]:0->1,0
BRDA:88,0,receiving_id[19]:1->0,0
BRDA:88,0,receiving_id[1]:0->1,25
BRDA:88,0,receiving_id[1]:1->0,23
BRDA:88,0,receiving_id[20]:0->1,0
BRDA:88,0,receiving_id[20]:1->0,0
BRDA:88,0,receiving_id[21]:0->1,0
BRDA:88,0,receiving_id[21]:1->0,0
BRDA:88,0,receiving_id[22]:0->1,0
BRDA:88,0,receiving_id[22]:1->0,0
BRDA:88,0,receiving_id[23]:0->1,0
BRDA:88,0,receiving_id[23]:1->0,0
BRDA:88,0,receiving_id[24]:0->1,0
BRDA:88,0,receiving_id[24]:1->0,0
BRDA:88,0,receiving_id[25]:0->1,0
BRDA:88,0,receiving_id[25]:1->0,0
BRDA:88,0,receiving_id[26]:0->1,0
BRDA:88,0,receiving_id[26]:1->0,0
BRDA:88,0,receiving_id[27]:0->1,0
BRDA:88,0,receiving_id[27]:1->0,0
BRDA:88,0,receiving_id[28]:0->1,0
BRDA:88,0,receiving_id[28]:1->0,0
BRDA:88,0,receiving_id[29]:0->1,0
BRDA:88,0,receiving_id[29]:1->0,0
BRDA:88,0,receiving_id[2]:0->1,23
BRDA:88,0,receiving_id[2]:1->0,21
BRDA:88,0,receiving_id[30]:0->1,0
BRDA:88,0,receiving_id[30]:1->0,0
BRDA:88,0,receiving_id[31]:0->1,0
BRDA:88,0,receiving_id[31]:1->0,0
BRDA:88,0,receiving_id[3]:0->1,18
BRDA:88,0,receiving_id[3]:1->0,18
BRDA:88,0,receiving_id[4]:0->1,10
BRDA:88,0,receiving_id[4]:1->0,8
BRDA:88,0,receiving_id[5]:0->1,22
BRDA:88,0,receiving_id[5]:1->0,20
BRDA:88,0,receiving_id[6]:0->1,10
BRDA:88,0,receiving_id[6]:1->0,10
BRDA:88,0,receiving_id[7]:0->1,2
BRDA:88,0,receiving_id[7]:1->0,2
BRDA:88,0,receiving_id[8]:0->1,14
BRDA:88,0,receiving_id[8]:1->0,12
BRDA:88,0,receiving_id[9]:0->1,0
BRDA:88,0,receiving_id[9]:1->0,0
BRDA:88,0,frame_ids[0][0]:0->1,4
BRDA:88,0,frame_ids[0][0]:1->0,2
BRDA:88,0,frame_ids[0][10]:0->1,0
BRDA:88,0,frame_ids[0][10]:1->0,0
BRDA:88,0,frame_ids[0][11]:0->1,0
BRDA:88,0,frame_ids[0][11]:1->0,0
BRDA:88,0,frame_ids[0][12]:0->1,0
BRDA:88,0,frame_ids[0][12]:1->0,0
BRDA:88,0,frame_ids[0][13]:0->1,0
BRDA:88,0,frame_ids[0][13]:1->0,0
BRDA:88,0,frame_ids[0][14]:0->1,0
BRDA:88,0,frame_ids[0][14]:1->0,0
BRDA:88,0,frame_ids[0][15]:0->1,0
BRDA:88,0,frame_ids[0][15]:1->0,0
BRDA:88,0,frame_ids[0][16]:0->1,0
BRDA:88,0,frame_ids[0][16]:1->0,0
BRDA:88,0,frame_ids[0][17]:0->1,0
BRDA:88,0,frame_ids[0][17]:1->0,0
BRDA:88,0,frame_ids[0][18]:0->1,0
BRDA:88,0,frame_ids[0][18]:1->0,0
BRDA:88,0,frame_ids[0][19]:0->1,0
BRDA:88,0,frame_ids[0][19]:1->0,0
BRDA:88,0,frame_ids[0][1]:0->1,17
BRDA:88,0,frame_ids[0][1]:1->0,15
BRDA:88,0,frame_ids[0][20]:0->1,0
BRDA:88,0,frame_ids[0][20]:1->0,0
BRDA:88,0,frame_ids[0][21]:0->1,0
BRDA:88,0,frame_ids[0][21]:1->0,0
BRDA:88,0,frame_ids[0][22]:0->1,0
BRDA:88,0,frame_ids[0][22]:1->0,0
BRDA:88,0,frame_ids[0][23]:0->1,0
BRDA:88,0,frame_ids[0][23]:1->0,0
BRDA:88,0,frame_ids[0][24]:0->1,0
BRDA:88,0,frame_ids[0][24]:1->0,0
BRDA:88,0,frame_ids[0][25]:0->1,0
BRDA:88,0,frame_ids[0][25]:1->0,0
BRDA:88,0,frame_ids[0][26]:0->1,0
BRDA:88,0,frame_ids[0][26]:1->0,0
BRDA:88,0,frame_ids[0][27]:0->1,0
BRDA:88,0,frame_ids[0][27]:1->0,0
BRDA:88,0,frame_ids[0][28]:0->1,0
BRDA:88,0,frame_ids[0][28]:1->0,0
BRDA:88,0,frame_ids[0][29]:0->1,0
BRDA:88,0,frame_ids[0][29]:1->0,0
BRDA:88,0,frame_ids[0][2]:0->1,10
BRDA:88,0,frame_ids[0][2]:1->0,8
BRDA:88,0,frame_ids[0][30]:0->1,0
BRDA:88,0,frame_ids[0][30]:1->0,0
BRDA:88,0,frame_ids[0][31]:0->1,0
BRDA:88,0,frame_ids[0][31]:1->0,0
BRDA:88,0,frame_ids[0][3]:0->1,4
BRDA:88,0,frame_ids[0][3]:1->0,4
BRDA:88,0,frame_ids[0][4]:0->1,2
BRDA:88,0,frame_ids[0][4]:1->0,0
BRDA:88,0,frame_ids[0][5]:0->1,4
BRDA:88,0,frame_ids[0][5]:1->0,2
BRDA:88,0,frame_ids[0][6]:0->1,2
BRDA:88,0,frame_ids[0][6]:1->0,2
BRDA:88,0,frame_ids[0][7]:0->1,2
BRDA:88,0,frame_ids[0][7]:1->0,2
BRDA:88,0,frame_ids[0][8]:0->1,2
BRDA:88,0,frame_ids[0][8]:1->0,0
BRDA:88,0,frame_ids[0][9]:0->1,0
BRDA:88,0,frame_ids[0][9]:1->0,0
BRDA:88,0,frame_ids[1][0]:0->1,4
BRDA:88,0,frame_ids[1][0]:1->0,4
BRDA:88,0,frame_ids[1][10]:0->1,0
BRDA:88,0,frame_ids[1][10]:1->0,0
BRDA:88,0,frame_ids[1][11]:0->1,0
BRDA:88,0,frame_ids[1][11]:1->0,0
BRDA:88,0,frame_ids[1][12]:0->1,0
BRDA:88,0,frame_ids[1][12]:1->0,0
BRDA:88,0,frame_ids[1][13]:0->1,0
BRDA:88,0,frame_ids[1][13]:1->0,0
BRDA:88,0,frame_ids[1][14]:0->1,0
BRDA:88,0,frame_ids[1][14]:1->0,0
BRDA:88,0,frame_ids[1][15]:0->1,0
BRDA:88,0,frame_ids[1][15]:1->0,0
BRDA:88,0,frame_ids[1][16]:0->1,0
BRDA:88,0,frame_ids[1][16]:1->0,0
BRDA:88,0,frame_ids[1][17]:0->1,0
BRDA:88,0,frame_ids[1][17]:1->0,0
BRDA:88,0,frame_ids[1][18]:0->1,0
BRDA:88,0,frame_ids[1][18]:1->0,0
BRDA:88,0,frame_ids[1][19]:0->1,0
BRDA:88,0,frame_ids[1][19]:1->0,0
BRDA:88,0,frame_ids[1][1]:0->1,13
BRDA:88,0,frame_ids[1][1]:1->0,11
BRDA:88,0,frame_ids[1][20]:0->1,0
BRDA:88,0,frame_ids[1][20]:1->0,0
BRDA:88,0,frame_ids[1][21]:0->1,0
BRDA:88,0,frame_ids[1][21]:1->0,0
BRDA:88,0,frame_ids[1][22]:0->1,0
BRDA:88,0,frame_ids[1][22]:1->0,0
BRDA:88,0,frame_ids[1][23]:0->1,0
BRDA:88,0,frame_ids[1][23]:1->0,0
BRDA:88,0,frame_ids[1][24]:0->1,0
BRDA:88,0,frame_ids[1][24]:1->0,0
BRDA:88,0,frame_ids[1][25]:0->1,0
BRDA:88,0,frame_ids[1][25]:1->0,0
BRDA:88,0,frame_ids[1][26]:0->1,0
BRDA:88,0,frame_ids[1][26]:1->0,0
BRDA:88,0,frame_ids[1][27]:0->1,0
BRDA:88,0,frame_ids[1][27]:1->0,0
BRDA:88,0,frame_ids[1][28]:0->1,0
BRDA:88,0,frame_ids[1][28]:1->0,0
BRDA:88,0,frame_ids[1][29]:0->1,0
BRDA:88,0,frame_ids[1][29]:1->0,0
BRDA:88,0,frame_ids[1][2]:0->1,9
BRDA:88,0,frame_ids[1][2]:1->0,7
BRDA:88,0,frame_ids[1][30]:0->1,0
BRDA:88,0,frame_ids[1][30]:1->0,0
BRDA:88,0,frame_ids[1][31]:0->1,0
BRDA:88,0,frame_ids[1][31]:1->0,0
BRDA:88,0,frame_ids[1][3]:0->1,2
BRDA:88,0,frame_ids[1][3]:1->0,2
BRDA:88,0,frame_ids[1][4]:0->1,2
BRDA:88,0,frame_ids[1][4]:1->0,0
BRDA:88,0,frame_ids[1][5]:0->1,4
BRDA:88,0,frame_ids[1][5]:1->0,2
BRDA:88,0,frame_ids[1][6]:0->1,2
BRDA:88,0,frame_ids[1][6]:1->0,2
BRDA:88,0,frame_ids[1][7]:0->1,2
BRDA:88,0,frame_ids[1][7]:1->0,2
BRDA:88,0,frame_ids[1][8]:0->1,2
BRDA:88,0,frame_ids[1][8]:1->0,0
BRDA:88,0,frame_ids[1][9]:0->1,0
BRDA:88,0,frame_ids[1][9]:1->0,0
DA:89,18005
BRDA:89,0,input_sum[0]:0->1,18005
BRDA:89,0,input_sum[0]:1->0,18005
BRDA:89,0,input_sum[10]:0->1,15723
BRDA:89,0,input_sum[10]:1->0,15723
BRDA:89,0,input_sum[11]:0->1,16778
BRDA:89,0,input_sum[11]:1->0,16777
BRDA:89,0,input_sum[12]:0->1,15080
BRDA:89,0,input_sum[12]:1->0,15080
BRDA:89,0,input_sum[13]:0->1,14303
BRDA:89,0,input_sum[13]:1->0,14302
BRDA:89,0,input_sum[14]:0->1,15759
BRDA:89,0,input_sum[14]:1->0,15759
BRDA:89,0,input_sum[15]:0->1,11614
BRDA:89,0,input_sum[15]:1->0,11614
BRDA:89,0,input_sum[16]:0->1,8927
BRDA:89,0,input_sum[16]:1->0,8927
BRDA:89,0,input_sum[17]:0->1,8075
BRDA:89,0,input_sum[17]:1->0,8075
BRDA:89,0,input_sum[18]:0->1,7641
BRDA:89,0,input_sum[18]:1->0,7641
BRDA:89,0,input_sum[19]:0->1,7396
BRDA:89,0,input_sum[19]:1->0,7396
BRDA:89,0,input_sum[1]:0->1,15985
BRDA:89,0,input_sum[1]:1->0,15984
BRDA:89,0,input_sum[20]:0->1,7373
BRDA:89,0,input_sum[20]:1->0,7373
BRDA:89,0,input_sum[21]:0->1,7365
BRDA:89,0,input_sum[21]:1->0,7365
BRDA:89,0,input_sum[22]:0->1,7360
BRDA:89,0,input_sum[22]:1->0,7360
BRDA:89,0,input_sum[23]:0->1,7358
BRDA:89,0,input_sum[23]:1->0,7358
BRDA:89,0,input_sum[24]:0->1,7358
BRDA:89,0,input_sum[24]:1->0,7358
BRDA:89,0,input_sum[25]:0->1,7358
BRDA:89,0,input_sum[25]:1->0,7358
BRDA:89,0,input_sum[2]:0->1,15096
BRDA:89,0,input_sum[2]:1->0,15095
BRDA:89,0,input_sum[3]:0->1,14448
BRDA:89,0,input_sum[3]:1->0,14447
BRDA:89,0,input_sum[4]:0->1,14571
BRDA:89,0,input_sum[4]:1->0,14570
BRDA:89,0,input_sum[5]:0->1,14255
BRDA:89,0,input_sum[5]:1->0,14255
BRDA:89,0,input_sum[6]:0->1,14184
BRDA:89,0,input_sum[6]:1->0,14183
BRDA:89,0,input_sum[7]:0->1,14392
BRDA:89,0,input_sum[7]:1->0,14391
BRDA:89,0,input_sum[8]:0->1,14077
BRDA:89,0,input_sum[8]:1->0,14076
BRDA:89,0,input_sum[9]:0->1,17767
BRDA:89,0,input_sum[9]:1->0,17766
BRDA:89,0,frame_sums[0][0]:0->1,7
BRDA:89,0,frame_sums[0][0]:1->0,7
BRDA:89,0,frame_sums[0][10]:0->1,4
BRDA:89,0,frame_sums[0][10]:1->0,4
BRDA:89,0,frame_sums[0][11]:0->1,7
BRDA:89,0,frame_sums[0][11]:1->0,6
BRDA:89,0,frame_sums[0][12]:0->1,6
BRDA:89,0,frame_sums[0][12]:1->0,6
BRDA:89,0,frame_sums[0][13]:0->1,6
BRDA:89,0,frame_sums[0][13]:1->0,5
BRDA:89,0,frame_sums[0][14]:0->1,5
BRDA:89,0,frame_sums[0][14]:1->0,5
BRDA:89,0,frame_sums[0][15]:0->1,5
BRDA:89,0,frame_sums[0][15]:1->0,5
BRDA:89,0,frame_sums[0][16]:0->1,2
BRDA:89,0,frame_sums[0][16]:1->0,2
BRDA:89,0,frame_sums[0][17]:0->1,5
BRDA:89,0,frame_sums[0][17]:1->0,5
BRDA:89,0,frame_sums[0][18]:0->1,5
BRDA:89,0,frame_sums[0][18]:1->0,5
BRDA:89,0,frame_sums[0][19]:0->1,1
BRDA:89,0,frame_sums[0][19]:1->0,1
BRDA:89,0,frame_sums[0][1]:0->1,5
BRDA:89,0,frame_sums[0][1]:1->0,4
BRDA:89,0,frame_sums[0][20]:0->1,1
BRDA:89,0,frame_sums[0][20]:1->0,1
BRDA:89,0,frame_sums[0][21]:0->1,3
BRDA:89,0,frame_sums[0][21]:1->0,3
BRDA:89,0,frame_sums[0][22]:0->1,3
BRDA:89,0,frame_sums[0][22]:1->0,3
BRDA:89,0,frame_sums[0][23]:0->1,3
BRDA:89,0,frame_sums[0][23]:1->0,3
BRDA:89,0,frame_sums[0][24]:0->1,2
BRDA:89,0,frame_sums[0][24]:1->0,2
BRDA:89,0,frame_sums[0][25]:0->1,2
BRDA:89,0,frame_sums[0][25]:1->0,2
BRDA:89,0,frame_sums[0][2]:0->1,8
BRDA:89,0,frame_sums[0][2]:1->0,7
BRDA:89,0,frame_sums[0][3]:0->1,3
BRDA:89,0,frame_sums[0][3]:1->0,2
BRDA:89,0,frame_sums[0][4]:0->1,5
BRDA:89,0,frame_sums[0][4]:1->0,4
BRDA:89,0,frame_sums[0][5]:0->1,2
BRDA:89,0,frame_sums[0][5]:1->0,2
BRDA:89,0,frame_sums[0][6]:0->1,6
BRDA:89,0,frame_sums[0][6]:1->0,5
BRDA:89,0,frame_sums[0][7]:0->1,5
BRDA:89,0,frame_sums[0][7]:1->0,4
BRDA:89,0,frame_sums[0][8]:0->1,4
BRDA:89,0,frame_sums[0][8]:1->0,3
BRDA:89,0,frame_sums[0][9]:0->1,4
BRDA:89,0,frame_sums[0][9]:1->0,3
BRDA:89,0,frame_sums[1][0]:0->1,5
BRDA:89,0,frame_sums[1][0]:1->0,3
BRDA:89,0,frame_sums[1][10]:0->1,7
BRDA:89,0,frame_sums[1][10]:1->0,6
BRDA:89,0,frame_sums[1][11]:0->1,6
BRDA:89,0,frame_sums[1][11]:1->0,4
BRDA:89,0,frame_sums[1][12]:0->1,7
BRDA:89,0,frame_sums[1][12]:1->0,6
BRDA:89,0,frame_sums[1][13]:0->1,5
BRDA:89,0,frame_sums[1][13]:1->0,5
BRDA:89,0,frame_sums[1][14]:0->1,4
BRDA:89,0,frame_sums[1][14]:1->0,3
BRDA:89,0,frame_sums[1][15]:0->1,5
BRDA:89,0,frame_sums[1][15]:1->0,4
BRDA:89,0,frame_sums[1][16]:0->1,4
BRDA:89,0,frame_sums[1][16]:1->0,4
BRDA:89,0,frame_sums[1][17]:0->1,5
BRDA:89,0,frame_sums[1][17]:1->0,4
BRDA:89,0,frame_sums[1][18]:0->1,4
BRDA:89,0,frame_sums[1][18]:1->0,3
BRDA:89,0,frame_sums[1][19]:0->1,2
BRDA:89,0,frame_sums[1][19]:1->0,2
BRDA:89,0,frame_sums[1][1]:0->1,1
BRDA:89,0,frame_sums[1][1]:1->0,1
BRDA:89,0,frame_sums[1][20]:0->1,2
BRDA:89,0,frame_sums[1][20]:1->0,2
BRDA:89,0,frame_sums[1][21]:0->1,4
BRDA:89,0,frame_sums[1][21]:1->0,4
BRDA:89,0,frame_sums[1][22]:0->1,4
BRDA:89,0,frame_sums[1][22]:1->0,4
BRDA:89,0,frame_sums[1][23]:0->1,4
BRDA:89,0,frame_sums[1][23]:1->0,4
BRDA:89,0,frame_sums[1][24]:0->1,5
BRDA:89,0,frame_sums[1][24]:1->0,5
BRDA:89,0,frame_sums[1][25]:0->1,5
BRDA:89,0,frame_sums[1][25]:1->0,5
BRDA:89,0,frame_sums[1][2]:0->1,6
BRDA:89,0,frame_sums[1][2]:1->0,5
BRDA:89,0,frame_sums[1][3]:0->1,5
BRDA:89,0,frame_sums[1][3]:1->0,4
BRDA:89,0,frame_sums[1][4]:0->1,4
BRDA:89,0,frame_sums[1][4]:1->0,3
BRDA:89,0,frame_sums[1][5]:0->1,3
BRDA:89,0,frame_sums[1][5]:1->0,3
BRDA:89,0,frame_sums[1][6]:0->1,4
BRDA:89,0,frame_sums[1][6]:1->0,4
BRDA:89,0,frame_sums[1][7]:0->1,5
BRDA:89,0,frame_sums[1][7]:1->0,5
BRDA:89,0,frame_sums[1][8]:0->1,4
BRDA:89,0,frame_sums[1][8]:1->0,3
BRDA:89,0,frame_sums[1][9]:0->1,5
BRDA:89,0,frame_sums[1][9]:1->0,5
DA:90,92735848
BRDA:90,0,restart_input:0->1,80
BRDA:90,0,restart_input:1->0,78
BRDA:90,0,((in_frame_id != receiving_id)==1) => 1,32893065
BRDA:90,0,(receiving==0) => 1,92735848
BRDA:90,0,(receiving==1 && (in_frame_id != receiving_id)==0) => 0,518568
DA:91,15786
BRDA:91,0,extended_sample[0]:0->1,15728
BRDA:91,0,extended_sample[0]:1->0,15728
BRDA:91,0,extended_sample[10]:0->1,14974
BRDA:91,0,extended_sample[10]:1->0,14974
BRDA:91,0,extended_sample[11]:0->1,13069
BRDA:91,0,extended_sample[11]:1->0,13068
BRDA:91,0,extended_sample[12]:0->1,12859
BRDA:91,0,extended_sample[12]:1->0,12858
BRDA:91,0,extended_sample[13]:0->1,13466
BRDA:91,0,extended_sample[13]:1->0,13465
BRDA:91,0,extended_sample[14]:0->1,13504
BRDA:91,0,extended_sample[14]:1->0,13503
BRDA:91,0,extended_sample[15]:0->1,13350
BRDA:91,0,extended_sample[15]:1->0,13349
BRDA:91,0,extended_sample[16]:0->1,13350
BRDA:91,0,extended_sample[16]:1->0,13349
BRDA:91,0,extended_sample[17]:0->1,13350
BRDA:91,0,extended_sample[17]:1->0,13349
BRDA:91,0,extended_sample[18]:0->1,13350
BRDA:91,0,extended_sample[18]:1->0,13349
BRDA:91,0,extended_sample[19]:0->1,13350
BRDA:91,0,extended_sample[19]:1->0,13349
BRDA:91,0,extended_sample[1]:0->1,15303
BRDA:91,0,extended_sample[1]:1->0,15303
BRDA:91,0,extended_sample[20]:0->1,13350
BRDA:91,0,extended_sample[20]:1->0,13349
BRDA:91,0,extended_sample[21]:0->1,13350
BRDA:91,0,extended_sample[21]:1->0,13349
BRDA:91,0,extended_sample[22]:0->1,13350
BRDA:91,0,extended_sample[22]:1->0,13349
BRDA:91,0,extended_sample[23]:0->1,13350
BRDA:91,0,extended_sample[23]:1->0,13349
BRDA:91,0,extended_sample[24]:0->1,13350
BRDA:91,0,extended_sample[24]:1->0,13349
BRDA:91,0,extended_sample[25]:0->1,13350
BRDA:91,0,extended_sample[25]:1->0,13349
BRDA:91,0,extended_sample[2]:0->1,15142
BRDA:91,0,extended_sample[2]:1->0,15140
BRDA:91,0,extended_sample[3]:0->1,15295
BRDA:91,0,extended_sample[3]:1->0,15295
BRDA:91,0,extended_sample[4]:0->1,15192
BRDA:91,0,extended_sample[4]:1->0,15191
BRDA:91,0,extended_sample[5]:0->1,14881
BRDA:91,0,extended_sample[5]:1->0,14881
BRDA:91,0,extended_sample[6]:0->1,15399
BRDA:91,0,extended_sample[6]:1->0,15397
BRDA:91,0,extended_sample[7]:0->1,15395
BRDA:91,0,extended_sample[7]:1->0,15394
BRDA:91,0,extended_sample[8]:0->1,15786
BRDA:91,0,extended_sample[8]:1->0,15785
BRDA:91,0,extended_sample[9]:0->1,15081
BRDA:91,0,extended_sample[9]:1->0,15080
DA:92,54393073
BRDA:92,0,(receiving==0 && busy[write_bank+:1]==1) => 0,440254
BRDA:92,0,(receiving==0 && full[write_bank+:1]==1) => 0,38420543
BRDA:92,0,(rst==0 && full[write_bank+:1]==0 && busy[write_bank+:1]==0) => 1,54393073
BRDA:92,0,(rst==0 && receiving==1) => 1,518584
BRDA:92,0,(rst==1) => 0,568
DA:94,36
BRDA:94,0,active_id[0]:0->1,36
BRDA:94,0,active_id[0]:1->0,34
BRDA:94,0,active_id[10]:0->1,0
BRDA:94,0,active_id[10]:1->0,0
BRDA:94,0,active_id[11]:0->1,0
BRDA:94,0,active_id[11]:1->0,0
BRDA:94,0,active_id[12]:0->1,0
BRDA:94,0,active_id[12]:1->0,0
BRDA:94,0,active_id[13]:0->1,0
BRDA:94,0,active_id[13]:1->0,0
BRDA:94,0,active_id[14]:0->1,0
BRDA:94,0,active_id[14]:1->0,0
BRDA:94,0,active_id[15]:0->1,0
BRDA:94,0,active_id[15]:1->0,0
BRDA:94,0,active_id[16]:0->1,0
BRDA:94,0,active_id[16]:1->0,0
BRDA:94,0,active_id[17]:0->1,0
BRDA:94,0,active_id[17]:1->0,0
BRDA:94,0,active_id[18]:0->1,0
BRDA:94,0,active_id[18]:1->0,0
BRDA:94,0,active_id[19]:0->1,0
BRDA:94,0,active_id[19]:1->0,0
BRDA:94,0,active_id[1]:0->1,25
BRDA:94,0,active_id[1]:1->0,23
BRDA:94,0,active_id[20]:0->1,0
BRDA:94,0,active_id[20]:1->0,0
BRDA:94,0,active_id[21]:0->1,0
BRDA:94,0,active_id[21]:1->0,0
BRDA:94,0,active_id[22]:0->1,0
BRDA:94,0,active_id[22]:1->0,0
BRDA:94,0,active_id[23]:0->1,0
BRDA:94,0,active_id[23]:1->0,0
BRDA:94,0,active_id[24]:0->1,0
BRDA:94,0,active_id[24]:1->0,0
BRDA:94,0,active_id[25]:0->1,0
BRDA:94,0,active_id[25]:1->0,0
BRDA:94,0,active_id[26]:0->1,0
BRDA:94,0,active_id[26]:1->0,0
BRDA:94,0,active_id[27]:0->1,0
BRDA:94,0,active_id[27]:1->0,0
BRDA:94,0,active_id[28]:0->1,0
BRDA:94,0,active_id[28]:1->0,0
BRDA:94,0,active_id[29]:0->1,0
BRDA:94,0,active_id[29]:1->0,0
BRDA:94,0,active_id[2]:0->1,23
BRDA:94,0,active_id[2]:1->0,21
BRDA:94,0,active_id[30]:0->1,0
BRDA:94,0,active_id[30]:1->0,0
BRDA:94,0,active_id[31]:0->1,0
BRDA:94,0,active_id[31]:1->0,0
BRDA:94,0,active_id[3]:0->1,16
BRDA:94,0,active_id[3]:1->0,16
BRDA:94,0,active_id[4]:0->1,10
BRDA:94,0,active_id[4]:1->0,8
BRDA:94,0,active_id[5]:0->1,22
BRDA:94,0,active_id[5]:1->0,20
BRDA:94,0,active_id[6]:0->1,10
BRDA:94,0,active_id[6]:1->0,10
BRDA:94,0,active_id[7]:0->1,2
BRDA:94,0,active_id[7]:1->0,2
BRDA:94,0,active_id[8]:0->1,14
BRDA:94,0,active_id[8]:1->0,12
BRDA:94,0,active_id[9]:0->1,0
BRDA:94,0,active_id[9]:1->0,0
DA:95,3081226
BRDA:95,0,point[0]:0->1,3081226
BRDA:95,0,point[0]:1->0,3081224
BRDA:95,0,point[1]:0->1,1540612
BRDA:95,0,point[1]:1->0,1540610
BRDA:95,0,point[2]:0->1,770306
BRDA:95,0,point[2]:1->0,770304
BRDA:95,0,point[3]:0->1,385154
BRDA:95,0,point[3]:1->0,385152
BRDA:95,0,point[4]:0->1,192576
BRDA:95,0,point[4]:1->0,192574
BRDA:95,0,point[5]:0->1,96288
BRDA:95,0,point[5]:1->0,96286
BRDA:95,0,point[6]:0->1,48144
BRDA:95,0,point[6]:1->0,48142
BRDA:95,0,point[7]:0->1,24072
BRDA:95,0,point[7]:1->0,24070
BRDA:95,0,point[8]:0->1,12036
BRDA:95,0,point[8]:1->0,12034
BRDA:95,0,point[9]:0->1,6018
BRDA:95,0,point[9]:1->0,6016
DA:96,1223424
BRDA:96,0,mean[0]:0->1,24
BRDA:96,0,mean[0]:1->0,23
BRDA:96,0,mean[10]:0->1,1
BRDA:96,0,mean[10]:1->0,1
BRDA:96,0,mean[11]:0->1,7
BRDA:96,0,mean[11]:1->0,7
BRDA:96,0,mean[12]:0->1,7
BRDA:96,0,mean[12]:1->0,7
BRDA:96,0,mean[13]:0->1,7
BRDA:96,0,mean[13]:1->0,7
BRDA:96,0,mean[14]:0->1,7
BRDA:96,0,mean[14]:1->0,7
BRDA:96,0,mean[15]:0->1,7
BRDA:96,0,mean[15]:1->0,7
BRDA:96,0,mean[1]:0->1,29
BRDA:96,0,mean[1]:1->0,28
BRDA:96,0,mean[2]:0->1,18
BRDA:96,0,mean[2]:1->0,18
BRDA:96,0,mean[3]:0->1,16
BRDA:96,0,mean[3]:1->0,15
BRDA:96,0,mean[4]:0->1,19
BRDA:96,0,mean[4]:1->0,19
BRDA:96,0,mean[5]:0->1,16
BRDA:96,0,mean[5]:1->0,16
BRDA:96,0,mean[6]:0->1,6
BRDA:96,0,mean[6]:1->0,6
BRDA:96,0,mean[7]:0->1,16
BRDA:96,0,mean[7]:1->0,16
BRDA:96,0,mean[8]:0->1,16
BRDA:96,0,mean[8]:1->0,16
BRDA:96,0,mean[9]:0->1,1
BRDA:96,0,mean[9]:1->0,1
BRDA:96,0,raw_q[0]:0->1,14668
BRDA:96,0,raw_q[0]:1->0,14668
BRDA:96,0,raw_q[10]:0->1,13966
BRDA:96,0,raw_q[10]:1->0,13966
BRDA:96,0,raw_q[11]:0->1,12153
BRDA:96,0,raw_q[11]:1->0,12152
BRDA:96,0,raw_q[12]:0->1,11962
BRDA:96,0,raw_q[12]:1->0,11961
BRDA:96,0,raw_q[13]:0->1,12537
BRDA:96,0,raw_q[13]:1->0,12536
BRDA:96,0,raw_q[14]:0->1,12562
BRDA:96,0,raw_q[14]:1->0,12561
BRDA:96,0,raw_q[15]:0->1,12421
BRDA:96,0,raw_q[15]:1->0,12420
BRDA:96,0,raw_q[1]:0->1,14237
BRDA:96,0,raw_q[1]:1->0,14237
BRDA:96,0,raw_q[2]:0->1,14112
BRDA:96,0,raw_q[2]:1->0,14110
BRDA:96,0,raw_q[3]:0->1,14259
BRDA:96,0,raw_q[3]:1->0,14259
BRDA:96,0,raw_q[4]:0->1,14148
BRDA:96,0,raw_q[4]:1->0,14147
BRDA:96,0,raw_q[5]:0->1,13893
BRDA:96,0,raw_q[5]:1->0,13893
BRDA:96,0,raw_q[6]:0->1,14375
BRDA:96,0,raw_q[6]:1->0,14373
BRDA:96,0,raw_q[7]:0->1,14338
BRDA:96,0,raw_q[7]:1->0,14337
BRDA:96,0,raw_q[8]:0->1,14723
BRDA:96,0,raw_q[8]:1->0,14722
BRDA:96,0,raw_q[9]:0->1,14064
BRDA:96,0,raw_q[9]:1->0,14063
BRDA:96,0,sample_q[0]:0->1,1197504
BRDA:96,0,sample_q[0]:1->0,1197504
BRDA:96,0,sample_q[10]:0->1,1068768
BRDA:96,0,sample_q[10]:1->0,1068768
BRDA:96,0,sample_q[11]:0->1,1070208
BRDA:96,0,sample_q[11]:1->0,1070208
BRDA:96,0,sample_q[12]:0->1,1070208
BRDA:96,0,sample_q[12]:1->0,1070208
BRDA:96,0,sample_q[13]:0->1,1070208
BRDA:96,0,sample_q[13]:1->0,1070208
BRDA:96,0,sample_q[14]:0->1,1070208
BRDA:96,0,sample_q[14]:1->0,1070208
BRDA:96,0,sample_q[15]:0->1,1070208
BRDA:96,0,sample_q[15]:1->0,1070208
BRDA:96,0,sample_q[1]:0->1,1190208
BRDA:96,0,sample_q[1]:1->0,1190208
BRDA:96,0,sample_q[2]:0->1,1170240
BRDA:96,0,sample_q[2]:1->0,1170240
BRDA:96,0,sample_q[3]:0->1,1216800
BRDA:96,0,sample_q[3]:1->0,1216800
BRDA:96,0,sample_q[4]:0->1,1223424
BRDA:96,0,sample_q[4]:1->0,1223424
BRDA:96,0,sample_q[5]:0->1,1182624
BRDA:96,0,sample_q[5]:1->0,1182624
BRDA:96,0,sample_q[6]:0->1,1185024
BRDA:96,0,sample_q[6]:1->0,1185024
BRDA:96,0,sample_q[7]:0->1,1166688
BRDA:96,0,sample_q[7]:1->0,1166688
BRDA:96,0,sample_q[8]:0->1,1167840
BRDA:96,0,sample_q[8]:1->0,1167840
BRDA:96,0,sample_q[9]:0->1,1072608
BRDA:96,0,sample_q[9]:1->0,1072608
DA:97,20196
BRDA:97,0,hann_q[0]:0->1,15048
BRDA:97,0,hann_q[0]:1->0,15048
BRDA:97,0,hann_q[10]:0->1,1056
BRDA:97,0,hann_q[10]:1->0,1056
BRDA:97,0,hann_q[11]:0->1,528
BRDA:97,0,hann_q[11]:1->0,528
BRDA:97,0,hann_q[12]:0->1,264
BRDA:97,0,hann_q[12]:1->0,264
BRDA:97,0,hann_q[13]:0->1,132
BRDA:97,0,hann_q[13]:1->0,132
BRDA:97,0,hann_q[14]:0->1,66
BRDA:97,0,hann_q[14]:1->0,66
BRDA:97,0,hann_q[15]:0->1,0
BRDA:97,0,hann_q[15]:1->0,0
BRDA:97,0,hann_q[1]:0->1,18084
BRDA:97,0,hann_q[1]:1->0,18084
BRDA:97,0,hann_q[2]:0->1,16104
BRDA:97,0,hann_q[2]:1->0,16104
BRDA:97,0,hann_q[3]:0->1,14520
BRDA:97,0,hann_q[3]:1->0,14520
BRDA:97,0,hann_q[4]:0->1,20196
BRDA:97,0,hann_q[4]:1->0,20196
BRDA:97,0,hann_q[5]:0->1,19668
BRDA:97,0,hann_q[5]:1->0,19668
BRDA:97,0,hann_q[6]:0->1,16896
BRDA:97,0,hann_q[6]:1->0,16896
BRDA:97,0,hann_q[7]:0->1,8448
BRDA:97,0,hann_q[7]:1->0,8448
BRDA:97,0,hann_q[8]:0->1,4224
BRDA:97,0,hann_q[8]:1->0,4224
BRDA:97,0,hann_q[9]:0->1,2112
BRDA:97,0,hann_q[9]:1->0,2112
DA:98,2976
BRDA:98,0,dft_group[0]:0->1,2976
BRDA:98,0,dft_group[0]:1->0,2974
BRDA:98,0,dft_group[1]:0->1,1488
BRDA:98,0,dft_group[1]:1->0,1486
BRDA:98,0,dft_group[2]:0->1,744
BRDA:98,0,dft_group[2]:1->0,742
BRDA:98,0,dft_group[3]:0->1,372
BRDA:98,0,dft_group[3]:1->0,370
BRDA:98,0,dft_group[4]:0->1,186
BRDA:98,0,dft_group[4]:1->0,184
BRDA:98,0,dft_group[5]:0->1,62
BRDA:98,0,dft_group[5]:1->0,62
BRDA:98,0,dft_group[6]:0->1,62
BRDA:98,0,dft_group[6]:1->0,60
DA:99,0
BRDA:99,0,store_lane[0]:0->1,0
BRDA:99,0,store_lane[0]:1->0,0
DA:100,2398664
BRDA:100,0,phase[0][0]:0->1,1396746
BRDA:100,0,phase[0][0]:1->0,1396746
BRDA:100,0,phase[0][1]:0->1,1396742
BRDA:100,0,phase[0][1]:1->0,1396742
BRDA:100,0,phase[0][2]:0->1,1587204
BRDA:100,0,phase[0][2]:1->0,1587204
BRDA:100,0,phase[0][3]:0->1,1476098
BRDA:100,0,phase[0][3]:1->0,1476098
BRDA:100,0,phase[0][4]:0->1,1682440
BRDA:100,0,phase[0][4]:1->0,1682440
BRDA:100,0,phase[0][5]:0->1,1261828
BRDA:100,0,phase[0][5]:1->0,1261828
BRDA:100,0,phase[0][6]:0->1,2398664
BRDA:100,0,phase[0][6]:1->0,2398664
BRDA:100,0,phase[0][7]:0->1,1595142
BRDA:100,0,phase[0][7]:1->0,1595142
BRDA:100,0,phase[0][8]:0->1,1764770
BRDA:100,0,phase[0][8]:1->0,1764768
BRDA:100,0,phase[0][9]:0->1,1889762
BRDA:100,0,phase[0][9]:1->0,1889762
DA:101,1889762
[...]
BRDA:129,0,product[0][23]:0->1,1228185
BRDA:129,0,product[0][23]:1->0,1228185
BRDA:129,0,product[0][24]:0->1,1224536
BRDA:129,0,product[0][24]:1->0,1224536
BRDA:129,0,product[0][25]:0->1,1224513
BRDA:129,0,product[0][25]:1->0,1224513
BRDA:129,0,product[0][26]:0->1,1224513
BRDA:129,0,product[0][26]:1->0,1224513
BRDA:129,0,product[0][27]:0->1,1224513
BRDA:129,0,product[0][27]:1->0,1224513
BRDA:129,0,product[0][28]:0->1,1224513
BRDA:129,0,product[0][28]:1->0,1224513
BRDA:129,0,product[0][29]:0->1,1224513
BRDA:129,0,product[0][29]:1->0,1224513
BRDA:129,0,product[0][2]:0->1,1187280
BRDA:129,0,product[0][2]:1->0,1187280
BRDA:129,0,product[0][30]:0->1,1224513
BRDA:129,0,product[0][30]:1->0,1224513
BRDA:129,0,product[0][31]:0->1,1224513
BRDA:129,0,product[0][31]:1->0,1224513
BRDA:129,0,product[0][3]:0->1,1194818
BRDA:129,0,product[0][3]:1->0,1194818
BRDA:129,0,product[0][4]:0->1,1194257
BRDA:129,0,product[0][4]:1->0,1194257
BRDA:129,0,product[0][5]:0->1,1199487
BRDA:129,0,product[0][5]:1->0,1199487
BRDA:129,0,product[0][6]:0->1,1198269
BRDA:129,0,product[0][6]:1->0,1198269
BRDA:129,0,product[0][7]:0->1,1194639
BRDA:129,0,product[0][7]:1->0,1194639
BRDA:129,0,product[0][8]:0->1,1199772
BRDA:129,0,product[0][8]:1->0,1199772
BRDA:129,0,product[0][9]:0->1,1197280
BRDA:129,0,product[0][9]:1->0,1197280
DA:130,6185860
BRDA:130,0,multiply_enable:0->1,6185860
BRDA:130,0,multiply_enable:1->0,6185860
DA:131,56988776
BRDA:131,0,weight_address[0]:0->1,8816
BRDA:131,0,weight_address[0]:1->0,8814
BRDA:131,0,weight_address[1]:0->1,4408
BRDA:131,0,weight_address[1]:1->0,4406
BRDA:131,0,weight_address[2]:0->1,2204
BRDA:131,0,weight_address[2]:1->0,2202
BRDA:131,0,weight_address[3]:0->1,1102
BRDA:131,0,weight_address[3]:1->0,1100
BRDA:131,0,weight_address[4]:0->1,522
BRDA:131,0,weight_address[4]:1->0,522
BRDA:131,0,weight_address[5]:0->1,290
BRDA:131,0,weight_address[5]:1->0,288
BRDA:131,0,weight_address[6]:0->1,116
BRDA:131,0,weight_address[6]:1->0,116
BRDA:131,0,weight_address[7]:0->1,58
BRDA:131,0,weight_address[7]:1->0,58
BRDA:131,0,weight_address[8]:0->1,58
BRDA:131,0,weight_address[8]:1->0,56
BRDA:131,0,(nn_layer==0) => 0,36265662
BRDA:131,0,(nn_layer==1) => 1,56988776
BRDA:131,0,cond_then,56988776
BRDA:131,0,cond_else,36265662
DA:132,2976
BRDA:132,0,dft_component[0]:0->1,2976
BRDA:132,0,dft_component[0]:1->0,2974
BRDA:132,0,dft_component[1]:0->1,1488
BRDA:132,0,dft_component[1]:1->0,1486
BRDA:132,0,dft_component[2]:0->1,744
BRDA:132,0,dft_component[2]:1->0,742
BRDA:132,0,dft_component[3]:0->1,372
BRDA:132,0,dft_component[3]:1->0,370
BRDA:132,0,dft_component[4]:0->1,186
BRDA:132,0,dft_component[4]:1->0,184
BRDA:132,0,dft_component[5]:0->1,62
BRDA:132,0,dft_component[5]:1->0,62
BRDA:132,0,dft_component[6]:0->1,62
BRDA:132,0,dft_component[6]:1->0,60
DA:133,1488
BRDA:133,0,dft_bin_index[0]:0->1,1488
BRDA:133,0,dft_bin_index[0]:1->0,1486
BRDA:133,0,dft_bin_index[1]:0->1,744
BRDA:133,0,dft_bin_index[1]:1->0,742
BRDA:133,0,dft_bin_index[2]:0->1,372
BRDA:133,0,dft_bin_index[2]:1->0,370
BRDA:133,0,dft_bin_index[3]:0->1,186
BRDA:133,0,dft_bin_index[3]:1->0,184
BRDA:133,0,dft_bin_index[4]:0->1,62
BRDA:133,0,dft_bin_index[4]:1->0,62
BRDA:133,0,dft_bin_index[5]:0->1,62
BRDA:133,0,dft_bin_index[5]:1->0,60
DA:134,522
BRDA:134,0,nn_output_index[0]:0->1,522
BRDA:134,0,nn_output_index[0]:1->0,522
BRDA:134,0,nn_output_index[1]:0->1,290
BRDA:134,0,nn_output_index[1]:1->0,288
BRDA:134,0,nn_output_index[2]:0->1,116
BRDA:134,0,nn_output_index[2]:1->0,116
BRDA:134,0,nn_output_index[3]:0->1,58
BRDA:134,0,nn_output_index[3]:1->0,58
DA:135,1162839
BRDA:135,0,selected_accumulator[0]:0->1,618987
BRDA:135,0,selected_accumulator[0]:1->0,618985
BRDA:135,0,selected_accumulator[10]:0->1,1132389
BRDA:135,0,selected_accumulator[10]:1->0,1132387
BRDA:135,0,selected_accumulator[11]:0->1,1128777
BRDA:135,0,selected_accumulator[11]:1->0,1128775
BRDA:135,0,selected_accumulator[12]:0->1,1119748
BRDA:135,0,selected_accumulator[12]:1->0,1119746
BRDA:135,0,selected_accumulator[13]:0->1,1103623
BRDA:135,0,selected_accumulator[13]:1->0,1103621
BRDA:135,0,selected_accumulator[14]:0->1,1162839
BRDA:135,0,selected_accumulator[14]:1->0,1162837
BRDA:135,0,selected_accumulator[15]:0->1,1149340
BRDA:135,0,selected_accumulator[15]:1->0,1149338
BRDA:135,0,selected_accumulator[16]:0->1,1125305
BRDA:135,0,selected_accumulator[16]:1->0,1125303
BRDA:135,0,selected_accumulator[17]:0->1,1087979
BRDA:135,0,selected_accumulator[17]:1->0,1087977
BRDA:135,0,selected_accumulator[18]:0->1,1039420
BRDA:135,0,selected_accumulator[18]:1->0,1039418
BRDA:135,0,selected_accumulator[19]:0->1,971329
BRDA:135,0,selected_accumulator[19]:1->0,971327
BRDA:135,0,selected_accumulator[1]:0->1,891348
BRDA:135,0,selected_accumulator[1]:1->0,891346
BRDA:135,0,selected_accumulator[20]:0->1,898629
BRDA:135,0,selected_accumulator[20]:1->0,898627
BRDA:135,0,selected_accumulator[21]:0->1,826832
BRDA:135,0,selected_accumulator[21]:1->0,826830
BRDA:135,0,selected_accumulator[22]:0->1,759886
BRDA:135,0,selected_accumulator[22]:1->0,759884
BRDA:135,0,selected_accumulator[23]:0->1,604140
BRDA:135,0,selected_accumulator[23]:1->0,604138
BRDA:135,0,selected_accumulator[24]:0->1,533712
BRDA:135,0,selected_accumulator[24]:1->0,533710
BRDA:135,0,selected_accumulator[25]:0->1,489278
BRDA:135,0,selected_accumulator[25]:1->0,489276
BRDA:135,0,selected_accumulator[26]:0->1,473671
BRDA:135,0,selected_accumulator[26]:1->0,473669
BRDA:135,0,selected_accumulator[27]:0->1,467580
BRDA:135,0,selected_accumulator[27]:1->0,467578
BRDA:135,0,selected_accumulator[28]:0->1,465417
BRDA:135,0,selected_accumulator[28]:1->0,465415
BRDA:135,0,selected_accumulator[29]:0->1,464906
BRDA:135,0,selected_accumulator[29]:1->0,464904
BRDA:135,0,selected_accumulator[2]:0->1,1044498
BRDA:135,0,selected_accumulator[2]:1->0,1044498
BRDA:135,0,selected_accumulator[30]:0->1,464748
BRDA:135,0,selected_accumulator[30]:1->0,464746
BRDA:135,0,selected_accumulator[31]:0->1,464725
BRDA:135,0,selected_accumulator[31]:1->0,464723
BRDA:135,0,selected_accumulator[32]:0->1,464723
BRDA:135,0,selected_accumulator[32]:1->0,464721
BRDA:135,0,selected_accumulator[33]:0->1,464721
BRDA:135,0,selected_accumulator[33]:1->0,464719
BRDA:135,0,selected_accumulator[34]:0->1,464721
BRDA:135,0,selected_accumulator[34]:1->0,464719
BRDA:135,0,selected_accumulator[35]:0->1,464721
BRDA:135,0,selected_accumulator[35]:1->0,464719
BRDA:135,0,selected_accumulator[36]:0->1,464721
BRDA:135,0,selected_accumulator[36]:1->0,464719
BRDA:135,0,selected_accumulator[37]:0->1,464721
BRDA:135,0,selected_accumulator[37]:1->0,464719
BRDA:135,0,selected_accumulator[38]:0->1,464721
BRDA:135,0,selected_accumulator[38]:1->0,464719
BRDA:135,0,selected_accumulator[39]:0->1,464721
BRDA:135,0,selected_accumulator[39]:1->0,464719
BRDA:135,0,selected_accumulator[3]:0->1,1089150
BRDA:135,0,selected_accumulator[3]:1->0,1089148
BRDA:135,0,selected_accumulator[4]:0->1,1122001
BRDA:135,0,selected_accumulator[4]:1->0,1121999
BRDA:135,0,selected_accumulator[5]:0->1,1136886
BRDA:135,0,selected_accumulator[5]:1->0,1136886
BRDA:135,0,selected_accumulator[6]:0->1,1139993
BRDA:135,0,selected_accumulator[6]:1->0,1139991
BRDA:135,0,selected_accumulator[7]:0->1,1144198
BRDA:135,0,selected_accumulator[7]:1->0,1144196
BRDA:135,0,selected_accumulator[8]:0->1,1141485
BRDA:135,0,selected_accumulator[8]:1->0,1141483
BRDA:135,0,selected_accumulator[9]:0->1,1135820
BRDA:135,0,selected_accumulator[9]:1->0,1135820
BRDA:135,0,((LANES == 32'sh1)==0) => 0,0
BRDA:135,0,((LANES == 32'sh1)==1) => 1,2
DA:136,4582
BRDA:136,0,weight_q[0][0]:0->1,4292
BRDA:136,0,weight_q[0][0]:1->0,4292
BRDA:136,0,weight_q[0][1]:0->1,4524
BRDA:136,0,weight_q[0][1]:1->0,4524
BRDA:136,0,weight_q[0][2]:0->1,4582
BRDA:136,0,weight_q[0][2]:1->0,4580
BRDA:136,0,weight_q[0][3]:0->1,4408
BRDA:136,0,weight_q[0][3]:1->0,4406
BRDA:136,0,weight_q[0][4]:0->1,4350
BRDA:136,0,weight_q[0][4]:1->0,4350
BRDA:136,0,weight_q[0][5]:0->1,3944
BRDA:136,0,weight_q[0][5]:1->0,3944
BRDA:136,0,weight_q[0][6]:0->1,2668
BRDA:136,0,weight_q[0][6]:1->0,2666
BRDA:136,0,weight_q[0][7]:0->1,2842
BRDA:136,0,weight_q[0][7]:1->0,2840
DA:138,489740
DA:141,489740
DA:142,489740
DA:143,489740
DA:144,489740
BRDA:144,0,if,0
BRDA:144,0,else,489740
DA:145,489740
DA:146,489740
DA:147,489740
DA:148,489740
DA:149,489740
BRDA:149,0,else,489740
BRDA:149,0,((remainder == halfway)==1 && quotient[0]==1) => 1,4893
BRDA:149,0,((remainder > halfway)==0 && (remainder == halfway)==0) => 0,290676
BRDA:149,0,((remainder > halfway)==0 && quotient[0]==0) => 0,202423
BRDA:149,0,((remainder > halfway)==1) => 1,188687
DA:153,475840
DA:155,475840
DA:156,0
DA:157,475840
BRDA:157,0,if,0
BRDA:157,0,else,475840
DA:158,475840
DA:161,11904
DA:163,11904
DA:164,0
DA:165,11904
BRDA:165,0,if,0
BRDA:165,0,else,11904
DA:166,11904
DA:169,1856
DA:171,1856
DA:172,1856
DA:173,1856
DA:174,876
DA:175,980
BRDA:175,0,if,0
BRDA:175,0,else,980
DA:176,980
DA:179,0
DA:182,0
DA:183,0
DA:184,0
DA:185,0
DA:186,0
DA:187,0
BRDA:187,0,if,0
BRDA:187,0,else,0
DA:188,0
DA:189,0
DA:190,0
DA:191,0
BRDA:191,0,if,0
BRDA:191,0,((remainder == halfway)==1 && quotient[0]==1) => 1,0
BRDA:191,0,((remainder > halfway)==0 && (remainder == halfway)==0) => 0,0
BRDA:191,0,((remainder > halfway)==0 && quotient[0]==0) => 0,0
BRDA:191,0,((remainder > halfway)==1) => 1,0
DA:193,0
BRDA:193,0,block,0
BRDA:193,0,((rounded > 34'h7f)==0) => 0,0
BRDA:193,0,((rounded > 34'h7f)==1) => 1,0
BRDA:193,0,cond_then,0
BRDA:193,0,cond_else,0
DA:201,6185860
DA:211,4582
BRDA:211,0,g_lane[0].selected_weight[0]:0->1,4292
BRDA:211,0,g_lane[0].selected_weight[0]:1->0,4292
BRDA:211,0,g_lane[0].selected_weight[1]:0->1,4524
BRDA:211,0,g_lane[0].selected_weight[1]:1->0,4524
BRDA:211,0,g_lane[0].selected_weight[2]:0->1,4582
BRDA:211,0,g_lane[0].selected_weight[2]:1->0,4580
BRDA:211,0,g_lane[0].selected_weight[3]:0->1,4408
BRDA:211,0,g_lane[0].selected_weight[3]:1->0,4406
BRDA:211,0,g_lane[0].selected_weight[4]:0->1,4350
BRDA:211,0,g_lane[0].selected_weight[4]:1->0,4350
BRDA:211,0,g_lane[0].selected_weight[5]:0->1,3944
BRDA:211,0,g_lane[0].selected_weight[5]:1->0,3944
BRDA:211,0,g_lane[0].selected_weight[6]:0->1,2668
BRDA:211,0,g_lane[0].selected_weight[6]:1->0,2666
BRDA:211,0,g_lane[0].selected_weight[7]:0->1,2842
BRDA:211,0,g_lane[0].selected_weight[7]:1->0,2840
DA:212,2
DA:213,18621238
DA:214,18603604
BRDA:214,0,if,17634
BRDA:214,0,else,18603604
DA:216,12435378
BRDA:216,0,if,6185860
BRDA:216,0,else,12435378
DA:222,93254438
DA:223,93254438
DA:224,93254438
BRDA:224,0,block,93254438
BRDA:224,0,block,93254438
DA:225,93254438
DA:226,340670
DA:227,340670
DA:228,340670
DA:229,340670
DA:231,30492167
DA:232,30492167
DA:233,30492167
BRDA:233,0,case,30492167
BRDA:233,0,block,30492167
DA:235,14430
DA:236,14430
DA:237,88170
DA:238,88170
DA:239,88170
BRDA:239,0,case,88170
BRDA:239,0,block,88170
DA:241,62304571
DA:246,18621238
DA:247,18547452
BRDA:247,0,else,18547452
BRDA:247,0,(in_ready==0) => 0,7772215
BRDA:247,0,(in_valid==0) => 0,11968943
BRDA:247,0,(restart_input==0 && draining==1) => 0,2
BRDA:247,0,(rst==0 && in_valid==1 && in_ready==1 && draining==0) => 1,73784
BRDA:247,0,(rst==0 && in_valid==1 && in_ready==1 && restart_input==1) => 1,78
BRDA:247,0,(rst==1) => 0,104
BRDA:247,0,if,73786
DA:248,43032
BRDA:248,0,if,30754
BRDA:248,0,else,43032
BRDA:248,0,(restart_input==0) => 0,30722
BRDA:248,0,(restart_input==1) => 1,32
DA:249,43032
BRDA:249,0,else,43032
BRDA:249,0,(restart_input==0) => 0,42986
BRDA:249,0,(restart_input==1) => 1,46
DA:251,18553650
BRDA:251,0,else,18553650
BRDA:251,0,if,67588
DA:252,67588
BRDA:252,0,if,67588
BRDA:252,0,(active_bank==0) => 0,38914
BRDA:252,0,(active_bank==1) => 1,28674
BRDA:252,0,cond_then,28674
BRDA:252,0,cond_else,38914
DA:254,18553652
BRDA:254,0,else,18553652
BRDA:254,0,if,67586
DA:255,12526368
BRDA:255,0,else,12526368
BRDA:255,0,if,6094870
DA:259,18621238
DA:260,18621134
BRDA:260,0,else,18621134
BRDA:260,0,if,104
DA:261,104
DA:262,104
DA:263,104
DA:264,104
DA:265,104
DA:266,104
DA:267,104
DA:268,104
DA:269,104
DA:270,104
BRDA:270,0,if,104
BRDA:270,0,block,104
DA:271,312
BRDA:271,0,if,104
BRDA:271,0,block,312
DA:272,18621134
DA:273,18621134
DA:274,18547348
BRDA:274,0,if,73786
BRDA:274,0,else,18547348
BRDA:274,0,(in_ready==0) => 0,7772111
BRDA:274,0,(in_valid==0) => 0,11968839
BRDA:274,0,(in_valid==1 && in_ready==1) => 1,73786
DA:275,78
DA:276,74
BRDA:276,0,if,4
BRDA:276,0,else,74
DA:277,78
DA:278,78
DA:279,78
BRDA:279,0,if,0
BRDA:279,0,else,78
DA:280,0
DA:281,78
DA:282,73708
BRDA:282,0,if,0
BRDA:282,0,else,73708
DA:283,0
BRDA:283,0,if,0
BRDA:283,0,else,0
DA:284,73708
DA:285,73708
DA:286,72
DA:287,72
DA:288,70
BRDA:288,0,if,70
BRDA:288,0,else,2
DA:289,70
DA:290,70
DA:291,70
BRDA:291,0,if,70
BRDA:291,0,(write_bank==0) => 1,40
BRDA:291,0,(write_bank==1) => 0,30
DA:292,2
DA:293,73634
BRDA:293,0,if,2
BRDA:293,0,else,73634
DA:294,2
DA:295,73634
DA:299,18418308
BRDA:299,0,if,202826
BRDA:299,0,else,18418308
BRDA:299,0,((state <= PRE_STORE)==0) => 0,18375044
BRDA:299,0,((state >= PRE_MEAN)==0) => 0,43264
BRDA:299,0,((state >= PRE_MEAN)==1 && (state <= PRE_STORE)==1) => 1,202826
DA:300,18296510
BRDA:300,0,if,18296510
BRDA:300,0,else,324624
BRDA:300,0,((state <= DFT_STORE)==0) => 0,78534
BRDA:300,0,((state >= DFT_INIT)==0) => 0,246090
BRDA:300,0,((state >= DFT_INIT)==1 && (state <= DFT_STORE)==1) => 1,18296510
DA:301,18604068
BRDA:301,0,if,17066
BRDA:301,0,else,18604068
BRDA:301,0,((state <= POWER_QUANT)==0) => 0,61468
BRDA:301,0,((state >= POWER_RE_MUL)==0) => 0,18542600
BRDA:301,0,((state >= POWER_RE_MUL)==1 && (state <= POWER_QUANT)==1) => 1,17066
DA:302,18566028
BRDA:302,0,if,55106
BRDA:302,0,else,18566028
BRDA:302,0,((state <= NN_STORE)==0) => 0,6362
BRDA:302,0,((state >= NN_INIT)==0) => 0,18559666
BRDA:302,0,((state >= NN_INIT)==1 && (state <= NN_STORE)==1) => 1,55106
DA:303,18571508
BRDA:303,0,if,18571508
BRDA:303,0,else,49626
BRDA:303,0,((state != FINISH)==0) => 0,56
BRDA:303,0,((state != HOLD)==0) => 0,6306
BRDA:303,0,((state != IDLE)==0) => 0,43264
BRDA:303,0,((state != IDLE)==1 && (state != HOLD)==1 && (state != FINISH)==1) => 1,18571508
DA:305,18621134
DA:306,43264
BRDA:306,0,case,43264
BRDA:306,0,if,70
BRDA:306,0,else,43194
DA:307,70
DA:308,70
BRDA:308,0,if,70
BRDA:308,0,(read_bank==0) => 1,40
BRDA:308,0,(read_bank==1) => 0,30
DA:309,70
DA:310,70
DA:311,70
DA:313,70
DA:314,70
DA:315,70
DA:316,70
DA:318,67586
DA:319,67586
DA:320,67584
DA:321,67584
DA:322,67518
BRDA:322,0,if,66
BRDA:322,0,else,67518
DA:323,67518
DA:325,5956
DA:326,5956
DA:327,5956
BRDA:327,0,case,5956
BRDA:327,0,((((dft_group + k) %25 32'sh2) == 32'sh1)==0) => 0,2980
BRDA:327,0,((((dft_group + k) %25 32'sh2) == 32'sh1)==1) => 1,2976
BRDA:327,0,cond_then,2976
BRDA:327,0,cond_else,2980
BRDA:327,0,block,5956
DA:328,5956
DA:330,6094868
DA:331,6094868
DA:332,6094866
DA:333,6094866
BRDA:333,0,case,6094866
BRDA:333,0,block,6094866
DA:334,6094866
DA:335,6094866
DA:337,6088914
BRDA:337,0,if,5952
BRDA:337,0,else,6088914
DA:338,6088914
DA:340,5952
DA:341,2976
BRDA:341,0,if,2976
BRDA:341,0,else,2976
DA:342,2976
DA:343,5952
BRDA:343,0,case,5952
BRDA:343,0,(dft_component[0]==0) => 0,2976
BRDA:343,0,(dft_component[0]==1) => 1,2976
BRDA:343,0,cond_then,2976
BRDA:343,0,cond_else,2976
DA:344,5952
DA:345,5952
BRDA:345,0,if,5952
BRDA:345,0,else,0
DA:346,5890
BRDA:346,0,if,62
BRDA:346,0,else,5890
DA:347,5890
DA:348,0
DA:350,2886
DA:351,2886
DA:352,2886
DA:353,2886
DA:354,1924
BRDA:354,0,if,962
BRDA:354,0,else,1924
BRDA:354,0,((BANDS == 32'sh1)==0 && (band_part == (BANDS - 32'sh1)[1:0])==0) => 0,1924
BRDA:354,0,((BANDS == 32'sh1)==1) => 1,0
BRDA:354,0,((band_part == (BANDS - 32'sh1)[1:0])==1) => 1,962
DA:355,962
DA:356,962
DA:357,962
DA:358,962
DA:359,1924
DA:360,1924
DA:361,1924
DA:364,962
DA:365,962
DA:366,962
DA:367,120
DA:368,842
BRDA:368,0,if,0
BRDA:368,0,else,842
DA:369,842
DA:371,3600
DA:372,3600
BRDA:372,0,case,3600
BRDA:372,0,(quant_guard==1) => 1,401
BRDA:372,0,(quant_sticky==0 && quant_guard==0) => 0,2923
BRDA:372,0,(quant_sticky==1) => 1,472
DA:373,3600
DA:374,3600
DA:375,3600
DA:376,2760
BRDA:376,0,if,840
BRDA:376,0,else,2760
DA:378,960
DA:379,960
DA:380,960
DA:381,900
BRDA:381,0,if,60
BRDA:381,0,else,900
DA:382,900
DA:384,1104
DA:385,1104
DA:386,1104
BRDA:386,0,case,1104
BRDA:386,0,block,1104
DA:387,930
BRDA:387,0,elsif,930
BRDA:387,0,(nn_layer==0) => 1,930
BRDA:387,0,(nn_layer==1) => 0,174
DA:388,174
BRDA:388,0,if,174
BRDA:388,0,else,0
DA:389,0
DA:391,1104
DA:393,17634
BRDA:393,0,case,17634
BRDA:393,0,(nn_layer==0) => 0,14850
BRDA:393,0,(nn_layer==1) => 1,2784
BRDA:393,0,cond_then,2784
BRDA:393,0,cond_else,14850
DA:394,17634
DA:395,17632
DA:396,17632
BRDA:396,0,case,17632
BRDA:396,0,block,17632
DA:397,16530
BRDA:397,0,if,1102
BRDA:397,0,else,16530
DA:398,16530
DA:400,1102
DA:401,1102
BRDA:401,0,if,0
BRDA:401,0,else,1102
BRDA:401,0,((selected_accumulator < (- 40'sh80000000))==1) => 1,0
BRDA:401,0,((selected_accumulator > 40'sh7fffffff)==0 && (selected_accumulator < (- 40'sh80000000))==0) => 0,1102
BRDA:401,0,((selected_accumulator > 40'sh7fffffff)==1) => 1,0
DA:402,928
BRDA:402,0,elsif,928
BRDA:402,0,(nn_layer==0) => 1,928
BRDA:402,0,(nn_layer==1) => 0,174
DA:403,928
DA:404,928
DA:405,928
DA:406,174
BRDA:406,0,if,174
BRDA:406,0,else,0
DA:407,174
DA:408,174
DA:410,1102
BRDA:410,0,if,1102
BRDA:410,0,else,0
DA:411,1044
BRDA:411,0,elsif,58
BRDA:411,0,(((nn_group + LANES) == 32'sh10)==0) => 0,1044
BRDA:411,0,(nn_layer==0 && ((nn_group + LANES) == 32'sh10)==1) => 1,58
BRDA:411,0,(nn_layer==1) => 0,174
DA:412,986
BRDA:412,0,if,58
BRDA:412,0,else,986
BRDA:412,0,(((nn_group + LANES) >= 32'sh3)==0) => 0,232
BRDA:412,0,(nn_layer==0) => 0,870
BRDA:412,0,(nn_layer==1 && ((nn_group + LANES) >= 32'sh3)==1) => 1,58
DA:413,986
DA:414,0
DA:416,56
DA:417,56
DA:418,50
BRDA:418,0,elsif,4
BRDA:418,0,(((logits[2'h0]) >= (logits[2'h1]))==0) => 0,50
BRDA:418,0,(((logits[2'h0]) >= (logits[2'h1]))==1 && ((logits[2'h0]) >= (logits[2'h2]))==1) => 1,4
BRDA:418,0,(((logits[2'h0]) >= (logits[2'h2]))==0) => 0,47
DA:419,46
BRDA:419,0,if,6
BRDA:419,0,else,46
DA:420,56
DA:421,56
DA:423,18621080
BRDA:423,0,case,6306
BRDA:423,0,if,54
BRDA:423,0,else,6252
BRDA:423,0,(out_ready==0) => 0,18621080
BRDA:423,0,(out_valid==0) => 0,18614828
BRDA:423,0,(out_valid==1 && out_ready==1) => 1,54
DA:424,0
DA:429,2
DA:430,2
BRDA:430,0,block,2
BRDA:430,0,(((N & (N - 32'sh1)) == 32'sh0)==0) => 0,0
BRDA:430,0,((N >= 32'sh8)==0) => 0,0
BRDA:430,0,((N >= 32'sh8)==1 && ((N & (N - 32'sh1)) == 32'sh0)==1) => 1,2
DA:431,2
BRDA:431,0,block,2
BRDA:431,0,((LANES == 32'sh1)==0 && (LANES == 32'sh4)==0) => 0,0
BRDA:431,0,((LANES == 32'sh1)==1) => 1,2
BRDA:431,0,((LANES == 32'sh4)==1) => 1,0
DA:432,2
BRDA:432,0,block,2
BRDA:432,0,((BANDS == 32'sh1)==0 && (BANDS == 32'sh3)==0) => 0,0
BRDA:432,0,((BANDS == 32'sh1)==1) => 1,0
BRDA:432,0,((BANDS == 32'sh3)==1) => 1,2
DA:434,18621238
BRDA:434,0,if,18621134
BRDA:434,0,else,104
BRDA:434,0,(rst==0) => 1,18621134
BRDA:434,0,(rst==1) => 0,104
BRDA:434,0,block,18621238
DA:435,18621134
DA:436,18547348
BRDA:436,0,else,18547348
BRDA:436,0,(in_ready==0) => 0,7772111
BRDA:436,0,(in_valid==0) => 0,11968839
BRDA:436,0,(in_valid==1 && in_ready==1 && draining==0) => 1,73784
BRDA:436,0,(in_valid==1 && in_ready==1 && restart_input==1) => 1,78
BRDA:436,0,(restart_input==0 && draining==1) => 0,2
BRDA:436,0,if,73786
DA:437,73786
BRDA:437,0,if,73786
BRDA:437,0,(busy[write_bank+:1]==1) => 0,0
BRDA:437,0,(full[write_bank+:1]==0 && busy[write_bank+:1]==0) => 1,73786
BRDA:437,0,(full[write_bank+:1]==1) => 0,0
DA:438,18553548
BRDA:438,0,else,18553548
BRDA:438,0,if,67586
DA:439,18615182
BRDA:439,0,else,18615182
BRDA:439,0,(((dft_group + store_lane) < COMPONENTS)==0) => 0,0
BRDA:439,0,(((dft_group + store_lane) < COMPONENTS)==1 && (store_lane < LANES)==1) => 1,5952
BRDA:439,0,((store_lane < LANES)==0) => 0,0
BRDA:439,0,if,5952
DA:440,18603500
BRDA:440,0,else,18603500
BRDA:440,0,if,17634
DA:441,18618248
BRDA:441,0,else,18618248
BRDA:441,0,(band_sum_next[33]==0) => 1,2886
BRDA:441,0,(band_sum_next[33]==1) => 0,0
BRDA:441,0,if,2886
BRF:4041
BRH:2102
end_of_record
