<?xml version='1.0' encoding='utf-8'?>
<testsuites name="cocotb tests"><testsuite name="test_arithmetic" errors="0" failures="0" skipped="0" tests="1" time="0.073" timestamp="2026-09-10T06:02:24.181214+00:00" hostname="MacBook-Pro-3.local"><testcase classname="test_arithmetic" name="rounding_saturation_and_quantization" time="0.073"><properties><property name="cocotb" value="True" /><property name="random_seed" value="1789020144" /><property name="file" value="./sim/test_arithmetic.py" /><property name="line" value="16" /><property name="sim_time_unit" value="ns" /><property name="sim_time_start" value="0.0" /><property name="sim_time_stop" value="6651.0" /><property name="sim_time_duration" value="6651.0" /><property name="sim_time_ratio" value="91467.57686184758" /></properties></testcase></testsuite></testsuites>