<?xml version='1.0' encoding='utf-8'?>
<testsuites name="cocotb tests"><testsuite name="test_core" errors="0" failures="0" skipped="0" tests="2" time="1.646" timestamp="2026-09-06T02:30:23.242385+00:00" hostname="MacBook-Pro-3.local"><testcase classname="test_core" name="bit_exact_continuous_frames" time="1.494"><properties><property name="cocotb" value="True" /><property name="random_seed" value="1788661821" /><property name="file" value="./sim/test_core.py" /><property name="line" value="125" /><property name="sim_time_unit" value="ns" /><property name="sim_time_start" value="0.0" /><property name="sim_time_stop" value="1412630.0" /><property name="sim_time_duration" value="1412630.0" /><property name="sim_time_ratio" value="945757.72382696" /></properties></testcase><testcase classname="test_core" name="malformed_frames_and_reset" time="0.153"><properties><property name="cocotb" value="True" /><property name="random_seed" value="1788661821" /><property name="file" value="./sim/test_core.py" /><property name="line" value="152" /><property name="sim_time_unit" value="ns" /><property name="sim_time_start" value="1412630.001" /><property name="sim_time_stop" value="2917801.001" /><property name="sim_time_duration" value="1505171.0000000002" /><property name="sim_time_ratio" value="9853373.83940921" /></properties></testcase></testsuite></testsuites>