<?xml version='1.0' encoding='utf-8'?>
<testsuites name="cocotb tests"><testsuite name="test_acoustic" errors="0" failures="0" skipped="0" tests="2" time="8.596" timestamp="2026-09-11T05:08:57.244286+00:00" hostname="unknown76a3b32be0df.attlocal.net"><testcase classname="test_acoustic" name="arithmetic_stream_and_reset" time="8.545"><properties><property name="cocotb" value="True" /><property name="random_seed" value="1789103328" /><property name="file" value="./sim/test_acoustic.py" /><property name="line" value="24" /><property name="sim_time_unit" value="ns" /><property name="sim_time_start" value="0.0" /><property name="sim_time_stop" value="109950565.0" /><property name="sim_time_duration" value="109950565.0" /><property name="sim_time_ratio" value="12867188.896882707" /><property name="attachment" value="./build/acoustic/regression-log-final/core_l1/test.log" /></properties><system-out>[[ATTACHMENT|./build/acoustic/regression-log-final/core_l1/test.log]]
</system-out></testcase><testcase classname="test_acoustic" name="intermediate_values" time="0.051"><properties><property name="cocotb" value="True" /><property name="random_seed" value="1789103328" /><property name="file" value="./sim/test_acoustic.py" /><property name="line" value="68" /><property name="sim_time_unit" value="ns" /><property name="sim_time_start" value="109950565.001" /><property name="sim_time_stop" value="110060556.001" /><property name="sim_time_duration" value="109991.0" /><property name="sim_time_ratio" value="2145203.1287691626" /><property name="attachment" value="./build/acoustic/regression-log-final/core_l1/test.log" /></properties><system-out>[[ATTACHMENT|./build/acoustic/regression-log-final/core_l1/test.log]]
</system-out></testcase></testsuite></testsuites>