TN:verilator_coverage
SF:./rtl/core/vib_coeff_rom.sv
DA:8,6414950
BRDA:8,0,clk:0->1,6414950
BRDA:8,0,clk:1->0,6414948
BRDA:8,0,clk:0->1,6414950
BRDA:8,0,clk:1->0,6414948
DA:9,2031638
BRDA:9,0,en:0->1,2031638
BRDA:9,0,en:1->0,2031638
BRDA:9,0,en:0->1,67588
BRDA:9,0,en:1->0,67588
DA:10,1049610
BRDA:10,0,phase[0]:0->1,634880
BRDA:10,0,phase[0]:1->0,634880
BRDA:10,0,phase[1]:0->1,380928
BRDA:10,0,phase[1]:1->0,380928
BRDA:10,0,phase[2]:0->1,539648
BRDA:10,0,phase[2]:1->0,539648
BRDA:10,0,phase[3]:0->1,492032
BRDA:10,0,phase[3]:1->0,492032
BRDA:10,0,phase[4]:0->1,563466
BRDA:10,0,phase[4]:1->0,563466
BRDA:10,0,phase[5]:0->1,420612
BRDA:10,0,phase[5]:1->0,420612
BRDA:10,0,phase[6]:0->1,799560
BRDA:10,0,phase[6]:1->0,799560
BRDA:10,0,phase[7]:0->1,531718
BRDA:10,0,phase[7]:1->0,531718
BRDA:10,0,phase[8]:0->1,588258
BRDA:10,0,phase[8]:1->0,588256
BRDA:10,0,phase[9]:0->1,629922
BRDA:10,0,phase[9]:1->0,629922
BRDA:10,0,phase[0]:0->1,1049610
BRDA:10,0,phase[0]:1->0,1049608
BRDA:10,0,phase[1]:0->1,524804
BRDA:10,0,phase[1]:1->0,524802
BRDA:10,0,phase[2]:0->1,262402
BRDA:10,0,phase[2]:1->0,262400
BRDA:10,0,phase[3]:0->1,131202
BRDA:10,0,phase[3]:1->0,131200
BRDA:10,0,phase[4]:0->1,65600
BRDA:10,0,phase[4]:1->0,65598
BRDA:10,0,phase[5]:0->1,32800
BRDA:10,0,phase[5]:1->0,32798
BRDA:10,0,phase[6]:0->1,16400
BRDA:10,0,phase[6]:1->0,16398
BRDA:10,0,phase[7]:0->1,8200
BRDA:10,0,phase[7]:1->0,8198
BRDA:10,0,phase[8]:0->1,4100
BRDA:10,0,phase[8]:1->0,4098
BRDA:10,0,phase[9]:0->1,2050
BRDA:10,0,phase[9]:1->0,2048
DA:11,629922
BRDA:11,0,coefficient[0]:0->1,510884
BRDA:11,0,coefficient[0]:1->0,510882
BRDA:11,0,coefficient[10]:0->1,505180
BRDA:11,0,coefficient[10]:1->0,505180
BRDA:11,0,coefficient[11]:0->1,522294
BRDA:11,0,coefficient[11]:1->0,522294
BRDA:11,0,coefficient[12]:0->1,500716
BRDA:11,0,coefficient[12]:1->0,500714
BRDA:11,0,coefficient[13]:0->1,589502
BRDA:11,0,coefficient[13]:1->0,589502
BRDA:11,0,coefficient[14]:0->1,628682
BRDA:11,0,coefficient[14]:1->0,628682
BRDA:11,0,coefficient[15]:0->1,629922
BRDA:11,0,coefficient[15]:1->0,629922
BRDA:11,0,coefficient[1]:0->1,511876
BRDA:11,0,coefficient[1]:1->0,511876
BRDA:11,0,coefficient[2]:0->1,524526
BRDA:11,0,coefficient[2]:1->0,524526
BRDA:11,0,coefficient[3]:0->1,493278
BRDA:11,0,coefficient[3]:1->0,493278
BRDA:11,0,coefficient[4]:0->1,502950
BRDA:11,0,coefficient[4]:1->0,502948
BRDA:11,0,coefficient[5]:0->1,522046
BRDA:11,0,coefficient[5]:1->0,522044
BRDA:11,0,coefficient[6]:0->1,507664
BRDA:11,0,coefficient[6]:1->0,507664
BRDA:11,0,coefficient[7]:0->1,533454
BRDA:11,0,coefficient[7]:1->0,533452
BRDA:11,0,coefficient[8]:0->1,508408
BRDA:11,0,coefficient[8]:1->0,508408
BRDA:11,0,coefficient[9]:0->1,518820
BRDA:11,0,coefficient[9]:1->0,518820
BRDA:11,0,coefficient[0]:0->1,15048
BRDA:11,0,coefficient[0]:1->0,15048
BRDA:11,0,coefficient[10]:0->1,1056
BRDA:11,0,coefficient[10]:1->0,1056
BRDA:11,0,coefficient[11]:0->1,528
BRDA:11,0,coefficient[11]:1->0,528
BRDA:11,0,coefficient[12]:0->1,264
BRDA:11,0,coefficient[12]:1->0,264
BRDA:11,0,coefficient[13]:0->1,132
BRDA:11,0,coefficient[13]:1->0,132
BRDA:11,0,coefficient[14]:0->1,66
BRDA:11,0,coefficient[14]:1->0,66
BRDA:11,0,coefficient[15]:0->1,0
BRDA:11,0,coefficient[15]:1->0,0
BRDA:11,0,coefficient[1]:0->1,18084
BRDA:11,0,coefficient[1]:1->0,18084
BRDA:11,0,coefficient[2]:0->1,16104
BRDA:11,0,coefficient[2]:1->0,16104
BRDA:11,0,coefficient[3]:0->1,14520
BRDA:11,0,coefficient[3]:1->0,14520
BRDA:11,0,coefficient[4]:0->1,20196
BRDA:11,0,coefficient[4]:1->0,20196
BRDA:11,0,coefficient[5]:0->1,19668
BRDA:11,0,coefficient[5]:1->0,19668
BRDA:11,0,coefficient[6]:0->1,16896
BRDA:11,0,coefficient[6]:1->0,16896
BRDA:11,0,coefficient[7]:0->1,8448
BRDA:11,0,coefficient[7]:1->0,8448
BRDA:11,0,coefficient[8]:0->1,4224
BRDA:11,0,coefficient[8]:1->0,4224
BRDA:11,0,coefficient[9]:0->1,2112
BRDA:11,0,coefficient[9]:1->0,2112
DA:16,618022
BRDA:16,0,magnitude[0]:0->1,510884
BRDA:16,0,magnitude[0]:1->0,510882
BRDA:16,0,magnitude[10]:0->1,491540
BRDA:16,0,magnitude[10]:1->0,491540
BRDA:16,0,magnitude[11]:0->1,494518
BRDA:16,0,magnitude[11]:1->0,494518
BRDA:16,0,magnitude[12]:0->1,618022
BRDA:16,0,magnitude[12]:1->0,618020
BRDA:16,0,magnitude[13]:0->1,538660
BRDA:16,0,magnitude[13]:1->0,538660
BRDA:16,0,magnitude[14]:0->1,28770
BRDA:16,0,magnitude[14]:1->0,28770
BRDA:16,0,magnitude[15]:0->1,0
BRDA:16,0,magnitude[15]:1->0,0
BRDA:16,0,magnitude[1]:0->1,516340
BRDA:16,0,magnitude[1]:1->0,516340
BRDA:16,0,magnitude[2]:0->1,500470
BRDA:16,0,magnitude[2]:1->0,500470
BRDA:16,0,magnitude[3]:0->1,506918
BRDA:16,0,magnitude[3]:1->0,506918
BRDA:16,0,magnitude[4]:0->1,499480
BRDA:16,0,magnitude[4]:1->0,499478
BRDA:16,0,magnitude[5]:0->1,496998
BRDA:16,0,magnitude[5]:1->0,496996
BRDA:16,0,magnitude[6]:0->1,522294
BRDA:16,0,magnitude[6]:1->0,522294
BRDA:16,0,magnitude[7]:0->1,510886
BRDA:16,0,magnitude[7]:1->0,510884
BRDA:16,0,magnitude[8]:0->1,500470
BRDA:16,0,magnitude[8]:1->0,500470
BRDA:16,0,magnitude[9]:0->1,497990
BRDA:16,0,magnitude[9]:1->0,497990
BRDA:16,0,magnitude[0]:0->1,15048
BRDA:16,0,magnitude[0]:1->0,15048
BRDA:16,0,magnitude[10]:0->1,1056
BRDA:16,0,magnitude[10]:1->0,1056
BRDA:16,0,magnitude[11]:0->1,528
BRDA:16,0,magnitude[11]:1->0,528
BRDA:16,0,magnitude[12]:0->1,264
BRDA:16,0,magnitude[12]:1->0,264
BRDA:16,0,magnitude[13]:0->1,0
BRDA:16,0,magnitude[13]:1->0,0
BRDA:16,0,magnitude[14]:0->1,0
BRDA:16,0,magnitude[14]:1->0,0
BRDA:16,0,magnitude[15]:0->1,0
BRDA:16,0,magnitude[15]:1->0,0
BRDA:16,0,magnitude[1]:0->1,18216
BRDA:16,0,magnitude[1]:1->0,18216
BRDA:16,0,magnitude[2]:0->1,15840
BRDA:16,0,magnitude[2]:1->0,15840
BRDA:16,0,magnitude[3]:0->1,14784
BRDA:16,0,magnitude[3]:1->0,14784
BRDA:16,0,magnitude[4]:0->1,20064
BRDA:16,0,magnitude[4]:1->0,20064
BRDA:16,0,magnitude[5]:0->1,19536
BRDA:16,0,magnitude[5]:1->0,19536
BRDA:16,0,magnitude[6]:0->1,16896
BRDA:16,0,magnitude[6]:1->0,16896
BRDA:16,0,magnitude[7]:0->1,8448
BRDA:16,0,magnitude[7]:1->0,8448
BRDA:16,0,magnitude[8]:0->1,4224
BRDA:16,0,magnitude[8]:1->0,4224
BRDA:16,0,magnitude[9]:0->1,2112
BRDA:16,0,magnitude[9]:1->0,2112
DA:17,629178
BRDA:17,0,is_zero:0->1,11904
BRDA:17,0,is_zero:1->0,11904
BRDA:17,0,is_zero:0->1,132
BRDA:17,0,is_zero:1->0,132
BRDA:17,0,negative:0->1,629178
BRDA:17,0,negative:1->0,629178
BRDA:17,0,negative:0->1,66
BRDA:17,0,negative:1->0,66
DA:18,1049610
BRDA:18,0,offset[0]:0->1,634880
BRDA:18,0,offset[0]:1->0,634880
BRDA:18,0,offset[1]:0->1,380928
BRDA:18,0,offset[1]:1->0,380928
BRDA:18,0,offset[2]:0->1,539648
BRDA:18,0,offset[2]:1->0,539648
BRDA:18,0,offset[3]:0->1,492032
BRDA:18,0,offset[3]:1->0,492032
BRDA:18,0,offset[4]:0->1,563466
BRDA:18,0,offset[4]:1->0,563466
BRDA:18,0,offset[5]:0->1,420612
BRDA:18,0,offset[5]:1->0,420612
BRDA:18,0,offset[6]:0->1,799560
BRDA:18,0,offset[6]:1->0,799560
BRDA:18,0,offset[7]:0->1,531718
BRDA:18,0,offset[7]:1->0,531718
BRDA:18,0,offset[0]:0->1,1049610
BRDA:18,0,offset[0]:1->0,1049608
BRDA:18,0,offset[1]:0->1,524804
BRDA:18,0,offset[1]:1->0,524802
BRDA:18,0,offset[2]:0->1,262402
BRDA:18,0,offset[2]:1->0,262400
BRDA:18,0,offset[3]:0->1,131202
BRDA:18,0,offset[3]:1->0,131200
BRDA:18,0,offset[4]:0->1,65600
BRDA:18,0,offset[4]:1->0,65598
BRDA:18,0,offset[5]:0->1,32800
BRDA:18,0,offset[5]:1->0,32798
BRDA:18,0,offset[6]:0->1,16400
BRDA:18,0,offset[6]:1->0,16398
BRDA:18,0,offset[7]:0->1,8200
BRDA:18,0,offset[7]:1->0,8198
DA:19,629922
BRDA:19,0,quadrant[0]:0->1,588258
BRDA:19,0,quadrant[0]:1->0,588256
BRDA:19,0,quadrant[1]:0->1,629922
BRDA:19,0,quadrant[1]:1->0,629922
BRDA:19,0,quadrant[0]:0->1,4100
BRDA:19,0,quadrant[0]:1->0,4098
BRDA:19,0,quadrant[1]:0->1,2050
BRDA:19,0,quadrant[1]:1->0,2048
DA:20,16369961
BRDA:20,0,address[0]:0->1,634880
BRDA:20,0,address[0]:1->0,634880
BRDA:20,0,address[1]:0->1,380928
BRDA:20,0,address[1]:1->0,380928
BRDA:20,0,address[2]:0->1,549072
BRDA:20,0,address[2]:1->0,549072
BRDA:20,0,address[3]:0->1,565936
BRDA:20,0,address[3]:1->0,565936
BRDA:20,0,address[4]:0->1,518330
BRDA:20,0,address[4]:1->0,518330
BRDA:20,0,address[5]:0->1,522788
BRDA:20,0,address[5]:1->0,522788
BRDA:20,0,address[6]:0->1,445910
BRDA:20,0,address[6]:1->0,445910
BRDA:20,0,address[7]:0->1,585284
BRDA:20,0,address[7]:1->0,585284
BRDA:20,0,address[0]:0->1,1049610
BRDA:20,0,address[0]:1->0,1049608
BRDA:20,0,address[1]:0->1,524804
BRDA:20,0,address[1]:1->0,524804
BRDA:20,0,address[2]:0->1,262402
BRDA:20,0,address[2]:1->0,262402
BRDA:20,0,address[3]:0->1,131202
BRDA:20,0,address[3]:1->0,131202
BRDA:20,0,address[4]:0->1,65600
BRDA:20,0,address[4]:1->0,65600
BRDA:20,0,address[5]:0->1,32800
BRDA:20,0,address[5]:1->0,32800
BRDA:20,0,address[6]:0->1,16400
BRDA:20,0,address[6]:1->0,16400
BRDA:20,0,address[7]:0->1,8200
BRDA:20,0,address[7]:1->0,8200
BRDA:20,0,(quadrant[0]==0) => 0,15853043
BRDA:20,0,(quadrant[0]==1) => 1,16369961
BRDA:20,0,(quadrant[0]==0) => 0,15992480
BRDA:20,0,(quadrant[0]==1) => 1,16230524
BRDA:20,0,cond_then,16369961
BRDA:20,0,cond_then,16230524
BRDA:20,0,cond_else,15853043
BRDA:20,0,cond_else,15992480
DA:22,2
DA:24,2
DA:26,6414950
BRDA:26,0,block,6414950
BRDA:26,0,block,6414950
DA:27,6347362
BRDA:27,0,else,4383312
BRDA:27,0,else,6347362
BRDA:27,0,if,2031638
BRDA:27,0,if,67588
DA:28,2031638
BRDA:28,0,if,2031638
BRDA:28,0,if,67588
DA:29,2031638
BRDA:29,0,if,2031638
BRDA:29,0,if,67588
BRDA:29,0,((quadrant == 32'sh1)==0 && (quadrant == 32'sh2)==0) => 0,1015818
BRDA:29,0,((quadrant == 32'sh1)==1) => 1,507910
BRDA:29,0,((quadrant == 32'sh2)==1) => 1,507910
BRDA:29,0,((quadrant == 32'sh1)==0 && (quadrant == 32'sh2)==0) => 0,33796
BRDA:29,0,((quadrant == 32'sh1)==1) => 1,16896
BRDA:29,0,((quadrant == 32'sh2)==1) => 1,16896
DA:30,2031638
BRDA:30,0,if,2031638
BRDA:30,0,if,67588
BRDA:30,0,((offset == 32'sh0)==0) => 0,2007826
BRDA:30,0,(quadrant[0]==0) => 0,1015824
BRDA:30,0,(quadrant[0]==1 && (offset == 32'sh0)==1) => 1,11904
BRDA:30,0,((offset == 32'sh0)==0) => 0,67320
BRDA:30,0,(quadrant[0]==0) => 0,33796
BRDA:30,0,(quadrant[0]==1 && (offset == 32'sh0)==1) => 1,132
DA:33,32221000
BRDA:33,0,(is_zero==0) => 0,32042728
BRDA:33,0,(is_zero==1) => 1,180276
BRDA:33,0,(is_zero==0) => 0,32221000
BRDA:33,0,(is_zero==1) => 1,2004
BRDA:33,0,cond_then,180276
BRDA:33,0,cond_then,2004
BRDA:33,0,cond_else,32042728
BRDA:33,0,cond_else,32221000
BRDA:33,0,cond_then,0
BRDA:33,0,cond_then,2004
BRDA:33,0,cond_else,180276
BRDA:33,0,cond_else,0
DA:34,31713010
BRDA:34,0,cond_then,15226279
BRDA:34,0,cond_then,507990
BRDA:34,0,cond_else,16816449
BRDA:34,0,cond_else,31713010
BRDA:34,0,cond_then,0
BRDA:34,0,cond_then,507990
BRDA:34,0,cond_else,15226279
BRDA:34,0,cond_else,0
BRF:308
BRH:294
end_of_record
SF:./rtl/core/vibration_core.sv
DA:10,6414950
BRDA:10,0,clk:0->1,6414950
BRDA:10,0,clk:1->0,6414948
DA:11,26
BRDA:11,0,rst:0->1,26
BRDA:11,0,rst:1->0,26
DA:12,318
BRDA:12,0,in_valid:0->1,318
BRDA:12,0,in_valid:1->0,318
DA:13,58
BRDA:13,0,in_ready:0->1,58
BRDA:13,0,in_ready:1->0,56
DA:14,15786
BRDA:14,0,in_sample[0]:0->1,15728
BRDA:14,0,in_sample[0]:1->0,15728
BRDA:14,0,in_sample[10]:0->1,14974
BRDA:14,0,in_sample[10]:1->0,14974
BRDA:14,0,in_sample[11]:0->1,13069
BRDA:14,0,in_sample[11]:1->0,13068
BRDA:14,0,in_sample[12]:0->1,12859
BRDA:14,0,in_sample[12]:1->0,12858
BRDA:14,0,in_sample[13]:0->1,13466
BRDA:14,0,in_sample[13]:1->0,13465
BRDA:14,0,in_sample[14]:0->1,13504
BRDA:14,0,in_sample[14]:1->0,13503
BRDA:14,0,in_sample[15]:0->1,13350
BRDA:14,0,in_sample[15]:1->0,13349
BRDA:14,0,in_sample[1]:0->1,15303
BRDA:14,0,in_sample[1]:1->0,15303
BRDA:14,0,in_sample[2]:0->1,15142
BRDA:14,0,in_sample[2]:1->0,15140
BRDA:14,0,in_sample[3]:0->1,15295
BRDA:14,0,in_sample[3]:1->0,15295
BRDA:14,0,in_sample[4]:0->1,15192
BRDA:14,0,in_sample[4]:1->0,15191
BRDA:14,0,in_sample[5]:0->1,14881
BRDA:14,0,in_sample[5]:1->0,14881
BRDA:14,0,in_sample[6]:0->1,15399
BRDA:14,0,in_sample[6]:1->0,15397
BRDA:14,0,in_sample[7]:0->1,15395
BRDA:14,0,in_sample[7]:1->0,15394
BRDA:14,0,in_sample[8]:0->1,15786
BRDA:14,0,in_sample[8]:1->0,15785
BRDA:14,0,in_sample[9]:0->1,15081
BRDA:14,0,in_sample[9]:1->0,15080
DA:15,38
BRDA:15,0,in_frame_id[0]:0->1,38
BRDA:15,0,in_frame_id[0]:1->0,36
BRDA:15,0,in_frame_id[10]:0->1,0
BRDA:15,0,in_frame_id[10]:1->0,0
BRDA:15,0,in_frame_id[11]:0->1,0
BRDA:15,0,in_frame_id[11]:1->0,0
BRDA:15,0,in_frame_id[12]:0->1,0
BRDA:15,0,in_frame_id[12]:1->0,0
BRDA:15,0,in_frame_id[13]:0->1,0
BRDA:15,0,in_frame_id[13]:1->0,0
BRDA:15,0,in_frame_id[14]:0->1,0
BRDA:15,0,in_frame_id[14]:1->0,0
BRDA:15,0,in_frame_id[15]:0->1,0
BRDA:15,0,in_frame_id[15]:1->0,0
BRDA:15,0,in_frame_id[16]:0->1,0
BRDA:15,0,in_frame_id[16]:1->0,0
BRDA:15,0,in_frame_id[17]:0->1,0
BRDA:15,0,in_frame_id[17]:1->0,0
BRDA:15,0,in_frame_id[18]:0->1,0
BRDA:15,0,in_frame_id[18]:1->0,0
BRDA:15,0,in_frame_id[19]:0->1,0
BRDA:15,0,in_frame_id[19]:1->0,0
BRDA:15,0,in_frame_id[1]:0->1,25
BRDA:15,0,in_frame_id[1]:1->0,23
BRDA:15,0,in_frame_id[20]:0->1,0
BRDA:15,0,in_frame_id[20]:1->0,0
BRDA:15,0,in_frame_id[21]:0->1,0
BRDA:15,0,in_frame_id[21]:1->0,0
BRDA:15,0,in_frame_id[22]:0->1,0
BRDA:15,0,in_frame_id[22]:1->0,0
BRDA:15,0,in_frame_id[23]:0->1,0
BRDA:15,0,in_frame_id[23]:1->0,0
BRDA:15,0,in_frame_id[24]:0->1,0
BRDA:15,0,in_frame_id[24]:1->0,0
BRDA:15,0,in_frame_id[25]:0->1,0
BRDA:15,0,in_frame_id[25]:1->0,0
BRDA:15,0,in_frame_id[26]:0->1,0
BRDA:15,0,in_frame_id[26]:1->0,0
BRDA:15,0,in_frame_id[27]:0->1,0
BRDA:15,0,in_frame_id[27]:1->0,0
BRDA:15,0,in_frame_id[28]:0->1,0
BRDA:15,0,in_frame_id[28]:1->0,0
BRDA:15,0,in_frame_id[29]:0->1,0
BRDA:15,0,in_frame_id[29]:1->0,0
BRDA:15,0,in_frame_id[2]:0->1,23
BRDA:15,0,in_frame_id[2]:1->0,21
BRDA:15,0,in_frame_id[30]:0->1,0
BRDA:15,0,in_frame_id[30]:1->0,0
BRDA:15,0,in_frame_id[31]:0->1,0
BRDA:15,0,in_frame_id[31]:1->0,0
BRDA:15,0,in_frame_id[3]:0->1,18
BRDA:15,0,in_frame_id[3]:1->0,18
BRDA:15,0,in_frame_id[4]:0->1,10
BRDA:15,0,in_frame_id[4]:1->0,8
BRDA:15,0,in_frame_id[5]:0->1,22
BRDA:15,0,in_frame_id[5]:1->0,20
BRDA:15,0,in_frame_id[6]:0->1,10
BRDA:15,0,in_frame_id[6]:1->0,10
BRDA:15,0,in_frame_id[7]:0->1,2
BRDA:15,0,in_frame_id[7]:1->0,2
BRDA:15,0,in_frame_id[8]:0->1,14
BRDA:15,0,in_frame_id[8]:1->0,12
BRDA:15,0,in_frame_id[9]:0->1,0
BRDA:15,0,in_frame_id[9]:1->0,0
DA:16,72
BRDA:16,0,in_last:0->1,72
BRDA:16,0,in_last:1->0,72
DA:17,56
BRDA:17,0,out_valid:0->1,56
BRDA:17,0,out_valid:1->0,56
DA:18,54
BRDA:18,0,out_ready:0->1,54
BRDA:18,0,out_ready:1->0,52
DA:19,36
BRDA:19,0,out_frame_id[0]:0->1,36
BRDA:19,0,out_frame_id[0]:1->0,34
BRDA:19,0,out_frame_id[10]:0->1,0
BRDA:19,0,out_frame_id[10]:1->0,0
BRDA:19,0,out_frame_id[11]:0->1,0
BRDA:19,0,out_frame_id[11]:1->0,0
BRDA:19,0,out_frame_id[12]:0->1,0
BRDA:19,0,out_frame_id[12]:1->0,0
BRDA:19,0,out_frame_id[13]:0->1,0
BRDA:19,0,out_frame_id[13]:1->0,0
BRDA:19,0,out_frame_id[14]:0->1,0
BRDA:19,0,out_frame_id[14]:1->0,0
BRDA:19,0,out_frame_id[15]:0->1,0
BRDA:19,0,out_frame_id[15]:1->0,0
BRDA:19,0,out_frame_id[16]:0->1,0
BRDA:19,0,out_frame_id[16]:1->0,0
BRDA:19,0,out_frame_id[17]:0->1,0
BRDA:19,0,out_frame_id[17]:1->0,0
BRDA:19,0,out_frame_id[18]:0->1,0
BRDA:19,0,out_frame_id[18]:1->0,0
BRDA:19,0,out_frame_id[19]:0->1,0
BRDA:19,0,out_frame_id[19]:1->0,0
BRDA:19,0,out_frame_id[1]:0->1,17
BRDA:19,0,out_frame_id[1]:1->0,15
BRDA:19,0,out_frame_id[20]:0->1,0
BRDA:19,0,out_frame_id[20]:1->0,0
BRDA:19,0,out_frame_id[21]:0->1,0
BRDA:19,0,out_frame_id[21]:1->0,0
BRDA:19,0,out_frame_id[22]:0->1,0
BRDA:19,0,out_frame_id[22]:1->0,0
BRDA:19,0,out_frame_id[23]:0->1,0
BRDA:19,0,out_frame_id[23]:1->0,0
BRDA:19,0,out_frame_id[24]:0->1,0
BRDA:19,0,out_frame_id[24]:1->0,0
BRDA:19,0,out_frame_id[25]:0->1,0
BRDA:19,0,out_frame_id[25]:1->0,0
BRDA:19,0,out_frame_id[26]:0->1,0
BRDA:19,0,out_frame_id[26]:1->0,0
BRDA:19,0,out_frame_id[27]:0->1,0
BRDA:19,0,out_frame_id[27]:1->0,0
BRDA:19,0,out_frame_id[28]:0->1,0
BRDA:19,0,out_frame_id[28]:1->0,0
BRDA:19,0,out_frame_id[29]:0->1,0
BRDA:19,0,out_frame_id[29]:1->0,0
BRDA:19,0,out_frame_id[2]:0->1,19
BRDA:19,0,out_frame_id[2]:1->0,17
BRDA:19,0,out_frame_id[30]:0->1,0
BRDA:19,0,out_frame_id[30]:1->0,0
BRDA:19,0,out_frame_id[31]:0->1,0
BRDA:19,0,out_frame_id[31]:1->0,0
BRDA:19,0,out_frame_id[3]:0->1,14
BRDA:19,0,out_frame_id[3]:1->0,14
BRDA:19,0,out_frame_id[4]:0->1,8
BRDA:19,0,out_frame_id[4]:1->0,6
BRDA:19,0,out_frame_id[5]:0->1,20
BRDA:19,0,out_frame_id[5]:1->0,18
BRDA:19,0,out_frame_id[6]:0->1,10
BRDA:19,0,out_frame_id[6]:1->0,10
BRDA:19,0,out_frame_id[7]:0->1,2
BRDA:19,0,out_frame_id[7]:1->0,2
BRDA:19,0,out_frame_id[8]:0->1,12
BRDA:19,0,out_frame_id[8]:1->0,10
BRDA:19,0,out_frame_id[9]:0->1,0
BRDA:19,0,out_frame_id[9]:1->0,0
DA:20,88
BRDA:20,0,out_logits[0]:0->1,14
BRDA:20,0,out_logits[0]:1->0,14
BRDA:20,0,out_logits[10]:0->1,27
BRDA:20,0,out_logits[10]:1->0,25
BRDA:20,0,out_logits[11]:0->1,14
BRDA:20,0,out_logits[11]:1->0,14
BRDA:20,0,out_logits[12]:0->1,16
BRDA:20,0,out_logits[12]:1->0,16
BRDA:20,0,out_logits[13]:0->1,13
BRDA:20,0,out_logits[13]:1->0,13
BRDA:20,0,out_logits[14]:0->1,13
BRDA:20,0,out_logits[14]:1->0,13
BRDA:20,0,out_logits[15]:0->1,14
BRDA:20,0,out_logits[15]:1->0,14
BRDA:20,0,out_logits[16]:0->1,14
BRDA:20,0,out_logits[16]:1->0,14
BRDA:20,0,out_logits[17]:0->1,14
BRDA:20,0,out_logits[17]:1->0,14
BRDA:20,0,out_logits[18]:0->1,14
BRDA:20,0,out_logits[18]:1->0,14
BRDA:20,0,out_logits[19]:0->1,14
BRDA:20,0,out_logits[19]:1->0,14
BRDA:20,0,out_logits[1]:0->1,6
BRDA:20,0,out_logits[1]:1->0,6
BRDA:20,0,out_logits[20]:0->1,14
BRDA:20,0,out_logits[20]:1->0,14
BRDA:20,0,out_logits[21]:0->1,14
BRDA:20,0,out_logits[21]:1->0,14
BRDA:20,0,out_logits[22]:0->1,14
BRDA:20,0,out_logits[22]:1->0,14
BRDA:20,0,out_logits[23]:0->1,14
BRDA:20,0,out_logits[23]:1->0,14
BRDA:20,0,out_logits[24]:0->1,14
BRDA:20,0,out_logits[24]:1->0,14
BRDA:20,0,out_logits[25]:0->1,14
BRDA:20,0,out_logits[25]:1->0,14
BRDA:20,0,out_logits[26]:0->1,14
BRDA:20,0,out_logits[26]:1->0,14
BRDA:20,0,out_logits[27]:0->1,14
BRDA:20,0,out_logits[27]:1->0,14
BRDA:20,0,out_logits[28]:0->1,14
BRDA:20,0,out_logits[28]:1->0,14
BRDA:20,0,out_logits[29]:0->1,14
BRDA:20,0,out_logits[29]:1->0,14
BRDA:20,0,out_logits[2]:0->1,25
BRDA:20,0,out_logits[2]:1->0,23
BRDA:20,0,out_logits[30]:0->1,14
BRDA:20,0,out_logits[30]:1->0,14
BRDA:20,0,out_logits[31]:0->1,14
BRDA:20,0,out_logits[31]:1->0,14
BRDA:20,0,out_logits[32]:0->1,27
BRDA:20,0,out_logits[32]:1->0,53
BRDA:20,0,out_logits[33]:0->1,25
BRDA:20,0,out_logits[33]:1->0,35
BRDA:20,0,out_logits[34]:0->1,23
BRDA:20,0,out_logits[34]:1->0,69
BRDA:20,0,out_logits[35]:0->1,22
BRDA:20,0,out_logits[35]:1->0,70
BRDA:20,0,out_logits[36]:0->1,14
BRDA:20,0,out_logits[36]:1->0,62
BRDA:20,0,out_logits[37]:0->1,14
BRDA:20,0,out_logits[37]:1->0,64
BRDA:20,0,out_logits[38]:0->1,7
BRDA:20,0,out_logits[38]:1->0,59
BRDA:20,0,out_logits[39]:0->1,27
BRDA:20,0,out_logits[39]:1->0,37
BRDA:20,0,out_logits[3]:0->1,26
BRDA:20,0,out_logits[3]:1->0,24
BRDA:20,0,out_logits[40]:0->1,5
BRDA:20,0,out_logits[40]:1->0,55
BRDA:20,0,out_logits[41]:0->1,26
BRDA:20,0,out_logits[41]:1->0,54
BRDA:20,0,out_logits[42]:0->1,13
BRDA:20,0,out_logits[42]:1->0,65
BRDA:20,0,out_logits[43]:0->1,26
BRDA:20,0,out_logits[43]:1->0,52
BRDA:20,0,out_logits[44]:0->1,26
BRDA:20,0,out_logits[44]:1->0,56
BRDA:20,0,out_logits[45]:0->1,25
BRDA:20,0,out_logits[45]:1->0,49
BRDA:20,0,out_logits[46]:0->1,26
BRDA:20,0,out_logits[46]:1->0,50
BRDA:20,0,out_logits[47]:0->1,26
BRDA:20,0,out_logits[47]:1->0,52
BRDA:20,0,out_logits[48]:0->1,26
BRDA:20,0,out_logits[48]:1->0,52
BRDA:20,0,out_logits[49]:0->1,26
BRDA:20,0,out_logits[49]:1->0,52
BRDA:20,0,out_logits[4]:0->1,25
BRDA:20,0,out_logits[4]:1->0,23
BRDA:20,0,out_logits[50]:0->1,26
BRDA:20,0,out_logits[50]:1->0,52
BRDA:20,0,out_logits[51]:0->1,26
BRDA:20,0,out_logits[51]:1->0,52
BRDA:20,0,out_logits[52]:0->1,26
BRDA:20,0,out_logits[52]:1->0,52
BRDA:20,0,out_logits[53]:0->1,26
BRDA:20,0,out_logits[53]:1->0,52
BRDA:20,0,out_logits[54]:0->1,26
BRDA:20,0,out_logits[54]:1->0,52
BRDA:20,0,out_logits[55]:0->1,26
BRDA:20,0,out_logits[55]:1->0,52
BRDA:20,0,out_logits[56]:0->1,26
BRDA:20,0,out_logits[56]:1->0,52
BRDA:20,0,out_logits[57]:0->1,26
BRDA:20,0,out_logits[57]:1->0,52
BRDA:20,0,out_logits[58]:0->1,26
BRDA:20,0,out_logits[58]:1->0,52
BRDA:20,0,out_logits[59]:0->1,26
BRDA:20,0,out_logits[59]:1->0,52
BRDA:20,0,out_logits[5]:0->1,26
BRDA:20,0,out_logits[5]:1->0,24
BRDA:20,0,out_logits[60]:0->1,26
BRDA:20,0,out_logits[60]:1->0,52
BRDA:20,0,out_logits[61]:0->1,26
BRDA:20,0,out_logits[61]:1->0,52
BRDA:20,0,out_logits[62]:0->1,26
BRDA:20,0,out_logits[62]:1->0,52
BRDA:20,0,out_logits[63]:0->1,26
BRDA:20,0,out_logits[63]:1->0,52
BRDA:20,0,out_logits[64]:0->1,18
BRDA:20,0,out_logits[64]:1->0,70
BRDA:20,0,out_logits[65]:0->1,31
BRDA:20,0,out_logits[65]:1->0,77
BRDA:20,0,out_logits[66]:0->1,48
BRDA:20,0,out_logits[66]:1->0,88
BRDA:20,0,out_logits[67]:0->1,29
BRDA:20,0,out_logits[67]:1->0,69
BRDA:20,0,out_logits[68]:0->1,33
BRDA:20,0,out_logits[68]:1->0,59
BRDA:20,0,out_logits[69]:0->1,49
BRDA:20,0,out_logits[69]:1->0,73
BRDA:20,0,out_logits[6]:0->1,27
BRDA:20,0,out_logits[6]:1->0,25
BRDA:20,0,out_logits[70]:0->1,34
BRDA:20,0,out_logits[70]:1->0,46
BRDA:20,0,out_logits[71]:0->1,8
BRDA:20,0,out_logits[71]:1->0,60
BRDA:20,0,out_logits[72]:0->1,29
BRDA:20,0,out_logits[72]:1->0,37
BRDA:20,0,out_logits[73]:0->1,39
BRDA:20,0,out_logits[73]:1->0,87
BRDA:20,0,out_logits[74]:0->1,41
BRDA:20,0,out_logits[74]:1->0,65
BRDA:20,0,out_logits[75]:0->1,37
BRDA:20,0,out_logits[75]:1->0,85
BRDA:20,0,out_logits[76]:0->1,39
BRDA:20,0,out_logits[76]:1->0,87
BRDA:20,0,out_logits[77]:0->1,37
BRDA:20,0,out_logits[77]:1->0,83
BRDA:20,0,out_logits[78]:0->1,39
BRDA:20,0,out_logits[78]:1->0,87
BRDA:20,0,out_logits[79]:0->1,38
BRDA:20,0,out_logits[79]:1->0,86
BRDA:20,0,out_logits[7]:0->1,6
BRDA:20,0,out_logits[7]:1->0,6
BRDA:20,0,out_logits[80]:0->1,40
BRDA:20,0,out_logits[80]:1->0,88
BRDA:20,0,out_logits[81]:0->1,40
BRDA:20,0,out_logits[81]:1->0,88
BRDA:20,0,out_logits[82]:0->1,40
BRDA:20,0,out_logits[82]:1->0,88
BRDA:20,0,out_logits[83]:0->1,40
BRDA:20,0,out_logits[83]:1->0,88
BRDA:20,0,out_logits[84]:0->1,40
BRDA:20,0,out_logits[84]:1->0,88
BRDA:20,0,out_logits[85]:0->1,40
BRDA:20,0,out_logits[85]:1->0,88
BRDA:20,0,out_logits[86]:0->1,40
BRDA:20,0,out_logits[86]:1->0,88
BRDA:20,0,out_logits[87]:0->1,40
BRDA:20,0,out_logits[87]:1->0,88
BRDA:20,0,out_logits[88]:0->1,40
BRDA:20,0,out_logits[88]:1->0,88
BRDA:20,0,out_logits[89]:0->1,40
BRDA:20,0,out_logits[89]:1->0,88
BRDA:20,0,out_logits[8]:0->1,26
BRDA:20,0,out_logits[8]:1->0,24
BRDA:20,0,out_logits[90]:0->1,40
BRDA:20,0,out_logits[90]:1->0,88
BRDA:20,0,out_logits[91]:0->1,40
BRDA:20,0,out_logits[91]:1->0,88
BRDA:20,0,out_logits[92]:0->1,40
BRDA:20,0,out_logits[92]:1->0,88
BRDA:20,0,out_logits[93]:0->1,40
BRDA:20,0,out_logits[93]:1->0,88
BRDA:20,0,out_logits[94]:0->1,40
BRDA:20,0,out_logits[94]:1->0,88
BRDA:20,0,out_logits[95]:0->1,40
BRDA:20,0,out_logits[95]:1->0,88
BRDA:20,0,out_logits[9]:0->1,15
BRDA:20,0,out_logits[9]:1->0,15
DA:21,13
BRDA:21,0,out_class[0]:0->1,6
BRDA:21,0,out_class[0]:1->0,6
BRDA:21,0,out_class[1]:0->1,13
BRDA:21,0,out_class[1]:1->0,13
DA:22,0
BRDA:22,0,out_error[0]:0->1,0
BRDA:22,0,out_error[0]:1->0,0
BRDA:22,0,out_error[1]:0->1,0
BRDA:22,0,out_error[1]:1->0,0
BRDA:22,0,out_error[2]:0->1,0
BRDA:22,0,out_error[2]:1->0,0
BRDA:22,0,out_error[3]:0->1,0
BRDA:22,0,out_error[3]:1->0,0
BRDA:22,0,out_error[4]:0->1,0
BRDA:22,0,out_error[4]:1->0,0
BRDA:22,0,out_error[5]:0->1,0
BRDA:22,0,out_error[5]:1->0,0
BRDA:22,0,out_error[6]:0->1,0
BRDA:22,0,out_error[6]:1->0,0
BRDA:22,0,out_error[7]:0->1,0
BRDA:22,0,out_error[7]:1->0,0
DA:23,24
BRDA:23,0,cycles_pre[0]:0->1,24
BRDA:23,0,cycles_pre[0]:1->0,22
BRDA:23,0,cycles_pre[10]:0->1,24
BRDA:23,0,cycles_pre[10]:1->0,22
BRDA:23,0,cycles_pre[11]:0->1,24
BRDA:23,0,cycles_pre[11]:1->0,22
BRDA:23,0,cycles_pre[12]:0->1,0
BRDA:23,0,cycles_pre[12]:1->0,0
BRDA:23,0,cycles_pre[13]:0->1,0
BRDA:23,0,cycles_pre[13]:1->0,0
BRDA:23,0,cycles_pre[14]:0->1,0
BRDA:23,0,cycles_pre[14]:1->0,0
BRDA:23,0,cycles_pre[15]:0->1,0
BRDA:23,0,cycles_pre[15]:1->0,0
BRDA:23,0,cycles_pre[16]:0->1,0
BRDA:23,0,cycles_pre[16]:1->0,0
BRDA:23,0,cycles_pre[17]:0->1,0
BRDA:23,0,cycles_pre[17]:1->0,0
BRDA:23,0,cycles_pre[18]:0->1,0
BRDA:23,0,cycles_pre[18]:1->0,0
BRDA:23,0,cycles_pre[19]:0->1,0
BRDA:23,0,cycles_pre[19]:1->0,0
BRDA:23,0,cycles_pre[1]:0->1,0
BRDA:23,0,cycles_pre[1]:1->0,0
BRDA:23,0,cycles_pre[20]:0->1,0
BRDA:23,0,cycles_pre[20]:1->0,0
BRDA:23,0,cycles_pre[21]:0->1,0
BRDA:23,0,cycles_pre[21]:1->0,0
BRDA:23,0,cycles_pre[22]:0->1,0
BRDA:23,0,cycles_pre[22]:1->0,0
BRDA:23,0,cycles_pre[23]:0->1,0
BRDA:23,0,cycles_pre[23]:1->0,0
BRDA:23,0,cycles_pre[24]:0->1,0
BRDA:23,0,cycles_pre[24]:1->0,0
BRDA:23,0,cycles_pre[25]:0->1,0
BRDA:23,0,cycles_pre[25]:1->0,0
BRDA:23,0,cycles_pre[26]:0->1,0
BRDA:23,0,cycles_pre[26]:1->0,0
BRDA:23,0,cycles_pre[27]:0->1,0
BRDA:23,0,cycles_pre[27]:1->0,0
BRDA:23,0,cycles_pre[28]:0->1,0
BRDA:23,0,cycles_pre[28]:1->0,0
BRDA:23,0,cycles_pre[29]:0->1,0
BRDA:23,0,cycles_pre[29]:1->0,0
BRDA:23,0,cycles_pre[2]:0->1,0
BRDA:23,0,cycles_pre[2]:1->0,0
BRDA:23,0,cycles_pre[30]:0->1,0
BRDA:23,0,cycles_pre[30]:1->0,0
BRDA:23,0,cycles_pre[31]:0->1,0
BRDA:23,0,cycles_pre[31]:1->0,0
BRDA:23,0,cycles_pre[3]:0->1,0
BRDA:23,0,cycles_pre[3]:1->0,0
BRDA:23,0,cycles_pre[4]:0->1,0
BRDA:23,0,cycles_pre[4]:1->0,0
BRDA:23,0,cycles_pre[5]:0->1,0
BRDA:23,0,cycles_pre[5]:1->0,0
BRDA:23,0,cycles_pre[6]:0->1,0
BRDA:23,0,cycles_pre[6]:1->0,0
BRDA:23,0,cycles_pre[7]:0->1,0
BRDA:23,0,cycles_pre[7]:1->0,0
BRDA:23,0,cycles_pre[8]:0->1,0
BRDA:23,0,cycles_pre[8]:1->0,0
BRDA:23,0,cycles_pre[9]:0->1,0
BRDA:23,0,cycles_pre[9]:1->0,0
DA:24,24
BRDA:24,0,cycles_dft[0]:0->1,0
BRDA:24,0,cycles_dft[0]:1->0,0
BRDA:24,0,cycles_dft[10]:0->1,0
BRDA:24,0,cycles_dft[10]:1->0,0
BRDA:24,0,cycles_dft[11]:0->1,0
BRDA:24,0,cycles_dft[11]:1->0,0
BRDA:24,0,cycles_dft[12]:0->1,0
BRDA:24,0,cycles_dft[12]:1->0,0
BRDA:24,0,cycles_dft[13]:0->1,0
BRDA:24,0,cycles_dft[13]:1->0,0
BRDA:24,0,cycles_dft[14]:0->1,0
BRDA:24,0,cycles_dft[14]:1->0,0
BRDA:24,0,cycles_dft[15]:0->1,24
BRDA:24,0,cycles_dft[15]:1->0,22
BRDA:24,0,cycles_dft[16]:0->1,24
BRDA:24,0,cycles_dft[16]:1->0,22
BRDA:24,0,cycles_dft[17]:0->1,0
BRDA:24,0,cycles_dft[17]:1->0,0
BRDA:24,0,cycles_dft[18]:0->1,0
BRDA:24,0,cycles_dft[18]:1->0,0
BRDA:24,0,cycles_dft[19]:0->1,0
BRDA:24,0,cycles_dft[19]:1->0,0
BRDA:24,0,cycles_dft[1]:0->1,0
BRDA:24,0,cycles_dft[1]:1->0,0
BRDA:24,0,cycles_dft[20]:0->1,0
BRDA:24,0,cycles_dft[20]:1->0,0
BRDA:24,0,cycles_dft[21]:0->1,0
BRDA:24,0,cycles_dft[21]:1->0,0
BRDA:24,0,cycles_dft[22]:0->1,0
BRDA:24,0,cycles_dft[22]:1->0,0
BRDA:24,0,cycles_dft[23]:0->1,0
BRDA:24,0,cycles_dft[23]:1->0,0
BRDA:24,0,cycles_dft[24]:0->1,0
BRDA:24,0,cycles_dft[24]:1->0,0
BRDA:24,0,cycles_dft[25]:0->1,0
BRDA:24,0,cycles_dft[25]:1->0,0
BRDA:24,0,cycles_dft[26]:0->1,0
BRDA:24,0,cycles_dft[26]:1->0,0
BRDA:24,0,cycles_dft[27]:0->1,0
BRDA:24,0,cycles_dft[27]:1->0,0
BRDA:24,0,cycles_dft[28]:0->1,0
BRDA:24,0,cycles_dft[28]:1->0,0
BRDA:24,0,cycles_dft[29]:0->1,0
BRDA:24,0,cycles_dft[29]:1->0,0
BRDA:24,0,cycles_dft[2]:0->1,0
BRDA:24,0,cycles_dft[2]:1->0,0
BRDA:24,0,cycles_dft[30]:0->1,0
BRDA:24,0,cycles_dft[30]:1->0,0
BRDA:24,0,cycles_dft[31]:0->1,0
BRDA:24,0,cycles_dft[31]:1->0,0
BRDA:24,0,cycles_dft[3]:0->1,0
BRDA:24,0,cycles_dft[3]:1->0,0
BRDA:24,0,cycles_dft[4]:0->1,0
BRDA:24,0,cycles_dft[4]:1->0,0
BRDA:24,0,cycles_dft[5]:0->1,0
BRDA:24,0,cycles_dft[5]:1->0,0
BRDA:24,0,cycles_dft[6]:0->1,24
BRDA:24,0,cycles_dft[6]:1->0,22
BRDA:24,0,cycles_dft[7]:0->1,0
BRDA:24,0,cycles_dft[7]:1->0,0
BRDA:24,0,cycles_dft[8]:0->1,0
BRDA:24,0,cycles_dft[8]:1->0,0
BRDA:24,0,cycles_dft[9]:0->1,0
BRDA:24,0,cycles_dft[9]:1->0,0
DA:25,24
BRDA:25,0,cycles_power[0]:0->1,0
BRDA:25,0,cycles_power[0]:1->0,0
BRDA:25,0,cycles_power[10]:0->1,0
BRDA:25,0,cycles_power[10]:1->0,0
BRDA:25,0,cycles_power[11]:0->1,0
BRDA:25,0,cycles_power[11]:1->0,0
BRDA:25,0,cycles_power[12]:0->1,0
BRDA:25,0,cycles_power[12]:1->0,0
BRDA:25,0,cycles_power[13]:0->1,0
BRDA:25,0,cycles_power[13]:1->0,0
BRDA:25,0,cycles_power[14]:0->1,0
BRDA:25,0,cycles_power[14]:1->0,0
BRDA:25,0,cycles_power[15]:0->1,0
BRDA:25,0,cycles_power[15]:1->0,0
BRDA:25,0,cycles_power[16]:0->1,0
BRDA:25,0,cycles_power[16]:1->0,0
BRDA:25,0,cycles_power[17]:0->1,0
BRDA:25,0,cycles_power[17]:1->0,0
BRDA:25,0,cycles_power[18]:0->1,0
BRDA:25,0,cycles_power[18]:1->0,0
BRDA:25,0,cycles_power[19]:0->1,0
BRDA:25,0,cycles_power[19]:1->0,0
BRDA:25,0,cycles_power[1]:0->1,0
BRDA:25,0,cycles_power[1]:1->0,0
BRDA:25,0,cycles_power[20]:0->1,0
BRDA:25,0,cycles_power[20]:1->0,0
BRDA:25,0,cycles_power[21]:0->1,0
BRDA:25,0,cycles_power[21]:1->0,0
BRDA:25,0,cycles_power[22]:0->1,0
BRDA:25,0,cycles_power[22]:1->0,0
BRDA:25,0,cycles_power[23]:0->1,0
BRDA:25,0,cycles_power[23]:1->0,0
BRDA:25,0,cycles_power[24]:0->1,0
BRDA:25,0,cycles_power[24]:1->0,0
BRDA:25,0,cycles_power[25]:0->1,0
BRDA:25,0,cycles_power[25]:1->0,0
BRDA:25,0,cycles_power[26]:0->1,0
BRDA:25,0,cycles_power[26]:1->0,0
BRDA:25,0,cycles_power[27]:0->1,0
BRDA:25,0,cycles_power[27]:1->0,0
BRDA:25,0,cycles_power[28]:0->1,0
BRDA:25,0,cycles_power[28]:1->0,0
BRDA:25,0,cycles_power[29]:0->1,0
BRDA:25,0,cycles_power[29]:1->0,0
BRDA:25,0,cycles_power[2]:0->1,24
BRDA:25,0,cycles_power[2]:1->0,22
BRDA:25,0,cycles_power[30]:0->1,0
BRDA:25,0,cycles_power[30]:1->0,0
BRDA:25,0,cycles_power[31]:0->1,0
BRDA:25,0,cycles_power[31]:1->0,0
BRDA:25,0,cycles_power[3]:0->1,24
BRDA:25,0,cycles_power[3]:1->0,22
BRDA:25,0,cycles_power[4]:0->1,0
BRDA:25,0,cycles_power[4]:1->0,0
BRDA:25,0,cycles_power[5]:0->1,0
BRDA:25,0,cycles_power[5]:1->0,0
BRDA:25,0,cycles_power[6]:0->1,0
BRDA:25,0,cycles_power[6]:1->0,0
BRDA:25,0,cycles_power[7]:0->1,24
BRDA:25,0,cycles_power[7]:1->0,22
BRDA:25,0,cycles_power[8]:0->1,0
BRDA:25,0,cycles_power[8]:1->0,0
BRDA:25,0,cycles_power[9]:0->1,0
BRDA:25,0,cycles_power[9]:1->0,0
DA:26,24
BRDA:26,0,cycles_nn[0]:0->1,0
BRDA:26,0,cycles_nn[0]:1->0,0
BRDA:26,0,cycles_nn[10]:0->1,0
BRDA:26,0,cycles_nn[10]:1->0,0
BRDA:26,0,cycles_nn[11]:0->1,0
BRDA:26,0,cycles_nn[11]:1->0,0
BRDA:26,0,cycles_nn[12]:0->1,0
BRDA:26,0,cycles_nn[12]:1->0,0
BRDA:26,0,cycles_nn[13]:0->1,0
BRDA:26,0,cycles_nn[13]:1->0,0
BRDA:26,0,cycles_nn[14]:0->1,0
BRDA:26,0,cycles_nn[14]:1->0,0
BRDA:26,0,cycles_nn[15]:0->1,0
BRDA:26,0,cycles_nn[15]:1->0,0
BRDA:26,0,cycles_nn[16]:0->1,0
BRDA:26,0,cycles_nn[16]:1->0,0
BRDA:26,0,cycles_nn[17]:0->1,0
BRDA:26,0,cycles_nn[17]:1->0,0
BRDA:26,0,cycles_nn[18]:0->1,0
BRDA:26,0,cycles_nn[18]:1->0,0
BRDA:26,0,cycles_nn[19]:0->1,0
BRDA:26,0,cycles_nn[19]:1->0,0
BRDA:26,0,cycles_nn[1]:0->1,24
BRDA:26,0,cycles_nn[1]:1->0,22
BRDA:26,0,cycles_nn[20]:0->1,0
BRDA:26,0,cycles_nn[20]:1->0,0
BRDA:26,0,cycles_nn[21]:0->1,0
BRDA:26,0,cycles_nn[21]:1->0,0
BRDA:26,0,cycles_nn[22]:0->1,0
BRDA:26,0,cycles_nn[22]:1->0,0
BRDA:26,0,cycles_nn[23]:0->1,0
BRDA:26,0,cycles_nn[23]:1->0,0
BRDA:26,0,cycles_nn[24]:0->1,0
BRDA:26,0,cycles_nn[24]:1->0,0
BRDA:26,0,cycles_nn[25]:0->1,0
BRDA:26,0,cycles_nn[25]:1->0,0
BRDA:26,0,cycles_nn[26]:0->1,0
BRDA:26,0,cycles_nn[26]:1->0,0
BRDA:26,0,cycles_nn[27]:0->1,0
BRDA:26,0,cycles_nn[27]:1->0,0
BRDA:26,0,cycles_nn[28]:0->1,0
BRDA:26,0,cycles_nn[28]:1->0,0
BRDA:26,0,cycles_nn[29]:0->1,0
BRDA:26,0,cycles_nn[29]:1->0,0
BRDA:26,0,cycles_nn[2]:0->1,24
BRDA:26,0,cycles_nn[2]:1->0,22
BRDA:26,0,cycles_nn[30]:0->1,0
BRDA:26,0,cycles_nn[30]:1->0,0
BRDA:26,0,cycles_nn[31]:0->1,0
BRDA:26,0,cycles_nn[31]:1->0,0
BRDA:26,0,cycles_nn[3]:0->1,0
BRDA:26,0,cycles_nn[3]:1->0,0
BRDA:26,0,cycles_nn[4]:0->1,24
BRDA:26,0,cycles_nn[4]:1->0,22
BRDA:26,0,cycles_nn[5]:0->1,24
BRDA:26,0,cycles_nn[5]:1->0,22
BRDA:26,0,cycles_nn[6]:0->1,0
BRDA:26,0,cycles_nn[6]:1->0,0
BRDA:26,0,cycles_nn[7]:0->1,24
BRDA:26,0,cycles_nn[7]:1->0,22
BRDA:26,0,cycles_nn[8]:0->1,24
BRDA:26,0,cycles_nn[8]:1->0,22
BRDA:26,0,cycles_nn[9]:0->1,24
BRDA:26,0,cycles_nn[9]:1->0,22
DA:27,24
BRDA:27,0,cycles_total[0]:0->1,24
BRDA:27,0,cycles_total[0]:1->0,22
BRDA:27,0,cycles_total[10]:0->1,0
BRDA:27,0,cycles_total[10]:1->0,0
BRDA:27,0,cycles_total[11]:0->1,0
BRDA:27,0,cycles_total[11]:1->0,0
BRDA:27,0,cycles_total[12]:0->1,24
BRDA:27,0,cycles_total[12]:1->0,22
BRDA:27,0,cycles_total[13]:0->1,0
BRDA:27,0,cycles_total[13]:1->0,0
BRDA:27,0,cycles_total[14]:0->1,0
BRDA:27,0,cycles_total[14]:1->0,0
BRDA:27,0,cycles_total[15]:0->1,24
BRDA:27,0,cycles_total[15]:1->0,22
BRDA:27,0,cycles_total[16]:0->1,24
BRDA:27,0,cycles_total[16]:1->0,22
BRDA:27,0,cycles_total[17]:0->1,0
BRDA:27,0,cycles_total[17]:1->0,0
BRDA:27,0,cycles_total[18]:0->1,0
BRDA:27,0,cycles_total[18]:1->0,0
BRDA:27,0,cycles_total[19]:0->1,0
BRDA:27,0,cycles_total[19]:1->0,0
BRDA:27,0,cycles_total[1]:0->1,24
BRDA:27,0,cycles_total[1]:1->0,22
BRDA:27,0,cycles_total[20]:0->1,0
BRDA:27,0,cycles_total[20]:1->0,0
BRDA:27,0,cycles_total[21]:0->1,0
BRDA:27,0,cycles_total[21]:1->0,0
BRDA:27,0,cycles_total[22]:0->1,0
BRDA:27,0,cycles_total[22]:1->0,0
BRDA:27,0,cycles_total[23]:0->1,0
BRDA:27,0,cycles_total[23]:1->0,0
BRDA:27,0,cycles_total[24]:0->1,0
BRDA:27,0,cycles_total[24]:1->0,0
BRDA:27,0,cycles_total[25]:0->1,0
BRDA:27,0,cycles_total[25]:1->0,0
BRDA:27,0,cycles_total[26]:0->1,0
BRDA:27,0,cycles_total[26]:1->0,0
BRDA:27,0,cycles_total[27]:0->1,0
BRDA:27,0,cycles_total[27]:1->0,0
BRDA:27,0,cycles_total[28]:0->1,0
BRDA:27,0,cycles_total[28]:1->0,0
BRDA:27,0,cycles_total[29]:0->1,0
BRDA:27,0,cycles_total[29]:1->0,0
BRDA:27,0,cycles_total[2]:0->1,0
BRDA:27,0,cycles_total[2]:1->0,0
BRDA:27,0,cycles_total[30]:0->1,0
BRDA:27,0,cycles_total[30]:1->0,0
BRDA:27,0,cycles_total[31]:0->1,0
BRDA:27,0,cycles_total[31]:1->0,0
BRDA:27,0,cycles_total[3]:0->1,0
BRDA:27,0,cycles_total[3]:1->0,0
BRDA:27,0,cycles_total[4]:0->1,0
BRDA:27,0,cycles_total[4]:1->0,0
BRDA:27,0,cycles_total[5]:0->1,0
BRDA:27,0,cycles_total[5]:1->0,0
BRDA:27,0,cycles_total[6]:0->1,0
BRDA:27,0,cycles_total[6]:1->0,0
BRDA:27,0,cycles_total[7]:0->1,24
BRDA:27,0,cycles_total[7]:1->0,22
BRDA:27,0,cycles_total[8]:0->1,0
BRDA:27,0,cycles_total[8]:1->0,0
BRDA:27,0,cycles_total[9]:0->1,0
BRDA:27,0,cycles_total[9]:1->0,0
DA:28,4
BRDA:28,0,protocol_errors[0]:0->1,4
BRDA:28,0,protocol_errors[0]:1->0,4
BRDA:28,0,protocol_errors[10]:0->1,0
BRDA:28,0,protocol_errors[10]:1->0,0
BRDA:28,0,protocol_errors[11]:0->1,0
BRDA:28,0,protocol_errors[11]:1->0,0
BRDA:28,0,protocol_errors[12]:0->1,0
BRDA:28,0,protocol_errors[12]:1->0,0
BRDA:28,0,protocol_errors[13]:0->1,0
BRDA:28,0,protocol_errors[13]:1->0,0
BRDA:28,0,protocol_errors[14]:0->1,0
BRDA:28,0,protocol_errors[14]:1->0,0
BRDA:28,0,protocol_errors[15]:0->1,0
BRDA:28,0,protocol_errors[15]:1->0,0
BRDA:28,0,protocol_errors[16]:0->1,0
BRDA:28,0,protocol_errors[16]:1->0,0
BRDA:28,0,protocol_errors[17]:0->1,0
BRDA:28,0,protocol_errors[17]:1->0,0
BRDA:28,0,protocol_errors[18]:0->1,0
BRDA:28,0,protocol_errors[18]:1->0,0
BRDA:28,0,protocol_errors[19]:0->1,0
BRDA:28,0,protocol_errors[19]:1->0,0
BRDA:28,0,protocol_errors[1]:0->1,2
BRDA:28,0,protocol_errors[1]:1->0,2
BRDA:28,0,protocol_errors[20]:0->1,0
BRDA:28,0,protocol_errors[20]:1->0,0
BRDA:28,0,protocol_errors[21]:0->1,0
BRDA:28,0,protocol_errors[21]:1->0,0
BRDA:28,0,protocol_errors[22]:0->1,0
BRDA:28,0,protocol_errors[22]:1->0,0
BRDA:28,0,protocol_errors[23]:0->1,0
BRDA:28,0,protocol_errors[23]:1->0,0
BRDA:28,0,protocol_errors[24]:0->1,0
BRDA:28,0,protocol_errors[24]:1->0,0
BRDA:28,0,protocol_errors[25]:0->1,0
BRDA:28,0,protocol_errors[25]:1->0,0
BRDA:28,0,protocol_errors[26]:0->1,0
BRDA:28,0,protocol_errors[26]:1->0,0
BRDA:28,0,protocol_errors[27]:0->1,0
BRDA:28,0,protocol_errors[27]:1->0,0
BRDA:28,0,protocol_errors[28]:0->1,0
BRDA:28,0,protocol_errors[28]:1->0,0
BRDA:28,0,protocol_errors[29]:0->1,0
BRDA:28,0,protocol_errors[29]:1->0,0
BRDA:28,0,protocol_errors[2]:0->1,2
BRDA:28,0,protocol_errors[2]:1->0,2
BRDA:28,0,protocol_errors[30]:0->1,0
BRDA:28,0,protocol_errors[30]:1->0,0
BRDA:28,0,protocol_errors[31]:0->1,0
BRDA:28,0,protocol_errors[31]:1->0,0
BRDA:28,0,protocol_errors[3]:0->1,0
BRDA:28,0,protocol_errors[3]:1->0,0
BRDA:28,0,protocol_errors[4]:0->1,0
BRDA:28,0,protocol_errors[4]:1->0,0
BRDA:28,0,protocol_errors[5]:0->1,0
BRDA:28,0,protocol_errors[5]:1->0,0
BRDA:28,0,protocol_errors[6]:0->1,0
BRDA:28,0,protocol_errors[6]:1->0,0
BRDA:28,0,protocol_errors[7]:0->1,0
BRDA:28,0,protocol_errors[7]:1->0,0
BRDA:28,0,protocol_errors[8]:0->1,0
BRDA:28,0,protocol_errors[8]:1->0,0
BRDA:28,0,protocol_errors[9]:0->1,0
BRDA:28,0,protocol_errors[9]:1->0,0
DA:31,72662
BRDA:31,0,dbg_valid:0->1,72662
BRDA:31,0,dbg_valid:1->0,72662
DA:32,2076
BRDA:32,0,dbg_kind[0]:0->1,2076
BRDA:32,0,dbg_kind[0]:1->0,2074
BRDA:32,0,dbg_kind[1]:0->1,120
BRDA:32,0,dbg_kind[1]:1->0,118
BRDA:32,0,dbg_kind[2]:0->1,62
BRDA:32,0,dbg_kind[2]:1->0,60
BRDA:32,0,dbg_kind[3]:0->1,0
BRDA:32,0,dbg_kind[3]:1->0,0
DA:33,35290
BRDA:33,0,dbg_index[0]:0->1,35290
BRDA:33,0,dbg_index[0]:1->0,35290
BRDA:33,0,dbg_index[10]:0->1,0
BRDA:33,0,dbg_index[10]:1->0,0
BRDA:33,0,dbg_index[11]:0->1,0
BRDA:33,0,dbg_index[11]:1->0,0
BRDA:33,0,dbg_index[12]:0->1,0
BRDA:33,0,dbg_index[12]:1->0,0
BRDA:33,0,dbg_index[13]:0->1,0
BRDA:33,0,dbg_index[13]:1->0,0
BRDA:33,0,dbg_index[14]:0->1,0
BRDA:33,0,dbg_index[14]:1->0,0
BRDA:33,0,dbg_index[15]:0->1,0
BRDA:33,0,dbg_index[15]:1->0,0
BRDA:33,0,dbg_index[1]:0->1,17674
BRDA:33,0,dbg_index[1]:1->0,17672
BRDA:33,0,dbg_index[2]:0->1,8808
BRDA:33,0,dbg_index[2]:1->0,8808
BRDA:33,0,dbg_index[3]:0->1,4404
BRDA:33,0,dbg_index[3]:1->0,4404
BRDA:33,0,dbg_index[4]:0->1,2112
BRDA:33,0,dbg_index[4]:1->0,2112
BRDA:33,0,dbg_index[5]:0->1,1056
BRDA:33,0,dbg_index[5]:1->0,1056
BRDA:33,0,dbg_index[6]:0->1,528
BRDA:33,0,dbg_index[6]:1->0,528
BRDA:33,0,dbg_index[7]:0->1,264
BRDA:33,0,dbg_index[7]:1->0,264
BRDA:33,0,dbg_index[8]:0->1,132
BRDA:33,0,dbg_index[8]:1->0,132
BRDA:33,0,dbg_index[9]:0->1,66
BRDA:33,0,dbg_index[9]:1->0,66
DA:34,14098
BRDA:34,0,dbg_value[0]:0->1,13989
BRDA:34,0,dbg_value[0]:1->0,13989
BRDA:34,0,dbg_value[10]:0->1,12252
BRDA:34,0,dbg_value[10]:1->0,12252
BRDA:34,0,dbg_value[11]:0->1,12279
BRDA:34,0,dbg_value[11]:1->0,12277
BRDA:34,0,dbg_value[12]:0->1,12282
BRDA:34,0,dbg_value[12]:1->0,12280
BRDA:34,0,dbg_value[13]:0->1,12276
BRDA:34,0,dbg_value[13]:1->0,12274
BRDA:34,0,dbg_value[14]:0->1,12276
BRDA:34,0,dbg_value[14]:1->0,12274
BRDA:34,0,dbg_value[15]:0->1,12293
BRDA:34,0,dbg_value[15]:1->0,12291
BRDA:34,0,dbg_value[16]:0->1,12245
BRDA:34,0,dbg_value[16]:1->0,12243
BRDA:34,0,dbg_value[17]:0->1,12259
BRDA:34,0,dbg_value[17]:1->0,12257
BRDA:34,0,dbg_value[18]:0->1,12262
BRDA:34,0,dbg_value[18]:1->0,12260
BRDA:34,0,dbg_value[19]:0->1,12241
BRDA:34,0,dbg_value[19]:1->0,12239
BRDA:34,0,dbg_value[1]:0->1,13919
BRDA:34,0,dbg_value[1]:1->0,13917
BRDA:34,0,dbg_value[20]:0->1,12233
BRDA:34,0,dbg_value[20]:1->0,12231
BRDA:34,0,dbg_value[21]:0->1,12259
BRDA:34,0,dbg_value[21]:1->0,12257
BRDA:34,0,dbg_value[22]:0->1,12232
BRDA:34,0,dbg_value[22]:1->0,12230
BRDA:34,0,dbg_value[23]:0->1,12230
BRDA:34,0,dbg_value[23]:1->0,12228
BRDA:34,0,dbg_value[24]:0->1,12231
BRDA:34,0,dbg_value[24]:1->0,12229
BRDA:34,0,dbg_value[25]:0->1,12230
BRDA:34,0,dbg_value[25]:1->0,12228
BRDA:34,0,dbg_value[26]:0->1,12230
BRDA:34,0,dbg_value[26]:1->0,12228
BRDA:34,0,dbg_value[27]:0->1,12230
BRDA:34,0,dbg_value[27]:1->0,12228
BRDA:34,0,dbg_value[28]:0->1,12230
BRDA:34,0,dbg_value[28]:1->0,12228
BRDA:34,0,dbg_value[29]:0->1,12230
BRDA:34,0,dbg_value[29]:1->0,12228
BRDA:34,0,dbg_value[2]:0->1,13688
BRDA:34,0,dbg_value[2]:1->0,13686
BRDA:34,0,dbg_value[30]:0->1,12230
BRDA:34,0,dbg_value[30]:1->0,12228
BRDA:34,0,dbg_value[31]:0->1,12230
BRDA:34,0,dbg_value[31]:1->0,12228
BRDA:34,0,dbg_value[32]:0->1,12230
BRDA:34,0,dbg_value[32]:1->0,12228
BRDA:34,0,dbg_value[33]:0->1,12230
BRDA:34,0,dbg_value[33]:1->0,12228
BRDA:34,0,dbg_value[34]:0->1,12230
BRDA:34,0,dbg_value[34]:1->0,12228
BRDA:34,0,dbg_value[35]:0->1,12230
BRDA:34,0,dbg_value[35]:1->0,12228
BRDA:34,0,dbg_value[36]:0->1,12230
BRDA:34,0,dbg_value[36]:1->0,12228
BRDA:34,0,dbg_value[37]:0->1,12230
BRDA:34,0,dbg_value[37]:1->0,12228
BRDA:34,0,dbg_value[38]:0->1,12230
BRDA:34,0,dbg_value[38]:1->0,12228
BRDA:34,0,dbg_value[39]:0->1,12230
BRDA:34,0,dbg_value[39]:1->0,12228
BRDA:34,0,dbg_value[3]:0->1,14098
BRDA:34,0,dbg_value[3]:1->0,14098
BRDA:34,0,dbg_value[4]:0->1,14094
BRDA:34,0,dbg_value[4]:1->0,14094
BRDA:34,0,dbg_value[5]:0->1,13657
BRDA:34,0,dbg_value[5]:1->0,13655
BRDA:34,0,dbg_value[6]:0->1,13587
BRDA:34,0,dbg_value[6]:1->0,13587
BRDA:34,0,dbg_value[7]:0->1,13388
BRDA:34,0,dbg_value[7]:1->0,13388
BRDA:34,0,dbg_value[8]:0->1,13428
BRDA:34,0,dbg_value[8]:1->0,13428
BRDA:34,0,dbg_value[9]:0->1,12274
BRDA:34,0,dbg_value[9]:1->0,12272
DA:64,2122900
BRDA:64,0,state[0]:0->1,2122900
BRDA:64,0,state[0]:1->0,2122900
BRDA:64,0,state[1]:0->1,2118842
BRDA:64,0,state[1]:1->0,2118842
BRDA:64,0,state[2]:0->1,2117754
BRDA:64,0,state[2]:1->0,2117754
BRDA:64,0,state[3]:0->1,2032536
BRDA:64,0,state[3]:1->0,2032536
BRDA:64,0,state[4]:0->1,960
BRDA:64,0,state[4]:1->0,960
DA:69,2
BRDA:69,0,frequency_bins[0][0]:0->1,0
BRDA:69,0,frequency_bins[0][0]:1->0,0
BRDA:69,0,frequency_bins[0][10]:0->1,0
BRDA:69,0,frequency_bins[0][10]:1->0,0
BRDA:69,0,frequency_bins[0][11]:0->1,0
BRDA:69,0,frequency_bins[0][11]:1->0,0
BRDA:69,0,frequency_bins[0][12]:0->1,0
BRDA:69,0,frequency_bins[0][12]:1->0,0
BRDA:69,0,frequency_bins[0][13]:0->1,0
BRDA:69,0,frequency_bins[0][13]:1->0,0
BRDA:69,0,frequency_bins[0][14]:0->1,0
BRDA:69,0,frequency_bins[0][14]:1->0,0
BRDA:69,0,frequency_bins[0][15]:0->1,0
BRDA:69,0,frequency_bins[0][15]:1->0,0
BRDA:69,0,frequency_bins[0][1]:0->1,0
BRDA:69,0,frequency_bins[0][1]:1->0,0
BRDA:69,0,frequency_bins[0][2]:0->1,0
BRDA:69,0,frequency_bins[0][2]:1->0,0
BRDA:69,0,frequency_bins[0][3]:0->1,0
BRDA:69,0,frequency_bins[0][3]:1->0,0
BRDA:69,0,frequency_bins[0][4]:0->1,2
BRDA:69,0,frequency_bins[0][4]:1->0,0
BRDA:69,0,frequency_bins[0][5]:0->1,0
BRDA:69,0,frequency_bins[0][5]:1->0,0
BRDA:69,0,frequency_bins[0][6]:0->1,2
BRDA:69,0,frequency_bins[0][6]:1->0,0
BRDA:69,0,frequency_bins[0][7]:0->1,0
BRDA:69,0,frequency_bins[0][7]:1->0,0
BRDA:69,0,frequency_bins[0][8]:0->1,0
BRDA:69,0,frequency_bins[0][8]:1->0,0
BRDA:69,0,frequency_bins[0][9]:0->1,0
BRDA:69,0,frequency_bins[0][9]:1->0,0
BRDA:69,0,frequency_bins[10][0]:0->1,0
BRDA:69,0,frequency_bins[10][0]:1->0,0
BRDA:69,0,frequency_bins[10][10]:0->1,0
BRDA:69,0,frequency_bins[10][10]:1->0,0
BRDA:69,0,frequency_bins[10][11]:0->1,0
BRDA:69,0,frequency_bins[10][11]:1->0,0
BRDA:69,0,frequency_bins[10][12]:0->1,0
BRDA:69,0,frequency_bins[10][12]:1->0,0
BRDA:69,0,frequency_bins[10][13]:0->1,0
BRDA:69,0,frequency_bins[10][13]:1->0,0
BRDA:69,0,frequency_bins[10][14]:0->1,0
BRDA:69,0,frequency_bins[10][14]:1->0,0
BRDA:69,0,frequency_bins[10][15]:0->1,0
BRDA:69,0,frequency_bins[10][15]:1->0,0
BRDA:69,0,frequency_bins[10][1]:0->1,2
BRDA:69,0,frequency_bins[10][1]:1->0,0
BRDA:69,0,frequency_bins[10][2]:0->1,0
BRDA:69,0,frequency_bins[10][2]:1->0,0
BRDA:69,0,frequency_bins[10][3]:0->1,2
BRDA:69,0,frequency_bins[10][3]:1->0,0
BRDA:69,0,frequency_bins[10][4]:0->1,2
BRDA:69,0,frequency_bins[10][4]:1->0,0
BRDA:69,0,frequency_bins[10][5]:0->1,0
BRDA:69,0,frequency_bins[10][5]:1->0,0
BRDA:69,0,frequency_bins[10][6]:0->1,2
BRDA:69,0,frequency_bins[10][6]:1->0,0
BRDA:69,0,frequency_bins[10][7]:0->1,0
BRDA:69,0,frequency_bins[10][7]:1->0,0
BRDA:69,0,frequency_bins[10][8]:0->1,2
BRDA:69,0,frequency_bins[10][8]:1->0,0
BRDA:69,0,frequency_bins[10][9]:0->1,0
BRDA:69,0,frequency_bins[10][9]:1->0,0
BRDA:69,0,frequency_bins[11][0]:0->1,2
BRDA:69,0,frequency_bins[11][0]:1->0,0
BRDA:69,0,frequency_bins[11][10]:0->1,0
BRDA:69,0,frequency_bins[11][10]:1->0,0
BRDA:69,0,frequency_bins[11][11]:0->1,0
BRDA:69,0,frequency_bins[11][11]:1->0,0
BRDA:69,0,frequency_bins[11][12]:0->1,0
BRDA:69,0,frequency_bins[11][12]:1->0,0
BRDA:69,0,frequency_bins[11][13]:0->1,0
BRDA:69,0,frequency_bins[11][13]:1->0,0
BRDA:69,0,frequency_bins[11][14]:0->1,0
BRDA:69,0,frequency_bins[11][14]:1->0,0
BRDA:69,0,frequency_bins[11][15]:0->1,0
BRDA:69,0,frequency_bins[11][15]:1->0,0
BRDA:69,0,frequency_bins[11][1]:0->1,2
BRDA:69,0,frequency_bins[11][1]:1->0,0
BRDA:69,0,frequency_bins[11][2]:0->1,0
BRDA:69,0,frequency_bins[11][2]:1->0,0
BRDA:69,0,frequency_bins[11][3]:0->1,0
BRDA:69,0,frequency_bins[11][3]:1->0,0
BRDA:69,0,frequency_bins[11][4]:0->1,0
BRDA:69,0,frequency_bins[11][4]:1->0,0
BRDA:69,0,frequency_bins[11][5]:0->1,2
BRDA:69,0,frequency_bins[11][5]:1->0,0
BRDA:69,0,frequency_bins[11][6]:0->1,2
BRDA:69,0,frequency_bins[11][6]:1->0,0
BRDA:69,0,frequency_bins[11][7]:0->1,0
BRDA:69,0,frequency_bins[11][7]:1->0,0
BRDA:69,0,frequency_bins[11][8]:0->1,2
BRDA:69,0,frequency_bins[11][8]:1->0,0
BRDA:69,0,frequency_bins[11][9]:0->1,0
BRDA:69,0,frequency_bins[11][9]:1->0,0
BRDA:69,0,frequency_bins[12][0]:0->1,2
BRDA:69,0,frequency_bins[12][0]:1->0,0
BRDA:69,0,frequency_bins[12][10]:0->1,0
BRDA:69,0,frequency_bins[12][10]:1->0,0
BRDA:69,0,frequency_bins[12][11]:0->1,0
BRDA:69,0,frequency_bins[12][11]:1->0,0
BRDA:69,0,frequency_bins[12][12]:0->1,0
BRDA:69,0,frequency_bins[12][12]:1->0,0
BRDA:69,0,frequency_bins[12][13]:0->1,0
BRDA:69,0,frequency_bins[12][13]:1->0,0
BRDA:69,0,frequency_bins[12][14]:0->1,0
BRDA:69,0,frequency_bins[12][14]:1->0,0
BRDA:69,0,frequency_bins[12][15]:0->1,0
BRDA:69,0,frequency_bins[12][15]:1->0,0
BRDA:69,0,frequency_bins[12][1]:0->1,2
BRDA:69,0,frequency_bins[12][1]:1->0,0
BRDA:69,0,frequency_bins[12][2]:0->1,2
BRDA:69,0,frequency_bins[12][2]:1->0,0
BRDA:69,0,frequency_bins[12][3]:0->1,0
BRDA:69,0,frequency_bins[12][3]:1->0,0
BRDA:69,0,frequency_bins[12][4]:0->1,2
BRDA:69,0,frequency_bins[12][4]:1->0,0
BRDA:69,0,frequency_bins[12][5]:0->1,2
BRDA:69,0,frequency_bins[12][5]:1->0,0
BRDA:69,0,frequency_bins[12][6]:0->1,0
BRDA:69,0,frequency_bins[12][6]:1->0,0
BRDA:69,0,frequency_bins[12][7]:0->1,2
BRDA:69,0,frequency_bins[12][7]:1->0,0
BRDA:69,0,frequency_bins[12][8]:0->1,2
BRDA:69,0,frequency_bins[12][8]:1->0,0
BRDA:69,0,frequency_bins[12][9]:0->1,0
BRDA:69,0,frequency_bins[12][9]:1->0,0
BRDA:69,0,frequency_bins[13][0]:0->1,2
BRDA:69,0,frequency_bins[13][0]:1->0,0
BRDA:69,0,frequency_bins[13][10]:0->1,0
BRDA:69,0,frequency_bins[13][10]:1->0,0
BRDA:69,0,frequency_bins[13][11]:0->1,0
BRDA:69,0,frequency_bins[13][11]:1->0,0
BRDA:69,0,frequency_bins[13][12]:0->1,0
BRDA:69,0,frequency_bins[13][12]:1->0,0
BRDA:69,0,frequency_bins[13][13]:0->1,0
BRDA:69,0,frequency_bins[13][13]:1->0,0
BRDA:69,0,frequency_bins[13][14]:0->1,0
BRDA:69,0,frequency_bins[13][14]:1->0,0
BRDA:69,0,frequency_bins[13][15]:0->1,0
BRDA:69,0,frequency_bins[13][15]:1->0,0
BRDA:69,0,frequency_bins[13][1]:0->1,2
BRDA:69,0,frequency_bins[13][1]:1->0,0
BRDA:69,0,frequency_bins[13][2]:0->1,0
BRDA:69,0,frequency_bins[13][2]:1->0,0
BRDA:69,0,frequency_bins[13][3]:0->1,0
BRDA:69,0,frequency_bins[13][3]:1->0,0
BRDA:69,0,frequency_bins[13][4]:0->1,0
BRDA:69,0,frequency_bins[13][4]:1->0,0
BRDA:69,0,frequency_bins[13][5]:0->1,0
BRDA:69,0,frequency_bins[13][5]:1->0,0
BRDA:69,0,frequency_bins[13][6]:0->1,2
BRDA:69,0,frequency_bins[13][6]:1->0,0
BRDA:69,0,frequency_bins[13][7]:0->1,2
BRDA:69,0,frequency_bins[13][7]:1->0,0
BRDA:69,0,frequency_bins[13][8]:0->1,2
BRDA:69,0,frequency_bins[13][8]:1->0,0
BRDA:69,0,frequency_bins[13][9]:0->1,0
BRDA:69,0,frequency_bins[13][9]:1->0,0
BRDA:69,0,frequency_bins[14][0]:0->1,2
BRDA:69,0,frequency_bins[14][0]:1->0,0
BRDA:69,0,frequency_bins[14][10]:0->1,0
BRDA:69,0,frequency_bins[14][10]:1->0,0
BRDA:69,0,frequency_bins[14][11]:0->1,0
BRDA:69,0,frequency_bins[14][11]:1->0,0
BRDA:69,0,frequency_bins[14][12]:0->1,0
BRDA:69,0,frequency_bins[14][12]:1->0,0
BRDA:69,0,frequency_bins[14][13]:0->1,0
BRDA:69,0,frequency_bins[14][13]:1->0,0
BRDA:69,0,frequency_bins[14][14]:0->1,0
BRDA:69,0,frequency_bins[14][14]:1->0,0
BRDA:69,0,frequency_bins[14][15]:0->1,0
BRDA:69,0,frequency_bins[14][15]:1->0,0
BRDA:69,0,frequency_bins[14][1]:0->1,0
BRDA:69,0,frequency_bins[14][1]:1->0,0
BRDA:69,0,frequency_bins[14][2]:0->1,0
BRDA:69,0,frequency_bins[14][2]:1->0,0
BRDA:69,0,frequency_bins[14][3]:0->1,2
BRDA:69,0,frequency_bins[14][3]:1->0,0
BRDA:69,0,frequency_bins[14][4]:0->1,0
BRDA:69,0,frequency_bins[14][4]:1->0,0
BRDA:69,0,frequency_bins[14][5]:0->1,0
BRDA:69,0,frequency_bins[14][5]:1->0,0
BRDA:69,0,frequency_bins[14][6]:0->1,2
BRDA:69,0,frequency_bins[14][6]:1->0,0
BRDA:69,0,frequency_bins[14][7]:0->1,2
BRDA:69,0,frequency_bins[14][7]:1->0,0
BRDA:69,0,frequency_bins[14][8]:0->1,2
BRDA:69,0,frequency_bins[14][8]:1->0,0
BRDA:69,0,frequency_bins[14][9]:0->1,0
BRDA:69,0,frequency_bins[14][9]:1->0,0
BRDA:69,0,frequency_bins[15][0]:0->1,2
BRDA:69,0,frequency_bins[15][0]:1->0,0
BRDA:69,0,frequency_bins[15][10]:0->1,0
BRDA:69,0,frequency_bins[15][10]:1->0,0
BRDA:69,0,frequency_bins[15][11]:0->1,0
BRDA:69,0,frequency_bins[15][11]:1->0,0
BRDA:69,0,frequency_bins[15][12]:0->1,0
BRDA:69,0,frequency_bins[15][12]:1->0,0
BRDA:69,0,frequency_bins[15][13]:0->1,0
BRDA:69,0,frequency_bins[15][13]:1->0,0
BRDA:69,0,frequency_bins[15][14]:0->1,0
BRDA:69,0,frequency_bins[15][14]:1->0,0
BRDA:69,0,frequency_bins[15][15]:0->1,0
BRDA:69,0,frequency_bins[15][15]:1->0,0
BRDA:69,0,frequency_bins[15][1]:0->1,0
BRDA:69,0,frequency_bins[15][1]:1->0,0
BRDA:69,0,frequency_bins[15][2]:0->1,2
BRDA:69,0,frequency_bins[15][2]:1->0,0
BRDA:69,0,frequency_bins[15][3]:0->1,0
BRDA:69,0,frequency_bins[15][3]:1->0,0
BRDA:69,0,frequency_bins[15][4]:0->1,2
BRDA:69,0,frequency_bins[15][4]:1->0,0
BRDA:69,0,frequency_bins[15][5]:0->1,0
BRDA:69,0,frequency_bins[15][5]:1->0,0
BRDA:69,0,frequency_bins[15][6]:0->1,2
BRDA:69,0,frequency_bins[15][6]:1->0,0
BRDA:69,0,frequency_bins[15][7]:0->1,2
BRDA:69,0,frequency_bins[15][7]:1->0,0
BRDA:69,0,frequency_bins[15][8]:0->1,2
BRDA:69,0,frequency_bins[15][8]:1->0,0
BRDA:69,0,frequency_bins[15][9]:0->1,0
BRDA:69,0,frequency_bins[15][9]:1->0,0
BRDA:69,0,frequency_bins[1][0]:0->1,2
BRDA:69,0,frequency_bins[1][0]:1->0,0
BRDA:69,0,frequency_bins[1][10]:0->1,0
BRDA:69,0,frequency_bins[1][10]:1->0,0
BRDA:69,0,frequency_bins[1][11]:0->1,0
BRDA:69,0,frequency_bins[1][11]:1->0,0
BRDA:69,0,frequency_bins[1][12]:0->1,0
BRDA:69,0,frequency_bins[1][12]:1->0,0
BRDA:69,0,frequency_bins[1][13]:0->1,0
BRDA:69,0,frequency_bins[1][13]:1->0,0
BRDA:69,0,frequency_bins[1][14]:0->1,0
BRDA:69,0,frequency_bins[1][14]:1->0,0
BRDA:69,0,frequency_bins[1][15]:0->1,0
BRDA:69,0,frequency_bins[1][15]:1->0,0
BRDA:69,0,frequency_bins[1][1]:0->1,0
BRDA:69,0,frequency_bins[1][1]:1->0,0
BRDA:69,0,frequency_bins[1][2]:0->1,0
BRDA:69,0,frequency_bins[1][2]:1->0,0
BRDA:69,0,frequency_bins[1][3]:0->1,0
BRDA:69,0,frequency_bins[1][3]:1->0,0
BRDA:69,0,frequency_bins[1][4]:0->1,2
BRDA:69,0,frequency_bins[1][4]:1->0,0
BRDA:69,0,frequency_bins[1][5]:0->1,2
BRDA:69,0,frequency_bins[1][5]:1->0,0
BRDA:69,0,frequency_bins[1][6]:0->1,0
BRDA:69,0,frequency_bins[1][6]:1->0,0
BRDA:69,0,frequency_bins[1][7]:0->1,2
BRDA:69,0,frequency_bins[1][7]:1->0,0
BRDA:69,0,frequency_bins[1][8]:0->1,0
BRDA:69,0,frequency_bins[1][8]:1->0,0
BRDA:69,0,frequency_bins[1][9]:0->1,0
BRDA:69,0,frequency_bins[1][9]:1->0,0
BRDA:69,0,frequency_bins[2][0]:0->1,0
BRDA:69,0,frequency_bins[2][0]:1->0,0
BRDA:69,0,frequency_bins[2][10]:0->1,0
BRDA:69,0,frequency_bins[2][10]:1->0,0
BRDA:69,0,frequency_bins[2][11]:0->1,0
BRDA:69,0,frequency_bins[2][11]:1->0,0
BRDA:69,0,frequency_bins[2][12]:0->1,0
BRDA:69,0,frequency_bins[2][12]:1->0,0
BRDA:69,0,frequency_bins[2][13]:0->1,0
BRDA:69,0,frequency_bins[2][13]:1->0,0
BRDA:69,0,frequency_bins[2][14]:0->1,0
BRDA:69,0,frequency_bins[2][14]:1->0,0
BRDA:69,0,frequency_bins[2][15]:0->1,0
BRDA:69,0,frequency_bins[2][15]:1->0,0
BRDA:69,0,frequency_bins[2][1]:0->1,0
BRDA:69,0,frequency_bins[2][1]:1->0,0
BRDA:69,0,frequency_bins[2][2]:0->1,2
BRDA:69,0,frequency_bins[2][2]:1->0,0
BRDA:69,0,frequency_bins[2][3]:0->1,2
BRDA:69,0,frequency_bins[2][3]:1->0,0
BRDA:69,0,frequency_bins[2][4]:0->1,2
BRDA:69,0,frequency_bins[2][4]:1->0,0
BRDA:69,0,frequency_bins[2][5]:0->1,2
BRDA:69,0,frequency_bins[2][5]:1->0,0
BRDA:69,0,frequency_bins[2][6]:0->1,0
BRDA:69,0,frequency_bins[2][6]:1->0,0
BRDA:69,0,frequency_bins[2][7]:0->1,2
BRDA:69,0,frequency_bins[2][7]:1->0,0
BRDA:69,0,frequency_bins[2][8]:0->1,0
BRDA:69,0,frequency_bins[2][8]:1->0,0
BRDA:69,0,frequency_bins[2][9]:0->1,0
BRDA:69,0,frequency_bins[2][9]:1->0,0
BRDA:69,0,frequency_bins[3][0]:0->1,2
BRDA:69,0,frequency_bins[3][0]:1->0,0
BRDA:69,0,frequency_bins[3][10]:0->1,0
BRDA:69,0,frequency_bins[3][10]:1->0,0
BRDA:69,0,frequency_bins[3][11]:0->1,0
BRDA:69,0,frequency_bins[3][11]:1->0,0
BRDA:69,0,frequency_bins[3][12]:0->1,0
BRDA:69,0,frequency_bins[3][12]:1->0,0
BRDA:69,0,frequency_bins[3][13]:0->1,0
BRDA:69,0,frequency_bins[3][13]:1->0,0
BRDA:69,0,frequency_bins[3][14]:0->1,0
BRDA:69,0,frequency_bins[3][14]:1->0,0
BRDA:69,0,frequency_bins[3][15]:0->1,0
BRDA:69,0,frequency_bins[3][15]:1->0,0
BRDA:69,0,frequency_bins[3][1]:0->1,2
BRDA:69,0,frequency_bins[3][1]:1->0,0
BRDA:69,0,frequency_bins[3][2]:0->1,2
BRDA:69,0,frequency_bins[3][2]:1->0,0
BRDA:69,0,frequency_bins[3][3]:0->1,2
BRDA:69,0,frequency_bins[3][3]:1->0,0
BRDA:69,0,frequency_bins[3][4]:0->1,0
BRDA:69,0,frequency_bins[3][4]:1->0,0
BRDA:69,0,frequency_bins[3][5]:0->1,0
BRDA:69,0,frequency_bins[3][5]:1->0,0
BRDA:69,0,frequency_bins[3][6]:0->1,2
BRDA:69,0,frequency_bins[3][6]:1->0,0
BRDA:69,0,frequency_bins[3][7]:0->1,2
BRDA:69,0,frequency_bins[3][7]:1->0,0
BRDA:69,0,frequency_bins[3][8]:0->1,0
BRDA:69,0,frequency_bins[3][8]:1->0,0
BRDA:69,0,frequency_bins[3][9]:0->1,0
BRDA:69,0,frequency_bins[3][9]:1->0,0
BRDA:69,0,frequency_bins[4][0]:0->1,0
BRDA:69,0,frequency_bins[4][0]:1->0,0
BRDA:69,0,frequency_bins[4][10]:0->1,0
BRDA:69,0,frequency_bins[4][10]:1->0,0
BRDA:69,0,frequency_bins[4][11]:0->1,0
BRDA:69,0,frequency_bins[4][11]:1->0,0
BRDA:69,0,frequency_bins[4][12]:0->1,0
BRDA:69,0,frequency_bins[4][12]:1->0,0
BRDA:69,0,frequency_bins[4][13]:0->1,0
BRDA:69,0,frequency_bins[4][13]:1->0,0
BRDA:69,0,frequency_bins[4][14]:0->1,0
BRDA:69,0,frequency_bins[4][14]:1->0,0
BRDA:69,0,frequency_bins[4][15]:0->1,0
BRDA:69,0,frequency_bins[4][15]:1->0,0
BRDA:69,0,frequency_bins[4][1]:0->1,0
BRDA:69,0,frequency_bins[4][1]:1->0,0
BRDA:69,0,frequency_bins[4][2]:0->1,2
BRDA:69,0,frequency_bins[4][2]:1->0,0
BRDA:69,0,frequency_bins[4][3]:0->1,2
BRDA:69,0,frequency_bins[4][3]:1->0,0
BRDA:69,0,frequency_bins[4][4]:0->1,0
BRDA:69,0,frequency_bins[4][4]:1->0,0
BRDA:69,0,frequency_bins[4][5]:0->1,2
BRDA:69,0,frequency_bins[4][5]:1->0,0
BRDA:69,0,frequency_bins[4][6]:0->1,0
BRDA:69,0,frequency_bins[4][6]:1->0,0
BRDA:69,0,frequency_bins[4][7]:0->1,0
BRDA:69,0,frequency_bins[4][7]:1->0,0
BRDA:69,0,frequency_bins[4][8]:0->1,2
BRDA:69,0,frequency_bins[4][8]:1->0,0
BRDA:69,0,frequency_bins[4][9]:0->1,0
BRDA:69,0,frequency_bins[4][9]:1->0,0
BRDA:69,0,frequency_bins[5][0]:0->1,0
BRDA:69,0,frequency_bins[5][0]:1->0,0
BRDA:69,0,frequency_bins[5][10]:0->1,0
BRDA:69,0,frequency_bins[5][10]:1->0,0
BRDA:69,0,frequency_bins[5][11]:0->1,0
BRDA:69,0,frequency_bins[5][11]:1->0,0
BRDA:69,0,frequency_bins[5][12]:0->1,0
BRDA:69,0,frequency_bins[5][12]:1->0,0
BRDA:69,0,frequency_bins[5][13]:0->1,0
BRDA:69,0,frequency_bins[5][13]:1->0,0
BRDA:69,0,frequency_bins[5][14]:0->1,0
BRDA:69,0,frequency_bins[5][14]:1->0,0
BRDA:69,0,frequency_bins[5][15]:0->1,0
BRDA:69,0,frequency_bins[5][15]:1->0,0
BRDA:69,0,frequency_bins[5][1]:0->1,0
BRDA:69,0,frequency_bins[5][1]:1->0,0
BRDA:69,0,frequency_bins[5][2]:0->1,2
BRDA:69,0,frequency_bins[5][2]:1->0,0
BRDA:69,0,frequency_bins[5][3]:0->1,0
BRDA:69,0,frequency_bins[5][3]:1->0,0
BRDA:69,0,frequency_bins[5][4]:0->1,2
BRDA:69,0,frequency_bins[5][4]:1->0,0
BRDA:69,0,frequency_bins[5][5]:0->1,2
BRDA:69,0,frequency_bins[5][5]:1->0,0
BRDA:69,0,frequency_bins[5][6]:0->1,0
BRDA:69,0,frequency_bins[5][6]:1->0,0
BRDA:69,0,frequency_bins[5][7]:0->1,0
BRDA:69,0,frequency_bins[5][7]:1->0,0
BRDA:69,0,frequency_bins[5][8]:0->1,2
BRDA:69,0,frequency_bins[5][8]:1->0,0
BRDA:69,0,frequency_bins[5][9]:0->1,0
BRDA:69,0,frequency_bins[5][9]:1->0,0
BRDA:69,0,frequency_bins[6][0]:0->1,2
BRDA:69,0,frequency_bins[6][0]:1->0,0
BRDA:69,0,frequency_bins[6][10]:0->1,0
BRDA:69,0,frequency_bins[6][10]:1->0,0
BRDA:69,0,frequency_bins[6][11]:0->1,0
BRDA:69,0,frequency_bins[6][11]:1->0,0
BRDA:69,0,frequency_bins[6][12]:0->1,0
BRDA:69,0,frequency_bins[6][12]:1->0,0
BRDA:69,0,frequency_bins[6][13]:0->1,0
BRDA:69,0,frequency_bins[6][13]:1->0,0
BRDA:69,0,frequency_bins[6][14]:0->1,0
BRDA:69,0,frequency_bins[6][14]:1->0,0
BRDA:69,0,frequency_bins[6][15]:0->1,0
BRDA:69,0,frequency_bins[6][15]:1->0,0
BRDA:69,0,frequency_bins[6][1]:0->1,2
BRDA:69,0,frequency_bins[6][1]:1->0,0
BRDA:69,0,frequency_bins[6][2]:0->1,0
BRDA:69,0,frequency_bins[6][2]:1->0,0
BRDA:69,0,frequency_bins[6][3]:0->1,2
BRDA:69,0,frequency_bins[6][3]:1->0,0
BRDA:69,0,frequency_bins[6][4]:0->1,2
BRDA:69,0,frequency_bins[6][4]:1->0,0
BRDA:69,0,frequency_bins[6][5]:0->1,2
BRDA:69,0,frequency_bins[6][5]:1->0,0
BRDA:69,0,frequency_bins[6][6]:0->1,0
BRDA:69,0,frequency_bins[6][6]:1->0,0
BRDA:69,0,frequency_bins[6][7]:0->1,0
BRDA:69,0,frequency_bins[6][7]:1->0,0
BRDA:69,0,frequency_bins[6][8]:0->1,2
BRDA:69,0,frequency_bins[6][8]:1->0,0
BRDA:69,0,frequency_bins[6][9]:0->1,0
BRDA:69,0,frequency_bins[6][9]:1->0,0
BRDA:69,0,frequency_bins[7][0]:0->1,2
BRDA:69,0,frequency_bins[7][0]:1->0,0
BRDA:69,0,frequency_bins[7][10]:0->1,0
BRDA:69,0,frequency_bins[7][10]:1->0,0
BRDA:69,0,frequency_bins[7][11]:0->1,0
BRDA:69,0,frequency_bins[7][11]:1->0,0
BRDA:69,0,frequency_bins[7][12]:0->1,0
BRDA:69,0,frequency_bins[7][12]:1->0,0
BRDA:69,0,frequency_bins[7][13]:0->1,0
BRDA:69,0,frequency_bins[7][13]:1->0,0
BRDA:69,0,frequency_bins[7][14]:0->1,0
BRDA:69,0,frequency_bins[7][14]:1->0,0
BRDA:69,0,frequency_bins[7][15]:0->1,0
BRDA:69,0,frequency_bins[7][15]:1->0,0
BRDA:69,0,frequency_bins[7][1]:0->1,0
BRDA:69,0,frequency_bins[7][1]:1->0,0
BRDA:69,0,frequency_bins[7][2]:0->1,0
BRDA:69,0,frequency_bins[7][2]:1->0,0
BRDA:69,0,frequency_bins[7][3]:0->1,0
BRDA:69,0,frequency_bins[7][3]:1->0,0
BRDA:69,0,frequency_bins[7][4]:0->1,0
BRDA:69,0,frequency_bins[7][4]:1->0,0
BRDA:69,0,frequency_bins[7][5]:0->1,0
BRDA:69,0,frequency_bins[7][5]:1->0,0
BRDA:69,0,frequency_bins[7][6]:0->1,2
BRDA:69,0,frequency_bins[7][6]:1->0,0
BRDA:69,0,frequency_bins[7][7]:0->1,0
BRDA:69,0,frequency_bins[7][7]:1->0,0
BRDA:69,0,frequency_bins[7][8]:0->1,2
BRDA:69,0,frequency_bins[7][8]:1->0,0
BRDA:69,0,frequency_bins[7][9]:0->1,0
BRDA:69,0,frequency_bins[7][9]:1->0,0
BRDA:69,0,frequency_bins[8][0]:0->1,0
BRDA:69,0,frequency_bins[8][0]:1->0,0
BRDA:69,0,frequency_bins[8][10]:0->1,0
BRDA:69,0,frequency_bins[8][10]:1->0,0
BRDA:69,0,frequency_bins[8][11]:0->1,0
BRDA:69,0,frequency_bins[8][11]:1->0,0
BRDA:69,0,frequency_bins[8][12]:0->1,0
BRDA:69,0,frequency_bins[8][12]:1->0,0
BRDA:69,0,frequency_bins[8][13]:0->1,0
BRDA:69,0,frequency_bins[8][13]:1->0,0
BRDA:69,0,frequency_bins[8][14]:0->1,0
BRDA:69,0,frequency_bins[8][14]:1->0,0
BRDA:69,0,frequency_bins[8][15]:0->1,0
BRDA:69,0,frequency_bins[8][15]:1->0,0
BRDA:69,0,frequency_bins[8][1]:0->1,0
BRDA:69,0,frequency_bins[8][1]:1->0,0
BRDA:69,0,frequency_bins[8][2]:0->1,0
BRDA:69,0,frequency_bins[8][2]:1->0,0
BRDA:69,0,frequency_bins[8][3]:0->1,2
BRDA:69,0,frequency_bins[8][3]:1->0,0
BRDA:69,0,frequency_bins[8][4]:0->1,0
BRDA:69,0,frequency_bins[8][4]:1->0,0
BRDA:69,0,frequency_bins[8][5]:0->1,0
BRDA:69,0,frequency_bins[8][5]:1->0,0
BRDA:69,0,frequency_bins[8][6]:0->1,2
BRDA:69,0,frequency_bins[8][6]:1->0,0
BRDA:69,0,frequency_bins[8][7]:0->1,0
BRDA:69,0,frequency_bins[8][7]:1->0,0
BRDA:69,0,frequency_bins[8][8]:0->1,2
BRDA:69,0,frequency_bins[8][8]:1->0,0
BRDA:69,0,frequency_bins[8][9]:0->1,0
BRDA:69,0,frequency_bins[8][9]:1->0,0
BRDA:69,0,frequency_bins[9][0]:0->1,2
BRDA:69,0,frequency_bins[9][0]:1->0,0
BRDA:69,0,frequency_bins[9][10]:0->1,0
BRDA:69,0,frequency_bins[9][10]:1->0,0
BRDA:69,0,frequency_bins[9][11]:0->1,0
BRDA:69,0,frequency_bins[9][11]:1->0,0
BRDA:69,0,frequency_bins[9][12]:0->1,0
BRDA:69,0,frequency_bins[9][12]:1->0,0
BRDA:69,0,frequency_bins[9][13]:0->1,0
BRDA:69,0,frequency_bins[9][13]:1->0,0
BRDA:69,0,frequency_bins[9][14]:0->1,0
BRDA:69,0,frequency_bins[9][14]:1->0,0
BRDA:69,0,frequency_bins[9][15]:0->1,0
BRDA:69,0,frequency_bins[9][15]:1->0,0
BRDA:69,0,frequency_bins[9][1]:0->1,2
BRDA:69,0,frequency_bins[9][1]:1->0,0
BRDA:69,0,frequency_bins[9][2]:0->1,0
BRDA:69,0,frequency_bins[9][2]:1->0,0
BRDA:69,0,frequency_bins[9][3]:0->1,0
BRDA:69,0,frequency_bins[9][3]:1->0,0
BRDA:69,0,frequency_bins[9][4]:0->1,2
BRDA:69,0,frequency_bins[9][4]:1->0,0
BRDA:69,0,frequency_bins[9][5]:0->1,0
BRDA:69,0,frequency_bins[9][5]:1->0,0
BRDA:69,0,frequency_bins[9][6]:0->1,2
BRDA:69,0,frequency_bins[9][6]:1->0,0
BRDA:69,0,frequency_bins[9][7]:0->1,0
BRDA:69,0,frequency_bins[9][7]:1->0,0
BRDA:69,0,frequency_bins[9][8]:0->1,2
BRDA:69,0,frequency_bins[9][8]:1->0,0
BRDA:69,0,frequency_bins[9][9]:0->1,0
BRDA:69,0,frequency_bins[9][9]:1->0,0
DA:70,2
BRDA:70,0,feature_shifts[0][0]:0->1,0
BRDA:70,0,feature_shifts[0][0]:1->0,0
BRDA:70,0,feature_shifts[0][1]:0->1,2
BRDA:70,0,feature_shifts[0][1]:1->0,0
BRDA:70,0,feature_shifts[0][2]:0->1,0
BRDA:70,0,feature_shifts[0][2]:1->0,0
BRDA:70,0,feature_shifts[0][3]:0->1,0
BRDA:70,0,feature_shifts[0][3]:1->0,0
BRDA:70,0,feature_shifts[0][4]:0->1,0
BRDA:70,0,feature_shifts[0][4]:1->0,0
BRDA:70,0,feature_shifts[0][5]:0->1,0
BRDA:70,0,feature_shifts[0][5]:1->0,0
BRDA:70,0,feature_shifts[0][6]:0->1,0
BRDA:70,0,feature_shifts[0][6]:1->0,0
BRDA:70,0,feature_shifts[0][7]:0->1,0
BRDA:70,0,feature_shifts[0][7]:1->0,0
BRDA:70,0,feature_shifts[10][0]:0->1,2
BRDA:70,0,feature_shifts[10][0]:1->0,0
BRDA:70,0,feature_shifts[10][1]:0->1,0
BRDA:70,0,feature_shifts[10][1]:1->0,0
BRDA:70,0,feature_shifts[10][2]:0->1,0
BRDA:70,0,feature_shifts[10][2]:1->0,0
BRDA:70,0,feature_shifts[10][3]:0->1,0
BRDA:70,0,feature_shifts[10][3]:1->0,0
BRDA:70,0,feature_shifts[10][4]:0->1,0
BRDA:70,0,feature_shifts[10][4]:1->0,0
BRDA:70,0,feature_shifts[10][5]:0->1,0
BRDA:70,0,feature_shifts[10][5]:1->0,0
BRDA:70,0,feature_shifts[10][6]:0->1,0
BRDA:70,0,feature_shifts[10][6]:1->0,0
BRDA:70,0,feature_shifts[10][7]:0->1,0
BRDA:70,0,feature_shifts[10][7]:1->0,0
BRDA:70,0,feature_shifts[11][0]:0->1,0
BRDA:70,0,feature_shifts[11][0]:1->0,0
BRDA:70,0,feature_shifts[11][1]:0->1,0
BRDA:70,0,feature_shifts[11][1]:1->0,0
BRDA:70,0,feature_shifts[11][2]:0->1,0
BRDA:70,0,feature_shifts[11][2]:1->0,0
BRDA:70,0,feature_shifts[11][3]:0->1,0
BRDA:70,0,feature_shifts[11][3]:1->0,0
BRDA:70,0,feature_shifts[11][4]:0->1,0
BRDA:70,0,feature_shifts[11][4]:1->0,0
BRDA:70,0,feature_shifts[11][5]:0->1,0
BRDA:70,0,feature_shifts[11][5]:1->0,0
BRDA:70,0,feature_shifts[11][6]:0->1,0
BRDA:70,0,feature_shifts[11][6]:1->0,0
BRDA:70,0,feature_shifts[11][7]:0->1,0
BRDA:70,0,feature_shifts[11][7]:1->0,0
BRDA:70,0,feature_shifts[12][0]:0->1,0
BRDA:70,0,feature_shifts[12][0]:1->0,0
BRDA:70,0,feature_shifts[12][1]:0->1,2
BRDA:70,0,feature_shifts[12][1]:1->0,0
BRDA:70,0,feature_shifts[12][2]:0->1,0
BRDA:70,0,feature_shifts[12][2]:1->0,0
BRDA:70,0,feature_shifts[12][3]:0->1,0
BRDA:70,0,feature_shifts[12][3]:1->0,0
BRDA:70,0,feature_shifts[12][4]:0->1,0
BRDA:70,0,feature_shifts[12][4]:1->0,0
BRDA:70,0,feature_shifts[12][5]:0->1,0
BRDA:70,0,feature_shifts[12][5]:1->0,0
BRDA:70,0,feature_shifts[12][6]:0->1,0
BRDA:70,0,feature_shifts[12][6]:1->0,0
BRDA:70,0,feature_shifts[12][7]:0->1,0
BRDA:70,0,feature_shifts[12][7]:1->0,0
BRDA:70,0,feature_shifts[13][0]:0->1,0
BRDA:70,0,feature_shifts[13][0]:1->0,0
BRDA:70,0,feature_shifts[13][1]:0->1,2
BRDA:70,0,feature_shifts[13][1]:1->0,0
BRDA:70,0,feature_shifts[13][2]:0->1,0
BRDA:70,0,feature_shifts[13][2]:1->0,0
BRDA:70,0,feature_shifts[13][3]:0->1,0
BRDA:70,0,feature_shifts[13][3]:1->0,0
BRDA:70,0,feature_shifts[13][4]:0->1,0
BRDA:70,0,feature_shifts[13][4]:1->0,0
BRDA:70,0,feature_shifts[13][5]:0->1,0
BRDA:70,0,feature_shifts[13][5]:1->0,0
BRDA:70,0,feature_shifts[13][6]:0->1,0
BRDA:70,0,feature_shifts[13][6]:1->0,0
BRDA:70,0,feature_shifts[13][7]:0->1,0
BRDA:70,0,feature_shifts[13][7]:1->0,0
BRDA:70,0,feature_shifts[14][0]:0->1,2
BRDA:70,0,feature_shifts[14][0]:1->0,0
BRDA:70,0,feature_shifts[14][1]:0->1,0
BRDA:70,0,feature_shifts[14][1]:1->0,0
BRDA:70,0,feature_shifts[14][2]:0->1,0
BRDA:70,0,feature_shifts[14][2]:1->0,0
BRDA:70,0,feature_shifts[14][3]:0->1,0
BRDA:70,0,feature_shifts[14][3]:1->0,0
BRDA:70,0,feature_shifts[14][4]:0->1,0
BRDA:70,0,feature_shifts[14][4]:1->0,0
BRDA:70,0,feature_shifts[14][5]:0->1,0
BRDA:70,0,feature_shifts[14][5]:1->0,0
BRDA:70,0,feature_shifts[14][6]:0->1,0
BRDA:70,0,feature_shifts[14][6]:1->0,0
BRDA:70,0,feature_shifts[14][7]:0->1,0
BRDA:70,0,feature_shifts[14][7]:1->0,0
BRDA:70,0,feature_shifts[15][0]:0->1,0
BRDA:70,0,feature_shifts[15][0]:1->0,0
BRDA:70,0,feature_shifts[15][1]:0->1,0
BRDA:70,0,feature_shifts[15][1]:1->0,0
BRDA:70,0,feature_shifts[15][2]:0->1,0
BRDA:70,0,feature_shifts[15][2]:1->0,0
BRDA:70,0,feature_shifts[15][3]:0->1,0
BRDA:70,0,feature_shifts[15][3]:1->0,0
BRDA:70,0,feature_shifts[15][4]:0->1,0
BRDA:70,0,feature_shifts[15][4]:1->0,0
BRDA:70,0,feature_shifts[15][5]:0->1,0
BRDA:70,0,feature_shifts[15][5]:1->0,0
BRDA:70,0,feature_shifts[15][6]:0->1,0
BRDA:70,0,feature_shifts[15][6]:1->0,0
BRDA:70,0,feature_shifts[15][7]:0->1,0
BRDA:70,0,feature_shifts[15][7]:1->0,0
BRDA:70,0,feature_shifts[1][0]:0->1,0
BRDA:70,0,feature_shifts[1][0]:1->0,0
BRDA:70,0,feature_shifts[1][1]:0->1,0
BRDA:70,0,feature_shifts[1][1]:1->0,0
BRDA:70,0,feature_shifts[1][2]:0->1,0
BRDA:70,0,feature_shifts[1][2]:1->0,0
BRDA:70,0,feature_shifts[1][3]:0->1,0
BRDA:70,0,feature_shifts[1][3]:1->0,0
BRDA:70,0,feature_shifts[1][4]:0->1,0
BRDA:70,0,feature_shifts[1][4]:1->0,0
BRDA:70,0,feature_shifts[1][5]:0->1,0
BRDA:70,0,feature_shifts[1][5]:1->0,0
BRDA:70,0,feature_shifts[1][6]:0->1,0
BRDA:70,0,feature_shifts[1][6]:1->0,0
BRDA:70,0,feature_shifts[1][7]:0->1,0
BRDA:70,0,feature_shifts[1][7]:1->0,0
BRDA:70,0,feature_shifts[2][0]:0->1,2
BRDA:70,0,feature_shifts[2][0]:1->0,0
BRDA:70,0,feature_shifts[2][1]:0->1,0
BRDA:70,0,feature_shifts[2][1]:1->0,0
BRDA:70,0,feature_shifts[2][2]:0->1,0
BRDA:70,0,feature_shifts[2][2]:1->0,0
BRDA:70,0,feature_shifts[2][3]:0->1,0
BRDA:70,0,feature_shifts[2][3]:1->0,0
BRDA:70,0,feature_shifts[2][4]:0->1,0
BRDA:70,0,feature_shifts[2][4]:1->0,0
BRDA:70,0,feature_shifts[2][5]:0->1,0
BRDA:70,0,feature_shifts[2][5]:1->0,0
BRDA:70,0,feature_shifts[2][6]:0->1,0
BRDA:70,0,feature_shifts[2][6]:1->0,0
BRDA:70,0,feature_shifts[2][7]:0->1,0
BRDA:70,0,feature_shifts[2][7]:1->0,0
BRDA:70,0,feature_shifts[3][0]:0->1,0
BRDA:70,0,feature_shifts[3][0]:1->0,0
BRDA:70,0,feature_shifts[3][1]:0->1,0
BRDA:70,0,feature_shifts[3][1]:1->0,0
BRDA:70,0,feature_shifts[3][2]:0->1,2
BRDA:70,0,feature_shifts[3][2]:1->0,0
BRDA:70,0,feature_shifts[3][3]:0->1,0
BRDA:70,0,feature_shifts[3][3]:1->0,0
BRDA:70,0,feature_shifts[3][4]:0->1,0
BRDA:70,0,feature_shifts[3][4]:1->0,0
BRDA:70,0,feature_shifts[3][5]:0->1,0
BRDA:70,0,feature_shifts[3][5]:1->0,0
BRDA:70,0,feature_shifts[3][6]:0->1,0
BRDA:70,0,feature_shifts[3][6]:1->0,0
BRDA:70,0,feature_shifts[3][7]:0->1,0
BRDA:70,0,feature_shifts[3][7]:1->0,0
BRDA:70,0,feature_shifts[4][0]:0->1,0
BRDA:70,0,feature_shifts[4][0]:1->0,0
BRDA:70,0,feature_shifts[4][1]:0->1,0
BRDA:70,0,feature_shifts[4][1]:1->0,0
BRDA:70,0,feature_shifts[4][2]:0->1,0
BRDA:70,0,feature_shifts[4][2]:1->0,0
BRDA:70,0,feature_shifts[4][3]:0->1,2
BRDA:70,0,feature_shifts[4][3]:1->0,0
BRDA:70,0,feature_shifts[4][4]:0->1,0
BRDA:70,0,feature_shifts[4][4]:1->0,0
BRDA:70,0,feature_shifts[4][5]:0->1,0
BRDA:70,0,feature_shifts[4][5]:1->0,0
BRDA:70,0,feature_shifts[4][6]:0->1,0
BRDA:70,0,feature_shifts[4][6]:1->0,0
BRDA:70,0,feature_shifts[4][7]:0->1,0
BRDA:70,0,feature_shifts[4][7]:1->0,0
BRDA:70,0,feature_shifts[5][0]:0->1,2
BRDA:70,0,feature_shifts[5][0]:1->0,0
BRDA:70,0,feature_shifts[5][1]:0->1,2
BRDA:70,0,feature_shifts[5][1]:1->0,0
BRDA:70,0,feature_shifts[5][2]:0->1,2
BRDA:70,0,feature_shifts[5][2]:1->0,0
BRDA:70,0,feature_shifts[5][3]:0->1,0
BRDA:70,0,feature_shifts[5][3]:1->0,0
BRDA:70,0,feature_shifts[5][4]:0->1,0
BRDA:70,0,feature_shifts[5][4]:1->0,0
BRDA:70,0,feature_shifts[5][5]:0->1,0
BRDA:70,0,feature_shifts[5][5]:1->0,0
BRDA:70,0,feature_shifts[5][6]:0->1,0
BRDA:70,0,feature_shifts[5][6]:1->0,0
BRDA:70,0,feature_shifts[5][7]:0->1,0
BRDA:70,0,feature_shifts[5][7]:1->0,0
BRDA:70,0,feature_shifts[6][0]:0->1,2
BRDA:70,0,feature_shifts[6][0]:1->0,0
BRDA:70,0,feature_shifts[6][1]:0->1,0
BRDA:70,0,feature_shifts[6][1]:1->0,0
BRDA:70,0,feature_shifts[6][2]:0->1,2
BRDA:70,0,feature_shifts[6][2]:1->0,0
BRDA:70,0,feature_shifts[6][3]:0->1,0
BRDA:70,0,feature_shifts[6][3]:1->0,0
BRDA:70,0,feature_shifts[6][4]:0->1,0
BRDA:70,0,feature_shifts[6][4]:1->0,0
BRDA:70,0,feature_shifts[6][5]:0->1,0
BRDA:70,0,feature_shifts[6][5]:1->0,0
BRDA:70,0,feature_shifts[6][6]:0->1,0
BRDA:70,0,feature_shifts[6][6]:1->0,0
BRDA:70,0,feature_shifts[6][7]:0->1,0
BRDA:70,0,feature_shifts[6][7]:1->0,0
BRDA:70,0,feature_shifts[7][0]:0->1,2
BRDA:70,0,feature_shifts[7][0]:1->0,0
BRDA:70,0,feature_shifts[7][1]:0->1,0
BRDA:70,0,feature_shifts[7][1]:1->0,0
BRDA:70,0,feature_shifts[7][2]:0->1,2
BRDA:70,0,feature_shifts[7][2]:1->0,0
BRDA:70,0,feature_shifts[7][3]:0->1,0
BRDA:70,0,feature_shifts[7][3]:1->0,0
BRDA:70,0,feature_shifts[7][4]:0->1,0
BRDA:70,0,feature_shifts[7][4]:1->0,0
BRDA:70,0,feature_shifts[7][5]:0->1,0
BRDA:70,0,feature_shifts[7][5]:1->0,0
BRDA:70,0,feature_shifts[7][6]:0->1,0
BRDA:70,0,feature_shifts[7][6]:1->0,0
BRDA:70,0,feature_shifts[7][7]:0->1,0
BRDA:70,0,feature_shifts[7][7]:1->0,0
BRDA:70,0,feature_shifts[8][0]:0->1,0
BRDA:70,0,feature_shifts[8][0]:1->0,0
BRDA:70,0,feature_shifts[8][1]:0->1,0
BRDA:70,0,feature_shifts[8][1]:1->0,0
BRDA:70,0,feature_shifts[8][2]:0->1,2
BRDA:70,0,feature_shifts[8][2]:1->0,0
BRDA:70,0,feature_shifts[8][3]:0->1,0
BRDA:70,0,feature_shifts[8][3]:1->0,0
BRDA:70,0,feature_shifts[8][4]:0->1,0
BRDA:70,0,feature_shifts[8][4]:1->0,0
BRDA:70,0,feature_shifts[8][5]:0->1,0
BRDA:70,0,feature_shifts[8][5]:1->0,0
BRDA:70,0,feature_shifts[8][6]:0->1,0
BRDA:70,0,feature_shifts[8][6]:1->0,0
BRDA:70,0,feature_shifts[8][7]:0->1,0
BRDA:70,0,feature_shifts[8][7]:1->0,0
BRDA:70,0,feature_shifts[9][0]:0->1,0
BRDA:70,0,feature_shifts[9][0]:1->0,0
BRDA:70,0,feature_shifts[9][1]:0->1,2
BRDA:70,0,feature_shifts[9][1]:1->0,0
BRDA:70,0,feature_shifts[9][2]:0->1,0
BRDA:70,0,feature_shifts[9][2]:1->0,0
BRDA:70,0,feature_shifts[9][3]:0->1,0
BRDA:70,0,feature_shifts[9][3]:1->0,0
BRDA:70,0,feature_shifts[9][4]:0->1,0
BRDA:70,0,feature_shifts[9][4]:1->0,0
BRDA:70,0,feature_shifts[9][5]:0->1,0
BRDA:70,0,feature_shifts[9][5]:1->0,0
BRDA:70,0,feature_shifts[9][6]:0->1,0
BRDA:70,0,feature_shifts[9][6]:1->0,0
BRDA:70,0,feature_shifts[9][7]:0->1,0
BRDA:70,0,feature_shifts[9][7]:1->0,0
DA:72,2
BRDA:72,0,bias2[0][0]:0->1,0
BRDA:72,0,bias2[0][0]:1->0,0
BRDA:72,0,bias2[0][10]:0->1,0
BRDA:72,0,bias2[0][10]:1->0,0
BRDA:72,0,bias2[0][11]:0->1,0
BRDA:72,0,bias2[0][11]:1->0,0
BRDA:72,0,bias2[0][12]:0->1,0
BRDA:72,0,bias2[0][12]:1->0,0
BRDA:72,0,bias2[0][13]:0->1,0
BRDA:72,0,bias2[0][13]:1->0,0
BRDA:72,0,bias2[0][14]:0->1,0
BRDA:72,0,bias2[0][14]:1->0,0
BRDA:72,0,bias2[0][15]:0->1,0
BRDA:72,0,bias2[0][15]:1->0,0
BRDA:72,0,bias2[0][16]:0->1,0
BRDA:72,0,bias2[0][16]:1->0,0
BRDA:72,0,bias2[0][17]:0->1,0
BRDA:72,0,bias2[0][17]:1->0,0
BRDA:72,0,bias2[0][18]:0->1,0
BRDA:72,0,bias2[0][18]:1->0,0
BRDA:72,0,bias2[0][19]:0->1,0
BRDA:72,0,bias2[0][19]:1->0,0
BRDA:72,0,bias2[0][1]:0->1,0
BRDA:72,0,bias2[0][1]:1->0,0
BRDA:72,0,bias2[0][20]:0->1,0
BRDA:72,0,bias2[0][20]:1->0,0
BRDA:72,0,bias2[0][21]:0->1,0
BRDA:72,0,bias2[0][21]:1->0,0
BRDA:72,0,bias2[0][22]:0->1,0
BRDA:72,0,bias2[0][22]:1->0,0
BRDA:72,0,bias2[0][23]:0->1,0
BRDA:72,0,bias2[0][23]:1->0,0
BRDA:72,0,bias2[0][24]:0->1,0
BRDA:72,0,bias2[0][24]:1->0,0
BRDA:72,0,bias2[0][25]:0->1,0
BRDA:72,0,bias2[0][25]:1->0,0
BRDA:72,0,bias2[0][26]:0->1,0
BRDA:72,0,bias2[0][26]:1->0,0
BRDA:72,0,bias2[0][27]:0->1,0
BRDA:72,0,bias2[0][27]:1->0,0
BRDA:72,0,bias2[0][28]:0->1,0
BRDA:72,0,bias2[0][28]:1->0,0
BRDA:72,0,bias2[0][29]:0->1,0
BRDA:72,0,bias2[0][29]:1->0,0
BRDA:72,0,bias2[0][2]:0->1,0
BRDA:72,0,bias2[0][2]:1->0,0
BRDA:72,0,bias2[0][30]:0->1,0
BRDA:72,0,bias2[0][30]:1->0,0
BRDA:72,0,bias2[0][31]:0->1,0
BRDA:72,0,bias2[0][31]:1->0,0
BRDA:72,0,bias2[0][3]:0->1,0
BRDA:72,0,bias2[0][3]:1->0,0
BRDA:72,0,bias2[0][4]:0->1,2
BRDA:72,0,bias2[0][4]:1->0,0
BRDA:72,0,bias2[0][5]:0->1,0
BRDA:72,0,bias2[0][5]:1->0,0
BRDA:72,0,bias2[0][6]:0->1,2
BRDA:72,0,bias2[0][6]:1->0,0
BRDA:72,0,bias2[0][7]:0->1,0
BRDA:72,0,bias2[0][7]:1->0,0
BRDA:72,0,bias2[0][8]:0->1,0
BRDA:72,0,bias2[0][8]:1->0,0
BRDA:72,0,bias2[0][9]:0->1,0
BRDA:72,0,bias2[0][9]:1->0,0
BRDA:72,0,bias2[1][0]:0->1,0
BRDA:72,0,bias2[1][0]:1->0,0
BRDA:72,0,bias2[1][10]:0->1,2
BRDA:72,0,bias2[1][10]:1->0,0
BRDA:72,0,bias2[1][11]:0->1,2
BRDA:72,0,bias2[1][11]:1->0,0
BRDA:72,0,bias2[1][12]:0->1,2
BRDA:72,0,bias2[1][12]:1->0,0
BRDA:72,0,bias2[1][13]:0->1,2
BRDA:72,0,bias2[1][13]:1->0,0
BRDA:72,0,bias2[1][14]:0->1,2
BRDA:72,0,bias2[1][14]:1->0,0
BRDA:72,0,bias2[1][15]:0->1,2
BRDA:72,0,bias2[1][15]:1->0,0
BRDA:72,0,bias2[1][16]:0->1,2
BRDA:72,0,bias2[1][16]:1->0,0
BRDA:72,0,bias2[1][17]:0->1,2
BRDA:72,0,bias2[1][17]:1->0,0
BRDA:72,0,bias2[1][18]:0->1,2
BRDA:72,0,bias2[1][18]:1->0,0
BRDA:72,0,bias2[1][19]:0->1,2
BRDA:72,0,bias2[1][19]:1->0,0
BRDA:72,0,bias2[1][1]:0->1,2
BRDA:72,0,bias2[1][1]:1->0,0
BRDA:72,0,bias2[1][20]:0->1,2
BRDA:72,0,bias2[1][20]:1->0,0
BRDA:72,0,bias2[1][21]:0->1,2
BRDA:72,0,bias2[1][21]:1->0,0
BRDA:72,0,bias2[1][22]:0->1,2
BRDA:72,0,bias2[1][22]:1->0,0
BRDA:72,0,bias2[1][23]:0->1,2
BRDA:72,0,bias2[1][23]:1->0,0
BRDA:72,0,bias2[1][24]:0->1,2
BRDA:72,0,bias2[1][24]:1->0,0
BRDA:72,0,bias2[1][25]:0->1,2
BRDA:72,0,bias2[1][25]:1->0,0
BRDA:72,0,bias2[1][26]:0->1,2
BRDA:72,0,bias2[1][26]:1->0,0
BRDA:72,0,bias2[1][27]:0->1,2
BRDA:72,0,bias2[1][27]:1->0,0
BRDA:72,0,bias2[1][28]:0->1,2
BRDA:72,0,bias2[1][28]:1->0,0
BRDA:72,0,bias2[1][29]:0->1,2
BRDA:72,0,bias2[1][29]:1->0,0
BRDA:72,0,bias2[1][2]:0->1,0
BRDA:72,0,bias2[1][2]:1->0,0
BRDA:72,0,bias2[1][30]:0->1,2
BRDA:72,0,bias2[1][30]:1->0,0
BRDA:72,0,bias2[1][31]:0->1,2
BRDA:72,0,bias2[1][31]:1->0,0
BRDA:72,0,bias2[1][3]:0->1,0
BRDA:72,0,bias2[1][3]:1->0,0
BRDA:72,0,bias2[1][4]:0->1,0
BRDA:72,0,bias2[1][4]:1->0,0
BRDA:72,0,bias2[1][5]:0->1,0
BRDA:72,0,bias2[1][5]:1->0,0
BRDA:72,0,bias2[1][6]:0->1,2
BRDA:72,0,bias2[1][6]:1->0,0
BRDA:72,0,bias2[1][7]:0->1,0
BRDA:72,0,bias2[1][7]:1->0,0
BRDA:72,0,bias2[1][8]:0->1,2
BRDA:72,0,bias2[1][8]:1->0,0
BRDA:72,0,bias2[1][9]:0->1,2
BRDA:72,0,bias2[1][9]:1->0,0
BRDA:72,0,bias2[2][0]:0->1,2
BRDA:72,0,bias2[2][0]:1->0,0
BRDA:72,0,bias2[2][10]:0->1,0
BRDA:72,0,bias2[2][10]:1->0,0
BRDA:72,0,bias2[2][11]:0->1,0
BRDA:72,0,bias2[2][11]:1->0,0
BRDA:72,0,bias2[2][12]:0->1,0
BRDA:72,0,bias2[2][12]:1->0,0
BRDA:72,0,bias2[2][13]:0->1,0
BRDA:72,0,bias2[2][13]:1->0,0
BRDA:72,0,bias2[2][14]:0->1,0
BRDA:72,0,bias2[2][14]:1->0,0
BRDA:72,0,bias2[2][15]:0->1,0
BRDA:72,0,bias2[2][15]:1->0,0
BRDA:72,0,bias2[2][16]:0->1,0
BRDA:72,0,bias2[2][16]:1->0,0
BRDA:72,0,bias2[2][17]:0->1,0
BRDA:72,0,bias2[2][17]:1->0,0
BRDA:72,0,bias2[2][18]:0->1,0
BRDA:72,0,bias2[2][18]:1->0,0
BRDA:72,0,bias2[2][19]:0->1,0
BRDA:72,0,bias2[2][19]:1->0,0
BRDA:72,0,bias2[2][1]:0->1,2
BRDA:72,0,bias2[2][1]:1->0,0
BRDA:72,0,bias2[2][20]:0->1,0
BRDA:72,0,bias2[2][20]:1->0,0
BRDA:72,0,bias2[2][21]:0->1,0
BRDA:72,0,bias2[2][21]:1->0,0
BRDA:72,0,bias2[2][22]:0->1,0
BRDA:72,0,bias2[2][22]:1->0,0
BRDA:72,0,bias2[2][23]:0->1,0
BRDA:72,0,bias2[2][23]:1->0,0
BRDA:72,0,bias2[2][24]:0->1,0
BRDA:72,0,bias2[2][24]:1->0,0
BRDA:72,0,bias2[2][25]:0->1,0
BRDA:72,0,bias2[2][25]:1->0,0
BRDA:72,0,bias2[2][26]:0->1,0
BRDA:72,0,bias2[2][26]:1->0,0
BRDA:72,0,bias2[2][27]:0->1,0
BRDA:72,0,bias2[2][27]:1->0,0
BRDA:72,0,bias2[2][28]:0->1,0
BRDA:72,0,bias2[2][28]:1->0,0
BRDA:72,0,bias2[2][29]:0->1,0
BRDA:72,0,bias2[2][29]:1->0,0
BRDA:72,0,bias2[2][2]:0->1,2
BRDA:72,0,bias2[2][2]:1->0,0
BRDA:72,0,bias2[2][30]:0->1,0
BRDA:72,0,bias2[2][30]:1->0,0
BRDA:72,0,bias2[2][31]:0->1,0
BRDA:72,0,bias2[2][31]:1->0,0
BRDA:72,0,bias2[2][3]:0->1,2
BRDA:72,0,bias2[2][3]:1->0,0
BRDA:72,0,bias2[2][4]:0->1,2
BRDA:72,0,bias2[2][4]:1->0,0
BRDA:72,0,bias2[2][5]:0->1,0
BRDA:72,0,bias2[2][5]:1->0,0
BRDA:72,0,bias2[2][6]:0->1,0
BRDA:72,0,bias2[2][6]:1->0,0
BRDA:72,0,bias2[2][7]:0->1,0
BRDA:72,0,bias2[2][7]:1->0,0
BRDA:72,0,bias2[2][8]:0->1,2
BRDA:72,0,bias2[2][8]:1->0,0
BRDA:72,0,bias2[2][9]:0->1,0
BRDA:72,0,bias2[2][9]:1->0,0
DA:73,2
DA:74,2
DA:75,2
DA:76,2
DA:82,2
DA:84,40
BRDA:84,0,full[0]:0->1,40
BRDA:84,0,full[0]:1->0,40
BRDA:84,0,full[1]:0->1,30
BRDA:84,0,full[1]:1->0,30
BRDA:84,0,busy[0]:0->1,40
BRDA:84,0,busy[0]:1->0,40
BRDA:84,0,busy[1]:0->1,30
BRDA:84,0,busy[1]:1->0,30
DA:85,40
BRDA:85,0,read_bank:0->1,40
BRDA:85,0,read_bank:1->0,38
BRDA:85,0,active_bank:0->1,30
BRDA:85,0,active_bank:1->0,30
BRDA:85,0,write_bank:0->1,40
BRDA:85,0,write_bank:1->0,38
DA:86,74
BRDA:86,0,draining:0->1,2
BRDA:86,0,draining:1->0,2
BRDA:86,0,receiving:0->1,74
BRDA:86,0,receiving:1->0,74
DA:87,36844
BRDA:87,0,input_index[0]:0->1,36844
BRDA:87,0,input_index[0]:1->0,36842
BRDA:87,0,input_index[1]:0->1,18446
BRDA:87,0,input_index[1]:1->0,18444
BRDA:87,0,input_index[2]:0->1,9224
BRDA:87,0,input_index[2]:1->0,9222
BRDA:87,0,input_index[3]:0->1,4610
BRDA:87,0,input_index[3]:1->0,4608
BRDA:87,0,input_index[4]:0->1,2306
BRDA:87,0,input_index[4]:1->0,2304
BRDA:87,0,input_index[5]:0->1,1152
BRDA:87,0,input_index[5]:1->0,1150
BRDA:87,0,input_index[6]:0->1,576
BRDA:87,0,input_index[6]:1->0,574
BRDA:87,0,input_index[7]:0->1,288
BRDA:87,0,input_index[7]:1->0,286
BRDA:87,0,input_index[8]:0->1,144
BRDA:87,0,input_index[8]:1->0,142
BRDA:87,0,input_index[9]:0->1,72
BRDA:87,0,input_index[9]:1->0,70
DA:88,38
BRDA:88,0,receiving_id[0]:0->1,38
BRDA:88,0,receiving_id[0]:1->0,36
BRDA:88,0,receiving_id[10]:0->1,0
BRDA:88,0,receiving_id[10]:1->0,0
BRDA:88,0,receiving_id[11]:0->1,0
BRDA:88,0,receiving_id[11]:1->0,0
BRDA:88,0,receiving_id[12]:0->1,0
BRDA:88,0,receiving_id[12]:1->0,0
BRDA:88,0,receiving_id[13]:0->1,0
BRDA:88,0,receiving_id[13]:1->0,0
BRDA:88,0,receiving_id[14]:0->1,0
BRDA:88,0,receiving_id[14]:1->0,0
BRDA:88,0,receiving_id[15]:0->1,0
BRDA:88,0,receiving_id[15]:1->0,0
BRDA:88,0,receiving_id[16]:0->1,0
BRDA:88,0,receiving_id[16]:1->0,0
BRDA:88,0,receiving_id[17]:0->1,0
BRDA:88,0,receiving_id[17]:1->0,0
BRDA:88,0,receiving_id[18]:0->1,0
BRDA:88,0,receiving_id[18]:1->0,0
BRDA:88,0,receiving_id[19]:0->1,0
BRDA:88,0,receiving_id[19]:1->0,0
BRDA:88,0,receiving_id[1]:0->1,25
BRDA:88,0,receiving_id[1]:1->0,23
BRDA:88,0,receiving_id[20]:0->1,0
BRDA:88,0,receiving_id[20]:1->0,0
BRDA:88,0,receiving_id[21]:0->1,0
BRDA:88,0,receiving_id[21]:1->0,0
BRDA:88,0,receiving_id[22]:0->1,0
BRDA:88,0,receiving_id[22]:1->0,0
BRDA:88,0,receiving_id[23]:0->1,0
BRDA:88,0,receiving_id[23]:1->0,0
BRDA:88,0,receiving_id[24]:0->1,0
BRDA:88,0,receiving_id[24]:1->0,0
BRDA:88,0,receiving_id[25]:0->1,0
BRDA:88,0,receiving_id[25]:1->0,0
BRDA:88,0,receiving_id[26]:0->1,0
BRDA:88,0,receiving_id[26]:1->0,0
BRDA:88,0,receiving_id[27]:0->1,0
BRDA:88,0,receiving_id[27]:1->0,0
BRDA:88,0,receiving_id[28]:0->1,0
BRDA:88,0,receiving_id[28]:1->0,0
BRDA:88,0,receiving_id[29]:0->1,0
BRDA:88,0,receiving_id[29]:1->0,0
BRDA:88,0,receiving_id[2]:0->1,23
BRDA:88,0,receiving_id[2]:1->0,21
BRDA:88,0,receiving_id[30]:0->1,0
BRDA:88,0,receiving_id[30]:1->0,0
BRDA:88,0,receiving_id[31]:0->1,0
BRDA:88,0,receiving_id[31]:1->0,0
BRDA:88,0,receiving_id[3]:0->1,18
BRDA:88,0,receiving_id[3]:1->0,18
BRDA:88,0,receiving_id[4]:0->1,10
BRDA:88,0,receiving_id[4]:1->0,8
BRDA:88,0,receiving_id[5]:0->1,22
BRDA:88,0,receiving_id[5]:1->0,20
BRDA:88,0,receiving_id[6]:0->1,10
BRDA:88,0,receiving_id[6]:1->0,10
BRDA:88,0,receiving_id[7]:0->1,2
BRDA:88,0,receiving_id[7]:1->0,2
BRDA:88,0,receiving_id[8]:0->1,14
BRDA:88,0,receiving_id[8]:1->0,12
BRDA:88,0,receiving_id[9]:0->1,0
BRDA:88,0,receiving_id[9]:1->0,0
BRDA:88,0,frame_ids[0][0]:0->1,4
BRDA:88,0,frame_ids[0][0]:1->0,2
BRDA:88,0,frame_ids[0][10]:0->1,0
BRDA:88,0,frame_ids[0][10]:1->0,0
BRDA:88,0,frame_ids[0][11]:0->1,0
BRDA:88,0,frame_ids[0][11]:1->0,0
BRDA:88,0,frame_ids[0][12]:0->1,0
BRDA:88,0,frame_ids[0][12]:1->0,0
BRDA:88,0,frame_ids[0][13]:0->1,0
BRDA:88,0,frame_ids[0][13]:1->0,0
BRDA:88,0,frame_ids[0][14]:0->1,0
BRDA:88,0,frame_ids[0][14]:1->0,0
BRDA:88,0,frame_ids[0][15]:0->1,0
BRDA:88,0,frame_ids[0][15]:1->0,0
BRDA:88,0,frame_ids[0][16]:0->1,0
BRDA:88,0,frame_ids[0][16]:1->0,0
[...]
BRDA:129,0,product[0][18]:0->1,410694
BRDA:129,0,product[0][18]:1->0,410694
BRDA:129,0,product[0][19]:0->1,410907
BRDA:129,0,product[0][19]:1->0,410907
BRDA:129,0,product[0][1]:0->1,383172
BRDA:129,0,product[0][1]:1->0,383172
BRDA:129,0,product[0][20]:0->1,412140
BRDA:129,0,product[0][20]:1->0,412140
BRDA:129,0,product[0][21]:0->1,410553
BRDA:129,0,product[0][21]:1->0,410553
BRDA:129,0,product[0][22]:0->1,410513
BRDA:129,0,product[0][22]:1->0,410513
BRDA:129,0,product[0][23]:0->1,418448
BRDA:129,0,product[0][23]:1->0,418448
BRDA:129,0,product[0][24]:0->1,417212
BRDA:129,0,product[0][24]:1->0,417212
BRDA:129,0,product[0][25]:0->1,417203
BRDA:129,0,product[0][25]:1->0,417203
BRDA:129,0,product[0][26]:0->1,417203
BRDA:129,0,product[0][26]:1->0,417203
BRDA:129,0,product[0][27]:0->1,417203
BRDA:129,0,product[0][27]:1->0,417203
BRDA:129,0,product[0][28]:0->1,417203
BRDA:129,0,product[0][28]:1->0,417203
BRDA:129,0,product[0][29]:0->1,417203
BRDA:129,0,product[0][29]:1->0,417203
BRDA:129,0,product[0][2]:0->1,404522
BRDA:129,0,product[0][2]:1->0,404522
BRDA:129,0,product[0][30]:0->1,417203
BRDA:129,0,product[0][30]:1->0,417203
BRDA:129,0,product[0][31]:0->1,417203
BRDA:129,0,product[0][31]:1->0,417203
BRDA:129,0,product[0][3]:0->1,407410
BRDA:129,0,product[0][3]:1->0,407410
BRDA:129,0,product[0][4]:0->1,408228
BRDA:129,0,product[0][4]:1->0,408228
BRDA:129,0,product[0][5]:0->1,409326
BRDA:129,0,product[0][5]:1->0,409326
BRDA:129,0,product[0][6]:0->1,407647
BRDA:129,0,product[0][6]:1->0,407647
BRDA:129,0,product[0][7]:0->1,408542
BRDA:129,0,product[0][7]:1->0,408542
BRDA:129,0,product[0][8]:0->1,409472
BRDA:129,0,product[0][8]:1->0,409472
BRDA:129,0,product[0][9]:0->1,409316
BRDA:129,0,product[0][9]:1->0,409316
DA:130,2118780
BRDA:130,0,multiply_enable:0->1,2118780
BRDA:130,0,multiply_enable:1->0,2118780
DA:131,19582920
BRDA:131,0,weight_address[0]:0->1,8816
BRDA:131,0,weight_address[0]:1->0,8814
BRDA:131,0,weight_address[1]:0->1,4408
BRDA:131,0,weight_address[1]:1->0,4406
BRDA:131,0,weight_address[2]:0->1,2204
BRDA:131,0,weight_address[2]:1->0,2202
BRDA:131,0,weight_address[3]:0->1,1102
BRDA:131,0,weight_address[3]:1->0,1100
BRDA:131,0,weight_address[4]:0->1,522
BRDA:131,0,weight_address[4]:1->0,522
BRDA:131,0,weight_address[5]:0->1,290
BRDA:131,0,weight_address[5]:1->0,288
BRDA:131,0,weight_address[6]:0->1,116
BRDA:131,0,weight_address[6]:1->0,116
BRDA:131,0,weight_address[7]:0->1,58
BRDA:131,0,weight_address[7]:1->0,58
BRDA:131,0,weight_address[8]:0->1,58
BRDA:131,0,weight_address[8]:1->0,56
BRDA:131,0,(nn_layer==0) => 0,12640084
BRDA:131,0,(nn_layer==1) => 1,19582920
BRDA:131,0,cond_then,19582920
BRDA:131,0,cond_else,12640084
DA:132,992
BRDA:132,0,dft_component[0]:0->1,992
BRDA:132,0,dft_component[0]:1->0,990
BRDA:132,0,dft_component[1]:0->1,496
BRDA:132,0,dft_component[1]:1->0,494
BRDA:132,0,dft_component[2]:0->1,248
BRDA:132,0,dft_component[2]:1->0,246
BRDA:132,0,dft_component[3]:0->1,124
BRDA:132,0,dft_component[3]:1->0,122
BRDA:132,0,dft_component[4]:0->1,62
BRDA:132,0,dft_component[4]:1->0,60
DA:133,496
BRDA:133,0,dft_bin_index[0]:0->1,496
BRDA:133,0,dft_bin_index[0]:1->0,494
BRDA:133,0,dft_bin_index[1]:0->1,248
BRDA:133,0,dft_bin_index[1]:1->0,246
BRDA:133,0,dft_bin_index[2]:0->1,124
BRDA:133,0,dft_bin_index[2]:1->0,122
BRDA:133,0,dft_bin_index[3]:0->1,62
BRDA:133,0,dft_bin_index[3]:1->0,60
DA:134,522
BRDA:134,0,nn_output_index[0]:0->1,522
BRDA:134,0,nn_output_index[0]:1->0,522
BRDA:134,0,nn_output_index[1]:0->1,290
BRDA:134,0,nn_output_index[1]:1->0,288
BRDA:134,0,nn_output_index[2]:0->1,116
BRDA:134,0,nn_output_index[2]:1->0,116
BRDA:134,0,nn_output_index[3]:0->1,58
BRDA:134,0,nn_output_index[3]:1->0,58
DA:135,390629
BRDA:135,0,selected_accumulator[0]:0->1,204914
BRDA:135,0,selected_accumulator[0]:1->0,204914
BRDA:135,0,selected_accumulator[10]:0->1,380592
BRDA:135,0,selected_accumulator[10]:1->0,380592
BRDA:135,0,selected_accumulator[11]:0->1,379782
BRDA:135,0,selected_accumulator[11]:1->0,379780
BRDA:135,0,selected_accumulator[12]:0->1,377056
BRDA:135,0,selected_accumulator[12]:1->0,377054
BRDA:135,0,selected_accumulator[13]:0->1,370147
BRDA:135,0,selected_accumulator[13]:1->0,370145
BRDA:135,0,selected_accumulator[14]:0->1,390629
BRDA:135,0,selected_accumulator[14]:1->0,390627
BRDA:135,0,selected_accumulator[15]:0->1,384093
BRDA:135,0,selected_accumulator[15]:1->0,384091
BRDA:135,0,selected_accumulator[16]:0->1,377148
BRDA:135,0,selected_accumulator[16]:1->0,377146
BRDA:135,0,selected_accumulator[17]:0->1,364510
BRDA:135,0,selected_accumulator[17]:1->0,364508
BRDA:135,0,selected_accumulator[18]:0->1,349032
BRDA:135,0,selected_accumulator[18]:1->0,349030
BRDA:135,0,selected_accumulator[19]:0->1,325794
BRDA:135,0,selected_accumulator[19]:1->0,325792
BRDA:135,0,selected_accumulator[1]:0->1,294620
BRDA:135,0,selected_accumulator[1]:1->0,294618
BRDA:135,0,selected_accumulator[20]:0->1,301278
BRDA:135,0,selected_accumulator[20]:1->0,301276
BRDA:135,0,selected_accumulator[21]:0->1,278617
BRDA:135,0,selected_accumulator[21]:1->0,278615
BRDA:135,0,selected_accumulator[22]:0->1,255682
BRDA:135,0,selected_accumulator[22]:1->0,255680
BRDA:135,0,selected_accumulator[23]:0->1,204828
BRDA:135,0,selected_accumulator[23]:1->0,204826
BRDA:135,0,selected_accumulator[24]:0->1,181373
BRDA:135,0,selected_accumulator[24]:1->0,181371
BRDA:135,0,selected_accumulator[25]:0->1,166806
BRDA:135,0,selected_accumulator[25]:1->0,166804
BRDA:135,0,selected_accumulator[26]:0->1,161782
BRDA:135,0,selected_accumulator[26]:1->0,161780
BRDA:135,0,selected_accumulator[27]:0->1,159808
BRDA:135,0,selected_accumulator[27]:1->0,159806
BRDA:135,0,selected_accumulator[28]:0->1,159111
BRDA:135,0,selected_accumulator[28]:1->0,159109
BRDA:135,0,selected_accumulator[29]:0->1,158910
BRDA:135,0,selected_accumulator[29]:1->0,158908
BRDA:135,0,selected_accumulator[2]:0->1,346964
BRDA:135,0,selected_accumulator[2]:1->0,346962
BRDA:135,0,selected_accumulator[30]:0->1,158889
BRDA:135,0,selected_accumulator[30]:1->0,158887
BRDA:135,0,selected_accumulator[31]:0->1,158868
BRDA:135,0,selected_accumulator[31]:1->0,158866
BRDA:135,0,selected_accumulator[32]:0->1,158866
BRDA:135,0,selected_accumulator[32]:1->0,158864
BRDA:135,0,selected_accumulator[33]:0->1,158864
BRDA:135,0,selected_accumulator[33]:1->0,158862
BRDA:135,0,selected_accumulator[34]:0->1,158864
BRDA:135,0,selected_accumulator[34]:1->0,158862
BRDA:135,0,selected_accumulator[35]:0->1,158864
BRDA:135,0,selected_accumulator[35]:1->0,158862
BRDA:135,0,selected_accumulator[36]:0->1,158864
BRDA:135,0,selected_accumulator[36]:1->0,158862
BRDA:135,0,selected_accumulator[37]:0->1,158864
BRDA:135,0,selected_accumulator[37]:1->0,158862
BRDA:135,0,selected_accumulator[38]:0->1,158864
BRDA:135,0,selected_accumulator[38]:1->0,158862
BRDA:135,0,selected_accumulator[39]:0->1,158864
BRDA:135,0,selected_accumulator[39]:1->0,158862
BRDA:135,0,selected_accumulator[3]:0->1,365384
BRDA:135,0,selected_accumulator[3]:1->0,365384
BRDA:135,0,selected_accumulator[4]:0->1,377149
BRDA:135,0,selected_accumulator[4]:1->0,377149
BRDA:135,0,selected_accumulator[5]:0->1,380298
BRDA:135,0,selected_accumulator[5]:1->0,380296
BRDA:135,0,selected_accumulator[6]:0->1,382028
BRDA:135,0,selected_accumulator[6]:1->0,382028
BRDA:135,0,selected_accumulator[7]:0->1,383292
BRDA:135,0,selected_accumulator[7]:1->0,383292
BRDA:135,0,selected_accumulator[8]:0->1,384585
BRDA:135,0,selected_accumulator[8]:1->0,384585
BRDA:135,0,selected_accumulator[9]:0->1,381023
BRDA:135,0,selected_accumulator[9]:1->0,381021
BRDA:135,0,((LANES == 32'sh1)==0) => 0,0
BRDA:135,0,((LANES == 32'sh1)==1) => 1,2
DA:136,4466
BRDA:136,0,weight_q[0][0]:0->1,4466
BRDA:136,0,weight_q[0][0]:1->0,4464
BRDA:136,0,weight_q[0][1]:0->1,4466
BRDA:136,0,weight_q[0][1]:1->0,4466
BRDA:136,0,weight_q[0][2]:0->1,4466
BRDA:136,0,weight_q[0][2]:1->0,4464
BRDA:136,0,weight_q[0][3]:0->1,4234
BRDA:136,0,weight_q[0][3]:1->0,4234
BRDA:136,0,weight_q[0][4]:0->1,4350
BRDA:136,0,weight_q[0][4]:1->0,4350
BRDA:136,0,weight_q[0][5]:0->1,4176
BRDA:136,0,weight_q[0][5]:1->0,4176
BRDA:136,0,weight_q[0][6]:0->1,2960
BRDA:136,0,weight_q[0][6]:1->0,2958
BRDA:136,0,weight_q[0][7]:0->1,2728
BRDA:136,0,weight_q[0][7]:1->0,2726
DA:138,481804
DA:141,481804
DA:142,481804
DA:143,481804
DA:144,481804
BRDA:144,0,if,0
BRDA:144,0,else,481804
DA:145,481804
DA:146,481804
DA:147,481804
DA:148,481804
DA:149,481804
BRDA:149,0,else,481804
BRDA:149,0,((remainder == halfway)==1 && quotient[0]==1) => 1,4893
BRDA:149,0,((remainder > halfway)==0 && (remainder == halfway)==0) => 0,285550
BRDA:149,0,((remainder > halfway)==0 && quotient[0]==0) => 0,197989
BRDA:149,0,((remainder > halfway)==1) => 1,185877
DA:153,475840
DA:155,475840
DA:156,0
DA:157,475840
BRDA:157,0,if,0
BRDA:157,0,else,475840
DA:158,475840
DA:161,3968
DA:163,3968
DA:164,0
DA:165,3968
BRDA:165,0,if,0
BRDA:165,0,else,3968
DA:166,3968
DA:169,1856
DA:171,1856
DA:172,1856
DA:173,1856
DA:174,1160
DA:175,688
BRDA:175,0,if,8
BRDA:175,0,else,688
DA:176,688
DA:179,0
DA:182,0
DA:183,0
DA:184,0
DA:185,0
DA:186,0
DA:187,0
BRDA:187,0,if,0
BRDA:187,0,else,0
DA:188,0
DA:189,0
DA:190,0
DA:191,0
BRDA:191,0,if,0
BRDA:191,0,((remainder == halfway)==1 && quotient[0]==1) => 1,0
BRDA:191,0,((remainder > halfway)==0 && (remainder == halfway)==0) => 0,0
BRDA:191,0,((remainder > halfway)==0 && quotient[0]==0) => 0,0
BRDA:191,0,((remainder > halfway)==1) => 1,0
DA:193,0
BRDA:193,0,block,0
BRDA:193,0,((rounded > 34'h7f)==0) => 0,0
BRDA:193,0,((rounded > 34'h7f)==1) => 1,0
BRDA:193,0,cond_then,0
BRDA:193,0,cond_else,0
DA:201,2118780
DA:211,4466
BRDA:211,0,g_lane[0].selected_weight[0]:0->1,4466
BRDA:211,0,g_lane[0].selected_weight[0]:1->0,4464
BRDA:211,0,g_lane[0].selected_weight[1]:0->1,4466
BRDA:211,0,g_lane[0].selected_weight[1]:1->0,4466
BRDA:211,0,g_lane[0].selected_weight[2]:0->1,4466
BRDA:211,0,g_lane[0].selected_weight[2]:1->0,4464
BRDA:211,0,g_lane[0].selected_weight[3]:0->1,4234
BRDA:211,0,g_lane[0].selected_weight[3]:1->0,4234
BRDA:211,0,g_lane[0].selected_weight[4]:0->1,4350
BRDA:211,0,g_lane[0].selected_weight[4]:1->0,4350
BRDA:211,0,g_lane[0].selected_weight[5]:0->1,4176
BRDA:211,0,g_lane[0].selected_weight[5]:1->0,4176
BRDA:211,0,g_lane[0].selected_weight[6]:0->1,2960
BRDA:211,0,g_lane[0].selected_weight[6]:1->0,2958
BRDA:211,0,g_lane[0].selected_weight[7]:0->1,2728
BRDA:211,0,g_lane[0].selected_weight[7]:1->0,2726
DA:212,2
DA:213,6414950
DA:214,6397316
BRDA:214,0,if,17634
BRDA:214,0,else,6397316
DA:216,4296170
BRDA:216,0,if,2118780
BRDA:216,0,else,4296170
DA:222,32223004
DA:223,32223004
DA:224,32223004
BRDA:224,0,block,32223004
BRDA:224,0,block,32223004
DA:225,32223004
DA:226,340670
DA:227,340670
DA:228,340670
DA:229,340670
DA:231,10176018
DA:232,10176018
DA:233,10176018
BRDA:233,0,case,10176018
BRDA:233,0,block,10176018
DA:235,4810
DA:236,4810
DA:237,88170
DA:238,88170
DA:239,88170
BRDA:239,0,case,88170
BRDA:239,0,block,88170
DA:241,21608526
DA:246,6414950
DA:247,6341164
BRDA:247,0,else,6341164
BRDA:247,0,(in_ready==0) => 0,2653335
BRDA:247,0,(in_valid==0) => 0,4094015
BRDA:247,0,(restart_input==0 && draining==1) => 0,2
BRDA:247,0,(rst==0 && in_valid==1 && in_ready==1 && draining==0) => 1,73784
BRDA:247,0,(rst==0 && in_valid==1 && in_ready==1 && restart_input==1) => 1,78
BRDA:247,0,(rst==1) => 0,104
BRDA:247,0,if,73786
DA:248,43032
BRDA:248,0,if,30754
BRDA:248,0,else,43032
BRDA:248,0,(restart_input==0) => 0,30722
BRDA:248,0,(restart_input==1) => 1,32
DA:249,43032
BRDA:249,0,else,43032
BRDA:249,0,(restart_input==0) => 0,42986
BRDA:249,0,(restart_input==1) => 1,46
DA:251,6347362
BRDA:251,0,else,6347362
BRDA:251,0,if,67588
DA:252,67588
BRDA:252,0,if,67588
BRDA:252,0,(active_bank==0) => 0,38914
BRDA:252,0,(active_bank==1) => 1,28674
BRDA:252,0,cond_then,28674
BRDA:252,0,cond_else,38914
DA:254,6347364
BRDA:254,0,else,6347364
BRDA:254,0,if,67586
DA:255,4383312
BRDA:255,0,else,4383312
BRDA:255,0,if,2031638
DA:259,6414950
DA:260,6414846
BRDA:260,0,else,6414846
BRDA:260,0,if,104
DA:261,104
DA:262,104
DA:263,104
DA:264,104
DA:265,104
DA:266,104
DA:267,104
DA:268,104
DA:269,104
DA:270,104
BRDA:270,0,if,104
BRDA:270,0,block,104
DA:271,312
BRDA:271,0,if,104
BRDA:271,0,block,312
DA:272,6414846
DA:273,6414846
DA:274,6341060
BRDA:274,0,if,73786
BRDA:274,0,else,6341060
BRDA:274,0,(in_ready==0) => 0,2653231
BRDA:274,0,(in_valid==0) => 0,4093911
BRDA:274,0,(in_valid==1 && in_ready==1) => 1,73786
DA:275,78
DA:276,74
BRDA:276,0,if,4
BRDA:276,0,else,74
DA:277,78
DA:278,78
DA:279,78
BRDA:279,0,if,0
BRDA:279,0,else,78
DA:280,0
DA:281,78
DA:282,73708
BRDA:282,0,if,0
BRDA:282,0,else,73708
DA:283,0
BRDA:283,0,if,0
BRDA:283,0,else,0
DA:284,73708
DA:285,73708
DA:286,72
DA:287,72
DA:288,70
BRDA:288,0,if,70
BRDA:288,0,else,2
DA:289,70
DA:290,70
DA:291,70
BRDA:291,0,if,70
BRDA:291,0,(write_bank==0) => 1,40
BRDA:291,0,(write_bank==1) => 0,30
DA:292,2
DA:293,73634
BRDA:293,0,if,2
BRDA:293,0,else,73634
DA:294,2
DA:295,73634
DA:299,6212020
BRDA:299,0,if,202826
BRDA:299,0,else,6212020
BRDA:299,0,((state <= PRE_STORE)==0) => 0,6168756
BRDA:299,0,((state >= PRE_MEAN)==0) => 0,43264
BRDA:299,0,((state >= PRE_MEAN)==1 && (state <= PRE_STORE)==1) => 1,202826
DA:300,6098878
BRDA:300,0,if,6098878
BRDA:300,0,else,315968
BRDA:300,0,((state <= DFT_STORE)==0) => 0,69878
BRDA:300,0,((state >= DFT_INIT)==0) => 0,246090
BRDA:300,0,((state >= DFT_INIT)==1 && (state <= DFT_STORE)==1) => 1,6098878
DA:301,6406436
BRDA:301,0,if,8410
BRDA:301,0,else,6406436
BRDA:301,0,((state <= POWER_QUANT)==0) => 0,61468
BRDA:301,0,((state >= POWER_RE_MUL)==0) => 0,6344968
BRDA:301,0,((state >= POWER_RE_MUL)==1 && (state <= POWER_QUANT)==1) => 1,8410
DA:302,6359740
BRDA:302,0,if,55106
BRDA:302,0,else,6359740
BRDA:302,0,((state <= NN_STORE)==0) => 0,6362
BRDA:302,0,((state >= NN_INIT)==0) => 0,6353378
BRDA:302,0,((state >= NN_INIT)==1 && (state <= NN_STORE)==1) => 1,55106
DA:303,6365220
BRDA:303,0,if,6365220
BRDA:303,0,else,49626
BRDA:303,0,((state != FINISH)==0) => 0,56
BRDA:303,0,((state != HOLD)==0) => 0,6306
BRDA:303,0,((state != IDLE)==0) => 0,43264
BRDA:303,0,((state != IDLE)==1 && (state != HOLD)==1 && (state != FINISH)==1) => 1,6365220
DA:305,6414846
DA:306,43264
BRDA:306,0,case,43264
BRDA:306,0,if,70
BRDA:306,0,else,43194
DA:307,70
DA:308,70
BRDA:308,0,if,70
BRDA:308,0,(read_bank==0) => 1,40
BRDA:308,0,(read_bank==1) => 0,30
DA:309,70
DA:310,70
DA:311,70
DA:313,70
DA:314,70
DA:315,70
DA:316,70
DA:318,67586
DA:319,67586
DA:320,67584
DA:321,67584
DA:322,67518
BRDA:322,0,if,66
BRDA:322,0,else,67518
DA:323,67518
DA:325,1988
DA:326,1988
DA:327,1988
BRDA:327,0,case,1988
BRDA:327,0,((((dft_group + k) %25 32'sh2) == 32'sh1)==0) => 0,996
BRDA:327,0,((((dft_group + k) %25 32'sh2) == 32'sh1)==1) => 1,992
BRDA:327,0,cond_then,992
BRDA:327,0,cond_else,996
BRDA:327,0,block,1988
DA:328,1988
DA:330,2031636
DA:331,2031636
DA:332,2031634
DA:333,2031634
BRDA:333,0,case,2031634
BRDA:333,0,block,2031634
DA:334,2031634
DA:335,2031634
DA:337,2029650
BRDA:337,0,if,1984
BRDA:337,0,else,2029650
DA:338,2029650
DA:340,1984
DA:341,992
BRDA:341,0,if,992
BRDA:341,0,else,992
DA:342,992
DA:343,1984
BRDA:343,0,case,1984
BRDA:343,0,(dft_component[0]==0) => 0,992
BRDA:343,0,(dft_component[0]==1) => 1,992
BRDA:343,0,cond_then,992
BRDA:343,0,cond_else,992
DA:344,1984
DA:345,1984
BRDA:345,0,if,1984
BRDA:345,0,else,0
DA:346,1922
BRDA:346,0,if,62
BRDA:346,0,else,1922
DA:347,1922
DA:348,0
DA:350,962
DA:351,962
DA:352,962
DA:353,962
DA:354,962
BRDA:354,0,if,962
BRDA:354,0,else,0
BRDA:354,0,((BANDS == 32'sh1)==0 && (band_part == (BANDS - 32'sh1)[1:0])==0) => 0,0
BRDA:354,0,((BANDS == 32'sh1)==1) => 1,962
BRDA:354,0,((band_part == (BANDS - 32'sh1)[1:0])==1) => 1,962
DA:355,962
DA:356,962
DA:357,962
DA:358,962
DA:359,0
DA:360,0
DA:361,0
DA:364,962
DA:365,962
DA:366,962
DA:367,180
DA:368,782
BRDA:368,0,if,0
BRDA:368,0,else,782
DA:369,782
DA:371,2640
DA:372,2640
BRDA:372,0,case,2640
BRDA:372,0,(quant_guard==1) => 1,210
BRDA:372,0,(quant_sticky==0 && quant_guard==0) => 0,2255
BRDA:372,0,(quant_sticky==1) => 1,243
DA:373,2640
DA:374,2640
DA:375,2640
DA:376,1860
BRDA:376,0,if,780
BRDA:376,0,else,1860
DA:378,960
DA:379,960
DA:380,960
DA:381,900
BRDA:381,0,if,60
BRDA:381,0,else,900
DA:382,900
DA:384,1104
DA:385,1104
DA:386,1104
BRDA:386,0,case,1104
BRDA:386,0,block,1104
DA:387,930
BRDA:387,0,elsif,930
BRDA:387,0,(nn_layer==0) => 1,930
BRDA:387,0,(nn_layer==1) => 0,174
DA:388,174
BRDA:388,0,if,174
BRDA:388,0,else,0
DA:389,0
DA:391,1104
DA:393,17634
BRDA:393,0,case,17634
BRDA:393,0,(nn_layer==0) => 0,14850
BRDA:393,0,(nn_layer==1) => 1,2784
BRDA:393,0,cond_then,2784
BRDA:393,0,cond_else,14850
DA:394,17634
DA:395,17632
DA:396,17632
BRDA:396,0,case,17632
BRDA:396,0,block,17632
DA:397,16530
BRDA:397,0,if,1102
BRDA:397,0,else,16530
DA:398,16530
DA:400,1102
DA:401,1102
BRDA:401,0,if,0
BRDA:401,0,else,1102
BRDA:401,0,((selected_accumulator < (- 40'sh80000000))==1) => 1,0
BRDA:401,0,((selected_accumulator > 40'sh7fffffff)==0 && (selected_accumulator < (- 40'sh80000000))==0) => 0,1102
BRDA:401,0,((selected_accumulator > 40'sh7fffffff)==1) => 1,0
DA:402,928
BRDA:402,0,elsif,928
BRDA:402,0,(nn_layer==0) => 1,928
BRDA:402,0,(nn_layer==1) => 0,174
DA:403,928
DA:404,928
DA:405,928
DA:406,174
BRDA:406,0,if,174
BRDA:406,0,else,0
DA:407,174
DA:408,174
DA:410,1102
BRDA:410,0,if,1102
BRDA:410,0,else,0
DA:411,1044
BRDA:411,0,elsif,58
BRDA:411,0,(((nn_group + LANES) == 32'sh10)==0) => 0,1044
BRDA:411,0,(nn_layer==0 && ((nn_group + LANES) == 32'sh10)==1) => 1,58
BRDA:411,0,(nn_layer==1) => 0,174
DA:412,986
BRDA:412,0,if,58
BRDA:412,0,else,986
BRDA:412,0,(((nn_group + LANES) >= 32'sh3)==0) => 0,232
BRDA:412,0,(nn_layer==0) => 0,870
BRDA:412,0,(nn_layer==1 && ((nn_group + LANES) >= 32'sh3)==1) => 1,58
DA:413,986
DA:414,0
DA:416,56
DA:417,56
DA:418,33
BRDA:418,0,elsif,33
BRDA:418,0,(((logits[2'h0]) >= (logits[2'h1]))==0) => 0,21
BRDA:418,0,(((logits[2'h0]) >= (logits[2'h1]))==1 && ((logits[2'h0]) >= (logits[2'h2]))==1) => 1,33
BRDA:418,0,(((logits[2'h0]) >= (logits[2'h2]))==0) => 0,18
DA:419,17
BRDA:419,0,if,6
BRDA:419,0,else,17
DA:420,56
DA:421,56
DA:423,6414792
BRDA:423,0,case,6306
BRDA:423,0,if,54
BRDA:423,0,else,6252
BRDA:423,0,(out_ready==0) => 0,6414792
BRDA:423,0,(out_valid==0) => 0,6408540
BRDA:423,0,(out_valid==1 && out_ready==1) => 1,54
DA:424,0
DA:429,2
DA:430,2
BRDA:430,0,block,2
BRDA:430,0,(((N & (N - 32'sh1)) == 32'sh0)==0) => 0,0
BRDA:430,0,((N >= 32'sh8)==0) => 0,0
BRDA:430,0,((N >= 32'sh8)==1 && ((N & (N - 32'sh1)) == 32'sh0)==1) => 1,2
DA:431,2
BRDA:431,0,block,2
BRDA:431,0,((LANES == 32'sh1)==0 && (LANES == 32'sh4)==0) => 0,0
BRDA:431,0,((LANES == 32'sh1)==1) => 1,2
BRDA:431,0,((LANES == 32'sh4)==1) => 1,0
DA:432,2
BRDA:432,0,block,2
BRDA:432,0,((BANDS == 32'sh1)==0 && (BANDS == 32'sh3)==0) => 0,0
BRDA:432,0,((BANDS == 32'sh1)==1) => 1,2
BRDA:432,0,((BANDS == 32'sh3)==1) => 1,0
DA:434,6414950
BRDA:434,0,if,6414846
BRDA:434,0,else,104
BRDA:434,0,(rst==0) => 1,6414846
BRDA:434,0,(rst==1) => 0,104
BRDA:434,0,block,6414950
DA:435,6414846
DA:436,6341060
BRDA:436,0,else,6341060
BRDA:436,0,(in_ready==0) => 0,2653231
BRDA:436,0,(in_valid==0) => 0,4093911
BRDA:436,0,(in_valid==1 && in_ready==1 && draining==0) => 1,73784
BRDA:436,0,(in_valid==1 && in_ready==1 && restart_input==1) => 1,78
BRDA:436,0,(restart_input==0 && draining==1) => 0,2
BRDA:436,0,if,73786
DA:437,73786
BRDA:437,0,if,73786
BRDA:437,0,(busy[write_bank+:1]==1) => 0,0
BRDA:437,0,(full[write_bank+:1]==0 && busy[write_bank+:1]==0) => 1,73786
BRDA:437,0,(full[write_bank+:1]==1) => 0,0
DA:438,6347260
BRDA:438,0,else,6347260
BRDA:438,0,if,67586
DA:439,6412862
BRDA:439,0,else,6412862
BRDA:439,0,(((dft_group + store_lane) < COMPONENTS)==0) => 0,0
BRDA:439,0,(((dft_group + store_lane) < COMPONENTS)==1 && (store_lane < LANES)==1) => 1,1984
BRDA:439,0,((store_lane < LANES)==0) => 0,0
BRDA:439,0,if,1984
DA:440,6397212
BRDA:440,0,else,6397212
BRDA:440,0,if,17634
DA:441,6413884
BRDA:441,0,else,6413884
BRDA:441,0,(band_sum_next[33]==0) => 1,962
BRDA:441,0,(band_sum_next[33]==1) => 0,0
BRDA:441,0,if,962
BRF:5553
BRH:2090
end_of_record
