<?xml version='1.0' encoding='utf-8'?>
<testsuites name="cocotb tests"><testsuite name="test_fifo" errors="0" failures="0" skipped="0" tests="1" time="0.033" timestamp="2026-09-06T02:28:49.759121+00:00" hostname="MacBook-Pro-3.local"><testcase classname="test_fifo" name="fifo_directed_random" time="0.033"><properties><property name="cocotb" value="True" /><property name="random_seed" value="1788661729" /><property name="file" value="./sim/test_fifo.py" /><property name="line" value="12" /><property name="sim_time_unit" value="ns" /><property name="sim_time_start" value="0.0" /><property name="sim_time_stop" value="30440.0" /><property name="sim_time_duration" value="30440.0" /><property name="sim_time_ratio" value="935077.3117872118" /><property name="attachment" value="./build/fifo_d4/test.log" /></properties><system-out>[[ATTACHMENT|./build/fifo_d4/test.log]]
</system-out></testcase></testsuite></testsuites>