<?xml version='1.0' encoding='utf-8'?>
<testsuites name="cocotb tests"><testsuite name="test_fifo" errors="0" failures="0" skipped="0" tests="1" time="0.032" timestamp="2026-09-06T02:28:45.992571+00:00" hostname="MacBook-Pro-3.local"><testcase classname="test_fifo" name="fifo_directed_random" time="0.032"><properties><property name="cocotb" value="True" /><property name="random_seed" value="1788661725" /><property name="file" value="./sim/test_fifo.py" /><property name="line" value="12" /><property name="sim_time_unit" value="ns" /><property name="sim_time_start" value="0.0" /><property name="sim_time_stop" value="30230.0" /><property name="sim_time_duration" value="30230.0" /><property name="sim_time_ratio" value="944580.4948745121" /><property name="attachment" value="./build/fifo_d1/test.log" /></properties><system-out>[[ATTACHMENT|./build/fifo_d1/test.log]]
</system-out></testcase></testsuite></testsuites>