<?xml version='1.0' encoding='utf-8'?>
<testsuites name="cocotb tests"><testsuite name="test_field_system" errors="0" failures="0" skipped="0" tests="1" time="20.295" timestamp="2026-09-10T06:07:14.773517+00:00" hostname="MacBook-Pro-3.local"><testcase classname="test_field_system" name="sensor_to_classification_log" time="20.295"><properties><property name="cocotb" value="True" /><property name="random_seed" value="1789020412" /><property name="file" value="./sim/test_field_system.py" /><property name="line" value="55" /><property name="sim_time_unit" value="ns" /><property name="sim_time_start" value="0.0" /><property name="sim_time_stop" value="79779300.0" /><property name="sim_time_duration" value="79779300.0" /><property name="sim_time_ratio" value="3931031.27910915" /><property name="attachment" value="./build/hardware-wake-validation/runs/integration/field_system_l1/gap/test.log" /></properties><system-out>[[ATTACHMENT|./build/hardware-wake-validation/runs/integration/field_system_l1/gap/test.log]]
</system-out></testcase></testsuite></testsuites>