<?xml version='1.0' encoding='utf-8'?>
<testsuites name="cocotb tests"><testsuite name="test_flash_system" errors="0" failures="0" skipped="0" tests="1" time="7.575" timestamp="2026-09-06T03:03:15.663013+00:00" hostname="MacBook-Pro-3.local"><testcase classname="test_flash_system" name="flash_roundtrip_and_guards" time="7.575"><properties><property name="cocotb" value="True" /><property name="random_seed" value="1788663788" /><property name="file" value="./sim/test_flash_system.py" /><property name="line" value="155" /><property name="sim_time_unit" value="ns" /><property name="sim_time_start" value="0.0" /><property name="sim_time_stop" value="55106281.0" /><property name="sim_time_duration" value="55106281.0" /><property name="sim_time_ratio" value="7275100.634334493" /><property name="attachment" value="./build/flash_system_neighbor/test.log" /></properties><system-out>[[ATTACHMENT|./build/flash_system_neighbor/test.log]]
</system-out></testcase></testsuite></testsuites>