<?xml version='1.0' encoding='utf-8'?>
<testsuites name="cocotb tests"><testsuite name="test_core" errors="0" failures="0" skipped="0" tests="4" time="39.426" timestamp="2026-09-06T02:50:44.711567+00:00" hostname="MacBook-Pro-3.local"><testcase classname="test_core" name="bit_exact_continuous_frames" time="38.409"><properties><property name="cocotb" value="True" /><property name="random_seed" value="1788663006" /><property name="file" value="./sim/test_core.py" /><property name="line" value="133" /><property name="sim_time_unit" value="ns" /><property name="sim_time_start" value="0.0" /><property name="sim_time_stop" value="281020520.0" /><property name="sim_time_duration" value="281020520.0" /><property name="sim_time_ratio" value="7316451.987657489" /></properties></testcase><testcase classname="test_core" name="malformed_frames_and_reset" time="0.214"><properties><property name="cocotb" value="True" /><property name="random_seed" value="1788663006" /><property name="file" value="./sim/test_core.py" /><property name="line" value="164" /><property name="sim_time_unit" value="ns" /><property name="sim_time_start" value="281020520.001" /><property name="sim_time_stop" value="282528691.001" /><property name="sim_time_duration" value="1508171.0" /><property name="sim_time_ratio" value="7043925.167443201" /></properties></testcase><testcase classname="test_core" name="full_buffers_during_output_stall" time="0.198"><properties><property name="cocotb" value="True" /><property name="random_seed" value="1788663006" /><property name="file" value="./sim/test_core.py" /><property name="line" value="201" /><property name="sim_time_unit" value="ns" /><property name="sim_time_start" value="282528691.002" /><property name="sim_time_stop" value="283974711.002" /><property name="sim_time_duration" value="1446020.0" /><property name="sim_time_ratio" value="7318933.556803676" /></properties></testcase><testcase classname="test_core" name="reset_cancels_each_processing_stage" time="0.605"><properties><property name="cocotb" value="True" /><property name="random_seed" value="1788663006" /><property name="file" value="./sim/test_core.py" /><property name="line" value="229" /><property name="sim_time_unit" value="ns" /><property name="sim_time_start" value="283974711.003" /><property name="sim_time_stop" value="286650822.003" /><property name="sim_time_duration" value="2676111.0" /><property name="sim_time_ratio" value="4420676.734821267" /></properties></testcase></testsuite></testsuites>