<?xml version='1.0' encoding='utf-8'?>
<testsuites name="cocotb tests"><testsuite name="test_known_core" errors="0" failures="0" skipped="0" tests="2" time="0.041" timestamp="2026-09-11T21:13:28.211002+00:00" hostname="unknown76a3b32be0df.attlocal.net"><testcase classname="test_known_core" name="stages_and_backpressure" time="0.033"><properties><property name="cocotb" value="True" /><property name="random_seed" value="1789161208" /><property name="file" value="./sim/test_known_core.py" /><property name="line" value="46" /><property name="sim_time_unit" value="ns" /><property name="sim_time_start" value="0.0" /><property name="sim_time_stop" value="42631.0" /><property name="sim_time_duration" value="42631.0" /><property name="sim_time_ratio" value="1311544.827803347" /><property name="attachment" value="./build/known-core/small-l1-r1/test.log" /></properties><system-out>[[ATTACHMENT|./build/known-core/small-l1-r1/test.log]]
</system-out></testcase><testcase classname="test_known_core" name="reset_cancels_transactions" time="0.008"><properties><property name="cocotb" value="True" /><property name="random_seed" value="1789161208" /><property name="file" value="./sim/test_known_core.py" /><property name="line" value="78" /><property name="sim_time_unit" value="ns" /><property name="sim_time_start" value="42631.001" /><property name="sim_time_stop" value="103856.001" /><property name="sim_time_duration" value="61225.00000000001" /><property name="sim_time_ratio" value="7630194.379820767" /><property name="attachment" value="./build/known-core/small-l1-r1/test.log" /></properties><system-out>[[ATTACHMENT|./build/known-core/small-l1-r1/test.log]]
</system-out></testcase></testsuite></testsuites>