<?xml version="1.0" encoding="utf-8"?><testsuites name="pytest tests"><testsuite name="pytest" errors="0" failures="0" skipped="0" tests="57" time="3.190" timestamp="2026-09-07T18:00:11.290802-07:00" hostname="MacBook-Pro-3.local"><testcase classname="tests.test_board_sensor" name="test_replay_image_roundtrip_and_corruption" time="0.001" /><testcase classname="tests.test_board_sensor" name="test_flash_partition_guard_and_no_default_write" time="0.003" /><testcase classname="tests.test_board_sensor" name="test_log_requires_last_commit_and_decodes_signed_logits" time="0.000" /><testcase classname="tests.test_board_sensor" name="test_command_write_detection_cannot_be_bypassed" time="0.001" /><testcase classname="tests.test_board_sensor" name="test_two_point_calibration_heldout_and_rounding" time="0.002" /><testcase classname="tests.test_board_sensor" name="test_psd_known_tone_wrap_and_missing_samples" time="0.005" /><testcase classname="tests.test_board_sensor" name="test_measurement_metadata_prevents_wrong_frequency_axis" time="0.003" /><testcase classname="tests.test_dataset" name="test_exact_record_split_and_subset" time="0.000" /><testcase classname="tests.test_dataset" name="test_wrong_first_mat_variable_cannot_leak_neighbor_record" time="0.001" /><testcase classname="tests.test_dataset" name="test_raw_gain_never_reads_validation_or_test" time="0.000" /><testcase classname="tests.test_dataset" name="test_windows_stay_inside_disjoint_records" time="0.000" /><testcase classname="tests.test_evidence" name="test_report_reader_does_not_convert_missing_empty_or_failed_to_pass" time="0.001" /><testcase classname="tests.test_evidence" name="test_build_hash_binding_catches_changes_and_missing_required_inputs" time="0.001" /><testcase classname="tests.test_export" name="test_twos_complement_widths" time="0.000" /><testcase classname="tests.test_export" name="test_lane_weight_banks_match_neuron_major_contract" time="0.002" /><testcase classname="tests.test_export" name="test_real_artifact_is_trained_and_frozen" time="0.001" /><testcase classname="tests.test_fixed" name="test_round_shift_signed_ties_and_large_values" time="0.003" /><testcase classname="tests.test_fixed" name="test_rounding_rejects_accidental_float_and_negative_shift" time="0.000" /><testcase classname="tests.test_fixed" name="test_saturation_limits" time="0.000" /><testcase classname="tests.test_fixed" name="test_dc_input_removes_constant_at_both_sensor_extrema" time="0.000" /><testcase classname="tests.test_fixed" name="test_frontend_matches_independent_scalar_equations" time="0.000" /><testcase classname="tests.test_fixed" name="test_batch_feature_extraction_is_bit_exact" time="0.002" /><testcase classname="tests.test_fixed" name="test_coefficient_quarter_rom_reconstruction_all_addresses" time="0.001" /><testcase classname="tests.test_fixed" name="test_neural_output_order_relu_rounding_and_ties" time="0.000" /><testcase classname="tests.test_fixed" name="test_accumulator_overflow_is_not_silently_wrapped" time="0.000" /><testcase classname="tests.test_neighbor_evaluation" name="test_metric_precision_recall_and_quantization_counts" time="0.001" /><testcase classname="tests.test_neighbor_evaluation" name="test_real_candidate_preflight_uses_only_synthetic_and_validation" time="0.020" /><testcase classname="tests.test_neighbor_evaluation" name="test_scalar_batch_disagreement_is_rejected" time="0.001" /><testcase classname="tests.test_neighbor_evaluation" name="test_checkpoint_npz_and_integer_mismatches_rejected" time="0.006" /><testcase classname="tests.test_neighbor_evaluation" name="test_existing_output_refuses_before_loading_any_inputs" time="0.001" /><testcase classname="tests.test_neighbor_evaluation" name="test_freeze_precedes_single_load_and_verify_is_read_only" time="0.560" /><testcase classname="tests.test_neighbor_evaluation" name="test_output_and_input_hash_tamper_rejected" time="0.071" /><testcase classname="tests.test_neighbor_evaluation" name="test_rehashed_report_inconsistencies_rejected[status]" time="0.074" /><testcase classname="tests.test_neighbor_evaluation" name="test_rehashed_report_inconsistencies_rejected[checked_count]" time="0.073" /><testcase classname="tests.test_neighbor_evaluation" name="test_rehashed_report_inconsistencies_rejected[physical_claim]" time="0.074" /><testcase classname="tests.test_neighbor_evaluation" name="test_rehashed_report_inconsistencies_rejected[model_binding]" time="0.072" /><testcase classname="tests.test_neighbor_evaluation" name="test_duplicate_window_rejected_even_with_correct_total_and_ids" time="0.079" /><testcase classname="tests.test_neighbor_evaluation" name="test_record_and_csv_crosschecks_reject_rehashed_inconsistency[records]" time="0.073" /><testcase classname="tests.test_neighbor_evaluation" name="test_record_and_csv_crosschecks_reject_rehashed_inconsistency[csv]" time="0.080" /><testcase classname="tests.test_neighbors" name="test_neighbor_sums_integer_powers_before_feature_quantization" time="0.001" /><testcase classname="tests.test_neighbors" name="test_neighbor_candidate_has_validation_only_provenance_and_correct_dimensions" time="0.002" /><testcase classname="tests.test_programming" name="test_program_order_arms_only_after_new_firmware_and_input" time="0.001" /><testcase classname="tests.test_programming" name="test_program_rejects_changed_binary_and_existing_backup" time="0.001" /><testcase classname="tests.test_sensor_log_integration" name="test_rtl_generated_sensor_log_signed_data_wrap_calibration_and_csv" time="0.002" /><testcase classname="tests.test_sensor_log_integration" name="test_capture_wide_overrun_survives_csv_conversion" time="0.001" /><testcase classname="tests.test_sensor_log_integration" name="test_interval_overflow_crc_and_commit_are_not_silently_accepted" time="0.001" /><testcase classname="tests.test_sensor_log_integration" name="test_malformed_sensor_metadata_rejected[8-0]" time="0.000" /><testcase classname="tests.test_sensor_log_integration" name="test_malformed_sensor_metadata_rejected[8-1]" time="0.000" /><testcase classname="tests.test_sensor_log_integration" name="test_malformed_sensor_metadata_rejected[2-24001]" time="0.000" /><testcase classname="tests.test_sensor_log_integration" name="test_malformed_sensor_metadata_rejected[7-0]" time="0.000" /><testcase classname="tests.test_sensor_log_integration" name="test_malformed_sensor_metadata_rejected[5-0]" time="0.000" /><testcase classname="tests.test_sensor_log_integration" name="test_malformed_sensor_metadata_rejected[6-0]" time="0.000" /><testcase classname="tests.test_sensor_log_integration" name="test_malformed_sensor_metadata_rejected[10-3]" time="0.000" /><testcase classname="tests.test_sensor_log_integration" name="test_malformed_sensor_metadata_rejected[9-11]" time="0.000" /><testcase classname="tests.test_sensor_log_integration" name="test_208_byte_rtl_spectrum_log_matches_integer_frontend" time="0.002" /><testcase classname="tests.test_training" name="test_quantized_linear_algebra_matches_scalar_inference" time="0.005" /><testcase classname="tests.test_training" name="test_test_set_cannot_be_silently_reused" time="0.001" /></testsuite></testsuites>