<?xml version='1.0' encoding='utf-8'?>
<testsuites name="cocotb tests"><testsuite name="test_known_core" errors="0" failures="0" skipped="0" tests="2" time="4.885" timestamp="2026-09-11T21:13:31.019915+00:00" hostname="unknown76a3b32be0df.attlocal.net"><testcase classname="test_known_core" name="stages_and_backpressure" time="3.970"><properties><property name="cocotb" value="True" /><property name="random_seed" value="1789161206" /><property name="file" value="./sim/test_known_core.py" /><property name="line" value="46" /><property name="sim_time_unit" value="ns" /><property name="sim_time_start" value="0.0" /><property name="sim_time_stop" value="8771011.0" /><property name="sim_time_duration" value="8771011.0" /><property name="sim_time_ratio" value="2209345.324436307" /><property name="attachment" value="./build/known-core/n1024-l4-r1/test.log" /></properties><system-out>[[ATTACHMENT|./build/known-core/n1024-l4-r1/test.log]]
</system-out></testcase><testcase classname="test_known_core" name="reset_cancels_transactions" time="0.915"><properties><property name="cocotb" value="True" /><property name="random_seed" value="1789161206" /><property name="file" value="./sim/test_known_core.py" /><property name="line" value="78" /><property name="sim_time_unit" value="ns" /><property name="sim_time_start" value="8771011.001" /><property name="sim_time_stop" value="20850316.001" /><property name="sim_time_duration" value="12079304.999999998" /><property name="sim_time_ratio" value="13205186.936867809" /><property name="attachment" value="./build/known-core/n1024-l4-r1/test.log" /></properties><system-out>[[ATTACHMENT|./build/known-core/n1024-l4-r1/test.log]]
</system-out></testcase></testsuite></testsuites>