<?xml version='1.0' encoding='utf-8'?>
<testsuites name="cocotb tests"><testsuite name="test_flash_system" errors="0" failures="0" skipped="0" tests="2" time="48.696" timestamp="2026-09-10T06:06:26.871334+00:00" hostname="MacBook-Pro-3.local"><testcase classname="test_flash_system" name="flash_wakes_before_direct_read" time="0.013"><properties><property name="cocotb" value="True" /><property name="random_seed" value="1789020386" /><property name="file" value="./sim/test_flash_system.py" /><property name="line" value="202" /><property name="sim_time_unit" value="ns" /><property name="sim_time_start" value="0.0" /><property name="sim_time_stop" value="10406.0" /><property name="sim_time_duration" value="10406.0" /><property name="sim_time_ratio" value="787480.7079496973" /><property name="attachment" value="./build/hardware-wake-validation/runs/integration/flash_system_neighbor_full_scan/test.log" /></properties><system-out>[[ATTACHMENT|./build/hardware-wake-validation/runs/integration/flash_system_neighbor_full_scan/test.log]]
</system-out></testcase><testcase classname="test_flash_system" name="flash_roundtrip_and_guards" time="48.682"><properties><property name="cocotb" value="True" /><property name="random_seed" value="1789020386" /><property name="file" value="./sim/test_flash_system.py" /><property name="line" value="227" /><property name="sim_time_unit" value="ns" /><property name="sim_time_start" value="10406.001" /><property name="sim_time_stop" value="26230776.0" /><property name="sim_time_duration" value="26220369.999" /><property name="sim_time_ratio" value="538601.6153897903" /><property name="attachment" value="./build/hardware-wake-validation/runs/integration/flash_system_neighbor_full_scan/test.log" /></properties><system-out>[[ATTACHMENT|./build/hardware-wake-validation/runs/integration/flash_system_neighbor_full_scan/test.log]]
</system-out></testcase></testsuite></testsuites>