<?xml version='1.0' encoding='utf-8'?>
<testsuites name="cocotb tests"><testsuite name="test_sensor_classifier" errors="0" failures="0" skipped="0" tests="4" time="0.241" timestamp="2026-09-08T01:26:41.346376+00:00" hostname="MacBook-Pro-3.local"><testcase classname="test_sensor_classifier" name="continuous_numeric_and_timestamp_wrap" time="0.108"><properties><property name="cocotb" value="True" /><property name="random_seed" value="1788830799" /><property name="file" value="./sim/test_sensor_classifier.py" /><property name="line" value="166" /><property name="sim_time_unit" value="ns" /><property name="sim_time_start" value="0.0" /><property name="sim_time_stop" value="888665.0" /><property name="sim_time_duration" value="888665.0" /><property name="sim_time_ratio" value="8225472.762794911" /><property name="attachment" value="./build/sensor_classifier_l4/simulation.log" /></properties><system-out>[[ATTACHMENT|./build/sensor_classifier_l4/simulation.log]]
</system-out></testcase><testcase classname="test_sensor_classifier" name="long_stall_overrun_cancels_and_recovers" time="0.099"><properties><property name="cocotb" value="True" /><property name="random_seed" value="1788830799" /><property name="file" value="./sim/test_sensor_classifier.py" /><property name="line" value="191" /><property name="sim_time_unit" value="ns" /><property name="sim_time_start" value="888665.001" /><property name="sim_time_stop" value="1565090.001" /><property name="sim_time_duration" value="676424.9999999999" /><property name="sim_time_ratio" value="6846545.476692942" /><property name="attachment" value="./build/sensor_classifier_l4/simulation.log" /></properties><system-out>[[ATTACHMENT|./build/sensor_classifier_l4/simulation.log]]
</system-out></testcase><testcase classname="test_sensor_classifier" name="explicit_gap_cancels_complete_partial_and_stalled_output" time="0.026"><properties><property name="cocotb" value="True" /><property name="random_seed" value="1788830799" /><property name="file" value="./sim/test_sensor_classifier.py" /><property name="line" value="246" /><property name="sim_time_unit" value="ns" /><property name="sim_time_start" value="1565090.002" /><property name="sim_time_stop" value="1793995.002" /><property name="sim_time_duration" value="228905.0" /><property name="sim_time_ratio" value="8930191.846244903" /><property name="attachment" value="./build/sensor_classifier_l4/simulation.log" /></properties><system-out>[[ATTACHMENT|./build/sensor_classifier_l4/simulation.log]]
</system-out></testcase><testcase classname="test_sensor_classifier" name="partial_reset_clears_counters_and_restarts_ids" time="0.009"><properties><property name="cocotb" value="True" /><property name="random_seed" value="1788830799" /><property name="file" value="./sim/test_sensor_classifier.py" /><property name="line" value="274" /><property name="sim_time_unit" value="ns" /><property name="sim_time_start" value="1793995.003" /><property name="sim_time_stop" value="1870670.003" /><property name="sim_time_duration" value="76675.0" /><property name="sim_time_ratio" value="8653574.856388072" /><property name="attachment" value="./build/sensor_classifier_l4/simulation.log" /></properties><system-out>[[ATTACHMENT|./build/sensor_classifier_l4/simulation.log]]
</system-out></testcase></testsuite></testsuites>