<?xml version='1.0' encoding='utf-8'?>
<testsuites name="cocotb tests"><testsuite name="test_protocol_edges" errors="0" failures="0" skipped="0" tests="1" time="16.203" timestamp="2026-09-08T01:38:21.549476+00:00" hostname="MacBook-Pro-3.local"><testcase classname="test_protocol_edges" name="explicit_frame_protocol_edges" time="16.203"><properties><property name="cocotb" value="True" /><property name="random_seed" value="1788831485" /><property name="file" value="./sim/test_protocol_edges.py" /><property name="line" value="158" /><property name="sim_time_unit" value="ns" /><property name="sim_time_start" value="0.0" /><property name="sim_time_stop" value="10298867.0" /><property name="sim_time_duration" value="10298867.0" /><property name="sim_time_ratio" value="635631.4527113261" /><property name="attachment" value="./build/protocol_edges/baseline_l1/simulation.log" /></properties><system-out>[[ATTACHMENT|./build/protocol_edges/baseline_l1/simulation.log]]
</system-out></testcase></testsuite></testsuites>