<?xml version="1.0" encoding="utf-8"?><testsuites name="pytest tests"><testsuite name="pytest" errors="0" failures="0" skipped="0" tests="14" time="0.112" timestamp="2026-09-10T01:04:51.290891-05:00" hostname="MacBook-Pro-3.local"><testcase classname="tests.test_build_support" name="test_cache_key_binds_rtl_nested_includes_rom_parameters_tool_and_flags" time="0.009" /><testcase classname="tests.test_build_support" name="test_named_runs_are_separate_and_reject_path_traversal" time="0.006" /><testcase classname="tests.test_build_support" name="test_cached_compiler_always_runs_fresh_tests_and_detects_corrupt_executable" time="0.040" /><testcase classname="tests.test_build_support" name="test_empty_skipped_or_failed_xml_is_not_passed_evidence[&lt;testsuites/&gt;]" time="0.000" /><testcase classname="tests.test_build_support" name="test_empty_skipped_or_failed_xml_is_not_passed_evidence[&lt;testsuite&gt;&lt;testcase&gt;&lt;skipped/&gt;&lt;/testcase&gt;&lt;/testsuite&gt;]" time="0.000" /><testcase classname="tests.test_build_support" name="test_empty_skipped_or_failed_xml_is_not_passed_evidence[&lt;testsuite&gt;&lt;testcase&gt;&lt;failure/&gt;&lt;/testcase&gt;&lt;/testsuite&gt;]" time="0.000" /><testcase classname="tests.test_build_support" name="test_sensor_removes_old_success_before_failed_synthesis" time="0.002" /><testcase classname="tests.test_build_support" name="test_sensor_report_binds_rom_rtl_constraints_and_refuses_midbuild_change[False]" time="0.003" /><testcase classname="tests.test_build_support" name="test_sensor_report_binds_rom_rtl_constraints_and_refuses_midbuild_change[True]" time="0.003" /><testcase classname="tests.test_build_support" name="test_native_compile_failure_removes_old_paced_report" time="0.020" /><testcase classname="tests.test_build_support" name="test_calibration_compile_failure_removes_old_case_and_aggregate" time="0.002" /><testcase classname="tests.test_build_support" name="test_release_missing_prerequisites_fail_with_actionable_message" time="0.001" /><testcase classname="tests.test_build_support" name="test_quick_uses_profile_and_rejects_conflicting_model" time="0.002" /><testcase classname="tests.test_build_support" name="test_current_release_prerequisites_do_not_require_paused_area_experiments" time="0.001" /></testsuite></testsuites>