<?xml version='1.0' encoding='utf-8'?>
<testsuites name="cocotb tests"><testsuite name="test_calibration" errors="0" failures="0" skipped="0" tests="1" time="0.031" timestamp="2026-09-06T02:40:42.266881+00:00" hostname="MacBook-Pro-3.local"><testcase classname="test_calibration" name="arithmetic_stalls_reset" time="0.031"><properties><property name="cocotb" value="True" /><property name="random_seed" value="1788662442" /><property name="file" value="./sim/test_calibration.py" /><property name="line" value="11" /><property name="sim_time_unit" value="ns" /><property name="sim_time_start" value="0.0" /><property name="sim_time_stop" value="74661.0" /><property name="sim_time_duration" value="74661.0" /><property name="sim_time_ratio" value="2371125.076015673" /></properties></testcase></testsuite></testsuites>