<?xml version='1.0' encoding='utf-8'?>
<testsuites name="cocotb tests"><testsuite name="test_field_system" errors="0" failures="0" skipped="0" tests="1" time="27.379" timestamp="2026-09-08T01:26:57.397577+00:00" hostname="MacBook-Pro-3.local"><testcase classname="test_field_system" name="sensor_to_classification_log" time="27.379"><properties><property name="cocotb" value="True" /><property name="random_seed" value="1788830788" /><property name="file" value="./sim/test_field_system.py" /><property name="line" value="55" /><property name="sim_time_unit" value="ns" /><property name="sim_time_start" value="0.0" /><property name="sim_time_stop" value="115973470.0" /><property name="sim_time_duration" value="115973470.0" /><property name="sim_time_ratio" value="4235906.539477859" /><property name="attachment" value="./build/field_system_l1/nominal/test.log" /></properties><system-out>[[ATTACHMENT|./build/field_system_l1/nominal/test.log]]
</system-out></testcase></testsuite></testsuites>