<?xml version='1.0' encoding='utf-8'?>
<testsuites name="cocotb tests"><testsuite name="test_known_core" errors="0" failures="0" skipped="0" tests="2" time="0.035" timestamp="2026-09-11T21:12:18.265759+00:00" hostname="unknown76a3b32be0df.attlocal.net"><testcase classname="test_known_core" name="stages_and_backpressure" time="0.030"><properties><property name="cocotb" value="True" /><property name="random_seed" value="1789161138" /><property name="file" value="./sim/test_known_core.py" /><property name="line" value="46" /><property name="sim_time_unit" value="ns" /><property name="sim_time_start" value="0.0" /><property name="sim_time_stop" value="28951.0" /><property name="sim_time_duration" value="28951.0" /><property name="sim_time_ratio" value="975448.9830615624" /><property name="attachment" value="./build/known-core/small-l4-r3/test.log" /></properties><system-out>[[ATTACHMENT|./build/known-core/small-l4-r3/test.log]]
</system-out></testcase><testcase classname="test_known_core" name="reset_cancels_transactions" time="0.005"><properties><property name="cocotb" value="True" /><property name="random_seed" value="1789161138" /><property name="file" value="./sim/test_known_core.py" /><property name="line" value="78" /><property name="sim_time_unit" value="ns" /><property name="sim_time_start" value="28951.001" /><property name="sim_time_stop" value="71936.001" /><property name="sim_time_duration" value="42985.0" /><property name="sim_time_ratio" value="7971933.469790373" /><property name="attachment" value="./build/known-core/small-l4-r3/test.log" /></properties><system-out>[[ATTACHMENT|./build/known-core/small-l4-r3/test.log]]
</system-out></testcase></testsuite></testsuites>