<?xml version='1.0' encoding='utf-8'?>
<testsuites name="cocotb tests"><testsuite name="test_acoustic" errors="0" failures="0" skipped="0" tests="2" time="3.201" timestamp="2026-09-11T05:09:00.788218+00:00" hostname="unknown76a3b32be0df.attlocal.net"><testcase classname="test_acoustic" name="arithmetic_stream_and_reset" time="3.185"><properties><property name="cocotb" value="True" /><property name="random_seed" value="1789103337" /><property name="file" value="./sim/test_acoustic.py" /><property name="line" value="24" /><property name="sim_time_unit" value="ns" /><property name="sim_time_start" value="0.0" /><property name="sim_time_stop" value="32060325.0" /><property name="sim_time_duration" value="32060325.0" /><property name="sim_time_ratio" value="10065697.949872645" /><property name="attachment" value="./build/acoustic/regression-linear-final/core_l4/test.log" /></properties><system-out>[[ATTACHMENT|./build/acoustic/regression-linear-final/core_l4/test.log]]
</system-out></testcase><testcase classname="test_acoustic" name="intermediate_values" time="0.016"><properties><property name="cocotb" value="True" /><property name="random_seed" value="1789103337" /><property name="file" value="./sim/test_acoustic.py" /><property name="line" value="68" /><property name="sim_time_unit" value="ns" /><property name="sim_time_start" value="32060325.001" /><property name="sim_time_stop" value="32092436.001" /><property name="sim_time_duration" value="32111.0" /><property name="sim_time_ratio" value="1986529.0178674792" /><property name="attachment" value="./build/acoustic/regression-linear-final/core_l4/test.log" /></properties><system-out>[[ATTACHMENT|./build/acoustic/regression-linear-final/core_l4/test.log]]
</system-out></testcase></testsuite></testsuites>