<?xml version='1.0' encoding='utf-8'?>
<testsuites name="cocotb tests"><testsuite name="test_core" errors="0" failures="0" skipped="0" tests="4" time="86.501" timestamp="2026-09-06T02:51:28.416310+00:00" hostname="MacBook-Pro-3.local"><testcase classname="test_core" name="bit_exact_continuous_frames" time="84.609"><properties><property name="cocotb" value="True" /><property name="random_seed" value="1788663003" /><property name="file" value="./sim/test_core.py" /><property name="line" value="133" /><property name="sim_time_unit" value="ns" /><property name="sim_time_start" value="0.0" /><property name="sim_time_stop" value="774780520.0" /><property name="sim_time_duration" value="774780520.0" /><property name="sim_time_ratio" value="9157230.319479624" /></properties></testcase><testcase classname="test_core" name="malformed_frames_and_reset" time="0.356"><properties><property name="cocotb" value="True" /><property name="random_seed" value="1788663003" /><property name="file" value="./sim/test_core.py" /><property name="line" value="164" /><property name="sim_time_unit" value="ns" /><property name="sim_time_start" value="774780520.001" /><property name="sim_time_stop" value="778757491.001" /><property name="sim_time_duration" value="3976971.0" /><property name="sim_time_ratio" value="11166691.174785625" /></properties></testcase><testcase classname="test_core" name="full_buffers_during_output_stall" time="0.346"><properties><property name="cocotb" value="True" /><property name="random_seed" value="1788663003" /><property name="file" value="./sim/test_core.py" /><property name="line" value="201" /><property name="sim_time_unit" value="ns" /><property name="sim_time_start" value="778757491.002" /><property name="sim_time_stop" value="782672311.002" /><property name="sim_time_duration" value="3914820.0" /><property name="sim_time_ratio" value="11312591.908334516" /></properties></testcase><testcase classname="test_core" name="reset_cancels_each_processing_stage" time="1.190"><properties><property name="cocotb" value="True" /><property name="random_seed" value="1788663003" /><property name="file" value="./sim/test_core.py" /><property name="line" value="229" /><property name="sim_time_unit" value="ns" /><property name="sim_time_start" value="782672311.003" /><property name="sim_time_stop" value="789790902.003" /><property name="sim_time_duration" value="7118591.0" /><property name="sim_time_ratio" value="5982724.827703718" /></properties></testcase></testsuite></testsuites>