<?xml version='1.0' encoding='utf-8'?>
<testsuites name="cocotb tests"><testsuite name="test_spi_sensor" errors="0" failures="0" skipped="1" tests="2" time="0.019" timestamp="2026-09-06T02:36:29.272755+00:00" hostname="MacBook-Pro-3.local"><testcase classname="test_spi_sensor" name="generic_master" time="0.019"><properties><property name="cocotb" value="True" /><property name="random_seed" value="1788662189" /><property name="file" value="./sim/test_spi_sensor.py" /><property name="line" value="104" /><property name="sim_time_unit" value="ns" /><property name="sim_time_start" value="0.0" /><property name="sim_time_stop" value="25720.0" /><property name="sim_time_duration" value="25720.0" /><property name="sim_time_ratio" value="1327027.2351317324" /><property name="attachment" value="./build/spi_master_m0_h1/test.log" /></properties><system-out>[[ATTACHMENT|./build/spi_master_m0_h1/test.log]]
</system-out></testcase><testcase classname="test_spi_sensor" name="sensor_capture" time="0.000"><skipped message="Test was skipped" /><properties><property name="cocotb" value="True" /><property name="file" value="./sim/test_spi_sensor.py" /><property name="line" value="242" /></properties></testcase></testsuite></testsuites>