<?xml version='1.0' encoding='utf-8'?>
<testsuites name="cocotb tests"><testsuite name="test_sensor_spectrum" errors="0" failures="0" skipped="0" tests="1" time="0.686" timestamp="2026-09-06T02:53:07.447544+00:00" hostname="MacBook-Pro-3.local"><testcase classname="test_sensor_spectrum" name="synthetic_sensor_powers" time="0.686"><properties><property name="cocotb" value="True" /><property name="random_seed" value="1788663186" /><property name="file" value="./sim/test_sensor_spectrum.py" /><property name="line" value="12" /><property name="sim_time_unit" value="ns" /><property name="sim_time_start" value="0.0" /><property name="sim_time_stop" value="1325646.0" /><property name="sim_time_duration" value="1325646.0" /><property name="sim_time_ratio" value="1932629.885960247" /><property name="attachment" value="./build/sensor_spectrum/test.log" /></properties><system-out>[[ATTACHMENT|./build/sensor_spectrum/test.log]]
</system-out></testcase></testsuite></testsuites>