<?xml version='1.0' encoding='utf-8'?>
<testsuites name="cocotb tests"><testsuite name="test_field_system" errors="0" failures="0" skipped="0" tests="1" time="25.156" timestamp="2026-09-10T06:08:00.884494+00:00" hostname="MacBook-Pro-3.local"><testcase classname="test_field_system" name="sensor_to_classification_log" time="25.156"><properties><property name="cocotb" value="True" /><property name="random_seed" value="1789020454" /><property name="file" value="./sim/test_field_system.py" /><property name="line" value="55" /><property name="sim_time_unit" value="ns" /><property name="sim_time_start" value="0.0" /><property name="sim_time_stop" value="26220280.0" /><property name="sim_time_duration" value="26220280.0" /><property name="sim_time_ratio" value="1042312.5014194228" /><property name="attachment" value="./build/hardware-wake-validation/runs/integration/field_system_l1/dirty_log/test.log" /></properties><system-out>[[ATTACHMENT|./build/hardware-wake-validation/runs/integration/field_system_l1/dirty_log/test.log]]
</system-out></testcase></testsuite></testsuites>