<?xml version='1.0' encoding='utf-8'?>
<testsuites name="cocotb tests"><testsuite name="test_sensor_system" errors="0" failures="0" skipped="0" tests="1" time="31.787" timestamp="2026-09-06T02:53:59.961086+00:00" hostname="MacBook-Pro-3.local"><testcase classname="test_sensor_system" name="capture_to_committed_flash" time="31.787"><properties><property name="cocotb" value="True" /><property name="random_seed" value="1788663208" /><property name="file" value="./sim/test_sensor_system.py" /><property name="line" value="88" /><property name="sim_time_unit" value="ns" /><property name="sim_time_start" value="0.0" /><property name="sim_time_stop" value="40452370.0" /><property name="sim_time_duration" value="40452370.0" /><property name="sim_time_ratio" value="1272598.4540643336" /><property name="attachment" value="./build/sensor_system_spectrum/test.log" /></properties><system-out>[[ATTACHMENT|./build/sensor_system_spectrum/test.log]]
</system-out></testcase></testsuite></testsuites>