<?xml version='1.0' encoding='utf-8'?>
<testsuites name="cocotb tests"><testsuite name="test_flash_system" errors="0" failures="0" skipped="0" tests="1" time="0.014" timestamp="2026-09-10T06:04:16.336172+00:00" hostname="MacBook-Pro-3.local"><testcase classname="test_flash_system" name="flash_wakes_before_direct_read" time="0.014"><properties><property name="cocotb" value="True" /><property name="random_seed" value="1789020256" /><property name="file" value="./sim/test_flash_system.py" /><property name="line" value="202" /><property name="sim_time_unit" value="ns" /><property name="sim_time_start" value="0.0" /><property name="sim_time_stop" value="10406.0" /><property name="sim_time_duration" value="10406.0" /><property name="sim_time_ratio" value="758650.6118455646" /><property name="attachment" value="./build/hardware-wake-validation/direct-wake/test.log" /></properties><system-out>[[ATTACHMENT|./build/hardware-wake-validation/direct-wake/test.log]]
</system-out></testcase></testsuite></testsuites>