TN:verilator_coverage
SF:./rtl/core/vib_coeff_rom.sv
DA:8,4863636
BRDA:8,0,clk:0->1,4863636
BRDA:8,0,clk:0->1,4863636
BRDA:8,0,clk:0->1,4863636
BRDA:8,0,clk:0->1,4863636
BRDA:8,0,clk:1->0,4863634
BRDA:8,0,clk:1->0,4863634
BRDA:8,0,clk:1->0,4863634
BRDA:8,0,clk:1->0,4863634
BRDA:8,0,clk:0->1,4863636
BRDA:8,0,clk:1->0,4863634
DA:9,1523734
BRDA:9,0,en:0->1,1523734
BRDA:9,0,en:0->1,1523734
BRDA:9,0,en:0->1,1523734
BRDA:9,0,en:0->1,1523734
BRDA:9,0,en:1->0,1523734
BRDA:9,0,en:1->0,1523734
BRDA:9,0,en:1->0,1523734
BRDA:9,0,en:1->0,1523734
BRDA:9,0,en:0->1,67588
BRDA:9,0,en:1->0,67588
DA:10,795658
BRDA:10,0,phase[0]:0->1,539658
BRDA:10,0,phase[0]:0->1,539658
BRDA:10,0,phase[0]:0->1,158720
BRDA:10,0,phase[0]:0->1,158720
BRDA:10,0,phase[0]:1->0,539658
BRDA:10,0,phase[0]:1->0,539658
BRDA:10,0,phase[0]:1->0,158720
BRDA:10,0,phase[0]:1->0,158720
BRDA:10,0,phase[1]:0->1,365062
BRDA:10,0,phase[1]:0->1,365062
BRDA:10,0,phase[1]:0->1,333312
BRDA:10,0,phase[1]:0->1,333312
BRDA:10,0,phase[1]:1->0,365062
BRDA:10,0,phase[1]:1->0,365062
BRDA:10,0,phase[1]:1->0,333312
BRDA:10,0,phase[1]:1->0,333312
BRDA:10,0,phase[2]:0->1,388868
BRDA:10,0,phase[2]:0->1,388868
BRDA:10,0,phase[2]:0->1,404736
BRDA:10,0,phase[2]:0->1,404736
BRDA:10,0,phase[2]:1->0,388868
BRDA:10,0,phase[2]:1->0,388868
BRDA:10,0,phase[2]:1->0,404736
BRDA:10,0,phase[2]:1->0,404736
BRDA:10,0,phase[3]:0->1,408706
BRDA:10,0,phase[3]:0->1,408706
BRDA:10,0,phase[3]:0->1,329344
BRDA:10,0,phase[3]:0->1,329344
BRDA:10,0,phase[3]:1->0,408706
BRDA:10,0,phase[3]:1->0,408706
BRDA:10,0,phase[3]:1->0,329344
BRDA:10,0,phase[3]:1->0,329344
BRDA:10,0,phase[4]:0->1,414664
BRDA:10,0,phase[4]:0->1,414664
BRDA:10,0,phase[4]:0->1,426570
BRDA:10,0,phase[4]:0->1,426570
BRDA:10,0,phase[4]:1->0,414664
BRDA:10,0,phase[4]:1->0,414664
BRDA:10,0,phase[4]:1->0,426570
BRDA:10,0,phase[4]:1->0,426570
BRDA:10,0,phase[5]:0->1,306532
BRDA:10,0,phase[5]:0->1,306532
BRDA:10,0,phase[5]:0->1,324388
BRDA:10,0,phase[5]:0->1,324388
BRDA:10,0,phase[5]:1->0,306532
BRDA:10,0,phase[5]:1->0,306532
BRDA:10,0,phase[5]:1->0,324388
BRDA:10,0,phase[5]:1->0,324388
BRDA:10,0,phase[6]:0->1,605624
BRDA:10,0,phase[6]:0->1,605624
BRDA:10,0,phase[6]:0->1,593720
BRDA:10,0,phase[6]:0->1,593720
BRDA:10,0,phase[6]:1->0,605624
BRDA:10,0,phase[6]:1->0,605624
BRDA:10,0,phase[6]:1->0,593720
BRDA:10,0,phase[6]:1->0,593720
BRDA:10,0,phase[7]:0->1,400030
BRDA:10,0,phase[7]:0->1,400030
BRDA:10,0,phase[7]:0->1,397550
BRDA:10,0,phase[7]:0->1,397550
BRDA:10,0,phase[7]:1->0,400030
BRDA:10,0,phase[7]:1->0,400030
BRDA:10,0,phase[7]:1->0,397550
BRDA:10,0,phase[7]:1->0,397550
BRDA:10,0,phase[8]:0->1,436854
BRDA:10,0,phase[8]:0->1,436878
BRDA:10,0,phase[8]:0->1,444046
BRDA:10,0,phase[8]:0->1,444070
BRDA:10,0,phase[8]:1->0,436854
BRDA:10,0,phase[8]:1->0,436876
BRDA:10,0,phase[8]:1->0,444046
BRDA:10,0,phase[8]:1->0,444068
BRDA:10,0,phase[9]:0->1,467048
BRDA:10,0,phase[9]:0->1,467048
BRDA:10,0,phase[9]:0->1,477836
BRDA:10,0,phase[9]:0->1,477836
BRDA:10,0,phase[9]:1->0,467048
BRDA:10,0,phase[9]:1->0,467048
BRDA:10,0,phase[9]:1->0,477836
BRDA:10,0,phase[9]:1->0,477836
BRDA:10,0,phase[0]:0->1,795658
BRDA:10,0,phase[0]:1->0,795656
BRDA:10,0,phase[1]:0->1,397828
BRDA:10,0,phase[1]:1->0,397826
BRDA:10,0,phase[2]:0->1,198914
BRDA:10,0,phase[2]:1->0,198912
BRDA:10,0,phase[3]:0->1,99458
BRDA:10,0,phase[3]:1->0,99456
BRDA:10,0,phase[4]:0->1,49728
BRDA:10,0,phase[4]:1->0,49726
BRDA:10,0,phase[5]:0->1,24864
BRDA:10,0,phase[5]:1->0,24862
BRDA:10,0,phase[6]:0->1,12432
BRDA:10,0,phase[6]:1->0,12430
BRDA:10,0,phase[7]:0->1,6216
BRDA:10,0,phase[7]:1->0,6214
BRDA:10,0,phase[8]:0->1,3108
BRDA:10,0,phase[8]:1->0,3106
BRDA:10,0,phase[9]:0->1,1554
BRDA:10,0,phase[9]:1->0,1552
DA:11,477836
BRDA:11,0,coefficient[0]:0->1,383910
BRDA:11,0,coefficient[0]:0->1,383910
BRDA:11,0,coefficient[0]:0->1,391100
BRDA:11,0,coefficient[0]:0->1,391100
BRDA:11,0,coefficient[0]:1->0,383908
BRDA:11,0,coefficient[0]:1->0,383908
BRDA:11,0,coefficient[0]:1->0,391098
BRDA:11,0,coefficient[0]:1->0,391100
BRDA:11,0,coefficient[10]:0->1,377336
BRDA:11,0,coefficient[10]:0->1,377338
BRDA:11,0,coefficient[10]:0->1,388248
BRDA:11,0,coefficient[10]:0->1,388248
BRDA:11,0,coefficient[10]:1->0,377336
BRDA:11,0,coefficient[10]:1->0,377338
BRDA:11,0,coefficient[10]:1->0,388248
BRDA:11,0,coefficient[10]:1->0,388248
BRDA:11,0,coefficient[11]:0->1,390358
BRDA:11,0,coefficient[11]:0->1,390356
BRDA:11,0,coefficient[11]:0->1,388870
BRDA:11,0,coefficient[11]:0->1,388868
BRDA:11,0,coefficient[11]:1->0,390358
BRDA:11,0,coefficient[11]:1->0,390356
BRDA:11,0,coefficient[11]:1->0,388870
BRDA:11,0,coefficient[11]:1->0,388868
BRDA:11,0,coefficient[12]:0->1,373368
BRDA:11,0,coefficient[12]:0->1,373368
BRDA:11,0,coefficient[12]:0->1,375476
BRDA:11,0,coefficient[12]:0->1,375476
BRDA:11,0,coefficient[12]:1->0,373368
BRDA:11,0,coefficient[12]:1->0,373366
BRDA:11,0,coefficient[12]:1->0,375476
BRDA:11,0,coefficient[12]:1->0,375474
BRDA:11,0,coefficient[13]:0->1,438470
BRDA:11,0,coefficient[13]:0->1,438470
BRDA:11,0,coefficient[13]:0->1,444794
BRDA:11,0,coefficient[13]:0->1,444794
BRDA:11,0,coefficient[13]:1->0,438470
BRDA:11,0,coefficient[13]:1->0,438470
BRDA:11,0,coefficient[13]:1->0,444794
BRDA:11,0,coefficient[13]:1->0,444794
BRDA:11,0,coefficient[14]:0->1,464260
BRDA:11,0,coefficient[14]:0->1,464258
BRDA:11,0,coefficient[14]:0->1,473932
BRDA:11,0,coefficient[14]:0->1,473930
BRDA:11,0,coefficient[14]:1->0,464258
BRDA:11,0,coefficient[14]:1->0,464258
BRDA:11,0,coefficient[14]:1->0,473930
BRDA:11,0,coefficient[14]:1->0,473930
BRDA:11,0,coefficient[15]:0->1,467048
BRDA:11,0,coefficient[15]:0->1,467048
BRDA:11,0,coefficient[15]:0->1,477836
BRDA:11,0,coefficient[15]:0->1,477836
BRDA:11,0,coefficient[15]:1->0,467046
BRDA:11,0,coefficient[15]:1->0,467048
BRDA:11,0,coefficient[15]:1->0,477834
BRDA:11,0,coefficient[15]:1->0,477836
BRDA:11,0,coefficient[1]:0->1,387506
BRDA:11,0,coefficient[1]:0->1,387502
BRDA:11,0,coefficient[1]:0->1,389488
BRDA:11,0,coefficient[1]:0->1,389488
BRDA:11,0,coefficient[1]:1->0,387504
BRDA:11,0,coefficient[1]:1->0,387502
BRDA:11,0,coefficient[1]:1->0,389488
BRDA:11,0,coefficient[1]:1->0,389488
BRDA:11,0,coefficient[2]:0->1,388250
BRDA:11,0,coefficient[2]:0->1,388250
BRDA:11,0,coefficient[2]:0->1,388002
BRDA:11,0,coefficient[2]:0->1,388002
BRDA:11,0,coefficient[2]:1->0,388248
BRDA:11,0,coefficient[2]:1->0,388250
BRDA:11,0,coefficient[2]:1->0,388000
BRDA:11,0,coefficient[2]:1->0,388002
BRDA:11,0,coefficient[3]:0->1,381426
BRDA:11,0,coefficient[3]:0->1,381428
BRDA:11,0,coefficient[3]:0->1,385274
BRDA:11,0,coefficient[3]:0->1,385272
BRDA:11,0,coefficient[3]:1->0,381426
BRDA:11,0,coefficient[3]:1->0,381428
BRDA:11,0,coefficient[3]:1->0,385272
BRDA:11,0,coefficient[3]:1->0,385272
BRDA:11,0,coefficient[4]:0->1,386514
BRDA:11,0,coefficient[4]:0->1,386514
BRDA:11,0,coefficient[4]:0->1,399658
BRDA:11,0,coefficient[4]:0->1,399660
BRDA:11,0,coefficient[4]:1->0,386512
BRDA:11,0,coefficient[4]:1->0,386512
BRDA:11,0,coefficient[4]:1->0,399656
BRDA:11,0,coefficient[4]:1->0,399658
BRDA:11,0,coefficient[5]:0->1,390976
BRDA:11,0,coefficient[5]:0->1,390976
BRDA:11,0,coefficient[5]:0->1,379570
BRDA:11,0,coefficient[5]:0->1,379568
BRDA:11,0,coefficient[5]:1->0,390974
BRDA:11,0,coefficient[5]:1->0,390974
BRDA:11,0,coefficient[5]:1->0,379570
BRDA:11,0,coefficient[5]:1->0,379568
BRDA:11,0,coefficient[6]:0->1,380434
BRDA:11,0,coefficient[6]:0->1,380436
BRDA:11,0,coefficient[6]:0->1,375728
BRDA:11,0,coefficient[6]:0->1,375724
BRDA:11,0,coefficient[6]:1->0,380434
BRDA:11,0,coefficient[6]:1->0,380436
BRDA:11,0,coefficient[6]:1->0,375728
BRDA:11,0,coefficient[6]:1->0,375722
BRDA:11,0,coefficient[7]:0->1,393706
BRDA:11,0,coefficient[7]:0->1,393704
BRDA:11,0,coefficient[7]:0->1,390234
BRDA:11,0,coefficient[7]:0->1,390234
BRDA:11,0,coefficient[7]:1->0,393706
BRDA:11,0,coefficient[7]:1->0,393702
BRDA:11,0,coefficient[7]:1->0,390234
BRDA:11,0,coefficient[7]:1->0,390234
BRDA:11,0,coefficient[8]:0->1,380312
BRDA:11,0,coefficient[8]:0->1,380312
BRDA:11,0,coefficient[8]:0->1,382300
BRDA:11,0,coefficient[8]:0->1,382298
BRDA:11,0,coefficient[8]:1->0,380312
BRDA:11,0,coefficient[8]:1->0,380312
BRDA:11,0,coefficient[8]:1->0,382300
BRDA:11,0,coefficient[8]:1->0,382298
BRDA:11,0,coefficient[9]:0->1,390484
BRDA:11,0,coefficient[9]:0->1,390480
BRDA:11,0,coefficient[9]:0->1,379320
BRDA:11,0,coefficient[9]:0->1,379320
BRDA:11,0,coefficient[9]:1->0,390482
BRDA:11,0,coefficient[9]:1->0,390480
BRDA:11,0,coefficient[9]:1->0,379318
BRDA:11,0,coefficient[9]:1->0,379320
BRDA:11,0,coefficient[0]:0->1,15048
BRDA:11,0,coefficient[0]:1->0,15048
BRDA:11,0,coefficient[10]:0->1,1056
BRDA:11,0,coefficient[10]:1->0,1056
BRDA:11,0,coefficient[11]:0->1,528
BRDA:11,0,coefficient[11]:1->0,528
BRDA:11,0,coefficient[12]:0->1,264
BRDA:11,0,coefficient[12]:1->0,264
BRDA:11,0,coefficient[13]:0->1,132
BRDA:11,0,coefficient[13]:1->0,132
BRDA:11,0,coefficient[14]:0->1,66
BRDA:11,0,coefficient[14]:1->0,66
BRDA:11,0,coefficient[15]:0->1,0
BRDA:11,0,coefficient[15]:1->0,0
BRDA:11,0,coefficient[1]:0->1,18084
BRDA:11,0,coefficient[1]:1->0,18084
BRDA:11,0,coefficient[2]:0->1,16104
BRDA:11,0,coefficient[2]:1->0,16104
BRDA:11,0,coefficient[3]:0->1,14520
BRDA:11,0,coefficient[3]:1->0,14520
BRDA:11,0,coefficient[4]:0->1,20196
BRDA:11,0,coefficient[4]:1->0,20196
BRDA:11,0,coefficient[5]:0->1,19668
BRDA:11,0,coefficient[5]:1->0,19668
BRDA:11,0,coefficient[6]:0->1,16896
BRDA:11,0,coefficient[6]:1->0,16896
BRDA:11,0,coefficient[7]:0->1,8448
BRDA:11,0,coefficient[7]:1->0,8448
BRDA:11,0,coefficient[8]:0->1,4224
BRDA:11,0,coefficient[8]:1->0,4224
BRDA:11,0,coefficient[9]:0->1,2112
BRDA:11,0,coefficient[9]:1->0,2112
DA:16,476414
BRDA:16,0,magnitude[0]:0->1,383910
BRDA:16,0,magnitude[0]:0->1,383910
BRDA:16,0,magnitude[0]:0->1,391100
BRDA:16,0,magnitude[0]:0->1,391100
BRDA:16,0,magnitude[0]:1->0,383908
BRDA:16,0,magnitude[0]:1->0,383908
BRDA:16,0,magnitude[0]:1->0,391098
BRDA:16,0,magnitude[0]:1->0,391100
BRDA:16,0,magnitude[10]:0->1,371508
BRDA:16,0,magnitude[10]:0->1,371510
BRDA:16,0,magnitude[10]:0->1,378204
BRDA:16,0,magnitude[10]:0->1,378206
BRDA:16,0,magnitude[10]:1->0,371506
BRDA:16,0,magnitude[10]:1->0,371510
BRDA:16,0,magnitude[10]:1->0,378202
BRDA:16,0,magnitude[10]:1->0,378206
BRDA:16,0,magnitude[11]:0->1,371508
BRDA:16,0,magnitude[11]:0->1,371508
BRDA:16,0,magnitude[11]:0->1,365558
BRDA:16,0,magnitude[11]:0->1,365558
BRDA:16,0,magnitude[11]:1->0,371506
BRDA:16,0,magnitude[11]:1->0,371508
BRDA:16,0,magnitude[11]:1->0,365556
BRDA:16,0,magnitude[11]:1->0,365558
BRDA:16,0,magnitude[12]:0->1,456822
BRDA:16,0,magnitude[12]:0->1,456820
BRDA:16,0,magnitude[12]:0->1,476414
BRDA:16,0,magnitude[12]:0->1,476414
BRDA:16,0,magnitude[12]:1->0,456820
BRDA:16,0,magnitude[12]:1->0,456818
BRDA:16,0,magnitude[12]:1->0,476412
BRDA:16,0,magnitude[12]:1->0,476412
BRDA:16,0,magnitude[13]:0->1,401020
BRDA:16,0,magnitude[13]:0->1,401020
BRDA:16,0,magnitude[13]:0->1,400028
BRDA:16,0,magnitude[13]:0->1,400028
BRDA:16,0,magnitude[13]:1->0,401018
BRDA:16,0,magnitude[13]:1->0,401020
BRDA:16,0,magnitude[13]:1->0,400026
BRDA:16,0,magnitude[13]:1->0,400028
BRDA:16,0,magnitude[14]:0->1,15874
BRDA:16,0,magnitude[14]:0->1,15874
BRDA:16,0,magnitude[14]:0->1,42162
BRDA:16,0,magnitude[14]:0->1,42162
BRDA:16,0,magnitude[14]:1->0,15874
BRDA:16,0,magnitude[14]:1->0,15874
BRDA:16,0,magnitude[14]:1->0,42162
BRDA:16,0,magnitude[14]:1->0,42162
BRDA:16,0,magnitude[15]:0->1,0
BRDA:16,0,magnitude[15]:0->1,0
BRDA:16,0,magnitude[15]:0->1,0
BRDA:16,0,magnitude[15]:0->1,0
BRDA:16,0,magnitude[15]:1->0,0
BRDA:16,0,magnitude[15]:1->0,0
BRDA:16,0,magnitude[15]:1->0,0
BRDA:16,0,magnitude[15]:1->0,0
BRDA:16,0,magnitude[1]:0->1,389116
BRDA:16,0,magnitude[1]:0->1,389116
BRDA:16,0,magnitude[1]:0->1,394076
BRDA:16,0,magnitude[1]:0->1,394078
BRDA:16,0,magnitude[1]:1->0,389116
BRDA:16,0,magnitude[1]:1->0,389116
BRDA:16,0,magnitude[1]:1->0,394074
BRDA:16,0,magnitude[1]:1->0,394078
BRDA:16,0,magnitude[2]:0->1,388372
BRDA:16,0,magnitude[2]:0->1,388374
BRDA:16,0,magnitude[2]:0->1,389614
BRDA:16,0,magnitude[2]:0->1,389614
BRDA:16,0,magnitude[2]:1->0,388372
BRDA:16,0,magnitude[2]:1->0,388374
BRDA:16,0,magnitude[2]:1->0,389614
BRDA:16,0,magnitude[2]:1->0,389614
BRDA:16,0,magnitude[3]:0->1,380932
BRDA:16,0,magnitude[3]:0->1,380930
BRDA:16,0,magnitude[3]:0->1,385150
BRDA:16,0,magnitude[3]:0->1,385150
BRDA:16,0,magnitude[3]:1->0,380930
BRDA:16,0,magnitude[3]:1->0,380930
BRDA:16,0,magnitude[3]:1->0,385150
BRDA:16,0,magnitude[3]:1->0,385150
BRDA:16,0,magnitude[4]:0->1,372750
BRDA:16,0,magnitude[4]:0->1,372750
BRDA:16,0,magnitude[4]:0->1,378952
BRDA:16,0,magnitude[4]:0->1,378950
BRDA:16,0,magnitude[4]:1->0,372750
BRDA:16,0,magnitude[4]:1->0,372748
BRDA:16,0,magnitude[4]:1->0,378952
BRDA:16,0,magnitude[4]:1->0,378948
BRDA:16,0,magnitude[5]:0->1,369278
BRDA:16,0,magnitude[5]:0->1,369276
BRDA:16,0,magnitude[5]:0->1,388622
BRDA:16,0,magnitude[5]:0->1,388622
BRDA:16,0,magnitude[5]:1->0,369278
BRDA:16,0,magnitude[5]:1->0,369274
BRDA:16,0,magnitude[5]:1->0,388620
BRDA:16,0,magnitude[5]:1->0,388622
BRDA:16,0,magnitude[6]:0->1,387132
BRDA:16,0,magnitude[6]:0->1,387132
BRDA:16,0,magnitude[6]:0->1,396806
BRDA:16,0,magnitude[6]:0->1,396804
BRDA:16,0,magnitude[6]:1->0,387130
BRDA:16,0,magnitude[6]:1->0,387132
BRDA:16,0,magnitude[6]:1->0,396804
BRDA:16,0,magnitude[6]:1->0,396802
BRDA:16,0,magnitude[7]:0->1,381678
BRDA:16,0,magnitude[7]:0->1,381676
BRDA:16,0,magnitude[7]:0->1,357126
BRDA:16,0,magnitude[7]:0->1,357126
BRDA:16,0,magnitude[7]:1->0,381676
BRDA:16,0,magnitude[7]:1->0,381674
BRDA:16,0,magnitude[7]:1->0,357124
BRDA:16,0,magnitude[7]:1->0,357126
BRDA:16,0,magnitude[8]:0->1,383164
BRDA:16,0,magnitude[8]:0->1,383166
BRDA:16,0,magnitude[8]:0->1,387630
BRDA:16,0,magnitude[8]:0->1,387628
BRDA:16,0,magnitude[8]:1->0,383162
BRDA:16,0,magnitude[8]:1->0,383166
BRDA:16,0,magnitude[8]:1->0,387628
BRDA:16,0,magnitude[8]:1->0,387628
BRDA:16,0,magnitude[9]:0->1,376966
BRDA:16,0,magnitude[9]:0->1,376962
BRDA:16,0,magnitude[9]:0->1,368038
BRDA:16,0,magnitude[9]:0->1,368038
BRDA:16,0,magnitude[9]:1->0,376966
BRDA:16,0,magnitude[9]:1->0,376962
BRDA:16,0,magnitude[9]:1->0,368038
BRDA:16,0,magnitude[9]:1->0,368038
BRDA:16,0,magnitude[0]:0->1,15048
BRDA:16,0,magnitude[0]:1->0,15048
BRDA:16,0,magnitude[10]:0->1,1056
BRDA:16,0,magnitude[10]:1->0,1056
BRDA:16,0,magnitude[11]:0->1,528
BRDA:16,0,magnitude[11]:1->0,528
BRDA:16,0,magnitude[12]:0->1,264
BRDA:16,0,magnitude[12]:1->0,264
BRDA:16,0,magnitude[13]:0->1,0
BRDA:16,0,magnitude[13]:1->0,0
BRDA:16,0,magnitude[14]:0->1,0
BRDA:16,0,magnitude[14]:1->0,0
BRDA:16,0,magnitude[15]:0->1,0
BRDA:16,0,magnitude[15]:1->0,0
BRDA:16,0,magnitude[1]:0->1,18216
BRDA:16,0,magnitude[1]:1->0,18216
BRDA:16,0,magnitude[2]:0->1,15840
BRDA:16,0,magnitude[2]:1->0,15840
BRDA:16,0,magnitude[3]:0->1,14784
BRDA:16,0,magnitude[3]:1->0,14784
BRDA:16,0,magnitude[4]:0->1,20064
BRDA:16,0,magnitude[4]:1->0,20064
BRDA:16,0,magnitude[5]:0->1,19536
BRDA:16,0,magnitude[5]:1->0,19536
BRDA:16,0,magnitude[6]:0->1,16896
BRDA:16,0,magnitude[6]:1->0,16896
BRDA:16,0,magnitude[7]:0->1,8448
BRDA:16,0,magnitude[7]:1->0,8448
BRDA:16,0,magnitude[8]:0->1,4224
BRDA:16,0,magnitude[8]:1->0,4224
BRDA:16,0,magnitude[9]:0->1,2112
BRDA:16,0,magnitude[9]:1->0,2112
DA:17,477836
BRDA:17,0,is_zero:0->1,5828
BRDA:17,0,is_zero:0->1,5830
BRDA:17,0,is_zero:0->1,20460
BRDA:17,0,is_zero:0->1,20462
BRDA:17,0,is_zero:1->0,5828
BRDA:17,0,is_zero:1->0,5830
BRDA:17,0,is_zero:1->0,20460
BRDA:17,0,is_zero:1->0,20462
BRDA:17,0,is_zero:0->1,132
BRDA:17,0,is_zero:1->0,132
BRDA:17,0,negative:0->1,467048
BRDA:17,0,negative:0->1,467048
BRDA:17,0,negative:0->1,477836
BRDA:17,0,negative:0->1,477836
BRDA:17,0,negative:1->0,467046
BRDA:17,0,negative:1->0,467048
BRDA:17,0,negative:1->0,477834
BRDA:17,0,negative:1->0,477836
BRDA:17,0,negative:0->1,66
BRDA:17,0,negative:1->0,66
DA:18,795658
BRDA:18,0,offset[0]:0->1,539658
BRDA:18,0,offset[0]:0->1,539658
BRDA:18,0,offset[0]:0->1,158720
BRDA:18,0,offset[0]:0->1,158720
BRDA:18,0,offset[0]:1->0,539658
BRDA:18,0,offset[0]:1->0,539658
BRDA:18,0,offset[0]:1->0,158720
BRDA:18,0,offset[0]:1->0,158720
BRDA:18,0,offset[1]:0->1,365062
BRDA:18,0,offset[1]:0->1,365062
BRDA:18,0,offset[1]:0->1,333312
BRDA:18,0,offset[1]:0->1,333312
BRDA:18,0,offset[1]:1->0,365062
BRDA:18,0,offset[1]:1->0,365062
BRDA:18,0,offset[1]:1->0,333312
BRDA:18,0,offset[1]:1->0,333312
BRDA:18,0,offset[2]:0->1,388868
BRDA:18,0,offset[2]:0->1,388868
BRDA:18,0,offset[2]:0->1,404736
BRDA:18,0,offset[2]:0->1,404736
BRDA:18,0,offset[2]:1->0,388868
BRDA:18,0,offset[2]:1->0,388868
BRDA:18,0,offset[2]:1->0,404736
BRDA:18,0,offset[2]:1->0,404736
BRDA:18,0,offset[3]:0->1,408706
BRDA:18,0,offset[3]:0->1,408706
BRDA:18,0,offset[3]:0->1,329344
BRDA:18,0,offset[3]:0->1,329344
BRDA:18,0,offset[3]:1->0,408706
BRDA:18,0,offset[3]:1->0,408706
BRDA:18,0,offset[3]:1->0,329344
BRDA:18,0,offset[3]:1->0,329344
BRDA:18,0,offset[4]:0->1,414664
BRDA:18,0,offset[4]:0->1,414664
BRDA:18,0,offset[4]:0->1,426570
BRDA:18,0,offset[4]:0->1,426570
BRDA:18,0,offset[4]:1->0,414664
BRDA:18,0,offset[4]:1->0,414664
BRDA:18,0,offset[4]:1->0,426570
BRDA:18,0,offset[4]:1->0,426570
BRDA:18,0,offset[5]:0->1,306532
BRDA:18,0,offset[5]:0->1,306532
BRDA:18,0,offset[5]:0->1,324388
BRDA:18,0,offset[5]:0->1,324388
BRDA:18,0,offset[5]:1->0,306532
BRDA:18,0,offset[5]:1->0,306532
BRDA:18,0,offset[5]:1->0,324388
BRDA:18,0,offset[5]:1->0,324388
BRDA:18,0,offset[6]:0->1,605624
BRDA:18,0,offset[6]:0->1,605624
BRDA:18,0,offset[6]:0->1,593720
BRDA:18,0,offset[6]:0->1,593720
BRDA:18,0,offset[6]:1->0,605624
BRDA:18,0,offset[6]:1->0,605624
BRDA:18,0,offset[6]:1->0,593720
BRDA:18,0,offset[6]:1->0,593720
BRDA:18,0,offset[7]:0->1,400030
BRDA:18,0,offset[7]:0->1,400030
BRDA:18,0,offset[7]:0->1,397550
BRDA:18,0,offset[7]:0->1,397550
BRDA:18,0,offset[7]:1->0,400030
BRDA:18,0,offset[7]:1->0,400030
BRDA:18,0,offset[7]:1->0,397550
BRDA:18,0,offset[7]:1->0,397550
BRDA:18,0,offset[0]:0->1,795658
BRDA:18,0,offset[0]:1->0,795656
BRDA:18,0,offset[1]:0->1,397828
BRDA:18,0,offset[1]:1->0,397826
BRDA:18,0,offset[2]:0->1,198914
BRDA:18,0,offset[2]:1->0,198912
BRDA:18,0,offset[3]:0->1,99458
BRDA:18,0,offset[3]:1->0,99456
BRDA:18,0,offset[4]:0->1,49728
BRDA:18,0,offset[4]:1->0,49726
BRDA:18,0,offset[5]:0->1,24864
BRDA:18,0,offset[5]:1->0,24862
BRDA:18,0,offset[6]:0->1,12432
BRDA:18,0,offset[6]:1->0,12430
BRDA:18,0,offset[7]:0->1,6216
BRDA:18,0,offset[7]:1->0,6214
DA:19,477836
BRDA:19,0,quadrant[0]:0->1,436854
BRDA:19,0,quadrant[0]:0->1,436878
BRDA:19,0,quadrant[0]:0->1,444046
BRDA:19,0,quadrant[0]:0->1,444070
BRDA:19,0,quadrant[0]:1->0,436854
BRDA:19,0,quadrant[0]:1->0,436876
BRDA:19,0,quadrant[0]:1->0,444046
BRDA:19,0,quadrant[0]:1->0,444068
BRDA:19,0,quadrant[1]:0->1,467048
BRDA:19,0,quadrant[1]:0->1,467048
BRDA:19,0,quadrant[1]:0->1,477836
BRDA:19,0,quadrant[1]:0->1,477836
BRDA:19,0,quadrant[1]:1->0,467048
BRDA:19,0,quadrant[1]:1->0,467048
BRDA:19,0,quadrant[1]:1->0,477836
BRDA:19,0,quadrant[1]:1->0,477836
BRDA:19,0,quadrant[0]:0->1,3108
BRDA:19,0,quadrant[0]:1->0,3106
BRDA:19,0,quadrant[1]:0->1,1554
BRDA:19,0,quadrant[1]:1->0,1552
DA:20,13011841
BRDA:20,0,address[0]:0->1,539658
BRDA:20,0,address[0]:0->1,539658
BRDA:20,0,address[0]:0->1,158720
BRDA:20,0,address[0]:0->1,158720
BRDA:20,0,address[0]:1->0,539658
BRDA:20,0,address[0]:1->0,539658
BRDA:20,0,address[0]:1->0,158720
BRDA:20,0,address[0]:1->0,158720
BRDA:20,0,address[1]:0->1,365062
BRDA:20,0,address[1]:0->1,365060
BRDA:20,0,address[1]:0->1,333312
BRDA:20,0,address[1]:0->1,333312
BRDA:20,0,address[1]:1->0,365062
BRDA:20,0,address[1]:1->0,365060
BRDA:20,0,address[1]:1->0,333312
BRDA:20,0,address[1]:1->0,333312
BRDA:20,0,address[2]:0->1,381180
BRDA:20,0,address[2]:0->1,381180
BRDA:20,0,address[2]:0->1,375224
BRDA:20,0,address[2]:0->1,375224
BRDA:20,0,address[2]:1->0,381180
BRDA:20,0,address[2]:1->0,381180
BRDA:20,0,address[2]:1->0,375224
BRDA:20,0,address[2]:1->0,375224
BRDA:20,0,address[3]:0->1,413668
BRDA:20,0,address[3]:0->1,413668
BRDA:20,0,address[3]:0->1,359352
BRDA:20,0,address[3]:0->1,359352
BRDA:20,0,address[3]:1->0,413668
BRDA:20,0,address[3]:1->0,413668
BRDA:20,0,address[3]:1->0,359352
BRDA:20,0,address[3]:1->0,359352
BRDA:20,0,address[4]:0->1,388126
BRDA:20,0,address[4]:0->1,388128
BRDA:20,0,address[4]:0->1,394578
BRDA:20,0,address[4]:0->1,394578
BRDA:20,0,address[4]:1->0,388126
BRDA:20,0,address[4]:1->0,388128
BRDA:20,0,address[4]:1->0,394578
BRDA:20,0,address[4]:1->0,394578
BRDA:20,0,address[5]:0->1,389116
BRDA:20,0,address[5]:0->1,389118
BRDA:20,0,address[5]:0->1,368284
BRDA:20,0,address[5]:0->1,368286
BRDA:20,0,address[5]:1->0,389116
BRDA:20,0,address[5]:1->0,389118
BRDA:20,0,address[5]:1->0,368284
BRDA:20,0,address[5]:1->0,368286
BRDA:20,0,address[6]:0->1,341998
BRDA:20,0,address[6]:0->1,341996
BRDA:20,0,address[6]:0->1,354646
BRDA:20,0,address[6]:0->1,354646
BRDA:20,0,address[6]:1->0,341998
BRDA:20,0,address[6]:1->0,341996
BRDA:20,0,address[6]:1->0,354646
BRDA:20,0,address[6]:1->0,354646
BRDA:20,0,address[7]:0->1,436980
BRDA:20,0,address[7]:0->1,436980
BRDA:20,0,address[7]:0->1,431028
BRDA:20,0,address[7]:0->1,431028
BRDA:20,0,address[7]:1->0,436980
BRDA:20,0,address[7]:1->0,436980
BRDA:20,0,address[7]:1->0,431028
BRDA:20,0,address[7]:1->0,431028
BRDA:20,0,address[0]:0->1,795658
BRDA:20,0,address[0]:1->0,795656
BRDA:20,0,address[1]:0->1,397828
BRDA:20,0,address[1]:1->0,397828
BRDA:20,0,address[2]:0->1,198914
BRDA:20,0,address[2]:1->0,198914
BRDA:20,0,address[3]:0->1,99458
BRDA:20,0,address[3]:1->0,99458
BRDA:20,0,address[4]:0->1,49728
BRDA:20,0,address[4]:1->0,49728
BRDA:20,0,address[5]:0->1,24864
BRDA:20,0,address[5]:1->0,24864
BRDA:20,0,address[6]:0->1,12432
BRDA:20,0,address[6]:1->0,12432
BRDA:20,0,address[7]:0->1,6216
BRDA:20,0,address[7]:1->0,6216
BRDA:20,0,(quadrant[0]==0) => 0,13011841
BRDA:20,0,(quadrant[0]==0) => 0,12033536
BRDA:20,0,(quadrant[0]==0) => 0,13011771
BRDA:20,0,(quadrant[0]==0) => 0,12033606
BRDA:20,0,(quadrant[0]==1) => 1,11454588
BRDA:20,0,(quadrant[0]==1) => 1,12432893
BRDA:20,0,(quadrant[0]==1) => 1,11454658
BRDA:20,0,(quadrant[0]==1) => 1,12432823
BRDA:20,0,(quadrant[0]==0) => 0,12183205
BRDA:20,0,(quadrant[0]==1) => 1,12283224
BRDA:20,0,cond_then,11454588
BRDA:20,0,cond_then,12432893
BRDA:20,0,cond_then,11454658
BRDA:20,0,cond_then,12432823
BRDA:20,0,cond_then,12283224
BRDA:20,0,cond_else,13011841
BRDA:20,0,cond_else,12033536
BRDA:20,0,cond_else,13011771
BRDA:20,0,cond_else,12033606
BRDA:20,0,cond_else,12183205
DA:22,2
DA:24,2
BRDA:24,0,block,2
BRDA:24,0,block,2
BRDA:24,0,block,2
BRDA:24,0,block,2
DA:26,4863636
BRDA:26,0,block,4863636
BRDA:26,0,block,4863636
BRDA:26,0,block,4863636
BRDA:26,0,block,4863636
BRDA:26,0,block,4863636
DA:27,4796048
BRDA:27,0,else,3339902
BRDA:27,0,else,3339902
BRDA:27,0,else,3339902
BRDA:27,0,else,3339902
BRDA:27,0,else,4796048
BRDA:27,0,if,1523734
BRDA:27,0,if,1523734
BRDA:27,0,if,1523734
BRDA:27,0,if,1523734
BRDA:27,0,if,67588
DA:28,1523734
BRDA:28,0,if,1523734
BRDA:28,0,if,1523734
BRDA:28,0,if,1523734
BRDA:28,0,if,1523734
BRDA:28,0,if,67588
DA:29,1523734
BRDA:29,0,if,1523734
BRDA:29,0,if,1523734
BRDA:29,0,if,1523734
BRDA:29,0,if,1523734
BRDA:29,0,if,67588
BRDA:29,0,((quadrant == 32'sh1)==0 && (quadrant == 32'sh2)==0) => 0,761866
BRDA:29,0,((quadrant == 32'sh1)==0 && (quadrant == 32'sh2)==0) => 0,761862
BRDA:29,0,((quadrant == 32'sh1)==0 && (quadrant == 32'sh2)==0) => 0,761866
BRDA:29,0,((quadrant == 32'sh1)==0 && (quadrant == 32'sh2)==0) => 0,761862
BRDA:29,0,((quadrant == 32'sh1)==1) => 1,380934
BRDA:29,0,((quadrant == 32'sh1)==1) => 1,380938
BRDA:29,0,((quadrant == 32'sh1)==1) => 1,380934
BRDA:29,0,((quadrant == 32'sh1)==1) => 1,380938
BRDA:29,0,((quadrant == 32'sh2)==1) => 1,380934
BRDA:29,0,((quadrant == 32'sh2)==1) => 1,380934
BRDA:29,0,((quadrant == 32'sh2)==1) => 1,380934
BRDA:29,0,((quadrant == 32'sh2)==1) => 1,380934
BRDA:29,0,((quadrant == 32'sh1)==0 && (quadrant == 32'sh2)==0) => 0,33796
BRDA:29,0,((quadrant == 32'sh1)==1) => 1,16896
BRDA:29,0,((quadrant == 32'sh2)==1) => 1,16896
DA:30,1523734
BRDA:30,0,if,1523734
BRDA:30,0,if,1523734
BRDA:30,0,if,1523734
BRDA:30,0,if,1523734
BRDA:30,0,if,67588
BRDA:30,0,((offset == 32'sh0)==0) => 0,1512074
BRDA:30,0,((offset == 32'sh0)==0) => 0,1512074
BRDA:30,0,((offset == 32'sh0)==0) => 0,1482810
BRDA:30,0,((offset == 32'sh0)==0) => 0,1482810
BRDA:30,0,(quadrant[0]==0) => 0,761872
BRDA:30,0,(quadrant[0]==0) => 0,761862
BRDA:30,0,(quadrant[0]==0) => 0,761872
BRDA:30,0,(quadrant[0]==0) => 0,761862
BRDA:30,0,(quadrant[0]==1 && (offset == 32'sh0)==1) => 1,5828
BRDA:30,0,(quadrant[0]==1 && (offset == 32'sh0)==1) => 1,5832
BRDA:30,0,(quadrant[0]==1 && (offset == 32'sh0)==1) => 1,20460
BRDA:30,0,(quadrant[0]==1 && (offset == 32'sh0)==1) => 1,20464
BRDA:30,0,((offset == 32'sh0)==0) => 0,67320
BRDA:30,0,(quadrant[0]==0) => 0,33796
BRDA:30,0,(quadrant[0]==1 && (offset == 32'sh0)==1) => 1,132
DA:33,24464425
BRDA:33,0,(is_zero==0) => 0,24378853
BRDA:33,0,(is_zero==0) => 0,24333661
BRDA:33,0,(is_zero==0) => 0,24157813
BRDA:33,0,(is_zero==0) => 0,24112677
BRDA:33,0,(is_zero==1) => 1,87576
BRDA:33,0,(is_zero==1) => 1,132768
BRDA:33,0,(is_zero==1) => 1,308616
BRDA:33,0,(is_zero==1) => 1,353752
BRDA:33,0,(is_zero==0) => 0,24464425
BRDA:33,0,(is_zero==1) => 1,2004
BRDA:33,0,cond_then,87576
BRDA:33,0,cond_then,132768
BRDA:33,0,cond_then,308616
BRDA:33,0,cond_then,353752
BRDA:33,0,cond_then,2004
BRDA:33,0,cond_else,24378853
BRDA:33,0,cond_else,24333661
BRDA:33,0,cond_else,24157813
BRDA:33,0,cond_else,24112677
BRDA:33,0,cond_else,24464425
BRDA:33,0,cond_then,0
BRDA:33,0,cond_then,0
BRDA:33,0,cond_then,0
BRDA:33,0,cond_then,0
BRDA:33,0,cond_then,2004
BRDA:33,0,cond_else,87576
BRDA:33,0,cond_else,132768
BRDA:33,0,cond_else,308616
BRDA:33,0,cond_else,353752
BRDA:33,0,cond_else,0
DA:34,23956435
BRDA:34,0,cond_then,12863931
BRDA:34,0,cond_then,11411026
BRDA:34,0,cond_then,12753290
BRDA:34,0,cond_then,11300759
BRDA:34,0,cond_then,507990
BRDA:34,0,cond_else,11514922
BRDA:34,0,cond_else,12922635
BRDA:34,0,cond_else,11404523
BRDA:34,0,cond_else,12811918
BRDA:34,0,cond_else,23956435
BRDA:34,0,cond_then,0
BRDA:34,0,cond_then,0
BRDA:34,0,cond_then,0
BRDA:34,0,cond_then,0
BRDA:34,0,cond_then,507990
BRDA:34,0,cond_else,12863931
BRDA:34,0,cond_else,11411026
BRDA:34,0,cond_else,12753290
BRDA:34,0,cond_else,11300759
BRDA:34,0,cond_else,0
BRF:774
BRH:744
end_of_record
SF:./rtl/core/vibration_core.sv
DA:10,4863636
BRDA:10,0,clk:0->1,4863636
BRDA:10,0,clk:1->0,4863634
DA:11,26
BRDA:11,0,rst:0->1,26
BRDA:11,0,rst:1->0,26
DA:12,318
BRDA:12,0,in_valid:0->1,318
BRDA:12,0,in_valid:1->0,318
DA:13,58
BRDA:13,0,in_ready:0->1,58
BRDA:13,0,in_ready:1->0,56
DA:14,15786
BRDA:14,0,in_sample[0]:0->1,15728
BRDA:14,0,in_sample[0]:1->0,15728
BRDA:14,0,in_sample[10]:0->1,14974
BRDA:14,0,in_sample[10]:1->0,14974
BRDA:14,0,in_sample[11]:0->1,13069
BRDA:14,0,in_sample[11]:1->0,13068
BRDA:14,0,in_sample[12]:0->1,12859
BRDA:14,0,in_sample[12]:1->0,12858
BRDA:14,0,in_sample[13]:0->1,13466
BRDA:14,0,in_sample[13]:1->0,13465
BRDA:14,0,in_sample[14]:0->1,13504
BRDA:14,0,in_sample[14]:1->0,13503
BRDA:14,0,in_sample[15]:0->1,13350
BRDA:14,0,in_sample[15]:1->0,13349
BRDA:14,0,in_sample[1]:0->1,15303
BRDA:14,0,in_sample[1]:1->0,15303
BRDA:14,0,in_sample[2]:0->1,15142
BRDA:14,0,in_sample[2]:1->0,15140
BRDA:14,0,in_sample[3]:0->1,15295
BRDA:14,0,in_sample[3]:1->0,15295
BRDA:14,0,in_sample[4]:0->1,15192
BRDA:14,0,in_sample[4]:1->0,15191
BRDA:14,0,in_sample[5]:0->1,14881
BRDA:14,0,in_sample[5]:1->0,14881
BRDA:14,0,in_sample[6]:0->1,15399
BRDA:14,0,in_sample[6]:1->0,15397
BRDA:14,0,in_sample[7]:0->1,15395
BRDA:14,0,in_sample[7]:1->0,15394
BRDA:14,0,in_sample[8]:0->1,15786
BRDA:14,0,in_sample[8]:1->0,15785
BRDA:14,0,in_sample[9]:0->1,15081
BRDA:14,0,in_sample[9]:1->0,15080
DA:15,38
BRDA:15,0,in_frame_id[0]:0->1,38
BRDA:15,0,in_frame_id[0]:1->0,36
BRDA:15,0,in_frame_id[10]:0->1,0
BRDA:15,0,in_frame_id[10]:1->0,0
BRDA:15,0,in_frame_id[11]:0->1,0
BRDA:15,0,in_frame_id[11]:1->0,0
BRDA:15,0,in_frame_id[12]:0->1,0
BRDA:15,0,in_frame_id[12]:1->0,0
BRDA:15,0,in_frame_id[13]:0->1,0
BRDA:15,0,in_frame_id[13]:1->0,0
BRDA:15,0,in_frame_id[14]:0->1,0
BRDA:15,0,in_frame_id[14]:1->0,0
BRDA:15,0,in_frame_id[15]:0->1,0
BRDA:15,0,in_frame_id[15]:1->0,0
BRDA:15,0,in_frame_id[16]:0->1,0
BRDA:15,0,in_frame_id[16]:1->0,0
BRDA:15,0,in_frame_id[17]:0->1,0
BRDA:15,0,in_frame_id[17]:1->0,0
BRDA:15,0,in_frame_id[18]:0->1,0
BRDA:15,0,in_frame_id[18]:1->0,0
BRDA:15,0,in_frame_id[19]:0->1,0
BRDA:15,0,in_frame_id[19]:1->0,0
BRDA:15,0,in_frame_id[1]:0->1,25
BRDA:15,0,in_frame_id[1]:1->0,23
BRDA:15,0,in_frame_id[20]:0->1,0
BRDA:15,0,in_frame_id[20]:1->0,0
BRDA:15,0,in_frame_id[21]:0->1,0
BRDA:15,0,in_frame_id[21]:1->0,0
BRDA:15,0,in_frame_id[22]:0->1,0
BRDA:15,0,in_frame_id[22]:1->0,0
BRDA:15,0,in_frame_id[23]:0->1,0
BRDA:15,0,in_frame_id[23]:1->0,0
BRDA:15,0,in_frame_id[24]:0->1,0
BRDA:15,0,in_frame_id[24]:1->0,0
BRDA:15,0,in_frame_id[25]:0->1,0
BRDA:15,0,in_frame_id[25]:1->0,0
BRDA:15,0,in_frame_id[26]:0->1,0
BRDA:15,0,in_frame_id[26]:1->0,0
BRDA:15,0,in_frame_id[27]:0->1,0
BRDA:15,0,in_frame_id[27]:1->0,0
BRDA:15,0,in_frame_id[28]:0->1,0
BRDA:15,0,in_frame_id[28]:1->0,0
BRDA:15,0,in_frame_id[29]:0->1,0
BRDA:15,0,in_frame_id[29]:1->0,0
BRDA:15,0,in_frame_id[2]:0->1,23
BRDA:15,0,in_frame_id[2]:1->0,21
BRDA:15,0,in_frame_id[30]:0->1,0
BRDA:15,0,in_frame_id[30]:1->0,0
BRDA:15,0,in_frame_id[31]:0->1,0
BRDA:15,0,in_frame_id[31]:1->0,0
BRDA:15,0,in_frame_id[3]:0->1,18
BRDA:15,0,in_frame_id[3]:1->0,18
BRDA:15,0,in_frame_id[4]:0->1,10
BRDA:15,0,in_frame_id[4]:1->0,8
BRDA:15,0,in_frame_id[5]:0->1,22
BRDA:15,0,in_frame_id[5]:1->0,20
BRDA:15,0,in_frame_id[6]:0->1,10
BRDA:15,0,in_frame_id[6]:1->0,10
BRDA:15,0,in_frame_id[7]:0->1,2
BRDA:15,0,in_frame_id[7]:1->0,2
BRDA:15,0,in_frame_id[8]:0->1,14
BRDA:15,0,in_frame_id[8]:1->0,12
BRDA:15,0,in_frame_id[9]:0->1,0
BRDA:15,0,in_frame_id[9]:1->0,0
DA:16,72
BRDA:16,0,in_last:0->1,72
BRDA:16,0,in_last:1->0,72
DA:17,56
BRDA:17,0,out_valid:0->1,56
BRDA:17,0,out_valid:1->0,56
DA:18,54
BRDA:18,0,out_ready:0->1,54
BRDA:18,0,out_ready:1->0,52
DA:19,36
BRDA:19,0,out_frame_id[0]:0->1,36
BRDA:19,0,out_frame_id[0]:1->0,34
BRDA:19,0,out_frame_id[10]:0->1,0
BRDA:19,0,out_frame_id[10]:1->0,0
BRDA:19,0,out_frame_id[11]:0->1,0
BRDA:19,0,out_frame_id[11]:1->0,0
BRDA:19,0,out_frame_id[12]:0->1,0
BRDA:19,0,out_frame_id[12]:1->0,0
BRDA:19,0,out_frame_id[13]:0->1,0
BRDA:19,0,out_frame_id[13]:1->0,0
BRDA:19,0,out_frame_id[14]:0->1,0
BRDA:19,0,out_frame_id[14]:1->0,0
BRDA:19,0,out_frame_id[15]:0->1,0
BRDA:19,0,out_frame_id[15]:1->0,0
BRDA:19,0,out_frame_id[16]:0->1,0
BRDA:19,0,out_frame_id[16]:1->0,0
BRDA:19,0,out_frame_id[17]:0->1,0
BRDA:19,0,out_frame_id[17]:1->0,0
BRDA:19,0,out_frame_id[18]:0->1,0
BRDA:19,0,out_frame_id[18]:1->0,0
BRDA:19,0,out_frame_id[19]:0->1,0
BRDA:19,0,out_frame_id[19]:1->0,0
BRDA:19,0,out_frame_id[1]:0->1,17
BRDA:19,0,out_frame_id[1]:1->0,15
BRDA:19,0,out_frame_id[20]:0->1,0
BRDA:19,0,out_frame_id[20]:1->0,0
BRDA:19,0,out_frame_id[21]:0->1,0
BRDA:19,0,out_frame_id[21]:1->0,0
BRDA:19,0,out_frame_id[22]:0->1,0
BRDA:19,0,out_frame_id[22]:1->0,0
BRDA:19,0,out_frame_id[23]:0->1,0
BRDA:19,0,out_frame_id[23]:1->0,0
BRDA:19,0,out_frame_id[24]:0->1,0
BRDA:19,0,out_frame_id[24]:1->0,0
BRDA:19,0,out_frame_id[25]:0->1,0
BRDA:19,0,out_frame_id[25]:1->0,0
BRDA:19,0,out_frame_id[26]:0->1,0
BRDA:19,0,out_frame_id[26]:1->0,0
BRDA:19,0,out_frame_id[27]:0->1,0
BRDA:19,0,out_frame_id[27]:1->0,0
BRDA:19,0,out_frame_id[28]:0->1,0
BRDA:19,0,out_frame_id[28]:1->0,0
BRDA:19,0,out_frame_id[29]:0->1,0
BRDA:19,0,out_frame_id[29]:1->0,0
BRDA:19,0,out_frame_id[2]:0->1,19
BRDA:19,0,out_frame_id[2]:1->0,17
BRDA:19,0,out_frame_id[30]:0->1,0
BRDA:19,0,out_frame_id[30]:1->0,0
BRDA:19,0,out_frame_id[31]:0->1,0
BRDA:19,0,out_frame_id[31]:1->0,0
BRDA:19,0,out_frame_id[3]:0->1,14
BRDA:19,0,out_frame_id[3]:1->0,14
BRDA:19,0,out_frame_id[4]:0->1,8
BRDA:19,0,out_frame_id[4]:1->0,6
BRDA:19,0,out_frame_id[5]:0->1,20
BRDA:19,0,out_frame_id[5]:1->0,18
BRDA:19,0,out_frame_id[6]:0->1,10
BRDA:19,0,out_frame_id[6]:1->0,10
BRDA:19,0,out_frame_id[7]:0->1,2
BRDA:19,0,out_frame_id[7]:1->0,2
BRDA:19,0,out_frame_id[8]:0->1,12
BRDA:19,0,out_frame_id[8]:1->0,10
BRDA:19,0,out_frame_id[9]:0->1,0
BRDA:19,0,out_frame_id[9]:1->0,0
DA:20,98
BRDA:20,0,out_logits[0]:0->1,7
BRDA:20,0,out_logits[0]:1->0,7
BRDA:20,0,out_logits[10]:0->1,24
BRDA:20,0,out_logits[10]:1->0,22
BRDA:20,0,out_logits[11]:0->1,25
BRDA:20,0,out_logits[11]:1->0,23
BRDA:20,0,out_logits[12]:0->1,27
BRDA:20,0,out_logits[12]:1->0,25
BRDA:20,0,out_logits[13]:0->1,26
BRDA:20,0,out_logits[13]:1->0,24
BRDA:20,0,out_logits[14]:0->1,25
BRDA:20,0,out_logits[14]:1->0,23
BRDA:20,0,out_logits[15]:0->1,26
BRDA:20,0,out_logits[15]:1->0,24
BRDA:20,0,out_logits[16]:0->1,26
BRDA:20,0,out_logits[16]:1->0,24
BRDA:20,0,out_logits[17]:0->1,26
BRDA:20,0,out_logits[17]:1->0,24
BRDA:20,0,out_logits[18]:0->1,26
BRDA:20,0,out_logits[18]:1->0,24
BRDA:20,0,out_logits[19]:0->1,26
BRDA:20,0,out_logits[19]:1->0,24
BRDA:20,0,out_logits[1]:0->1,22
BRDA:20,0,out_logits[1]:1->0,20
BRDA:20,0,out_logits[20]:0->1,26
BRDA:20,0,out_logits[20]:1->0,24
BRDA:20,0,out_logits[21]:0->1,26
BRDA:20,0,out_logits[21]:1->0,24
BRDA:20,0,out_logits[22]:0->1,26
BRDA:20,0,out_logits[22]:1->0,24
BRDA:20,0,out_logits[23]:0->1,26
BRDA:20,0,out_logits[23]:1->0,24
BRDA:20,0,out_logits[24]:0->1,26
BRDA:20,0,out_logits[24]:1->0,24
BRDA:20,0,out_logits[25]:0->1,26
BRDA:20,0,out_logits[25]:1->0,24
BRDA:20,0,out_logits[26]:0->1,26
BRDA:20,0,out_logits[26]:1->0,24
BRDA:20,0,out_logits[27]:0->1,26
BRDA:20,0,out_logits[27]:1->0,24
BRDA:20,0,out_logits[28]:0->1,26
BRDA:20,0,out_logits[28]:1->0,24
BRDA:20,0,out_logits[29]:0->1,26
BRDA:20,0,out_logits[29]:1->0,24
BRDA:20,0,out_logits[2]:0->1,26
BRDA:20,0,out_logits[2]:1->0,24
BRDA:20,0,out_logits[30]:0->1,26
BRDA:20,0,out_logits[30]:1->0,24
BRDA:20,0,out_logits[31]:0->1,26
BRDA:20,0,out_logits[31]:1->0,24
BRDA:20,0,out_logits[32]:0->1,26
BRDA:20,0,out_logits[32]:1->0,38
BRDA:20,0,out_logits[33]:0->1,6
BRDA:20,0,out_logits[33]:1->0,48
BRDA:20,0,out_logits[34]:0->1,13
BRDA:20,0,out_logits[34]:1->0,63
BRDA:20,0,out_logits[35]:0->1,27
BRDA:20,0,out_logits[35]:1->0,33
BRDA:20,0,out_logits[36]:0->1,14
BRDA:20,0,out_logits[36]:1->0,60
BRDA:20,0,out_logits[37]:0->1,28
BRDA:20,0,out_logits[37]:1->0,34
BRDA:20,0,out_logits[38]:0->1,3
BRDA:20,0,out_logits[38]:1->0,13
BRDA:20,0,out_logits[39]:0->1,3
BRDA:20,0,out_logits[39]:1->0,57
BRDA:20,0,out_logits[3]:0->1,4
BRDA:20,0,out_logits[3]:1->0,4
BRDA:20,0,out_logits[40]:0->1,28
BRDA:20,0,out_logits[40]:1->0,36
BRDA:20,0,out_logits[41]:0->1,3
BRDA:20,0,out_logits[41]:1->0,31
BRDA:20,0,out_logits[42]:0->1,26
BRDA:20,0,out_logits[42]:1->0,70
BRDA:20,0,out_logits[43]:0->1,25
BRDA:20,0,out_logits[43]:1->0,71
BRDA:20,0,out_logits[44]:0->1,25
BRDA:20,0,out_logits[44]:1->0,75
BRDA:20,0,out_logits[45]:0->1,26
BRDA:20,0,out_logits[45]:1->0,74
BRDA:20,0,out_logits[46]:0->1,26
BRDA:20,0,out_logits[46]:1->0,72
BRDA:20,0,out_logits[47]:0->1,26
BRDA:20,0,out_logits[47]:1->0,74
BRDA:20,0,out_logits[48]:0->1,26
BRDA:20,0,out_logits[48]:1->0,74
BRDA:20,0,out_logits[49]:0->1,26
BRDA:20,0,out_logits[49]:1->0,74
BRDA:20,0,out_logits[4]:0->1,24
BRDA:20,0,out_logits[4]:1->0,22
BRDA:20,0,out_logits[50]:0->1,26
BRDA:20,0,out_logits[50]:1->0,74
BRDA:20,0,out_logits[51]:0->1,26
BRDA:20,0,out_logits[51]:1->0,74
BRDA:20,0,out_logits[52]:0->1,26
BRDA:20,0,out_logits[52]:1->0,74
BRDA:20,0,out_logits[53]:0->1,26
BRDA:20,0,out_logits[53]:1->0,74
BRDA:20,0,out_logits[54]:0->1,26
BRDA:20,0,out_logits[54]:1->0,74
BRDA:20,0,out_logits[55]:0->1,26
BRDA:20,0,out_logits[55]:1->0,74
BRDA:20,0,out_logits[56]:0->1,26
BRDA:20,0,out_logits[56]:1->0,74
BRDA:20,0,out_logits[57]:0->1,26
BRDA:20,0,out_logits[57]:1->0,74
BRDA:20,0,out_logits[58]:0->1,26
BRDA:20,0,out_logits[58]:1->0,74
BRDA:20,0,out_logits[59]:0->1,26
BRDA:20,0,out_logits[59]:1->0,74
BRDA:20,0,out_logits[5]:0->1,4
BRDA:20,0,out_logits[5]:1->0,4
BRDA:20,0,out_logits[60]:0->1,26
BRDA:20,0,out_logits[60]:1->0,74
BRDA:20,0,out_logits[61]:0->1,26
BRDA:20,0,out_logits[61]:1->0,74
BRDA:20,0,out_logits[62]:0->1,26
BRDA:20,0,out_logits[62]:1->0,74
BRDA:20,0,out_logits[63]:0->1,26
BRDA:20,0,out_logits[63]:1->0,74
BRDA:20,0,out_logits[64]:0->1,33
BRDA:20,0,out_logits[64]:1->0,81
BRDA:20,0,out_logits[65]:0->1,48
BRDA:20,0,out_logits[65]:1->0,56
BRDA:20,0,out_logits[66]:0->1,29
BRDA:20,0,out_logits[66]:1->0,53
BRDA:20,0,out_logits[67]:0->1,30
BRDA:20,0,out_logits[67]:1->0,80
BRDA:20,0,out_logits[68]:0->1,49
BRDA:20,0,out_logits[68]:1->0,73
BRDA:20,0,out_logits[69]:0->1,17
BRDA:20,0,out_logits[69]:1->0,71
BRDA:20,0,out_logits[6]:0->1,5
BRDA:20,0,out_logits[6]:1->0,5
BRDA:20,0,out_logits[70]:0->1,29
BRDA:20,0,out_logits[70]:1->0,33
BRDA:20,0,out_logits[71]:0->1,55
BRDA:20,0,out_logits[71]:1->0,57
BRDA:20,0,out_logits[72]:0->1,29
BRDA:20,0,out_logits[72]:1->0,81
BRDA:20,0,out_logits[73]:0->1,20
BRDA:20,0,out_logits[73]:1->0,26
BRDA:20,0,out_logits[74]:0->1,50
BRDA:20,0,out_logits[74]:1->0,96
BRDA:20,0,out_logits[75]:0->1,50
BRDA:20,0,out_logits[75]:1->0,94
BRDA:20,0,out_logits[76]:0->1,49
BRDA:20,0,out_logits[76]:1->0,93
BRDA:20,0,out_logits[77]:0->1,52
BRDA:20,0,out_logits[77]:1->0,98
BRDA:20,0,out_logits[78]:0->1,51
BRDA:20,0,out_logits[78]:1->0,97
BRDA:20,0,out_logits[79]:0->1,50
BRDA:20,0,out_logits[79]:1->0,96
BRDA:20,0,out_logits[7]:0->1,28
BRDA:20,0,out_logits[7]:1->0,26
BRDA:20,0,out_logits[80]:0->1,52
BRDA:20,0,out_logits[80]:1->0,98
BRDA:20,0,out_logits[81]:0->1,52
BRDA:20,0,out_logits[81]:1->0,98
BRDA:20,0,out_logits[82]:0->1,52
BRDA:20,0,out_logits[82]:1->0,98
BRDA:20,0,out_logits[83]:0->1,52
BRDA:20,0,out_logits[83]:1->0,98
BRDA:20,0,out_logits[84]:0->1,52
BRDA:20,0,out_logits[84]:1->0,98
BRDA:20,0,out_logits[85]:0->1,52
BRDA:20,0,out_logits[85]:1->0,98
BRDA:20,0,out_logits[86]:0->1,52
BRDA:20,0,out_logits[86]:1->0,98
BRDA:20,0,out_logits[87]:0->1,52
BRDA:20,0,out_logits[87]:1->0,98
BRDA:20,0,out_logits[88]:0->1,52
BRDA:20,0,out_logits[88]:1->0,98
BRDA:20,0,out_logits[89]:0->1,52
BRDA:20,0,out_logits[89]:1->0,98
BRDA:20,0,out_logits[8]:0->1,5
BRDA:20,0,out_logits[8]:1->0,5
BRDA:20,0,out_logits[90]:0->1,52
BRDA:20,0,out_logits[90]:1->0,98
BRDA:20,0,out_logits[91]:0->1,52
BRDA:20,0,out_logits[91]:1->0,98
BRDA:20,0,out_logits[92]:0->1,52
BRDA:20,0,out_logits[92]:1->0,98
BRDA:20,0,out_logits[93]:0->1,52
BRDA:20,0,out_logits[93]:1->0,98
BRDA:20,0,out_logits[94]:0->1,52
BRDA:20,0,out_logits[94]:1->0,98
BRDA:20,0,out_logits[95]:0->1,52
BRDA:20,0,out_logits[95]:1->0,98
BRDA:20,0,out_logits[9]:0->1,14
BRDA:20,0,out_logits[9]:1->0,14
DA:21,26
BRDA:21,0,out_class[0]:0->1,6
BRDA:21,0,out_class[0]:1->0,6
BRDA:21,0,out_class[1]:0->1,26
BRDA:21,0,out_class[1]:1->0,24
DA:22,0
BRDA:22,0,out_error[0]:0->1,0
BRDA:22,0,out_error[0]:1->0,0
BRDA:22,0,out_error[1]:0->1,0
BRDA:22,0,out_error[1]:1->0,0
BRDA:22,0,out_error[2]:0->1,0
BRDA:22,0,out_error[2]:1->0,0
BRDA:22,0,out_error[3]:0->1,0
BRDA:22,0,out_error[3]:1->0,0
BRDA:22,0,out_error[4]:0->1,0
BRDA:22,0,out_error[4]:1->0,0
BRDA:22,0,out_error[5]:0->1,0
BRDA:22,0,out_error[5]:1->0,0
BRDA:22,0,out_error[6]:0->1,0
BRDA:22,0,out_error[6]:1->0,0
BRDA:22,0,out_error[7]:0->1,0
BRDA:22,0,out_error[7]:1->0,0
DA:23,24
BRDA:23,0,cycles_pre[0]:0->1,24
BRDA:23,0,cycles_pre[0]:1->0,22
BRDA:23,0,cycles_pre[10]:0->1,24
BRDA:23,0,cycles_pre[10]:1->0,22
BRDA:23,0,cycles_pre[11]:0->1,24
BRDA:23,0,cycles_pre[11]:1->0,22
BRDA:23,0,cycles_pre[12]:0->1,0
BRDA:23,0,cycles_pre[12]:1->0,0
BRDA:23,0,cycles_pre[13]:0->1,0
BRDA:23,0,cycles_pre[13]:1->0,0
BRDA:23,0,cycles_pre[14]:0->1,0
BRDA:23,0,cycles_pre[14]:1->0,0
BRDA:23,0,cycles_pre[15]:0->1,0
BRDA:23,0,cycles_pre[15]:1->0,0
BRDA:23,0,cycles_pre[16]:0->1,0
BRDA:23,0,cycles_pre[16]:1->0,0
BRDA:23,0,cycles_pre[17]:0->1,0
BRDA:23,0,cycles_pre[17]:1->0,0
BRDA:23,0,cycles_pre[18]:0->1,0
BRDA:23,0,cycles_pre[18]:1->0,0
BRDA:23,0,cycles_pre[19]:0->1,0
BRDA:23,0,cycles_pre[19]:1->0,0
BRDA:23,0,cycles_pre[1]:0->1,0
BRDA:23,0,cycles_pre[1]:1->0,0
BRDA:23,0,cycles_pre[20]:0->1,0
BRDA:23,0,cycles_pre[20]:1->0,0
BRDA:23,0,cycles_pre[21]:0->1,0
BRDA:23,0,cycles_pre[21]:1->0,0
BRDA:23,0,cycles_pre[22]:0->1,0
BRDA:23,0,cycles_pre[22]:1->0,0
BRDA:23,0,cycles_pre[23]:0->1,0
BRDA:23,0,cycles_pre[23]:1->0,0
BRDA:23,0,cycles_pre[24]:0->1,0
BRDA:23,0,cycles_pre[24]:1->0,0
BRDA:23,0,cycles_pre[25]:0->1,0
BRDA:23,0,cycles_pre[25]:1->0,0
BRDA:23,0,cycles_pre[26]:0->1,0
BRDA:23,0,cycles_pre[26]:1->0,0
BRDA:23,0,cycles_pre[27]:0->1,0
BRDA:23,0,cycles_pre[27]:1->0,0
BRDA:23,0,cycles_pre[28]:0->1,0
BRDA:23,0,cycles_pre[28]:1->0,0
BRDA:23,0,cycles_pre[29]:0->1,0
BRDA:23,0,cycles_pre[29]:1->0,0
BRDA:23,0,cycles_pre[2]:0->1,0
BRDA:23,0,cycles_pre[2]:1->0,0
BRDA:23,0,cycles_pre[30]:0->1,0
BRDA:23,0,cycles_pre[30]:1->0,0
BRDA:23,0,cycles_pre[31]:0->1,0
BRDA:23,0,cycles_pre[31]:1->0,0
BRDA:23,0,cycles_pre[3]:0->1,0
BRDA:23,0,cycles_pre[3]:1->0,0
BRDA:23,0,cycles_pre[4]:0->1,0
BRDA:23,0,cycles_pre[4]:1->0,0
BRDA:23,0,cycles_pre[5]:0->1,0
BRDA:23,0,cycles_pre[5]:1->0,0
BRDA:23,0,cycles_pre[6]:0->1,0
BRDA:23,0,cycles_pre[6]:1->0,0
BRDA:23,0,cycles_pre[7]:0->1,0
BRDA:23,0,cycles_pre[7]:1->0,0
BRDA:23,0,cycles_pre[8]:0->1,0
BRDA:23,0,cycles_pre[8]:1->0,0
BRDA:23,0,cycles_pre[9]:0->1,0
BRDA:23,0,cycles_pre[9]:1->0,0
DA:24,24
BRDA:24,0,cycles_dft[0]:0->1,0
BRDA:24,0,cycles_dft[0]:1->0,0
BRDA:24,0,cycles_dft[10]:0->1,0
BRDA:24,0,cycles_dft[10]:1->0,0
BRDA:24,0,cycles_dft[11]:0->1,0
BRDA:24,0,cycles_dft[11]:1->0,0
BRDA:24,0,cycles_dft[12]:0->1,0
BRDA:24,0,cycles_dft[12]:1->0,0
BRDA:24,0,cycles_dft[13]:0->1,24
BRDA:24,0,cycles_dft[13]:1->0,22
BRDA:24,0,cycles_dft[14]:0->1,0
BRDA:24,0,cycles_dft[14]:1->0,0
BRDA:24,0,cycles_dft[15]:0->1,0
BRDA:24,0,cycles_dft[15]:1->0,0
BRDA:24,0,cycles_dft[16]:0->1,24
BRDA:24,0,cycles_dft[16]:1->0,22
BRDA:24,0,cycles_dft[17]:0->1,0
BRDA:24,0,cycles_dft[17]:1->0,0
BRDA:24,0,cycles_dft[18]:0->1,0
BRDA:24,0,cycles_dft[18]:1->0,0
BRDA:24,0,cycles_dft[19]:0->1,0
BRDA:24,0,cycles_dft[19]:1->0,0
BRDA:24,0,cycles_dft[1]:0->1,0
BRDA:24,0,cycles_dft[1]:1->0,0
BRDA:24,0,cycles_dft[20]:0->1,0
BRDA:24,0,cycles_dft[20]:1->0,0
BRDA:24,0,cycles_dft[21]:0->1,0
BRDA:24,0,cycles_dft[21]:1->0,0
BRDA:24,0,cycles_dft[22]:0->1,0
BRDA:24,0,cycles_dft[22]:1->0,0
BRDA:24,0,cycles_dft[23]:0->1,0
BRDA:24,0,cycles_dft[23]:1->0,0
BRDA:24,0,cycles_dft[24]:0->1,0
BRDA:24,0,cycles_dft[24]:1->0,0
BRDA:24,0,cycles_dft[25]:0->1,0
BRDA:24,0,cycles_dft[25]:1->0,0
BRDA:24,0,cycles_dft[26]:0->1,0
BRDA:24,0,cycles_dft[26]:1->0,0
BRDA:24,0,cycles_dft[27]:0->1,0
BRDA:24,0,cycles_dft[27]:1->0,0
BRDA:24,0,cycles_dft[28]:0->1,0
BRDA:24,0,cycles_dft[28]:1->0,0
BRDA:24,0,cycles_dft[29]:0->1,0
BRDA:24,0,cycles_dft[29]:1->0,0
BRDA:24,0,cycles_dft[2]:0->1,0
BRDA:24,0,cycles_dft[2]:1->0,0
BRDA:24,0,cycles_dft[30]:0->1,0
BRDA:24,0,cycles_dft[30]:1->0,0
BRDA:24,0,cycles_dft[31]:0->1,0
BRDA:24,0,cycles_dft[31]:1->0,0
BRDA:24,0,cycles_dft[3]:0->1,24
BRDA:24,0,cycles_dft[3]:1->0,22
BRDA:24,0,cycles_dft[4]:0->1,24
BRDA:24,0,cycles_dft[4]:1->0,22
BRDA:24,0,cycles_dft[5]:0->1,24
BRDA:24,0,cycles_dft[5]:1->0,22
BRDA:24,0,cycles_dft[6]:0->1,24
BRDA:24,0,cycles_dft[6]:1->0,22
BRDA:24,0,cycles_dft[7]:0->1,0
BRDA:24,0,cycles_dft[7]:1->0,0
BRDA:24,0,cycles_dft[8]:0->1,0
BRDA:24,0,cycles_dft[8]:1->0,0
BRDA:24,0,cycles_dft[9]:0->1,0
BRDA:24,0,cycles_dft[9]:1->0,0
DA:25,24
BRDA:25,0,cycles_power[0]:0->1,0
BRDA:25,0,cycles_power[0]:1->0,0
BRDA:25,0,cycles_power[10]:0->1,0
BRDA:25,0,cycles_power[10]:1->0,0
BRDA:25,0,cycles_power[11]:0->1,0
BRDA:25,0,cycles_power[11]:1->0,0
BRDA:25,0,cycles_power[12]:0->1,0
BRDA:25,0,cycles_power[12]:1->0,0
BRDA:25,0,cycles_power[13]:0->1,0
BRDA:25,0,cycles_power[13]:1->0,0
BRDA:25,0,cycles_power[14]:0->1,0
BRDA:25,0,cycles_power[14]:1->0,0
BRDA:25,0,cycles_power[15]:0->1,0
BRDA:25,0,cycles_power[15]:1->0,0
BRDA:25,0,cycles_power[16]:0->1,0
BRDA:25,0,cycles_power[16]:1->0,0
BRDA:25,0,cycles_power[17]:0->1,0
BRDA:25,0,cycles_power[17]:1->0,0
BRDA:25,0,cycles_power[18]:0->1,0
BRDA:25,0,cycles_power[18]:1->0,0
BRDA:25,0,cycles_power[19]:0->1,0
BRDA:25,0,cycles_power[19]:1->0,0
BRDA:25,0,cycles_power[1]:0->1,0
BRDA:25,0,cycles_power[1]:1->0,0
BRDA:25,0,cycles_power[20]:0->1,0
BRDA:25,0,cycles_power[20]:1->0,0
BRDA:25,0,cycles_power[21]:0->1,0
BRDA:25,0,cycles_power[21]:1->0,0
BRDA:25,0,cycles_power[22]:0->1,0
BRDA:25,0,cycles_power[22]:1->0,0
BRDA:25,0,cycles_power[23]:0->1,0
BRDA:25,0,cycles_power[23]:1->0,0
BRDA:25,0,cycles_power[24]:0->1,0
BRDA:25,0,cycles_power[24]:1->0,0
BRDA:25,0,cycles_power[25]:0->1,0
BRDA:25,0,cycles_power[25]:1->0,0
BRDA:25,0,cycles_power[26]:0->1,0
BRDA:25,0,cycles_power[26]:1->0,0
BRDA:25,0,cycles_power[27]:0->1,0
BRDA:25,0,cycles_power[27]:1->0,0
BRDA:25,0,cycles_power[28]:0->1,0
BRDA:25,0,cycles_power[28]:1->0,0
BRDA:25,0,cycles_power[29]:0->1,0
BRDA:25,0,cycles_power[29]:1->0,0
BRDA:25,0,cycles_power[2]:0->1,24
BRDA:25,0,cycles_power[2]:1->0,22
BRDA:25,0,cycles_power[30]:0->1,0
BRDA:25,0,cycles_power[30]:1->0,0
BRDA:25,0,cycles_power[31]:0->1,0
BRDA:25,0,cycles_power[31]:1->0,0
BRDA:25,0,cycles_power[3]:0->1,24
BRDA:25,0,cycles_power[3]:1->0,22
BRDA:25,0,cycles_power[4]:0->1,24
BRDA:25,0,cycles_power[4]:1->0,22
BRDA:25,0,cycles_power[5]:0->1,0
BRDA:25,0,cycles_power[5]:1->0,0
BRDA:25,0,cycles_power[6]:0->1,0
BRDA:25,0,cycles_power[6]:1->0,0
BRDA:25,0,cycles_power[7]:0->1,0
BRDA:25,0,cycles_power[7]:1->0,0
BRDA:25,0,cycles_power[8]:0->1,24
BRDA:25,0,cycles_power[8]:1->0,22
BRDA:25,0,cycles_power[9]:0->1,0
BRDA:25,0,cycles_power[9]:1->0,0
DA:26,24
BRDA:26,0,cycles_nn[0]:0->1,24
BRDA:26,0,cycles_nn[0]:1->0,22
BRDA:26,0,cycles_nn[10]:0->1,0
BRDA:26,0,cycles_nn[10]:1->0,0
BRDA:26,0,cycles_nn[11]:0->1,0
BRDA:26,0,cycles_nn[11]:1->0,0
BRDA:26,0,cycles_nn[12]:0->1,0
BRDA:26,0,cycles_nn[12]:1->0,0
BRDA:26,0,cycles_nn[13]:0->1,0
BRDA:26,0,cycles_nn[13]:1->0,0
BRDA:26,0,cycles_nn[14]:0->1,0
BRDA:26,0,cycles_nn[14]:1->0,0
BRDA:26,0,cycles_nn[15]:0->1,0
BRDA:26,0,cycles_nn[15]:1->0,0
BRDA:26,0,cycles_nn[16]:0->1,0
BRDA:26,0,cycles_nn[16]:1->0,0
BRDA:26,0,cycles_nn[17]:0->1,0
BRDA:26,0,cycles_nn[17]:1->0,0
BRDA:26,0,cycles_nn[18]:0->1,0
BRDA:26,0,cycles_nn[18]:1->0,0
BRDA:26,0,cycles_nn[19]:0->1,0
BRDA:26,0,cycles_nn[19]:1->0,0
BRDA:26,0,cycles_nn[1]:0->1,0
BRDA:26,0,cycles_nn[1]:1->0,0
BRDA:26,0,cycles_nn[20]:0->1,0
BRDA:26,0,cycles_nn[20]:1->0,0
BRDA:26,0,cycles_nn[21]:0->1,0
BRDA:26,0,cycles_nn[21]:1->0,0
BRDA:26,0,cycles_nn[22]:0->1,0
BRDA:26,0,cycles_nn[22]:1->0,0
BRDA:26,0,cycles_nn[23]:0->1,0
BRDA:26,0,cycles_nn[23]:1->0,0
BRDA:26,0,cycles_nn[24]:0->1,0
BRDA:26,0,cycles_nn[24]:1->0,0
BRDA:26,0,cycles_nn[25]:0->1,0
BRDA:26,0,cycles_nn[25]:1->0,0
BRDA:26,0,cycles_nn[26]:0->1,0
BRDA:26,0,cycles_nn[26]:1->0,0
BRDA:26,0,cycles_nn[27]:0->1,0
BRDA:26,0,cycles_nn[27]:1->0,0
BRDA:26,0,cycles_nn[28]:0->1,0
BRDA:26,0,cycles_nn[28]:1->0,0
BRDA:26,0,cycles_nn[29]:0->1,0
BRDA:26,0,cycles_nn[29]:1->0,0
BRDA:26,0,cycles_nn[2]:0->1,0
BRDA:26,0,cycles_nn[2]:1->0,0
BRDA:26,0,cycles_nn[30]:0->1,0
BRDA:26,0,cycles_nn[30]:1->0,0
BRDA:26,0,cycles_nn[31]:0->1,0
BRDA:26,0,cycles_nn[31]:1->0,0
BRDA:26,0,cycles_nn[3]:0->1,24
BRDA:26,0,cycles_nn[3]:1->0,22
BRDA:26,0,cycles_nn[4]:0->1,0
BRDA:26,0,cycles_nn[4]:1->0,0
BRDA:26,0,cycles_nn[5]:0->1,0
BRDA:26,0,cycles_nn[5]:1->0,0
BRDA:26,0,cycles_nn[6]:0->1,0
BRDA:26,0,cycles_nn[6]:1->0,0
BRDA:26,0,cycles_nn[7]:0->1,0
BRDA:26,0,cycles_nn[7]:1->0,0
BRDA:26,0,cycles_nn[8]:0->1,24
BRDA:26,0,cycles_nn[8]:1->0,22
BRDA:26,0,cycles_nn[9]:0->1,0
BRDA:26,0,cycles_nn[9]:1->0,0
DA:27,24
BRDA:27,0,cycles_total[0]:0->1,0
BRDA:27,0,cycles_total[0]:1->0,0
BRDA:27,0,cycles_total[10]:0->1,24
BRDA:27,0,cycles_total[10]:1->0,22
BRDA:27,0,cycles_total[11]:0->1,24
BRDA:27,0,cycles_total[11]:1->0,22
BRDA:27,0,cycles_total[12]:0->1,0
BRDA:27,0,cycles_total[12]:1->0,0
BRDA:27,0,cycles_total[13]:0->1,24
BRDA:27,0,cycles_total[13]:1->0,22
BRDA:27,0,cycles_total[14]:0->1,0
BRDA:27,0,cycles_total[14]:1->0,0
BRDA:27,0,cycles_total[15]:0->1,0
BRDA:27,0,cycles_total[15]:1->0,0
BRDA:27,0,cycles_total[16]:0->1,24
BRDA:27,0,cycles_total[16]:1->0,22
BRDA:27,0,cycles_total[17]:0->1,0
BRDA:27,0,cycles_total[17]:1->0,0
BRDA:27,0,cycles_total[18]:0->1,0
BRDA:27,0,cycles_total[18]:1->0,0
BRDA:27,0,cycles_total[19]:0->1,0
BRDA:27,0,cycles_total[19]:1->0,0
BRDA:27,0,cycles_total[1]:0->1,24
BRDA:27,0,cycles_total[1]:1->0,22
BRDA:27,0,cycles_total[20]:0->1,0
BRDA:27,0,cycles_total[20]:1->0,0
BRDA:27,0,cycles_total[21]:0->1,0
BRDA:27,0,cycles_total[21]:1->0,0
BRDA:27,0,cycles_total[22]:0->1,0
BRDA:27,0,cycles_total[22]:1->0,0
BRDA:27,0,cycles_total[23]:0->1,0
BRDA:27,0,cycles_total[23]:1->0,0
BRDA:27,0,cycles_total[24]:0->1,0
BRDA:27,0,cycles_total[24]:1->0,0
BRDA:27,0,cycles_total[25]:0->1,0
BRDA:27,0,cycles_total[25]:1->0,0
BRDA:27,0,cycles_total[26]:0->1,0
BRDA:27,0,cycles_total[26]:1->0,0
BRDA:27,0,cycles_total[27]:0->1,0
BRDA:27,0,cycles_total[27]:1->0,0
BRDA:27,0,cycles_total[28]:0->1,0
BRDA:27,0,cycles_total[28]:1->0,0
BRDA:27,0,cycles_total[29]:0->1,0
BRDA:27,0,cycles_total[29]:1->0,0
BRDA:27,0,cycles_total[2]:0->1,24
BRDA:27,0,cycles_total[2]:1->0,22
BRDA:27,0,cycles_total[30]:0->1,0
BRDA:27,0,cycles_total[30]:1->0,0
BRDA:27,0,cycles_total[31]:0->1,0
BRDA:27,0,cycles_total[31]:1->0,0
BRDA:27,0,cycles_total[3]:0->1,24
BRDA:27,0,cycles_total[3]:1->0,22
BRDA:27,0,cycles_total[4]:0->1,24
BRDA:27,0,cycles_total[4]:1->0,22
BRDA:27,0,cycles_total[5]:0->1,0
BRDA:27,0,cycles_total[5]:1->0,0
BRDA:27,0,cycles_total[6]:0->1,0
BRDA:27,0,cycles_total[6]:1->0,0
BRDA:27,0,cycles_total[7]:0->1,24
BRDA:27,0,cycles_total[7]:1->0,22
BRDA:27,0,cycles_total[8]:0->1,0
BRDA:27,0,cycles_total[8]:1->0,0
BRDA:27,0,cycles_total[9]:0->1,24
BRDA:27,0,cycles_total[9]:1->0,22
DA:28,4
BRDA:28,0,protocol_errors[0]:0->1,4
BRDA:28,0,protocol_errors[0]:1->0,4
BRDA:28,0,protocol_errors[10]:0->1,0
BRDA:28,0,protocol_errors[10]:1->0,0
BRDA:28,0,protocol_errors[11]:0->1,0
BRDA:28,0,protocol_errors[11]:1->0,0
BRDA:28,0,protocol_errors[12]:0->1,0
BRDA:28,0,protocol_errors[12]:1->0,0
BRDA:28,0,protocol_errors[13]:0->1,0
BRDA:28,0,protocol_errors[13]:1->0,0
BRDA:28,0,protocol_errors[14]:0->1,0
BRDA:28,0,protocol_errors[14]:1->0,0
BRDA:28,0,protocol_errors[15]:0->1,0
BRDA:28,0,protocol_errors[15]:1->0,0
BRDA:28,0,protocol_errors[16]:0->1,0
BRDA:28,0,protocol_errors[16]:1->0,0
BRDA:28,0,protocol_errors[17]:0->1,0
BRDA:28,0,protocol_errors[17]:1->0,0
BRDA:28,0,protocol_errors[18]:0->1,0
BRDA:28,0,protocol_errors[18]:1->0,0
BRDA:28,0,protocol_errors[19]:0->1,0
BRDA:28,0,protocol_errors[19]:1->0,0
BRDA:28,0,protocol_errors[1]:0->1,2
BRDA:28,0,protocol_errors[1]:1->0,2
BRDA:28,0,protocol_errors[20]:0->1,0
BRDA:28,0,protocol_errors[20]:1->0,0
BRDA:28,0,protocol_errors[21]:0->1,0
BRDA:28,0,protocol_errors[21]:1->0,0
BRDA:28,0,protocol_errors[22]:0->1,0
BRDA:28,0,protocol_errors[22]:1->0,0
BRDA:28,0,protocol_errors[23]:0->1,0
BRDA:28,0,protocol_errors[23]:1->0,0
BRDA:28,0,protocol_errors[24]:0->1,0
BRDA:28,0,protocol_errors[24]:1->0,0
BRDA:28,0,protocol_errors[25]:0->1,0
BRDA:28,0,protocol_errors[25]:1->0,0
BRDA:28,0,protocol_errors[26]:0->1,0
BRDA:28,0,protocol_errors[26]:1->0,0
BRDA:28,0,protocol_errors[27]:0->1,0
BRDA:28,0,protocol_errors[27]:1->0,0
BRDA:28,0,protocol_errors[28]:0->1,0
BRDA:28,0,protocol_errors[28]:1->0,0
BRDA:28,0,protocol_errors[29]:0->1,0
BRDA:28,0,protocol_errors[29]:1->0,0
BRDA:28,0,protocol_errors[2]:0->1,2
BRDA:28,0,protocol_errors[2]:1->0,2
BRDA:28,0,protocol_errors[30]:0->1,0
BRDA:28,0,protocol_errors[30]:1->0,0
BRDA:28,0,protocol_errors[31]:0->1,0
BRDA:28,0,protocol_errors[31]:1->0,0
BRDA:28,0,protocol_errors[3]:0->1,0
BRDA:28,0,protocol_errors[3]:1->0,0
BRDA:28,0,protocol_errors[4]:0->1,0
BRDA:28,0,protocol_errors[4]:1->0,0
BRDA:28,0,protocol_errors[5]:0->1,0
BRDA:28,0,protocol_errors[5]:1->0,0
BRDA:28,0,protocol_errors[6]:0->1,0
BRDA:28,0,protocol_errors[6]:1->0,0
BRDA:28,0,protocol_errors[7]:0->1,0
BRDA:28,0,protocol_errors[7]:1->0,0
BRDA:28,0,protocol_errors[8]:0->1,0
BRDA:28,0,protocol_errors[8]:1->0,0
BRDA:28,0,protocol_errors[9]:0->1,0
BRDA:28,0,protocol_errors[9]:1->0,0
DA:31,71354
BRDA:31,0,dbg_valid:0->1,71354
BRDA:31,0,dbg_valid:1->0,71354
DA:32,4060
BRDA:32,0,dbg_kind[0]:0->1,4060
BRDA:32,0,dbg_kind[0]:1->0,4058
BRDA:32,0,dbg_kind[1]:0->1,120
BRDA:32,0,dbg_kind[1]:1->0,118
BRDA:32,0,dbg_kind[2]:0->1,62
BRDA:32,0,dbg_kind[2]:1->0,60
BRDA:32,0,dbg_kind[3]:0->1,0
BRDA:32,0,dbg_kind[3]:1->0,0
DA:33,36282
BRDA:33,0,dbg_index[0]:0->1,36282
BRDA:33,0,dbg_index[0]:1->0,36282
BRDA:33,0,dbg_index[10]:0->1,0
BRDA:33,0,dbg_index[10]:1->0,0
BRDA:33,0,dbg_index[11]:0->1,0
BRDA:33,0,dbg_index[11]:1->0,0
BRDA:33,0,dbg_index[12]:0->1,0
BRDA:33,0,dbg_index[12]:1->0,0
BRDA:33,0,dbg_index[13]:0->1,0
BRDA:33,0,dbg_index[13]:1->0,0
BRDA:33,0,dbg_index[14]:0->1,0
BRDA:33,0,dbg_index[14]:1->0,0
BRDA:33,0,dbg_index[15]:0->1,0
BRDA:33,0,dbg_index[15]:1->0,0
BRDA:33,0,dbg_index[1]:0->1,18170
BRDA:33,0,dbg_index[1]:1->0,18168
BRDA:33,0,dbg_index[2]:0->1,9056
BRDA:33,0,dbg_index[2]:1->0,9056
BRDA:33,0,dbg_index[3]:0->1,4528
BRDA:33,0,dbg_index[3]:1->0,4528
BRDA:33,0,dbg_index[4]:0->1,2174
BRDA:33,0,dbg_index[4]:1->0,2174
BRDA:33,0,dbg_index[5]:0->1,1118
BRDA:33,0,dbg_index[5]:1->0,1118
BRDA:33,0,dbg_index[6]:0->1,528
BRDA:33,0,dbg_index[6]:1->0,528
BRDA:33,0,dbg_index[7]:0->1,264
BRDA:33,0,dbg_index[7]:1->0,264
BRDA:33,0,dbg_index[8]:0->1,132
BRDA:33,0,dbg_index[8]:1->0,132
BRDA:33,0,dbg_index[9]:0->1,66
BRDA:33,0,dbg_index[9]:1->0,66
DA:34,14425
BRDA:34,0,dbg_value[0]:0->1,14359
BRDA:34,0,dbg_value[0]:1->0,14357
BRDA:34,0,dbg_value[10]:0->1,12532
BRDA:34,0,dbg_value[10]:1->0,12530
BRDA:34,0,dbg_value[11]:0->1,12550
BRDA:34,0,dbg_value[11]:1->0,12548
BRDA:34,0,dbg_value[12]:0->1,12556
BRDA:34,0,dbg_value[12]:1->0,12554
BRDA:34,0,dbg_value[13]:0->1,12541
BRDA:34,0,dbg_value[13]:1->0,12539
BRDA:34,0,dbg_value[14]:0->1,12521
BRDA:34,0,dbg_value[14]:1->0,12519
BRDA:34,0,dbg_value[15]:0->1,12541
BRDA:34,0,dbg_value[15]:1->0,12539
BRDA:34,0,dbg_value[16]:0->1,12534
BRDA:34,0,dbg_value[16]:1->0,12532
BRDA:34,0,dbg_value[17]:0->1,12523
BRDA:34,0,dbg_value[17]:1->0,12521
BRDA:34,0,dbg_value[18]:0->1,12515
BRDA:34,0,dbg_value[18]:1->0,12513
BRDA:34,0,dbg_value[19]:0->1,12488
BRDA:34,0,dbg_value[19]:1->0,12486
BRDA:34,0,dbg_value[1]:0->1,14228
BRDA:34,0,dbg_value[1]:1->0,14226
BRDA:34,0,dbg_value[20]:0->1,12487
BRDA:34,0,dbg_value[20]:1->0,12485
BRDA:34,0,dbg_value[21]:0->1,12486
BRDA:34,0,dbg_value[21]:1->0,12484
BRDA:34,0,dbg_value[22]:0->1,12513
BRDA:34,0,dbg_value[22]:1->0,12511
BRDA:34,0,dbg_value[23]:0->1,12487
BRDA:34,0,dbg_value[23]:1->0,12485
BRDA:34,0,dbg_value[24]:0->1,12485
BRDA:34,0,dbg_value[24]:1->0,12483
BRDA:34,0,dbg_value[25]:0->1,12486
BRDA:34,0,dbg_value[25]:1->0,12484
BRDA:34,0,dbg_value[26]:0->1,12485
BRDA:34,0,dbg_value[26]:1->0,12483
BRDA:34,0,dbg_value[27]:0->1,12485
BRDA:34,0,dbg_value[27]:1->0,12483
BRDA:34,0,dbg_value[28]:0->1,12485
BRDA:34,0,dbg_value[28]:1->0,12483
BRDA:34,0,dbg_value[29]:0->1,12485
BRDA:34,0,dbg_value[29]:1->0,12483
BRDA:34,0,dbg_value[2]:0->1,13983
BRDA:34,0,dbg_value[2]:1->0,13983
BRDA:34,0,dbg_value[30]:0->1,12485
BRDA:34,0,dbg_value[30]:1->0,12483
BRDA:34,0,dbg_value[31]:0->1,12485
BRDA:34,0,dbg_value[31]:1->0,12483
BRDA:34,0,dbg_value[32]:0->1,12485
BRDA:34,0,dbg_value[32]:1->0,12483
BRDA:34,0,dbg_value[33]:0->1,12485
BRDA:34,0,dbg_value[33]:1->0,12483
BRDA:34,0,dbg_value[34]:0->1,12485
BRDA:34,0,dbg_value[34]:1->0,12483
BRDA:34,0,dbg_value[35]:0->1,12485
BRDA:34,0,dbg_value[35]:1->0,12483
BRDA:34,0,dbg_value[36]:0->1,12485
BRDA:34,0,dbg_value[36]:1->0,12483
BRDA:34,0,dbg_value[37]:0->1,12485
BRDA:34,0,dbg_value[37]:1->0,12483
BRDA:34,0,dbg_value[38]:0->1,12485
BRDA:34,0,dbg_value[38]:1->0,12483
BRDA:34,0,dbg_value[39]:0->1,12485
BRDA:34,0,dbg_value[39]:1->0,12483
BRDA:34,0,dbg_value[3]:0->1,14398
BRDA:34,0,dbg_value[3]:1->0,14396
BRDA:34,0,dbg_value[4]:0->1,14425
BRDA:34,0,dbg_value[4]:1->0,14423
BRDA:34,0,dbg_value[5]:0->1,13941
BRDA:34,0,dbg_value[5]:1->0,13941
BRDA:34,0,dbg_value[6]:0->1,13911
BRDA:34,0,dbg_value[6]:1->0,13909
BRDA:34,0,dbg_value[7]:0->1,13679
BRDA:34,0,dbg_value[7]:1->0,13677
BRDA:34,0,dbg_value[8]:0->1,13655
BRDA:34,0,dbg_value[8]:1->0,13653
BRDA:34,0,dbg_value[9]:0->1,12551
BRDA:34,0,dbg_value[9]:1->0,12551
DA:64,1604604
BRDA:64,0,state[0]:0->1,1604604
BRDA:64,0,state[0]:1->0,1604604
BRDA:64,0,state[1]:0->1,1599870
BRDA:64,0,state[1]:1->0,1599870
BRDA:64,0,state[2]:0->1,1598782
BRDA:64,0,state[2]:1->0,1598782
BRDA:64,0,state[3]:0->1,1524632
BRDA:64,0,state[3]:1->0,1524632
BRDA:64,0,state[4]:0->1,960
BRDA:64,0,state[4]:1->0,960
DA:70,2
BRDA:70,0,feature_shifts[0][0]:0->1,0
BRDA:70,0,feature_shifts[0][0]:1->0,0
BRDA:70,0,feature_shifts[0][1]:0->1,2
BRDA:70,0,feature_shifts[0][1]:1->0,0
BRDA:70,0,feature_shifts[0][2]:0->1,0
BRDA:70,0,feature_shifts[0][2]:1->0,0
BRDA:70,0,feature_shifts[0][3]:0->1,0
BRDA:70,0,feature_shifts[0][3]:1->0,0
BRDA:70,0,feature_shifts[0][4]:0->1,0
BRDA:70,0,feature_shifts[0][4]:1->0,0
BRDA:70,0,feature_shifts[0][5]:0->1,0
BRDA:70,0,feature_shifts[0][5]:1->0,0
BRDA:70,0,feature_shifts[0][6]:0->1,0
BRDA:70,0,feature_shifts[0][6]:1->0,0
BRDA:70,0,feature_shifts[0][7]:0->1,0
BRDA:70,0,feature_shifts[0][7]:1->0,0
BRDA:70,0,feature_shifts[10][0]:0->1,0
BRDA:70,0,feature_shifts[10][0]:1->0,0
BRDA:70,0,feature_shifts[10][1]:0->1,2
BRDA:70,0,feature_shifts[10][1]:1->0,0
BRDA:70,0,feature_shifts[10][2]:0->1,0
BRDA:70,0,feature_shifts[10][2]:1->0,0
BRDA:70,0,feature_shifts[10][3]:0->1,0
BRDA:70,0,feature_shifts[10][3]:1->0,0
BRDA:70,0,feature_shifts[10][4]:0->1,0
BRDA:70,0,feature_shifts[10][4]:1->0,0
BRDA:70,0,feature_shifts[10][5]:0->1,0
BRDA:70,0,feature_shifts[10][5]:1->0,0
BRDA:70,0,feature_shifts[10][6]:0->1,0
BRDA:70,0,feature_shifts[10][6]:1->0,0
BRDA:70,0,feature_shifts[10][7]:0->1,0
BRDA:70,0,feature_shifts[10][7]:1->0,0
BRDA:70,0,feature_shifts[11][0]:0->1,0
BRDA:70,0,feature_shifts[11][0]:1->0,0
BRDA:70,0,feature_shifts[11][1]:0->1,2
BRDA:70,0,feature_shifts[11][1]:1->0,0
BRDA:70,0,feature_shifts[11][2]:0->1,0
BRDA:70,0,feature_shifts[11][2]:1->0,0
BRDA:70,0,feature_shifts[11][3]:0->1,0
BRDA:70,0,feature_shifts[11][3]:1->0,0
BRDA:70,0,feature_shifts[11][4]:0->1,0
BRDA:70,0,feature_shifts[11][4]:1->0,0
BRDA:70,0,feature_shifts[11][5]:0->1,0
BRDA:70,0,feature_shifts[11][5]:1->0,0
BRDA:70,0,feature_shifts[11][6]:0->1,0
BRDA:70,0,feature_shifts[11][6]:1->0,0
BRDA:70,0,feature_shifts[11][7]:0->1,0
BRDA:70,0,feature_shifts[11][7]:1->0,0
BRDA:70,0,feature_shifts[12][0]:0->1,2
BRDA:70,0,feature_shifts[12][0]:1->0,0
BRDA:70,0,feature_shifts[12][1]:0->1,2
BRDA:70,0,feature_shifts[12][1]:1->0,0
BRDA:70,0,feature_shifts[12][2]:0->1,0
BRDA:70,0,feature_shifts[12][2]:1->0,0
BRDA:70,0,feature_shifts[12][3]:0->1,0
BRDA:70,0,feature_shifts[12][3]:1->0,0
BRDA:70,0,feature_shifts[12][4]:0->1,0
BRDA:70,0,feature_shifts[12][4]:1->0,0
BRDA:70,0,feature_shifts[12][5]:0->1,0
BRDA:70,0,feature_shifts[12][5]:1->0,0
BRDA:70,0,feature_shifts[12][6]:0->1,0
BRDA:70,0,feature_shifts[12][6]:1->0,0
BRDA:70,0,feature_shifts[12][7]:0->1,0
BRDA:70,0,feature_shifts[12][7]:1->0,0
BRDA:70,0,feature_shifts[13][0]:0->1,0
BRDA:70,0,feature_shifts[13][0]:1->0,0
BRDA:70,0,feature_shifts[13][1]:0->1,0
BRDA:70,0,feature_shifts[13][1]:1->0,0
BRDA:70,0,feature_shifts[13][2]:0->1,2
BRDA:70,0,feature_shifts[13][2]:1->0,0
BRDA:70,0,feature_shifts[13][3]:0->1,0
BRDA:70,0,feature_shifts[13][3]:1->0,0
BRDA:70,0,feature_shifts[13][4]:0->1,0
BRDA:70,0,feature_shifts[13][4]:1->0,0
BRDA:70,0,feature_shifts[13][5]:0->1,0
BRDA:70,0,feature_shifts[13][5]:1->0,0
BRDA:70,0,feature_shifts[13][6]:0->1,0
BRDA:70,0,feature_shifts[13][6]:1->0,0
BRDA:70,0,feature_shifts[13][7]:0->1,0
BRDA:70,0,feature_shifts[13][7]:1->0,0
BRDA:70,0,feature_shifts[14][0]:0->1,0
BRDA:70,0,feature_shifts[14][0]:1->0,0
BRDA:70,0,feature_shifts[14][1]:0->1,2
BRDA:70,0,feature_shifts[14][1]:1->0,0
BRDA:70,0,feature_shifts[14][2]:0->1,0
BRDA:70,0,feature_shifts[14][2]:1->0,0
BRDA:70,0,feature_shifts[14][3]:0->1,0
BRDA:70,0,feature_shifts[14][3]:1->0,0
BRDA:70,0,feature_shifts[14][4]:0->1,0
BRDA:70,0,feature_shifts[14][4]:1->0,0
BRDA:70,0,feature_shifts[14][5]:0->1,0
BRDA:70,0,feature_shifts[14][5]:1->0,0
BRDA:70,0,feature_shifts[14][6]:0->1,0
BRDA:70,0,feature_shifts[14][6]:1->0,0
BRDA:70,0,feature_shifts[14][7]:0->1,0
BRDA:70,0,feature_shifts[14][7]:1->0,0
BRDA:70,0,feature_shifts[15][0]:0->1,0
BRDA:70,0,feature_shifts[15][0]:1->0,0
BRDA:70,0,feature_shifts[15][1]:0->1,0
BRDA:70,0,feature_shifts[15][1]:1->0,0
BRDA:70,0,feature_shifts[15][2]:0->1,0
BRDA:70,0,feature_shifts[15][2]:1->0,0
BRDA:70,0,feature_shifts[15][3]:0->1,0
BRDA:70,0,feature_shifts[15][3]:1->0,0
BRDA:70,0,feature_shifts[15][4]:0->1,0
BRDA:70,0,feature_shifts[15][4]:1->0,0
BRDA:70,0,feature_shifts[15][5]:0->1,0
BRDA:70,0,feature_shifts[15][5]:1->0,0
BRDA:70,0,feature_shifts[15][6]:0->1,0
BRDA:70,0,feature_shifts[15][6]:1->0,0
BRDA:70,0,feature_shifts[15][7]:0->1,0
BRDA:70,0,feature_shifts[15][7]:1->0,0
BRDA:70,0,feature_shifts[1][0]:0->1,0
BRDA:70,0,feature_shifts[1][0]:1->0,0
BRDA:70,0,feature_shifts[1][1]:0->1,0
BRDA:70,0,feature_shifts[1][1]:1->0,0
BRDA:70,0,feature_shifts[1][2]:0->1,0
BRDA:70,0,feature_shifts[1][2]:1->0,0
BRDA:70,0,feature_shifts[1][3]:0->1,0
BRDA:70,0,feature_shifts[1][3]:1->0,0
BRDA:70,0,feature_shifts[1][4]:0->1,0
BRDA:70,0,feature_shifts[1][4]:1->0,0
BRDA:70,0,feature_shifts[1][5]:0->1,0
BRDA:70,0,feature_shifts[1][5]:1->0,0
BRDA:70,0,feature_shifts[1][6]:0->1,0
BRDA:70,0,feature_shifts[1][6]:1->0,0
BRDA:70,0,feature_shifts[1][7]:0->1,0
BRDA:70,0,feature_shifts[1][7]:1->0,0
BRDA:70,0,feature_shifts[2][0]:0->1,0
BRDA:70,0,feature_shifts[2][0]:1->0,0
BRDA:70,0,feature_shifts[2][1]:0->1,2
BRDA:70,0,feature_shifts[2][1]:1->0,0
BRDA:70,0,feature_shifts[2][2]:0->1,0
BRDA:70,0,feature_shifts[2][2]:1->0,0
BRDA:70,0,feature_shifts[2][3]:0->1,0
BRDA:70,0,feature_shifts[2][3]:1->0,0
BRDA:70,0,feature_shifts[2][4]:0->1,0
BRDA:70,0,feature_shifts[2][4]:1->0,0
BRDA:70,0,feature_shifts[2][5]:0->1,0
BRDA:70,0,feature_shifts[2][5]:1->0,0
BRDA:70,0,feature_shifts[2][6]:0->1,0
BRDA:70,0,feature_shifts[2][6]:1->0,0
BRDA:70,0,feature_shifts[2][7]:0->1,0
BRDA:70,0,feature_shifts[2][7]:1->0,0
BRDA:70,0,feature_shifts[3][0]:0->1,2
BRDA:70,0,feature_shifts[3][0]:1->0,0
BRDA:70,0,feature_shifts[3][1]:0->1,0
BRDA:70,0,feature_shifts[3][1]:1->0,0
BRDA:70,0,feature_shifts[3][2]:0->1,2
BRDA:70,0,feature_shifts[3][2]:1->0,0
BRDA:70,0,feature_shifts[3][3]:0->1,0
BRDA:70,0,feature_shifts[3][3]:1->0,0
BRDA:70,0,feature_shifts[3][4]:0->1,0
BRDA:70,0,feature_shifts[3][4]:1->0,0
BRDA:70,0,feature_shifts[3][5]:0->1,0
BRDA:70,0,feature_shifts[3][5]:1->0,0
BRDA:70,0,feature_shifts[3][6]:0->1,0
BRDA:70,0,feature_shifts[3][6]:1->0,0
BRDA:70,0,feature_shifts[3][7]:0->1,0
BRDA:70,0,feature_shifts[3][7]:1->0,0
BRDA:70,0,feature_shifts[4][0]:0->1,2
BRDA:70,0,feature_shifts[4][0]:1->0,0
BRDA:70,0,feature_shifts[4][1]:0->1,0
BRDA:70,0,feature_shifts[4][1]:1->0,0
BRDA:70,0,feature_shifts[4][2]:0->1,0
BRDA:70,0,feature_shifts[4][2]:1->0,0
BRDA:70,0,feature_shifts[4][3]:0->1,2
BRDA:70,0,feature_shifts[4][3]:1->0,0
BRDA:70,0,feature_shifts[4][4]:0->1,0
BRDA:70,0,feature_shifts[4][4]:1->0,0
BRDA:70,0,feature_shifts[4][5]:0->1,0
BRDA:70,0,feature_shifts[4][5]:1->0,0
BRDA:70,0,feature_shifts[4][6]:0->1,0
BRDA:70,0,feature_shifts[4][6]:1->0,0
BRDA:70,0,feature_shifts[4][7]:0->1,0
BRDA:70,0,feature_shifts[4][7]:1->0,0
BRDA:70,0,feature_shifts[5][0]:0->1,0
BRDA:70,0,feature_shifts[5][0]:1->0,0
BRDA:70,0,feature_shifts[5][1]:0->1,0
BRDA:70,0,feature_shifts[5][1]:1->0,0
BRDA:70,0,feature_shifts[5][2]:0->1,0
BRDA:70,0,feature_shifts[5][2]:1->0,0
BRDA:70,0,feature_shifts[5][3]:0->1,2
BRDA:70,0,feature_shifts[5][3]:1->0,0
BRDA:70,0,feature_shifts[5][4]:0->1,0
BRDA:70,0,feature_shifts[5][4]:1->0,0
BRDA:70,0,feature_shifts[5][5]:0->1,0
BRDA:70,0,feature_shifts[5][5]:1->0,0
BRDA:70,0,feature_shifts[5][6]:0->1,0
BRDA:70,0,feature_shifts[5][6]:1->0,0
BRDA:70,0,feature_shifts[5][7]:0->1,0
BRDA:70,0,feature_shifts[5][7]:1->0,0
BRDA:70,0,feature_shifts[6][0]:0->1,0
BRDA:70,0,feature_shifts[6][0]:1->0,0
BRDA:70,0,feature_shifts[6][1]:0->1,2
BRDA:70,0,feature_shifts[6][1]:1->0,0
BRDA:70,0,feature_shifts[6][2]:0->1,2
BRDA:70,0,feature_shifts[6][2]:1->0,0
BRDA:70,0,feature_shifts[6][3]:0->1,0
BRDA:70,0,feature_shifts[6][3]:1->0,0
BRDA:70,0,feature_shifts[6][4]:0->1,0
BRDA:70,0,feature_shifts[6][4]:1->0,0
BRDA:70,0,feature_shifts[6][5]:0->1,0
BRDA:70,0,feature_shifts[6][5]:1->0,0
BRDA:70,0,feature_shifts[6][6]:0->1,0
BRDA:70,0,feature_shifts[6][6]:1->0,0
BRDA:70,0,feature_shifts[6][7]:0->1,0
BRDA:70,0,feature_shifts[6][7]:1->0,0
BRDA:70,0,feature_shifts[7][0]:0->1,0
BRDA:70,0,feature_shifts[7][0]:1->0,0
BRDA:70,0,feature_shifts[7][1]:0->1,2
BRDA:70,0,feature_shifts[7][1]:1->0,0
BRDA:70,0,feature_shifts[7][2]:0->1,2
BRDA:70,0,feature_shifts[7][2]:1->0,0
BRDA:70,0,feature_shifts[7][3]:0->1,0
BRDA:70,0,feature_shifts[7][3]:1->0,0
BRDA:70,0,feature_shifts[7][4]:0->1,0
BRDA:70,0,feature_shifts[7][4]:1->0,0
BRDA:70,0,feature_shifts[7][5]:0->1,0
BRDA:70,0,feature_shifts[7][5]:1->0,0
BRDA:70,0,feature_shifts[7][6]:0->1,0
BRDA:70,0,feature_shifts[7][6]:1->0,0
BRDA:70,0,feature_shifts[7][7]:0->1,0
BRDA:70,0,feature_shifts[7][7]:1->0,0
BRDA:70,0,feature_shifts[8][0]:0->1,0
BRDA:70,0,feature_shifts[8][0]:1->0,0
BRDA:70,0,feature_shifts[8][1]:0->1,2
BRDA:70,0,feature_shifts[8][1]:1->0,0
BRDA:70,0,feature_shifts[8][2]:0->1,2
BRDA:70,0,feature_shifts[8][2]:1->0,0
BRDA:70,0,feature_shifts[8][3]:0->1,0
BRDA:70,0,feature_shifts[8][3]:1->0,0
BRDA:70,0,feature_shifts[8][4]:0->1,0
BRDA:70,0,feature_shifts[8][4]:1->0,0
BRDA:70,0,feature_shifts[8][5]:0->1,0
BRDA:70,0,feature_shifts[8][5]:1->0,0
BRDA:70,0,feature_shifts[8][6]:0->1,0
BRDA:70,0,feature_shifts[8][6]:1->0,0
BRDA:70,0,feature_shifts[8][7]:0->1,0
BRDA:70,0,feature_shifts[8][7]:1->0,0
BRDA:70,0,feature_shifts[9][0]:0->1,2
BRDA:70,0,feature_shifts[9][0]:1->0,0
BRDA:70,0,feature_shifts[9][1]:0->1,2
BRDA:70,0,feature_shifts[9][1]:1->0,0
BRDA:70,0,feature_shifts[9][2]:0->1,0
BRDA:70,0,feature_shifts[9][2]:1->0,0
BRDA:70,0,feature_shifts[9][3]:0->1,0
BRDA:70,0,feature_shifts[9][3]:1->0,0
BRDA:70,0,feature_shifts[9][4]:0->1,0
BRDA:70,0,feature_shifts[9][4]:1->0,0
BRDA:70,0,feature_shifts[9][5]:0->1,0
BRDA:70,0,feature_shifts[9][5]:1->0,0
BRDA:70,0,feature_shifts[9][6]:0->1,0
BRDA:70,0,feature_shifts[9][6]:1->0,0
BRDA:70,0,feature_shifts[9][7]:0->1,0
BRDA:70,0,feature_shifts[9][7]:1->0,0
DA:72,2
BRDA:72,0,bias2[0][0]:0->1,2
BRDA:72,0,bias2[0][0]:1->0,0
BRDA:72,0,bias2[0][10]:0->1,2
BRDA:72,0,bias2[0][10]:1->0,0
BRDA:72,0,bias2[0][11]:0->1,2
BRDA:72,0,bias2[0][11]:1->0,0
BRDA:72,0,bias2[0][12]:0->1,2
BRDA:72,0,bias2[0][12]:1->0,0
BRDA:72,0,bias2[0][13]:0->1,2
BRDA:72,0,bias2[0][13]:1->0,0
BRDA:72,0,bias2[0][14]:0->1,2
BRDA:72,0,bias2[0][14]:1->0,0
BRDA:72,0,bias2[0][15]:0->1,2
BRDA:72,0,bias2[0][15]:1->0,0
BRDA:72,0,bias2[0][16]:0->1,2
BRDA:72,0,bias2[0][16]:1->0,0
BRDA:72,0,bias2[0][17]:0->1,2
BRDA:72,0,bias2[0][17]:1->0,0
BRDA:72,0,bias2[0][18]:0->1,2
BRDA:72,0,bias2[0][18]:1->0,0
BRDA:72,0,bias2[0][19]:0->1,2
BRDA:72,0,bias2[0][19]:1->0,0
BRDA:72,0,bias2[0][1]:0->1,2
BRDA:72,0,bias2[0][1]:1->0,0
BRDA:72,0,bias2[0][20]:0->1,2
BRDA:72,0,bias2[0][20]:1->0,0
BRDA:72,0,bias2[0][21]:0->1,2
BRDA:72,0,bias2[0][21]:1->0,0
BRDA:72,0,bias2[0][22]:0->1,2
BRDA:72,0,bias2[0][22]:1->0,0
BRDA:72,0,bias2[0][23]:0->1,2
BRDA:72,0,bias2[0][23]:1->0,0
BRDA:72,0,bias2[0][24]:0->1,2
BRDA:72,0,bias2[0][24]:1->0,0
BRDA:72,0,bias2[0][25]:0->1,2
BRDA:72,0,bias2[0][25]:1->0,0
BRDA:72,0,bias2[0][26]:0->1,2
BRDA:72,0,bias2[0][26]:1->0,0
BRDA:72,0,bias2[0][27]:0->1,2
BRDA:72,0,bias2[0][27]:1->0,0
BRDA:72,0,bias2[0][28]:0->1,2
BRDA:72,0,bias2[0][28]:1->0,0
BRDA:72,0,bias2[0][29]:0->1,2
BRDA:72,0,bias2[0][29]:1->0,0
BRDA:72,0,bias2[0][2]:0->1,0
BRDA:72,0,bias2[0][2]:1->0,0
BRDA:72,0,bias2[0][30]:0->1,2
BRDA:72,0,bias2[0][30]:1->0,0
BRDA:72,0,bias2[0][31]:0->1,2
BRDA:72,0,bias2[0][31]:1->0,0
BRDA:72,0,bias2[0][3]:0->1,2
BRDA:72,0,bias2[0][3]:1->0,0
BRDA:72,0,bias2[0][4]:0->1,2
BRDA:72,0,bias2[0][4]:1->0,0
BRDA:72,0,bias2[0][5]:0->1,2
BRDA:72,0,bias2[0][5]:1->0,0
BRDA:72,0,bias2[0][6]:0->1,2
BRDA:72,0,bias2[0][6]:1->0,0
BRDA:72,0,bias2[0][7]:0->1,2
BRDA:72,0,bias2[0][7]:1->0,0
BRDA:72,0,bias2[0][8]:0->1,2
BRDA:72,0,bias2[0][8]:1->0,0
BRDA:72,0,bias2[0][9]:0->1,2
BRDA:72,0,bias2[0][9]:1->0,0
BRDA:72,0,bias2[1][0]:0->1,0
BRDA:72,0,bias2[1][0]:1->0,0
BRDA:72,0,bias2[1][10]:0->1,2
BRDA:72,0,bias2[1][10]:1->0,0
BRDA:72,0,bias2[1][11]:0->1,2
BRDA:72,0,bias2[1][11]:1->0,0
BRDA:72,0,bias2[1][12]:0->1,2
BRDA:72,0,bias2[1][12]:1->0,0
BRDA:72,0,bias2[1][13]:0->1,2
BRDA:72,0,bias2[1][13]:1->0,0
BRDA:72,0,bias2[1][14]:0->1,2
BRDA:72,0,bias2[1][14]:1->0,0
BRDA:72,0,bias2[1][15]:0->1,2
BRDA:72,0,bias2[1][15]:1->0,0
BRDA:72,0,bias2[1][16]:0->1,2
BRDA:72,0,bias2[1][16]:1->0,0
BRDA:72,0,bias2[1][17]:0->1,2
BRDA:72,0,bias2[1][17]:1->0,0
BRDA:72,0,bias2[1][18]:0->1,2
BRDA:72,0,bias2[1][18]:1->0,0
BRDA:72,0,bias2[1][19]:0->1,2
BRDA:72,0,bias2[1][19]:1->0,0
BRDA:72,0,bias2[1][1]:0->1,2
BRDA:72,0,bias2[1][1]:1->0,0
BRDA:72,0,bias2[1][20]:0->1,2
BRDA:72,0,bias2[1][20]:1->0,0
BRDA:72,0,bias2[1][21]:0->1,2
BRDA:72,0,bias2[1][21]:1->0,0
BRDA:72,0,bias2[1][22]:0->1,2
BRDA:72,0,bias2[1][22]:1->0,0
BRDA:72,0,bias2[1][23]:0->1,2
BRDA:72,0,bias2[1][23]:1->0,0
BRDA:72,0,bias2[1][24]:0->1,2
BRDA:72,0,bias2[1][24]:1->0,0
BRDA:72,0,bias2[1][25]:0->1,2
BRDA:72,0,bias2[1][25]:1->0,0
BRDA:72,0,bias2[1][26]:0->1,2
BRDA:72,0,bias2[1][26]:1->0,0
BRDA:72,0,bias2[1][27]:0->1,2
BRDA:72,0,bias2[1][27]:1->0,0
BRDA:72,0,bias2[1][28]:0->1,2
BRDA:72,0,bias2[1][28]:1->0,0
BRDA:72,0,bias2[1][29]:0->1,2
BRDA:72,0,bias2[1][29]:1->0,0
BRDA:72,0,bias2[1][2]:0->1,2
BRDA:72,0,bias2[1][2]:1->0,0
BRDA:72,0,bias2[1][30]:0->1,2
BRDA:72,0,bias2[1][30]:1->0,0
BRDA:72,0,bias2[1][31]:0->1,2
BRDA:72,0,bias2[1][31]:1->0,0
BRDA:72,0,bias2[1][3]:0->1,0
BRDA:72,0,bias2[1][3]:1->0,0
BRDA:72,0,bias2[1][4]:0->1,2
BRDA:72,0,bias2[1][4]:1->0,0
BRDA:72,0,bias2[1][5]:0->1,0
BRDA:72,0,bias2[1][5]:1->0,0
BRDA:72,0,bias2[1][6]:0->1,2
BRDA:72,0,bias2[1][6]:1->0,0
BRDA:72,0,bias2[1][7]:0->1,0
BRDA:72,0,bias2[1][7]:1->0,0
BRDA:72,0,bias2[1][8]:0->1,2
BRDA:72,0,bias2[1][8]:1->0,0
BRDA:72,0,bias2[1][9]:0->1,2
BRDA:72,0,bias2[1][9]:1->0,0
BRDA:72,0,bias2[2][0]:0->1,0
BRDA:72,0,bias2[2][0]:1->0,0
BRDA:72,0,bias2[2][10]:0->1,0
BRDA:72,0,bias2[2][10]:1->0,0
BRDA:72,0,bias2[2][11]:0->1,0
BRDA:72,0,bias2[2][11]:1->0,0
BRDA:72,0,bias2[2][12]:0->1,0
BRDA:72,0,bias2[2][12]:1->0,0
BRDA:72,0,bias2[2][13]:0->1,0
BRDA:72,0,bias2[2][13]:1->0,0
BRDA:72,0,bias2[2][14]:0->1,0
BRDA:72,0,bias2[2][14]:1->0,0
BRDA:72,0,bias2[2][15]:0->1,0
BRDA:72,0,bias2[2][15]:1->0,0
BRDA:72,0,bias2[2][16]:0->1,0
BRDA:72,0,bias2[2][16]:1->0,0
BRDA:72,0,bias2[2][17]:0->1,0
BRDA:72,0,bias2[2][17]:1->0,0
BRDA:72,0,bias2[2][18]:0->1,0
BRDA:72,0,bias2[2][18]:1->0,0
BRDA:72,0,bias2[2][19]:0->1,0
BRDA:72,0,bias2[2][19]:1->0,0
BRDA:72,0,bias2[2][1]:0->1,0
BRDA:72,0,bias2[2][1]:1->0,0
BRDA:72,0,bias2[2][20]:0->1,0
BRDA:72,0,bias2[2][20]:1->0,0
BRDA:72,0,bias2[2][21]:0->1,0
BRDA:72,0,bias2[2][21]:1->0,0
BRDA:72,0,bias2[2][22]:0->1,0
BRDA:72,0,bias2[2][22]:1->0,0
BRDA:72,0,bias2[2][23]:0->1,0
BRDA:72,0,bias2[2][23]:1->0,0
BRDA:72,0,bias2[2][24]:0->1,0
BRDA:72,0,bias2[2][24]:1->0,0
BRDA:72,0,bias2[2][25]:0->1,0
BRDA:72,0,bias2[2][25]:1->0,0
BRDA:72,0,bias2[2][26]:0->1,0
BRDA:72,0,bias2[2][26]:1->0,0
BRDA:72,0,bias2[2][27]:0->1,0
BRDA:72,0,bias2[2][27]:1->0,0
BRDA:72,0,bias2[2][28]:0->1,0
BRDA:72,0,bias2[2][28]:1->0,0
BRDA:72,0,bias2[2][29]:0->1,0
BRDA:72,0,bias2[2][29]:1->0,0
BRDA:72,0,bias2[2][2]:0->1,2
BRDA:72,0,bias2[2][2]:1->0,0
BRDA:72,0,bias2[2][30]:0->1,0
BRDA:72,0,bias2[2][30]:1->0,0
BRDA:72,0,bias2[2][31]:0->1,0
BRDA:72,0,bias2[2][31]:1->0,0
BRDA:72,0,bias2[2][3]:0->1,0
BRDA:72,0,bias2[2][3]:1->0,0
BRDA:72,0,bias2[2][4]:0->1,2
BRDA:72,0,bias2[2][4]:1->0,0
BRDA:72,0,bias2[2][5]:0->1,2
BRDA:72,0,bias2[2][5]:1->0,0
BRDA:72,0,bias2[2][6]:0->1,2
BRDA:72,0,bias2[2][6]:1->0,0
BRDA:72,0,bias2[2][7]:0->1,2
BRDA:72,0,bias2[2][7]:1->0,0
BRDA:72,0,bias2[2][8]:0->1,0
BRDA:72,0,bias2[2][8]:1->0,0
BRDA:72,0,bias2[2][9]:0->1,0
BRDA:72,0,bias2[2][9]:1->0,0
DA:73,2
DA:74,2
DA:75,2
DA:76,2
DA:80,2
DA:84,40
BRDA:84,0,full[0]:0->1,40
BRDA:84,0,full[0]:1->0,40
BRDA:84,0,full[1]:0->1,30
BRDA:84,0,full[1]:1->0,30
BRDA:84,0,busy[0]:0->1,40
BRDA:84,0,busy[0]:1->0,40
BRDA:84,0,busy[1]:0->1,30
BRDA:84,0,busy[1]:1->0,30
DA:85,40
BRDA:85,0,read_bank:0->1,40
BRDA:85,0,read_bank:1->0,38
BRDA:85,0,active_bank:0->1,30
BRDA:85,0,active_bank:1->0,30
BRDA:85,0,write_bank:0->1,40
BRDA:85,0,write_bank:1->0,38
DA:86,74
BRDA:86,0,draining:0->1,2
BRDA:86,0,draining:1->0,2
BRDA:86,0,receiving:0->1,74
BRDA:86,0,receiving:1->0,74
DA:87,36844
BRDA:87,0,input_index[0]:0->1,36844
BRDA:87,0,input_index[0]:1->0,36842
BRDA:87,0,input_index[1]:0->1,18446
BRDA:87,0,input_index[1]:1->0,18444
BRDA:87,0,input_index[2]:0->1,9224
BRDA:87,0,input_index[2]:1->0,9222
BRDA:87,0,input_index[3]:0->1,4610
BRDA:87,0,input_index[3]:1->0,4608
BRDA:87,0,input_index[4]:0->1,2306
BRDA:87,0,input_index[4]:1->0,2304
BRDA:87,0,input_index[5]:0->1,1152
BRDA:87,0,input_index[5]:1->0,1150
BRDA:87,0,input_index[6]:0->1,576
BRDA:87,0,input_index[6]:1->0,574
BRDA:87,0,input_index[7]:0->1,288
BRDA:87,0,input_index[7]:1->0,286
BRDA:87,0,input_index[8]:0->1,144
BRDA:87,0,input_index[8]:1->0,142
BRDA:87,0,input_index[9]:0->1,72
BRDA:87,0,input_index[9]:1->0,70
DA:88,38
BRDA:88,0,receiving_id[0]:0->1,38
BRDA:88,0,receiving_id[0]:1->0,36
BRDA:88,0,receiving_id[10]:0->1,0
BRDA:88,0,receiving_id[10]:1->0,0
BRDA:88,0,receiving_id[11]:0->1,0
BRDA:88,0,receiving_id[11]:1->0,0
BRDA:88,0,receiving_id[12]:0->1,0
BRDA:88,0,receiving_id[12]:1->0,0
BRDA:88,0,receiving_id[13]:0->1,0
BRDA:88,0,receiving_id[13]:1->0,0
BRDA:88,0,receiving_id[14]:0->1,0
BRDA:88,0,receiving_id[14]:1->0,0
BRDA:88,0,receiving_id[15]:0->1,0
BRDA:88,0,receiving_id[15]:1->0,0
BRDA:88,0,receiving_id[16]:0->1,0
BRDA:88,0,receiving_id[16]:1->0,0
BRDA:88,0,receiving_id[17]:0->1,0
BRDA:88,0,receiving_id[17]:1->0,0
BRDA:88,0,receiving_id[18]:0->1,0
BRDA:88,0,receiving_id[18]:1->0,0
BRDA:88,0,receiving_id[19]:0->1,0
BRDA:88,0,receiving_id[19]:1->0,0
BRDA:88,0,receiving_id[1]:0->1,25
BRDA:88,0,receiving_id[1]:1->0,23
BRDA:88,0,receiving_id[20]:0->1,0
BRDA:88,0,receiving_id[20]:1->0,0
BRDA:88,0,receiving_id[21]:0->1,0
BRDA:88,0,receiving_id[21]:1->0,0
BRDA:88,0,receiving_id[22]:0->1,0
BRDA:88,0,receiving_id[22]:1->0,0
BRDA:88,0,receiving_id[23]:0->1,0
BRDA:88,0,receiving_id[23]:1->0,0
BRDA:88,0,receiving_id[24]:0->1,0
BRDA:88,0,receiving_id[24]:1->0,0
BRDA:88,0,receiving_id[25]:0->1,0
BRDA:88,0,receiving_id[25]:1->0,0
BRDA:88,0,receiving_id[26]:0->1,0
BRDA:88,0,receiving_id[26]:1->0,0
BRDA:88,0,receiving_id[27]:0->1,0
BRDA:88,0,receiving_id[27]:1->0,0
BRDA:88,0,receiving_id[28]:0->1,0
BRDA:88,0,receiving_id[28]:1->0,0
BRDA:88,0,receiving_id[29]:0->1,0
BRDA:88,0,receiving_id[29]:1->0,0
BRDA:88,0,receiving_id[2]:0->1,23
BRDA:88,0,receiving_id[2]:1->0,21
BRDA:88,0,receiving_id[30]:0->1,0
BRDA:88,0,receiving_id[30]:1->0,0
BRDA:88,0,receiving_id[31]:0->1,0
BRDA:88,0,receiving_id[31]:1->0,0
BRDA:88,0,receiving_id[3]:0->1,18
BRDA:88,0,receiving_id[3]:1->0,18
BRDA:88,0,receiving_id[4]:0->1,10
BRDA:88,0,receiving_id[4]:1->0,8
BRDA:88,0,receiving_id[5]:0->1,22
BRDA:88,0,receiving_id[5]:1->0,20
BRDA:88,0,receiving_id[6]:0->1,10
BRDA:88,0,receiving_id[6]:1->0,10
BRDA:88,0,receiving_id[7]:0->1,2
BRDA:88,0,receiving_id[7]:1->0,2
BRDA:88,0,receiving_id[8]:0->1,14
BRDA:88,0,receiving_id[8]:1->0,12
BRDA:88,0,receiving_id[9]:0->1,0
BRDA:88,0,receiving_id[9]:1->0,0
BRDA:88,0,frame_ids[0][0]:0->1,4
BRDA:88,0,frame_ids[0][0]:1->0,2
BRDA:88,0,frame_ids[0][10]:0->1,0
BRDA:88,0,frame_ids[0][10]:1->0,0
BRDA:88,0,frame_ids[0][11]:0->1,0
BRDA:88,0,frame_ids[0][11]:1->0,0
BRDA:88,0,frame_ids[0][12]:0->1,0
BRDA:88,0,frame_ids[0][12]:1->0,0
BRDA:88,0,frame_ids[0][13]:0->1,0
BRDA:88,0,frame_ids[0][13]:1->0,0
BRDA:88,0,frame_ids[0][14]:0->1,0
BRDA:88,0,frame_ids[0][14]:1->0,0
BRDA:88,0,frame_ids[0][15]:0->1,0
BRDA:88,0,frame_ids[0][15]:1->0,0
BRDA:88,0,frame_ids[0][16]:0->1,0
BRDA:88,0,frame_ids[0][16]:1->0,0
BRDA:88,0,frame_ids[0][17]:0->1,0
BRDA:88,0,frame_ids[0][17]:1->0,0
BRDA:88,0,frame_ids[0][18]:0->1,0
BRDA:88,0,frame_ids[0][18]:1->0,0
BRDA:88,0,frame_ids[0][19]:0->1,0
BRDA:88,0,frame_ids[0][19]:1->0,0
BRDA:88,0,frame_ids[0][1]:0->1,17
BRDA:88,0,frame_ids[0][1]:1->0,15
BRDA:88,0,frame_ids[0][20]:0->1,0
BRDA:88,0,frame_ids[0][20]:1->0,0
BRDA:88,0,frame_ids[0][21]:0->1,0
BRDA:88,0,frame_ids[0][21]:1->0,0
BRDA:88,0,frame_ids[0][22]:0->1,0
BRDA:88,0,frame_ids[0][22]:1->0,0
BRDA:88,0,frame_ids[0][23]:0->1,0
BRDA:88,0,frame_ids[0][23]:1->0,0
BRDA:88,0,frame_ids[0][24]:0->1,0
BRDA:88,0,frame_ids[0][24]:1->0,0
BRDA:88,0,frame_ids[0][25]:0->1,0
BRDA:88,0,frame_ids[0][25]:1->0,0
BRDA:88,0,frame_ids[0][26]:0->1,0
BRDA:88,0,frame_ids[0][26]:1->0,0
BRDA:88,0,frame_ids[0][27]:0->1,0
BRDA:88,0,frame_ids[0][27]:1->0,0
BRDA:88,0,frame_ids[0][28]:0->1,0
BRDA:88,0,frame_ids[0][28]:1->0,0
BRDA:88,0,frame_ids[0][29]:0->1,0
BRDA:88,0,frame_ids[0][29]:1->0,0
BRDA:88,0,frame_ids[0][2]:0->1,10
BRDA:88,0,frame_ids[0][2]:1->0,8
BRDA:88,0,frame_ids[0][30]:0->1,0
BRDA:88,0,frame_ids[0][30]:1->0,0
BRDA:88,0,frame_ids[0][31]:0->1,0
BRDA:88,0,frame_ids[0][31]:1->0,0
BRDA:88,0,frame_ids[0][3]:0->1,4
BRDA:88,0,frame_ids[0][3]:1->0,4
BRDA:88,0,frame_ids[0][4]:0->1,2
BRDA:88,0,frame_ids[0][4]:1->0,0
BRDA:88,0,frame_ids[0][5]:0->1,4
BRDA:88,0,frame_ids[0][5]:1->0,2
BRDA:88,0,frame_ids[0][6]:0->1,2
BRDA:88,0,frame_ids[0][6]:1->0,2
BRDA:88,0,frame_ids[0][7]:0->1,2
BRDA:88,0,frame_ids[0][7]:1->0,2
BRDA:88,0,frame_ids[0][8]:0->1,2
BRDA:88,0,frame_ids[0][8]:1->0,0
BRDA:88,0,frame_ids[0][9]:0->1,0
BRDA:88,0,frame_ids[0][9]:1->0,0
BRDA:88,0,frame_ids[1][0]:0->1,4
BRDA:88,0,frame_ids[1][0]:1->0,4
BRDA:88,0,frame_ids[1][10]:0->1,0
BRDA:88,0,frame_ids[1][10]:1->0,0
BRDA:88,0,frame_ids[1][11]:0->1,0
BRDA:88,0,frame_ids[1][11]:1->0,0
BRDA:88,0,frame_ids[1][12]:0->1,0
BRDA:88,0,frame_ids[1][12]:1->0,0
BRDA:88,0,frame_ids[1][13]:0->1,0
BRDA:88,0,frame_ids[1][13]:1->0,0
BRDA:88,0,frame_ids[1][14]:0->1,0
BRDA:88,0,frame_ids[1][14]:1->0,0
BRDA:88,0,frame_ids[1][15]:0->1,0
BRDA:88,0,frame_ids[1][15]:1->0,0
BRDA:88,0,frame_ids[1][16]:0->1,0
BRDA:88,0,frame_ids[1][16]:1->0,0
BRDA:88,0,frame_ids[1][17]:0->1,0
BRDA:88,0,frame_ids[1][17]:1->0,0
BRDA:88,0,frame_ids[1][18]:0->1,0
BRDA:88,0,frame_ids[1][18]:1->0,0
BRDA:88,0,frame_ids[1][19]:0->1,0
BRDA:88,0,frame_ids[1][19]:1->0,0
BRDA:88,0,frame_ids[1][1]:0->1,13
BRDA:88,0,frame_ids[1][1]:1->0,11
BRDA:88,0,frame_ids[1][20]:0->1,0
BRDA:88,0,frame_ids[1][20]:1->0,0
BRDA:88,0,frame_ids[1][21]:0->1,0
BRDA:88,0,frame_ids[1][21]:1->0,0
BRDA:88,0,frame_ids[1][22]:0->1,0
BRDA:88,0,frame_ids[1][22]:1->0,0
BRDA:88,0,frame_ids[1][23]:0->1,0
BRDA:88,0,frame_ids[1][23]:1->0,0
BRDA:88,0,frame_ids[1][24]:0->1,0
BRDA:88,0,frame_ids[1][24]:1->0,0
BRDA:88,0,frame_ids[1][25]:0->1,0
BRDA:88,0,frame_ids[1][25]:1->0,0
BRDA:88,0,frame_ids[1][26]:0->1,0
BRDA:88,0,frame_ids[1][26]:1->0,0
BRDA:88,0,frame_ids[1][27]:0->1,0
BRDA:88,0,frame_ids[1][27]:1->0,0
BRDA:88,0,frame_ids[1][28]:0->1,0
BRDA:88,0,frame_ids[1][28]:1->0,0
BRDA:88,0,frame_ids[1][29]:0->1,0
BRDA:88,0,frame_ids[1][29]:1->0,0
BRDA:88,0,frame_ids[1][2]:0->1,9
BRDA:88,0,frame_ids[1][2]:1->0,7
BRDA:88,0,frame_ids[1][30]:0->1,0
BRDA:88,0,frame_ids[1][30]:1->0,0
BRDA:88,0,frame_ids[1][31]:0->1,0
BRDA:88,0,frame_ids[1][31]:1->0,0
BRDA:88,0,frame_ids[1][3]:0->1,2
BRDA:88,0,frame_ids[1][3]:1->0,2
BRDA:88,0,frame_ids[1][4]:0->1,2
BRDA:88,0,frame_ids[1][4]:1->0,0
BRDA:88,0,frame_ids[1][5]:0->1,4
BRDA:88,0,frame_ids[1][5]:1->0,2
BRDA:88,0,frame_ids[1][6]:0->1,2
BRDA:88,0,frame_ids[1][6]:1->0,2
BRDA:88,0,frame_ids[1][7]:0->1,2
BRDA:88,0,frame_ids[1][7]:1->0,2
BRDA:88,0,frame_ids[1][8]:0->1,2
BRDA:88,0,frame_ids[1][8]:1->0,0
BRDA:88,0,frame_ids[1][9]:0->1,0
BRDA:88,0,frame_ids[1][9]:1->0,0
DA:89,18005
BRDA:89,0,input_sum[0]:0->1,18005
BRDA:89,0,input_sum[0]:1->0,18005
BRDA:89,0,input_sum[10]:0->1,15723
BRDA:89,0,input_sum[10]:1->0,15723
BRDA:89,0,input_sum[11]:0->1,16778
BRDA:89,0,input_sum[11]:1->0,16777
BRDA:89,0,input_sum[12]:0->1,15080
BRDA:89,0,input_sum[12]:1->0,15080
BRDA:89,0,input_sum[13]:0->1,14303
BRDA:89,0,input_sum[13]:1->0,14302
BRDA:89,0,input_sum[14]:0->1,15759
[...]
BRDA:135,0,selected_accumulator[13]:0->1,274211
BRDA:135,0,selected_accumulator[13]:1->0,274211
BRDA:135,0,selected_accumulator[14]:0->1,292019
BRDA:135,0,selected_accumulator[14]:1->0,292019
BRDA:135,0,selected_accumulator[15]:0->1,287685
BRDA:135,0,selected_accumulator[15]:1->0,287685
BRDA:135,0,selected_accumulator[16]:0->1,282370
BRDA:135,0,selected_accumulator[16]:1->0,282370
BRDA:135,0,selected_accumulator[17]:0->1,273330
BRDA:135,0,selected_accumulator[17]:1->0,273330
BRDA:135,0,selected_accumulator[18]:0->1,260584
BRDA:135,0,selected_accumulator[18]:1->0,260584
BRDA:135,0,selected_accumulator[19]:0->1,242847
BRDA:135,0,selected_accumulator[19]:1->0,242847
BRDA:135,0,selected_accumulator[1]:0->1,228266
BRDA:135,0,selected_accumulator[1]:1->0,228266
BRDA:135,0,selected_accumulator[20]:0->1,225855
BRDA:135,0,selected_accumulator[20]:1->0,225855
BRDA:135,0,selected_accumulator[21]:0->1,207102
BRDA:135,0,selected_accumulator[21]:1->0,207102
BRDA:135,0,selected_accumulator[22]:0->1,189784
BRDA:135,0,selected_accumulator[22]:1->0,189784
BRDA:135,0,selected_accumulator[23]:0->1,151162
BRDA:135,0,selected_accumulator[23]:1->0,151162
BRDA:135,0,selected_accumulator[24]:0->1,133056
BRDA:135,0,selected_accumulator[24]:1->0,133056
BRDA:135,0,selected_accumulator[25]:0->1,121522
BRDA:135,0,selected_accumulator[25]:1->0,121522
BRDA:135,0,selected_accumulator[26]:0->1,117207
BRDA:135,0,selected_accumulator[26]:1->0,117207
BRDA:135,0,selected_accumulator[27]:0->1,115524
BRDA:135,0,selected_accumulator[27]:1->0,115524
BRDA:135,0,selected_accumulator[28]:0->1,114992
BRDA:135,0,selected_accumulator[28]:1->0,114992
BRDA:135,0,selected_accumulator[29]:0->1,114845
BRDA:135,0,selected_accumulator[29]:1->0,114845
BRDA:135,0,selected_accumulator[2]:0->1,265056
BRDA:135,0,selected_accumulator[2]:1->0,265056
BRDA:135,0,selected_accumulator[30]:0->1,114756
BRDA:135,0,selected_accumulator[30]:1->0,114756
BRDA:135,0,selected_accumulator[31]:0->1,114764
BRDA:135,0,selected_accumulator[31]:1->0,114764
BRDA:135,0,selected_accumulator[32]:0->1,114764
BRDA:135,0,selected_accumulator[32]:1->0,114764
BRDA:135,0,selected_accumulator[33]:0->1,114764
BRDA:135,0,selected_accumulator[33]:1->0,114764
BRDA:135,0,selected_accumulator[34]:0->1,114764
BRDA:135,0,selected_accumulator[34]:1->0,114764
BRDA:135,0,selected_accumulator[35]:0->1,114764
BRDA:135,0,selected_accumulator[35]:1->0,114764
BRDA:135,0,selected_accumulator[36]:0->1,114764
BRDA:135,0,selected_accumulator[36]:1->0,114764
BRDA:135,0,selected_accumulator[37]:0->1,114764
BRDA:135,0,selected_accumulator[37]:1->0,114764
BRDA:135,0,selected_accumulator[38]:0->1,114764
BRDA:135,0,selected_accumulator[38]:1->0,114764
BRDA:135,0,selected_accumulator[39]:0->1,114764
BRDA:135,0,selected_accumulator[39]:1->0,114764
BRDA:135,0,selected_accumulator[3]:0->1,270895
BRDA:135,0,selected_accumulator[3]:1->0,270895
BRDA:135,0,selected_accumulator[4]:0->1,279592
BRDA:135,0,selected_accumulator[4]:1->0,279592
BRDA:135,0,selected_accumulator[5]:0->1,282098
BRDA:135,0,selected_accumulator[5]:1->0,282098
BRDA:135,0,selected_accumulator[6]:0->1,283827
BRDA:135,0,selected_accumulator[6]:1->0,283827
BRDA:135,0,selected_accumulator[7]:0->1,286355
BRDA:135,0,selected_accumulator[7]:1->0,286355
BRDA:135,0,selected_accumulator[8]:0->1,283907
BRDA:135,0,selected_accumulator[8]:1->0,283907
BRDA:135,0,selected_accumulator[9]:0->1,283109
BRDA:135,0,selected_accumulator[9]:1->0,283109
BRDA:135,0,((LANES == 32'sh1)==0) => 0,2
BRDA:135,0,((LANES == 32'sh1)==1) => 1,0
DA:136,1392
BRDA:136,0,weight_q[0][0]:0->1,1160
BRDA:136,0,weight_q[0][0]:1->0,1160
BRDA:136,0,weight_q[0][1]:0->1,1104
BRDA:136,0,weight_q[0][1]:1->0,1102
BRDA:136,0,weight_q[0][2]:0->1,1334
BRDA:136,0,weight_q[0][2]:1->0,1334
BRDA:136,0,weight_q[0][3]:0->1,1218
BRDA:136,0,weight_q[0][3]:1->0,1216
BRDA:136,0,weight_q[0][4]:0->1,1044
BRDA:136,0,weight_q[0][4]:1->0,1044
BRDA:136,0,weight_q[0][5]:0->1,1102
BRDA:136,0,weight_q[0][5]:1->0,1102
BRDA:136,0,weight_q[0][6]:0->1,812
BRDA:136,0,weight_q[0][6]:1->0,810
BRDA:136,0,weight_q[0][7]:0->1,812
BRDA:136,0,weight_q[0][7]:1->0,810
BRDA:136,0,weight_q[1][0]:0->1,1044
BRDA:136,0,weight_q[1][0]:1->0,1042
BRDA:136,0,weight_q[1][1]:0->1,1392
BRDA:136,0,weight_q[1][1]:1->0,1392
BRDA:136,0,weight_q[1][2]:0->1,1102
BRDA:136,0,weight_q[1][2]:1->0,1100
BRDA:136,0,weight_q[1][3]:0->1,1102
BRDA:136,0,weight_q[1][3]:1->0,1102
BRDA:136,0,weight_q[1][4]:0->1,1220
BRDA:136,0,weight_q[1][4]:1->0,1218
BRDA:136,0,weight_q[1][5]:0->1,1160
BRDA:136,0,weight_q[1][5]:1->0,1158
BRDA:136,0,weight_q[1][6]:0->1,580
BRDA:136,0,weight_q[1][6]:1->0,580
BRDA:136,0,weight_q[1][7]:0->1,696
BRDA:136,0,weight_q[1][7]:1->0,696
BRDA:136,0,weight_q[2][0]:0->1,1218
BRDA:136,0,weight_q[2][0]:1->0,1218
BRDA:136,0,weight_q[2][1]:0->1,1160
BRDA:136,0,weight_q[2][1]:1->0,1160
BRDA:136,0,weight_q[2][2]:0->1,1278
BRDA:136,0,weight_q[2][2]:1->0,1276
BRDA:136,0,weight_q[2][3]:0->1,1046
BRDA:136,0,weight_q[2][3]:1->0,1044
BRDA:136,0,weight_q[2][4]:0->1,1218
BRDA:136,0,weight_q[2][4]:1->0,1218
BRDA:136,0,weight_q[2][5]:0->1,986
BRDA:136,0,weight_q[2][5]:1->0,986
BRDA:136,0,weight_q[2][6]:0->1,640
BRDA:136,0,weight_q[2][6]:1->0,638
BRDA:136,0,weight_q[2][7]:0->1,698
BRDA:136,0,weight_q[2][7]:1->0,696
BRDA:136,0,weight_q[3][0]:0->1,928
BRDA:136,0,weight_q[3][0]:1->0,928
BRDA:136,0,weight_q[3][1]:0->1,812
BRDA:136,0,weight_q[3][1]:1->0,812
BRDA:136,0,weight_q[3][2]:0->1,928
BRDA:136,0,weight_q[3][2]:1->0,928
BRDA:136,0,weight_q[3][3]:0->1,928
BRDA:136,0,weight_q[3][3]:1->0,928
BRDA:136,0,weight_q[3][4]:0->1,928
BRDA:136,0,weight_q[3][4]:1->0,928
BRDA:136,0,weight_q[3][5]:0->1,754
BRDA:136,0,weight_q[3][5]:1->0,754
BRDA:136,0,weight_q[3][6]:0->1,522
BRDA:136,0,weight_q[3][6]:1->0,522
BRDA:136,0,weight_q[3][7]:0->1,522
BRDA:136,0,weight_q[3][7]:1->0,522
DA:138,489740
DA:141,489740
DA:142,489740
DA:143,489740
DA:144,489740
BRDA:144,0,if,0
BRDA:144,0,else,489740
DA:145,489740
DA:146,489740
DA:147,489740
DA:148,489740
DA:149,489740
BRDA:149,0,else,489740
BRDA:149,0,((remainder == halfway)==1 && quotient[0]==1) => 1,4893
BRDA:149,0,((remainder > halfway)==0 && (remainder == halfway)==0) => 0,290676
BRDA:149,0,((remainder > halfway)==0 && quotient[0]==0) => 0,202423
BRDA:149,0,((remainder > halfway)==1) => 1,188687
DA:153,475840
DA:155,475840
DA:156,0
DA:157,475840
BRDA:157,0,if,0
BRDA:157,0,else,475840
DA:158,475840
DA:161,11904
DA:163,11904
DA:164,0
DA:165,11904
BRDA:165,0,if,0
BRDA:165,0,else,11904
DA:166,11904
DA:169,1856
DA:171,1856
DA:172,1856
DA:173,1856
DA:174,876
DA:175,980
BRDA:175,0,if,0
BRDA:175,0,else,980
DA:176,980
DA:179,0
DA:182,0
DA:183,0
DA:184,0
DA:185,0
DA:186,0
DA:187,0
BRDA:187,0,if,0
BRDA:187,0,else,0
DA:188,0
DA:189,0
DA:190,0
DA:191,0
BRDA:191,0,if,0
BRDA:191,0,((remainder == halfway)==1 && quotient[0]==1) => 1,0
BRDA:191,0,((remainder > halfway)==0 && (remainder == halfway)==0) => 0,0
BRDA:191,0,((remainder > halfway)==0 && quotient[0]==0) => 0,0
BRDA:191,0,((remainder > halfway)==1) => 1,0
DA:193,0
BRDA:193,0,block,0
BRDA:193,0,((rounded > 34'h7f)==0) => 0,0
BRDA:193,0,((rounded > 34'h7f)==1) => 1,0
BRDA:193,0,cond_then,0
BRDA:193,0,cond_else,0
DA:201,6406928
DA:211,1392
BRDA:211,0,g_lane[0].selected_weight[0]:0->1,1160
BRDA:211,0,g_lane[0].selected_weight[0]:1->0,1160
BRDA:211,0,g_lane[0].selected_weight[1]:0->1,1104
BRDA:211,0,g_lane[0].selected_weight[1]:1->0,1102
BRDA:211,0,g_lane[0].selected_weight[2]:0->1,1334
BRDA:211,0,g_lane[0].selected_weight[2]:1->0,1334
BRDA:211,0,g_lane[0].selected_weight[3]:0->1,1218
BRDA:211,0,g_lane[0].selected_weight[3]:1->0,1216
BRDA:211,0,g_lane[0].selected_weight[4]:0->1,1044
BRDA:211,0,g_lane[0].selected_weight[4]:1->0,1044
BRDA:211,0,g_lane[0].selected_weight[5]:0->1,1102
BRDA:211,0,g_lane[0].selected_weight[5]:1->0,1102
BRDA:211,0,g_lane[0].selected_weight[6]:0->1,812
BRDA:211,0,g_lane[0].selected_weight[6]:1->0,810
BRDA:211,0,g_lane[0].selected_weight[7]:0->1,812
BRDA:211,0,g_lane[0].selected_weight[7]:1->0,810
BRDA:211,0,g_lane[1].selected_weight[0]:0->1,1044
BRDA:211,0,g_lane[1].selected_weight[0]:1->0,1042
BRDA:211,0,g_lane[1].selected_weight[1]:0->1,1392
BRDA:211,0,g_lane[1].selected_weight[1]:1->0,1392
BRDA:211,0,g_lane[1].selected_weight[2]:0->1,1102
BRDA:211,0,g_lane[1].selected_weight[2]:1->0,1100
BRDA:211,0,g_lane[1].selected_weight[3]:0->1,1102
BRDA:211,0,g_lane[1].selected_weight[3]:1->0,1102
BRDA:211,0,g_lane[1].selected_weight[4]:0->1,1220
BRDA:211,0,g_lane[1].selected_weight[4]:1->0,1218
BRDA:211,0,g_lane[1].selected_weight[5]:0->1,1160
BRDA:211,0,g_lane[1].selected_weight[5]:1->0,1158
BRDA:211,0,g_lane[1].selected_weight[6]:0->1,580
BRDA:211,0,g_lane[1].selected_weight[6]:1->0,580
BRDA:211,0,g_lane[1].selected_weight[7]:0->1,696
BRDA:211,0,g_lane[1].selected_weight[7]:1->0,696
BRDA:211,0,g_lane[2].selected_weight[0]:0->1,1218
BRDA:211,0,g_lane[2].selected_weight[0]:1->0,1218
BRDA:211,0,g_lane[2].selected_weight[1]:0->1,1160
BRDA:211,0,g_lane[2].selected_weight[1]:1->0,1160
BRDA:211,0,g_lane[2].selected_weight[2]:0->1,1278
BRDA:211,0,g_lane[2].selected_weight[2]:1->0,1276
BRDA:211,0,g_lane[2].selected_weight[3]:0->1,1046
BRDA:211,0,g_lane[2].selected_weight[3]:1->0,1044
BRDA:211,0,g_lane[2].selected_weight[4]:0->1,1218
BRDA:211,0,g_lane[2].selected_weight[4]:1->0,1218
BRDA:211,0,g_lane[2].selected_weight[5]:0->1,986
BRDA:211,0,g_lane[2].selected_weight[5]:1->0,986
BRDA:211,0,g_lane[2].selected_weight[6]:0->1,640
BRDA:211,0,g_lane[2].selected_weight[6]:1->0,638
BRDA:211,0,g_lane[2].selected_weight[7]:0->1,698
BRDA:211,0,g_lane[2].selected_weight[7]:1->0,696
BRDA:211,0,g_lane[3].selected_weight[0]:0->1,928
BRDA:211,0,g_lane[3].selected_weight[0]:1->0,928
BRDA:211,0,g_lane[3].selected_weight[1]:0->1,812
BRDA:211,0,g_lane[3].selected_weight[1]:1->0,812
BRDA:211,0,g_lane[3].selected_weight[2]:0->1,928
BRDA:211,0,g_lane[3].selected_weight[2]:1->0,928
BRDA:211,0,g_lane[3].selected_weight[3]:0->1,928
BRDA:211,0,g_lane[3].selected_weight[3]:1->0,928
BRDA:211,0,g_lane[3].selected_weight[4]:0->1,928
BRDA:211,0,g_lane[3].selected_weight[4]:1->0,928
BRDA:211,0,g_lane[3].selected_weight[5]:0->1,754
BRDA:211,0,g_lane[3].selected_weight[5]:1->0,754
BRDA:211,0,g_lane[3].selected_weight[6]:0->1,522
BRDA:211,0,g_lane[3].selected_weight[6]:1->0,522
BRDA:211,0,g_lane[3].selected_weight[7]:0->1,522
BRDA:211,0,g_lane[3].selected_weight[7]:1->0,522
DA:212,8
DA:213,19454544
DA:214,19435976
BRDA:214,0,if,18568
BRDA:214,0,else,19435976
DA:216,13047616
BRDA:216,0,if,6406928
BRDA:216,0,else,13047616
DA:222,24466429
DA:223,24466429
DA:224,97865716
BRDA:224,0,block,24466429
BRDA:224,0,block,97865716
DA:225,24466429
DA:226,340670
DA:227,340670
DA:228,340670
DA:229,340670
DA:231,7636492
DA:232,7636492
DA:233,30545968
BRDA:233,0,case,7636492
BRDA:233,0,block,30545968
DA:235,14430
DA:236,14430
DA:237,23210
DA:238,23210
DA:239,92840
BRDA:239,0,case,23210
BRDA:239,0,block,92840
DA:241,16437197
DA:246,4863636
DA:247,4789850
BRDA:247,0,else,4789850
BRDA:247,0,(in_ready==0) => 0,2001749
BRDA:247,0,(in_valid==0) => 0,3094043
BRDA:247,0,(restart_input==0 && draining==1) => 0,2
BRDA:247,0,(rst==0 && in_valid==1 && in_ready==1 && draining==0) => 1,73784
BRDA:247,0,(rst==0 && in_valid==1 && in_ready==1 && restart_input==1) => 1,78
BRDA:247,0,(rst==1) => 0,104
BRDA:247,0,if,73786
DA:248,43032
BRDA:248,0,if,30754
BRDA:248,0,else,43032
BRDA:248,0,(restart_input==0) => 0,30722
BRDA:248,0,(restart_input==1) => 1,32
DA:249,43032
BRDA:249,0,else,43032
BRDA:249,0,(restart_input==0) => 0,42986
BRDA:249,0,(restart_input==1) => 1,46
DA:251,4796048
BRDA:251,0,else,4796048
BRDA:251,0,if,67588
DA:252,67588
BRDA:252,0,if,67588
BRDA:252,0,(active_bank==0) => 0,38914
BRDA:252,0,(active_bank==1) => 1,28674
BRDA:252,0,cond_then,28674
BRDA:252,0,cond_else,38914
DA:254,4796050
BRDA:254,0,else,4796050
BRDA:254,0,if,67586
DA:255,3339902
BRDA:255,0,else,3339902
BRDA:255,0,if,1523734
DA:259,4863636
DA:260,4863532
BRDA:260,0,else,4863532
BRDA:260,0,if,104
DA:261,104
DA:262,104
DA:263,104
DA:264,104
DA:265,104
DA:266,104
DA:267,104
DA:268,104
DA:269,104
DA:270,416
BRDA:270,0,if,104
BRDA:270,0,block,416
DA:271,312
BRDA:271,0,if,104
BRDA:271,0,block,312
DA:272,4863532
DA:273,4863532
DA:274,4789746
BRDA:274,0,if,73786
BRDA:274,0,else,4789746
BRDA:274,0,(in_ready==0) => 0,2001645
BRDA:274,0,(in_valid==0) => 0,3093939
BRDA:274,0,(in_valid==1 && in_ready==1) => 1,73786
DA:275,78
DA:276,74
BRDA:276,0,if,4
BRDA:276,0,else,74
DA:277,78
DA:278,78
DA:279,78
BRDA:279,0,if,0
BRDA:279,0,else,78
DA:280,0
DA:281,78
DA:282,73708
BRDA:282,0,if,0
BRDA:282,0,else,73708
DA:283,0
BRDA:283,0,if,0
BRDA:283,0,else,0
DA:284,73708
DA:285,73708
DA:286,72
DA:287,72
DA:288,70
BRDA:288,0,if,70
BRDA:288,0,else,2
DA:289,70
DA:290,70
DA:291,70
BRDA:291,0,if,70
BRDA:291,0,(write_bank==0) => 1,40
BRDA:291,0,(write_bank==1) => 0,30
DA:292,2
DA:293,73634
BRDA:293,0,if,2
BRDA:293,0,else,73634
DA:294,2
DA:295,73634
DA:299,4660706
BRDA:299,0,if,202826
BRDA:299,0,else,4660706
BRDA:299,0,((state <= PRE_STORE)==0) => 0,4617442
BRDA:299,0,((state >= PRE_MEAN)==0) => 0,43264
BRDA:299,0,((state >= PRE_MEAN)==1 && (state <= PRE_STORE)==1) => 1,202826
DA:300,4578638
BRDA:300,0,if,4578638
BRDA:300,0,else,284894
BRDA:300,0,((state <= DFT_STORE)==0) => 0,38804
BRDA:300,0,((state >= DFT_INIT)==0) => 0,246090
BRDA:300,0,((state >= DFT_INIT)==1 && (state <= DFT_STORE)==1) => 1,4578638
DA:301,4846466
BRDA:301,0,if,17066
BRDA:301,0,else,4846466
BRDA:301,0,((state <= POWER_QUANT)==0) => 0,21738
BRDA:301,0,((state >= POWER_RE_MUL)==0) => 0,4824728
BRDA:301,0,((state >= POWER_RE_MUL)==1 && (state <= POWER_QUANT)==1) => 1,17066
DA:302,4848156
BRDA:302,0,if,15376
BRDA:302,0,else,4848156
BRDA:302,0,((state <= NN_STORE)==0) => 0,6362
BRDA:302,0,((state >= NN_INIT)==0) => 0,4841794
BRDA:302,0,((state >= NN_INIT)==1 && (state <= NN_STORE)==1) => 1,15376
DA:303,4813906
BRDA:303,0,if,4813906
BRDA:303,0,else,49626
BRDA:303,0,((state != FINISH)==0) => 0,56
BRDA:303,0,((state != HOLD)==0) => 0,6306
BRDA:303,0,((state != IDLE)==0) => 0,43264
BRDA:303,0,((state != IDLE)==1 && (state != HOLD)==1 && (state != FINISH)==1) => 1,4813906
DA:305,4863532
DA:306,43264
BRDA:306,0,case,43264
BRDA:306,0,if,70
BRDA:306,0,else,43194
DA:307,70
DA:308,70
BRDA:308,0,if,70
BRDA:308,0,(read_bank==0) => 1,40
BRDA:308,0,(read_bank==1) => 0,30
DA:309,70
DA:310,70
DA:311,70
DA:313,70
DA:314,70
DA:315,70
DA:316,70
DA:318,67586
DA:319,67586
DA:320,67584
DA:321,67584
DA:322,67518
BRDA:322,0,if,66
BRDA:322,0,else,67518
DA:323,67518
DA:325,1492
DA:326,1492
DA:327,5968
BRDA:327,0,case,1492
BRDA:327,0,((((dft_group + k) %25 32'sh2) == 32'sh1)==0) => 0,2984
BRDA:327,0,((((dft_group + k) %25 32'sh2) == 32'sh1)==1) => 1,2984
BRDA:327,0,cond_then,2984
BRDA:327,0,cond_else,2984
BRDA:327,0,block,5968
DA:328,1492
DA:330,1523732
DA:331,1523732
DA:332,1523730
DA:333,6094920
BRDA:333,0,case,1523730
BRDA:333,0,block,6094920
DA:334,6094920
DA:335,6094920
DA:337,1522242
BRDA:337,0,if,1488
BRDA:337,0,else,1522242
DA:338,1522242
DA:340,5952
DA:341,2976
BRDA:341,0,if,2976
BRDA:341,0,else,2976
DA:342,2976
DA:343,5952
BRDA:343,0,case,5952
BRDA:343,0,(dft_component[0]==0) => 0,2976
BRDA:343,0,(dft_component[0]==1) => 1,2976
BRDA:343,0,cond_then,2976
BRDA:343,0,cond_else,2976
DA:344,5952
DA:345,4464
BRDA:345,0,if,1488
BRDA:345,0,else,4464
DA:346,1426
BRDA:346,0,if,62
BRDA:346,0,else,1426
DA:347,1426
DA:348,4464
DA:350,2886
DA:351,2886
DA:352,2886
DA:353,2886
DA:354,1924
BRDA:354,0,if,962
BRDA:354,0,else,1924
BRDA:354,0,((BANDS == 32'sh1)==0 && (band_part == (BANDS - 32'sh1)[1:0])==0) => 0,1924
BRDA:354,0,((BANDS == 32'sh1)==1) => 1,0
BRDA:354,0,((band_part == (BANDS - 32'sh1)[1:0])==1) => 1,962
DA:355,962
DA:356,962
DA:357,962
DA:358,962
DA:359,1924
DA:360,1924
DA:361,1924
DA:364,962
DA:365,962
DA:366,962
DA:367,120
DA:368,842
BRDA:368,0,if,0
BRDA:368,0,else,842
DA:369,842
DA:371,3600
DA:372,3600
BRDA:372,0,case,3600
BRDA:372,0,(quant_guard==1) => 1,401
BRDA:372,0,(quant_sticky==0 && quant_guard==0) => 0,2923
BRDA:372,0,(quant_sticky==1) => 1,472
DA:373,3600
DA:374,3600
DA:375,3600
DA:376,2760
BRDA:376,0,if,840
BRDA:376,0,else,2760
DA:378,960
DA:379,960
DA:380,960
DA:381,900
BRDA:381,0,if,60
BRDA:381,0,else,900
DA:382,900
DA:384,292
DA:385,292
DA:386,1168
BRDA:386,0,case,292
BRDA:386,0,block,1168
DA:387,936
BRDA:387,0,elsif,936
BRDA:387,0,(nn_layer==0) => 1,936
BRDA:387,0,(nn_layer==1) => 0,232
DA:388,174
BRDA:388,0,if,174
BRDA:388,0,else,58
DA:389,58
DA:391,292
DA:393,4642
BRDA:393,0,case,4642
BRDA:393,0,(nn_layer==0) => 0,3714
BRDA:393,0,(nn_layer==1) => 1,928
BRDA:393,0,cond_then,928
BRDA:393,0,cond_else,3714
DA:394,4642
DA:395,4640
DA:396,18560
BRDA:396,0,case,4640
BRDA:396,0,block,18560
DA:397,4350
BRDA:397,0,if,290
BRDA:397,0,else,4350
DA:398,4350
DA:400,1160
DA:401,1160
BRDA:401,0,if,0
BRDA:401,0,else,1160
BRDA:401,0,((selected_accumulator < (- 40'sh80000000))==1) => 1,0
BRDA:401,0,((selected_accumulator > 40'sh7fffffff)==0 && (selected_accumulator < (- 40'sh80000000))==0) => 0,1160
BRDA:401,0,((selected_accumulator > 40'sh7fffffff)==1) => 1,0
DA:402,928
BRDA:402,0,elsif,928
BRDA:402,0,(nn_layer==0) => 1,928
BRDA:402,0,(nn_layer==1) => 0,232
DA:403,928
DA:404,928
DA:405,928
DA:406,174
BRDA:406,0,if,174
BRDA:406,0,else,58
DA:407,174
DA:408,174
DA:410,870
BRDA:410,0,if,290
BRDA:410,0,else,870
DA:411,232
BRDA:411,0,elsif,58
BRDA:411,0,(((nn_group + LANES) == 32'sh10)==0) => 0,232
BRDA:411,0,(nn_layer==0 && ((nn_group + LANES) == 32'sh10)==1) => 1,58
BRDA:411,0,(nn_layer==1) => 0,58
DA:412,174
BRDA:412,0,if,58
BRDA:412,0,else,174
BRDA:412,0,(((nn_group + LANES) >= 32'sh3)==0) => 0,0
BRDA:412,0,(nn_layer==0) => 0,174
BRDA:412,0,(nn_layer==1 && ((nn_group + LANES) >= 32'sh3)==1) => 1,58
DA:413,174
DA:414,870
DA:416,56
DA:417,56
DA:418,50
BRDA:418,0,elsif,4
BRDA:418,0,(((logits[2'h0]) >= (logits[2'h1]))==0) => 0,50
BRDA:418,0,(((logits[2'h0]) >= (logits[2'h1]))==1 && ((logits[2'h0]) >= (logits[2'h2]))==1) => 1,4
BRDA:418,0,(((logits[2'h0]) >= (logits[2'h2]))==0) => 0,47
DA:419,46
BRDA:419,0,if,6
BRDA:419,0,else,46
DA:420,56
DA:421,56
DA:423,4863478
BRDA:423,0,case,6306
BRDA:423,0,if,54
BRDA:423,0,else,6252
BRDA:423,0,(out_ready==0) => 0,4863478
BRDA:423,0,(out_valid==0) => 0,4857226
BRDA:423,0,(out_valid==1 && out_ready==1) => 1,54
DA:424,0
DA:429,2
DA:430,2
BRDA:430,0,block,2
BRDA:430,0,(((N & (N - 32'sh1)) == 32'sh0)==0) => 0,0
BRDA:430,0,((N >= 32'sh8)==0) => 0,0
BRDA:430,0,((N >= 32'sh8)==1 && ((N & (N - 32'sh1)) == 32'sh0)==1) => 1,2
DA:431,2
BRDA:431,0,block,2
BRDA:431,0,((LANES == 32'sh1)==0 && (LANES == 32'sh4)==0) => 0,0
BRDA:431,0,((LANES == 32'sh1)==1) => 1,0
BRDA:431,0,((LANES == 32'sh4)==1) => 1,2
DA:432,2
BRDA:432,0,block,2
BRDA:432,0,((BANDS == 32'sh1)==0 && (BANDS == 32'sh3)==0) => 0,0
BRDA:432,0,((BANDS == 32'sh1)==1) => 1,0
BRDA:432,0,((BANDS == 32'sh3)==1) => 1,2
DA:434,4863636
BRDA:434,0,if,4863532
BRDA:434,0,else,104
BRDA:434,0,(rst==0) => 1,4863532
BRDA:434,0,(rst==1) => 0,104
BRDA:434,0,block,4863636
DA:435,4863532
DA:436,4789746
BRDA:436,0,else,4789746
BRDA:436,0,(in_ready==0) => 0,2001645
BRDA:436,0,(in_valid==0) => 0,3093939
BRDA:436,0,(in_valid==1 && in_ready==1 && draining==0) => 1,73784
BRDA:436,0,(in_valid==1 && in_ready==1 && restart_input==1) => 1,78
BRDA:436,0,(restart_input==0 && draining==1) => 0,2
BRDA:436,0,if,73786
DA:437,73786
BRDA:437,0,if,73786
BRDA:437,0,(busy[write_bank+:1]==1) => 0,0
BRDA:437,0,(full[write_bank+:1]==0 && busy[write_bank+:1]==0) => 1,73786
BRDA:437,0,(full[write_bank+:1]==1) => 0,0
DA:438,4795946
BRDA:438,0,else,4795946
BRDA:438,0,if,67586
DA:439,4857580
BRDA:439,0,else,4857580
BRDA:439,0,(((dft_group + store_lane) < COMPONENTS)==0) => 0,0
BRDA:439,0,(((dft_group + store_lane) < COMPONENTS)==1 && (store_lane < LANES)==1) => 1,5952
BRDA:439,0,((store_lane < LANES)==0) => 0,0
BRDA:439,0,if,5952
DA:440,4858890
BRDA:440,0,else,4858890
BRDA:440,0,if,4642
DA:441,4860646
BRDA:441,0,else,4860646
BRDA:441,0,(band_sum_next[33]==0) => 1,2886
BRDA:441,0,(band_sum_next[33]==1) => 0,0
BRDA:441,0,if,2886
BRF:4905
BRH:2963
end_of_record
